running egg_info
creating ../../build/robotic_project/robotic_project.egg-info
writing ../../build/robotic_project/robotic_project.egg-info/PKG-INFO
writing dependency_links to ../../build/robotic_project/robotic_project.egg-info/dependency_links.txt
writing entry points to ../../build/robotic_project/robotic_project.egg-info/entry_points.txt
writing requirements to ../../build/robotic_project/robotic_project.egg-info/requires.txt
writing top-level names to ../../build/robotic_project/robotic_project.egg-info/top_level.txt
writing manifest file '../../build/robotic_project/robotic_project.egg-info/SOURCES.txt'
reading manifest file '../../build/robotic_project/robotic_project.egg-info/SOURCES.txt'
writing manifest file '../../build/robotic_project/robotic_project.egg-info/SOURCES.txt'
running build
running build_py
creating /home/yunus/ros2_ws/build/robotic_project/build
creating /home/yunus/ros2_ws/build/robotic_project/build/lib
creating /home/yunus/ros2_ws/build/robotic_project/build/lib/robotic_project
copying robotic_project/__init__.py -> /home/yunus/ros2_ws/build/robotic_project/build/lib/robotic_project
running install
running install_lib
creating /home/yunus/ros2_ws/install/robotic_project/lib/python3.8/site-packages/robotic_project
copying /home/yunus/ros2_ws/build/robotic_project/build/lib/robotic_project/__init__.py -> /home/yunus/ros2_ws/install/robotic_project/lib/python3.8/site-packages/robotic_project
byte-compiling /home/yunus/ros2_ws/install/robotic_project/lib/python3.8/site-packages/robotic_project/__init__.py to __init__.cpython-38.pyc
running install_data
creating /home/yunus/ros2_ws/install/robotic_project/share/ament_index
creating /home/yunus/ros2_ws/install/robotic_project/share/ament_index/resource_index
creating /home/yunus/ros2_ws/install/robotic_project/share/ament_index/resource_index/packages
copying resource/robotic_project -> /home/yunus/ros2_ws/install/robotic_project/share/ament_index/resource_index/packages
copying package.xml -> /home/yunus/ros2_ws/install/robotic_project/share/robotic_project
running install_egg_info
Copying ../../build/robotic_project/robotic_project.egg-info to /home/yunus/ros2_ws/install/robotic_project/lib/python3.8/site-packages/robotic_project-0.0.0-py3.8.egg-info
running install_scripts
writing list of installed files to '/home/yunus/ros2_ws/build/robotic_project/install.log'
