[1.198s] Invoking command in '/home/yunus/ros2_ws/src/robotic_project': PYTHONPATH=/home/yunus/ros2_ws/build/robotic_project/prefix_override:/home/yunus/ros2_ws/install/robotic_project/lib/python3.8/site-packages:${PYTHONPATH} /usr/bin/python3 setup.py egg_info --egg-base ../../build/robotic_project build --build-base /home/yunus/ros2_ws/build/robotic_project/build install --record /home/yunus/ros2_ws/build/robotic_project/install.log --install-scripts $base/lib/robotic_project --single-version-externally-managed
[1.444s] running egg_info
[1.444s] creating ../../build/robotic_project/robotic_project.egg-info
[1.445s] writing ../../build/robotic_project/robotic_project.egg-info/PKG-INFO
[1.445s] writing dependency_links to ../../build/robotic_project/robotic_project.egg-info/dependency_links.txt
[1.445s] writing entry points to ../../build/robotic_project/robotic_project.egg-info/entry_points.txt
[1.445s] writing requirements to ../../build/robotic_project/robotic_project.egg-info/requires.txt
[1.445s] writing top-level names to ../../build/robotic_project/robotic_project.egg-info/top_level.txt
[1.446s] writing manifest file '../../build/robotic_project/robotic_project.egg-info/SOURCES.txt'
[1.477s] reading manifest file '../../build/robotic_project/robotic_project.egg-info/SOURCES.txt'
[1.477s] writing manifest file '../../build/robotic_project/robotic_project.egg-info/SOURCES.txt'
[1.478s] running build
[1.478s] running build_py
[1.478s] creating /home/yunus/ros2_ws/build/robotic_project/build
[1.478s] creating /home/yunus/ros2_ws/build/robotic_project/build/lib
[1.478s] creating /home/yunus/ros2_ws/build/robotic_project/build/lib/robotic_project
[1.478s] copying robotic_project/__init__.py -> /home/yunus/ros2_ws/build/robotic_project/build/lib/robotic_project
[1.478s] running install
[1.479s] running install_lib
[1.480s] creating /home/yunus/ros2_ws/install/robotic_project/lib/python3.8/site-packages/robotic_project
[1.480s] copying /home/yunus/ros2_ws/build/robotic_project/build/lib/robotic_project/__init__.py -> /home/yunus/ros2_ws/install/robotic_project/lib/python3.8/site-packages/robotic_project
[1.480s] byte-compiling /home/yunus/ros2_ws/install/robotic_project/lib/python3.8/site-packages/robotic_project/__init__.py to __init__.cpython-38.pyc
[1.481s] running install_data
[1.482s] creating /home/yunus/ros2_ws/install/robotic_project/share/ament_index
[1.482s] creating /home/yunus/ros2_ws/install/robotic_project/share/ament_index/resource_index
[1.482s] creating /home/yunus/ros2_ws/install/robotic_project/share/ament_index/resource_index/packages
[1.482s] copying resource/robotic_project -> /home/yunus/ros2_ws/install/robotic_project/share/ament_index/resource_index/packages
[1.483s] copying package.xml -> /home/yunus/ros2_ws/install/robotic_project/share/robotic_project
[1.483s] running install_egg_info
[1.484s] Copying ../../build/robotic_project/robotic_project.egg-info to /home/yunus/ros2_ws/install/robotic_project/lib/python3.8/site-packages/robotic_project-0.0.0-py3.8.egg-info
[1.485s] running install_scripts
[1.502s] writing list of installed files to '/home/yunus/ros2_ws/build/robotic_project/install.log'
[1.525s] Invoked command in '/home/yunus/ros2_ws/src/robotic_project' returned '0': PYTHONPATH=/home/yunus/ros2_ws/build/robotic_project/prefix_override:/home/yunus/ros2_ws/install/robotic_project/lib/python3.8/site-packages:${PYTHONPATH} /usr/bin/python3 setup.py egg_info --egg-base ../../build/robotic_project build --build-base /home/yunus/ros2_ws/build/robotic_project/build install --record /home/yunus/ros2_ws/build/robotic_project/install.log --install-scripts $base/lib/robotic_project --single-version-externally-managed
