[0.156s] DEBUG:colcon:Command line arguments: ['/usr/bin/colcon', 'build']
[0.156s] DEBUG:colcon:Parsed command line arguments: Namespace(allow_overriding=[], ament_cmake_args=None, base_paths=['.'], build_base='build', catkin_cmake_args=None, catkin_skip_building_tests=False, cmake_args=None, cmake_clean_cache=False, cmake_clean_first=False, cmake_force_configure=False, cmake_target=None, cmake_target_skip_unavailable=False, continue_on_error=False, event_handlers=None, executor='parallel', ignore_user_meta=False, install_base='install', log_base=None, log_level=None, main=<bound method BuildVerb.main of <colcon_core.verb.build.BuildVerb object at 0x7f7ac7809550>>, merge_install=False, metas=['./colcon.meta'], packages_above=None, packages_above_and_dependencies=None, packages_above_depth=None, packages_end=None, packages_ignore=None, packages_ignore_regex=None, packages_select=None, packages_select_build_failed=False, packages_select_by_dep=None, packages_select_regex=None, packages_select_test_failures=False, packages_skip=None, packages_skip_build_finished=False, packages_skip_by_dep=None, packages_skip_regex=None, packages_skip_test_passed=False, packages_skip_up_to=None, packages_start=None, packages_up_to=None, packages_up_to_regex=None, parallel_workers=8, paths=None, symlink_install=False, test_result_base=None, verb_extension=<colcon_core.verb.build.BuildVerb object at 0x7f7ac7809550>, verb_name='build', verb_parser=<colcon_defaults.argument_parser.defaults.DefaultArgumentsDecorator object at 0x7f7ac7809a90>)
[0.188s] Level 1:colcon.colcon_core.package_discovery:discover_packages(colcon_meta) check parameters
[0.188s] Level 1:colcon.colcon_core.package_discovery:discover_packages(recursive) check parameters
[0.188s] Level 1:colcon.colcon_core.package_discovery:discover_packages(ignore) check parameters
[0.188s] Level 1:colcon.colcon_core.package_discovery:discover_packages(path) check parameters
[0.188s] Level 1:colcon.colcon_core.package_discovery:discover_packages(colcon_meta) discover
[0.188s] Level 1:colcon.colcon_core.package_discovery:discover_packages(recursive) discover
[0.188s] INFO:colcon.colcon_core.package_discovery:Crawling recursively for packages in '/home/yunus/ros2_ws'
[0.188s] Level 1:colcon.colcon_core.package_identification:_identify(.) by extensions ['ignore', 'ignore_ament_install']
[0.189s] Level 1:colcon.colcon_core.package_identification:_identify(.) by extension 'ignore'
[0.189s] Level 1:colcon.colcon_core.package_identification:_identify(.) by extension 'ignore_ament_install'
[0.189s] Level 1:colcon.colcon_core.package_identification:_identify(.) by extensions ['colcon_pkg']
[0.189s] Level 1:colcon.colcon_core.package_identification:_identify(.) by extension 'colcon_pkg'
[0.189s] Level 1:colcon.colcon_core.package_identification:_identify(.) by extensions ['colcon_meta']
[0.189s] Level 1:colcon.colcon_core.package_identification:_identify(.) by extension 'colcon_meta'
[0.189s] Level 1:colcon.colcon_core.package_identification:_identify(.) by extensions ['ros']
[0.189s] Level 1:colcon.colcon_core.package_identification:_identify(.) by extension 'ros'
[0.198s] Level 1:colcon.colcon_core.package_identification:_identify(.) by extensions ['cmake', 'python']
[0.198s] Level 1:colcon.colcon_core.package_identification:_identify(.) by extension 'cmake'
[0.198s] Level 1:colcon.colcon_core.package_identification:_identify(.) by extension 'python'
[0.198s] Level 1:colcon.colcon_core.package_identification:_identify(.) by extensions ['python_setup_py']
[0.198s] Level 1:colcon.colcon_core.package_identification:_identify(.) by extension 'python_setup_py'
[0.198s] Level 1:colcon.colcon_core.package_identification:_identify(build) by extensions ['ignore', 'ignore_ament_install']
[0.198s] Level 1:colcon.colcon_core.package_identification:_identify(build) by extension 'ignore'
[0.198s] Level 1:colcon.colcon_core.package_identification:_identify(build) ignored
[0.198s] Level 1:colcon.colcon_core.package_identification:_identify(install) by extensions ['ignore', 'ignore_ament_install']
[0.199s] Level 1:colcon.colcon_core.package_identification:_identify(install) by extension 'ignore'
[0.199s] Level 1:colcon.colcon_core.package_identification:_identify(install) ignored
[0.199s] Level 1:colcon.colcon_core.package_identification:_identify(log) by extensions ['ignore', 'ignore_ament_install']
[0.199s] Level 1:colcon.colcon_core.package_identification:_identify(log) by extension 'ignore'
[0.199s] Level 1:colcon.colcon_core.package_identification:_identify(log) ignored
[0.199s] Level 1:colcon.colcon_core.package_identification:_identify(src) by extensions ['ignore', 'ignore_ament_install']
[0.199s] Level 1:colcon.colcon_core.package_identification:_identify(src) by extension 'ignore'
[0.199s] Level 1:colcon.colcon_core.package_identification:_identify(src) by extension 'ignore_ament_install'
[0.199s] Level 1:colcon.colcon_core.package_identification:_identify(src) by extensions ['colcon_pkg']
[0.199s] Level 1:colcon.colcon_core.package_identification:_identify(src) by extension 'colcon_pkg'
[0.199s] Level 1:colcon.colcon_core.package_identification:_identify(src) by extensions ['colcon_meta']
[0.199s] Level 1:colcon.colcon_core.package_identification:_identify(src) by extension 'colcon_meta'
[0.199s] Level 1:colcon.colcon_core.package_identification:_identify(src) by extensions ['ros']
[0.199s] Level 1:colcon.colcon_core.package_identification:_identify(src) by extension 'ros'
[0.199s] Level 1:colcon.colcon_core.package_identification:_identify(src) by extensions ['cmake', 'python']
[0.199s] Level 1:colcon.colcon_core.package_identification:_identify(src) by extension 'cmake'
[0.199s] Level 1:colcon.colcon_core.package_identification:_identify(src) by extension 'python'
[0.199s] Level 1:colcon.colcon_core.package_identification:_identify(src) by extensions ['python_setup_py']
[0.199s] Level 1:colcon.colcon_core.package_identification:_identify(src) by extension 'python_setup_py'
[0.199s] Level 1:colcon.colcon_core.package_identification:_identify(src/a2) by extensions ['ignore', 'ignore_ament_install']
[0.199s] Level 1:colcon.colcon_core.package_identification:_identify(src/a2) by extension 'ignore'
[0.199s] Level 1:colcon.colcon_core.package_identification:_identify(src/a2) by extension 'ignore_ament_install'
[0.200s] Level 1:colcon.colcon_core.package_identification:_identify(src/a2) by extensions ['colcon_pkg']
[0.200s] Level 1:colcon.colcon_core.package_identification:_identify(src/a2) by extension 'colcon_pkg'
[0.200s] Level 1:colcon.colcon_core.package_identification:_identify(src/a2) by extensions ['colcon_meta']
[0.200s] Level 1:colcon.colcon_core.package_identification:_identify(src/a2) by extension 'colcon_meta'
[0.200s] Level 1:colcon.colcon_core.package_identification:_identify(src/a2) by extensions ['ros']
[0.200s] Level 1:colcon.colcon_core.package_identification:_identify(src/a2) by extension 'ros'
[0.202s] DEBUG:colcon.colcon_core.package_identification:Package 'src/a2' with type 'ros.ament_python' and name 'a2'
[0.202s] Level 1:colcon.colcon_core.package_identification:_identify(src/assignment1) by extensions ['ignore', 'ignore_ament_install']
[0.202s] Level 1:colcon.colcon_core.package_identification:_identify(src/assignment1) by extension 'ignore'
[0.202s] Level 1:colcon.colcon_core.package_identification:_identify(src/assignment1) by extension 'ignore_ament_install'
[0.202s] Level 1:colcon.colcon_core.package_identification:_identify(src/assignment1) by extensions ['colcon_pkg']
[0.202s] Level 1:colcon.colcon_core.package_identification:_identify(src/assignment1) by extension 'colcon_pkg'
[0.202s] Level 1:colcon.colcon_core.package_identification:_identify(src/assignment1) by extensions ['colcon_meta']
[0.202s] Level 1:colcon.colcon_core.package_identification:_identify(src/assignment1) by extension 'colcon_meta'
[0.202s] Level 1:colcon.colcon_core.package_identification:_identify(src/assignment1) by extensions ['ros']
[0.202s] Level 1:colcon.colcon_core.package_identification:_identify(src/assignment1) by extension 'ros'
[0.203s] DEBUG:colcon.colcon_core.package_identification:Package 'src/assignment1' with type 'ros.ament_python' and name 'assignment1'
[0.203s] Level 1:colcon.colcon_core.package_identification:_identify(src/custom_messages_pkg) by extensions ['ignore', 'ignore_ament_install']
[0.203s] Level 1:colcon.colcon_core.package_identification:_identify(src/custom_messages_pkg) by extension 'ignore'
[0.203s] Level 1:colcon.colcon_core.package_identification:_identify(src/custom_messages_pkg) by extension 'ignore_ament_install'
[0.203s] Level 1:colcon.colcon_core.package_identification:_identify(src/custom_messages_pkg) by extensions ['colcon_pkg']
[0.203s] Level 1:colcon.colcon_core.package_identification:_identify(src/custom_messages_pkg) by extension 'colcon_pkg'
[0.203s] Level 1:colcon.colcon_core.package_identification:_identify(src/custom_messages_pkg) by extensions ['colcon_meta']
[0.203s] Level 1:colcon.colcon_core.package_identification:_identify(src/custom_messages_pkg) by extension 'colcon_meta'
[0.203s] Level 1:colcon.colcon_core.package_identification:_identify(src/custom_messages_pkg) by extensions ['ros']
[0.203s] Level 1:colcon.colcon_core.package_identification:_identify(src/custom_messages_pkg) by extension 'ros'
[0.203s] DEBUG:colcon.colcon_core.package_identification:Package 'src/custom_messages_pkg' with type 'ros.ament_cmake' and name 'custom_messages_pkg'
[0.203s] Level 1:colcon.colcon_core.package_identification:_identify(src/robotic_project) by extensions ['ignore', 'ignore_ament_install']
[0.204s] Level 1:colcon.colcon_core.package_identification:_identify(src/robotic_project) by extension 'ignore'
[0.204s] Level 1:colcon.colcon_core.package_identification:_identify(src/robotic_project) by extension 'ignore_ament_install'
[0.204s] Level 1:colcon.colcon_core.package_identification:_identify(src/robotic_project) by extensions ['colcon_pkg']
[0.204s] Level 1:colcon.colcon_core.package_identification:_identify(src/robotic_project) by extension 'colcon_pkg'
[0.204s] Level 1:colcon.colcon_core.package_identification:_identify(src/robotic_project) by extensions ['colcon_meta']
[0.204s] Level 1:colcon.colcon_core.package_identification:_identify(src/robotic_project) by extension 'colcon_meta'
[0.204s] Level 1:colcon.colcon_core.package_identification:_identify(src/robotic_project) by extensions ['ros']
[0.204s] Level 1:colcon.colcon_core.package_identification:_identify(src/robotic_project) by extension 'ros'
[0.204s] DEBUG:colcon.colcon_core.package_identification:Package 'src/robotic_project' with type 'ros.ament_python' and name 'robotic_project'
[0.204s] Level 1:colcon.colcon_core.package_discovery:discover_packages(recursive) using defaults
[0.204s] Level 1:colcon.colcon_core.package_discovery:discover_packages(ignore) discover
[0.205s] Level 1:colcon.colcon_core.package_discovery:discover_packages(ignore) using defaults
[0.205s] Level 1:colcon.colcon_core.package_discovery:discover_packages(path) discover
[0.205s] Level 1:colcon.colcon_core.package_discovery:discover_packages(path) using defaults
[0.226s] Level 1:colcon.colcon_core.package_discovery:discover_packages(prefix_path) check parameters
[0.226s] Level 1:colcon.colcon_core.package_discovery:discover_packages(prefix_path) discover
[0.230s] DEBUG:colcon.colcon_installed_package_information.package_discovery:Found 4 installed packages in /home/yunus/ros2_ws/install
[0.232s] DEBUG:colcon.colcon_installed_package_information.package_discovery:Found 321 installed packages in /opt/ros/foxy
[0.233s] Level 1:colcon.colcon_core.package_discovery:discover_packages(prefix_path) using defaults
[0.299s] Level 5:colcon.colcon_core.verb:set package 'a2' build argument 'cmake_args' from command line to 'None'
[0.299s] Level 5:colcon.colcon_core.verb:set package 'a2' build argument 'cmake_target' from command line to 'None'
[0.299s] Level 5:colcon.colcon_core.verb:set package 'a2' build argument 'cmake_target_skip_unavailable' from command line to 'False'
[0.299s] Level 5:colcon.colcon_core.verb:set package 'a2' build argument 'cmake_clean_cache' from command line to 'False'
[0.299s] Level 5:colcon.colcon_core.verb:set package 'a2' build argument 'cmake_clean_first' from command line to 'False'
[0.299s] Level 5:colcon.colcon_core.verb:set package 'a2' build argument 'cmake_force_configure' from command line to 'False'
[0.299s] Level 5:colcon.colcon_core.verb:set package 'a2' build argument 'ament_cmake_args' from command line to 'None'
[0.299s] Level 5:colcon.colcon_core.verb:set package 'a2' build argument 'catkin_cmake_args' from command line to 'None'
[0.299s] Level 5:colcon.colcon_core.verb:set package 'a2' build argument 'catkin_skip_building_tests' from command line to 'False'
[0.299s] DEBUG:colcon.colcon_core.verb:Building package 'a2' with the following arguments: {'ament_cmake_args': None, 'build_base': '/home/yunus/ros2_ws/build/a2', 'catkin_cmake_args': None, 'catkin_skip_building_tests': False, 'cmake_args': None, 'cmake_clean_cache': False, 'cmake_clean_first': False, 'cmake_force_configure': False, 'cmake_target': None, 'cmake_target_skip_unavailable': False, 'install_base': '/home/yunus/ros2_ws/install/a2', 'merge_install': False, 'path': '/home/yunus/ros2_ws/src/a2', 'symlink_install': False, 'test_result_base': None}
[0.300s] Level 5:colcon.colcon_core.verb:set package 'assignment1' build argument 'cmake_args' from command line to 'None'
[0.301s] Level 5:colcon.colcon_core.verb:set package 'assignment1' build argument 'cmake_target' from command line to 'None'
[0.301s] Level 5:colcon.colcon_core.verb:set package 'assignment1' build argument 'cmake_target_skip_unavailable' from command line to 'False'
[0.301s] Level 5:colcon.colcon_core.verb:set package 'assignment1' build argument 'cmake_clean_cache' from command line to 'False'
[0.301s] Level 5:colcon.colcon_core.verb:set package 'assignment1' build argument 'cmake_clean_first' from command line to 'False'
[0.301s] Level 5:colcon.colcon_core.verb:set package 'assignment1' build argument 'cmake_force_configure' from command line to 'False'
[0.301s] Level 5:colcon.colcon_core.verb:set package 'assignment1' build argument 'ament_cmake_args' from command line to 'None'
[0.301s] Level 5:colcon.colcon_core.verb:set package 'assignment1' build argument 'catkin_cmake_args' from command line to 'None'
[0.301s] Level 5:colcon.colcon_core.verb:set package 'assignment1' build argument 'catkin_skip_building_tests' from command line to 'False'
[0.301s] DEBUG:colcon.colcon_core.verb:Building package 'assignment1' with the following arguments: {'ament_cmake_args': None, 'build_base': '/home/yunus/ros2_ws/build/assignment1', 'catkin_cmake_args': None, 'catkin_skip_building_tests': False, 'cmake_args': None, 'cmake_clean_cache': False, 'cmake_clean_first': False, 'cmake_force_configure': False, 'cmake_target': None, 'cmake_target_skip_unavailable': False, 'install_base': '/home/yunus/ros2_ws/install/assignment1', 'merge_install': False, 'path': '/home/yunus/ros2_ws/src/assignment1', 'symlink_install': False, 'test_result_base': None}
[0.302s] Level 5:colcon.colcon_core.verb:set package 'custom_messages_pkg' build argument 'cmake_args' from command line to 'None'
[0.303s] Level 5:colcon.colcon_core.verb:set package 'custom_messages_pkg' build argument 'cmake_target' from command line to 'None'
[0.303s] Level 5:colcon.colcon_core.verb:set package 'custom_messages_pkg' build argument 'cmake_target_skip_unavailable' from command line to 'False'
[0.303s] Level 5:colcon.colcon_core.verb:set package 'custom_messages_pkg' build argument 'cmake_clean_cache' from command line to 'False'
[0.303s] Level 5:colcon.colcon_core.verb:set package 'custom_messages_pkg' build argument 'cmake_clean_first' from command line to 'False'
[0.303s] Level 5:colcon.colcon_core.verb:set package 'custom_messages_pkg' build argument 'cmake_force_configure' from command line to 'False'
[0.303s] Level 5:colcon.colcon_core.verb:set package 'custom_messages_pkg' build argument 'ament_cmake_args' from command line to 'None'
[0.303s] Level 5:colcon.colcon_core.verb:set package 'custom_messages_pkg' build argument 'catkin_cmake_args' from command line to 'None'
[0.303s] Level 5:colcon.colcon_core.verb:set package 'custom_messages_pkg' build argument 'catkin_skip_building_tests' from command line to 'False'
[0.303s] DEBUG:colcon.colcon_core.verb:Building package 'custom_messages_pkg' with the following arguments: {'ament_cmake_args': None, 'build_base': '/home/yunus/ros2_ws/build/custom_messages_pkg', 'catkin_cmake_args': None, 'catkin_skip_building_tests': False, 'cmake_args': None, 'cmake_clean_cache': False, 'cmake_clean_first': False, 'cmake_force_configure': False, 'cmake_target': None, 'cmake_target_skip_unavailable': False, 'install_base': '/home/yunus/ros2_ws/install/custom_messages_pkg', 'merge_install': False, 'path': '/home/yunus/ros2_ws/src/custom_messages_pkg', 'symlink_install': False, 'test_result_base': None}
[0.304s] Level 5:colcon.colcon_core.verb:set package 'robotic_project' build argument 'cmake_args' from command line to 'None'
[0.304s] Level 5:colcon.colcon_core.verb:set package 'robotic_project' build argument 'cmake_target' from command line to 'None'
[0.304s] Level 5:colcon.colcon_core.verb:set package 'robotic_project' build argument 'cmake_target_skip_unavailable' from command line to 'False'
[0.304s] Level 5:colcon.colcon_core.verb:set package 'robotic_project' build argument 'cmake_clean_cache' from command line to 'False'
[0.304s] Level 5:colcon.colcon_core.verb:set package 'robotic_project' build argument 'cmake_clean_first' from command line to 'False'
[0.304s] Level 5:colcon.colcon_core.verb:set package 'robotic_project' build argument 'cmake_force_configure' from command line to 'False'
[0.304s] Level 5:colcon.colcon_core.verb:set package 'robotic_project' build argument 'ament_cmake_args' from command line to 'None'
[0.304s] Level 5:colcon.colcon_core.verb:set package 'robotic_project' build argument 'catkin_cmake_args' from command line to 'None'
[0.304s] Level 5:colcon.colcon_core.verb:set package 'robotic_project' build argument 'catkin_skip_building_tests' from command line to 'False'
[0.304s] DEBUG:colcon.colcon_core.verb:Building package 'robotic_project' with the following arguments: {'ament_cmake_args': None, 'build_base': '/home/yunus/ros2_ws/build/robotic_project', 'catkin_cmake_args': None, 'catkin_skip_building_tests': False, 'cmake_args': None, 'cmake_clean_cache': False, 'cmake_clean_first': False, 'cmake_force_configure': False, 'cmake_target': None, 'cmake_target_skip_unavailable': False, 'install_base': '/home/yunus/ros2_ws/install/robotic_project', 'merge_install': False, 'path': '/home/yunus/ros2_ws/src/robotic_project', 'symlink_install': False, 'test_result_base': None}
[0.305s] INFO:colcon.colcon_core.executor:Executing jobs using 'parallel' executor
[0.312s] DEBUG:colcon.colcon_parallel_executor.executor.parallel:run_until_complete
[0.312s] INFO:colcon.colcon_ros.task.ament_cmake.build:Building ROS package in '/home/yunus/ros2_ws/src/custom_messages_pkg' with build type 'ament_cmake'
[0.312s] INFO:colcon.colcon_cmake.task.cmake.build:Building CMake package in '/home/yunus/ros2_ws/src/custom_messages_pkg'
[0.317s] INFO:colcon.colcon_core.plugin_system:Skipping extension 'colcon_core.shell.bat': Not used on non-Windows systems
[0.318s] INFO:colcon.colcon_core.shell:Skip shell extension 'powershell' for command environment: Not usable outside of PowerShell
[0.318s] DEBUG:colcon.colcon_core.shell:Skip shell extension 'dsv' for command environment
[0.325s] INFO:colcon.colcon_ros.task.ament_python.build:Building ROS package in '/home/yunus/ros2_ws/src/a2' with build type 'ament_python'
[0.325s] Level 1:colcon.colcon_core.shell:create_environment_hook('a2', 'ament_prefix_path')
[0.330s] INFO:colcon.colcon_core.shell:Creating environment hook '/home/yunus/ros2_ws/install/a2/share/a2/hook/ament_prefix_path.ps1'
[0.331s] INFO:colcon.colcon_core.shell:Creating environment descriptor '/home/yunus/ros2_ws/install/a2/share/a2/hook/ament_prefix_path.dsv'
[0.331s] INFO:colcon.colcon_core.shell:Creating environment hook '/home/yunus/ros2_ws/install/a2/share/a2/hook/ament_prefix_path.sh'
[0.333s] INFO:colcon.colcon_core.shell:Skip shell extension 'powershell' for command environment: Not usable outside of PowerShell
[0.334s] DEBUG:colcon.colcon_core.shell:Skip shell extension 'dsv' for command environment
[0.341s] INFO:colcon.colcon_ros.task.ament_python.build:Building ROS package in '/home/yunus/ros2_ws/src/assignment1' with build type 'ament_python'
[0.341s] Level 1:colcon.colcon_core.shell:create_environment_hook('assignment1', 'ament_prefix_path')
[0.344s] INFO:colcon.colcon_core.shell:Creating environment hook '/home/yunus/ros2_ws/install/assignment1/share/assignment1/hook/ament_prefix_path.ps1'
[0.346s] INFO:colcon.colcon_core.shell:Creating environment descriptor '/home/yunus/ros2_ws/install/assignment1/share/assignment1/hook/ament_prefix_path.dsv'
[0.346s] INFO:colcon.colcon_core.shell:Creating environment hook '/home/yunus/ros2_ws/install/assignment1/share/assignment1/hook/ament_prefix_path.sh'
[0.349s] INFO:colcon.colcon_core.shell:Skip shell extension 'powershell' for command environment: Not usable outside of PowerShell
[0.349s] DEBUG:colcon.colcon_core.shell:Skip shell extension 'dsv' for command environment
[0.369s] DEBUG:colcon.colcon_core.event_handler.log_command:Invoking command in '/home/yunus/ros2_ws/build/custom_messages_pkg': CMAKE_PREFIX_PATH=${CMAKE_PREFIX_PATH}:/home/yunus/ros2_ws/install/assignment1:/home/yunus/ros2_ws/install/a2:/opt/ros/foxy /usr/bin/cmake --build /home/yunus/ros2_ws/build/custom_messages_pkg -- -j8 -l8
[0.631s] INFO:colcon.colcon_core.task.python.build:Building Python package in '/home/yunus/ros2_ws/src/a2'
[0.634s] INFO:colcon.colcon_core.shell:Skip shell extension 'powershell' for command environment: Not usable outside of PowerShell
[0.634s] DEBUG:colcon.colcon_core.shell:Skip shell extension 'dsv' for command environment
[0.900s] INFO:colcon.colcon_core.task.python.build:Building Python package in '/home/yunus/ros2_ws/src/assignment1'
[0.905s] INFO:colcon.colcon_core.shell:Skip shell extension 'powershell' for command environment: Not usable outside of PowerShell
[0.906s] DEBUG:colcon.colcon_core.shell:Skip shell extension 'dsv' for command environment
[1.409s] DEBUG:colcon.colcon_core.event_handler.log_command:Invoking command in '/home/yunus/ros2_ws/build/a2': PYTHONPATH=/home/yunus/ros2_ws/build/a2/prefix_override:/home/yunus/ros2_ws/install/a2/lib/python3.8/site-packages:${PYTHONPATH} /usr/bin/python3 setup.py develop --uninstall --editable --build-directory /home/yunus/ros2_ws/build/a2/build
[1.413s] DEBUG:colcon.colcon_core.event_handler.log_command:Invoking command in '/home/yunus/ros2_ws/build/assignment1': PYTHONPATH=/home/yunus/ros2_ws/build/assignment1/prefix_override:/home/yunus/ros2_ws/install/assignment1/lib/python3.8/site-packages:${PYTHONPATH} /usr/bin/python3 setup.py develop --uninstall --editable --build-directory /home/yunus/ros2_ws/build/assignment1/build
[1.887s] DEBUG:colcon.colcon_core.event_handler.log_command:Invoked command in '/home/yunus/ros2_ws/build/custom_messages_pkg' returned '0': CMAKE_PREFIX_PATH=${CMAKE_PREFIX_PATH}:/home/yunus/ros2_ws/install/assignment1:/home/yunus/ros2_ws/install/a2:/opt/ros/foxy /usr/bin/cmake --build /home/yunus/ros2_ws/build/custom_messages_pkg -- -j8 -l8
[1.911s] DEBUG:colcon.colcon_core.event_handler.log_command:Invoked command in '/home/yunus/ros2_ws/build/a2' returned '0': PYTHONPATH=/home/yunus/ros2_ws/build/a2/prefix_override:/home/yunus/ros2_ws/install/a2/lib/python3.8/site-packages:${PYTHONPATH} /usr/bin/python3 setup.py develop --uninstall --editable --build-directory /home/yunus/ros2_ws/build/a2/build
[1.914s] DEBUG:colcon.colcon_core.event_handler.log_command:Invoking command in '/home/yunus/ros2_ws/src/a2': PYTHONPATH=/home/yunus/ros2_ws/build/a2/prefix_override:/home/yunus/ros2_ws/install/a2/lib/python3.8/site-packages:${PYTHONPATH} /usr/bin/python3 setup.py egg_info --egg-base ../../build/a2 build --build-base /home/yunus/ros2_ws/build/a2/build install --record /home/yunus/ros2_ws/build/a2/install.log --install-scripts $base/lib/a2 --single-version-externally-managed
[1.935s] DEBUG:colcon.colcon_core.event_handler.log_command:Invoked command in '/home/yunus/ros2_ws/build/assignment1' returned '0': PYTHONPATH=/home/yunus/ros2_ws/build/assignment1/prefix_override:/home/yunus/ros2_ws/install/assignment1/lib/python3.8/site-packages:${PYTHONPATH} /usr/bin/python3 setup.py develop --uninstall --editable --build-directory /home/yunus/ros2_ws/build/assignment1/build
[1.938s] DEBUG:colcon.colcon_core.event_handler.log_command:Invoking command in '/home/yunus/ros2_ws/src/assignment1': PYTHONPATH=/home/yunus/ros2_ws/build/assignment1/prefix_override:/home/yunus/ros2_ws/install/assignment1/lib/python3.8/site-packages:${PYTHONPATH} /usr/bin/python3 setup.py egg_info --egg-base ../../build/assignment1 build --build-base /home/yunus/ros2_ws/build/assignment1/build install --record /home/yunus/ros2_ws/build/assignment1/install.log --install-scripts $base/lib/assignment1 --single-version-externally-managed
[1.975s] DEBUG:colcon.colcon_core.event_handler.log_command:Invoking command in '/home/yunus/ros2_ws/build/custom_messages_pkg': CMAKE_PREFIX_PATH=${CMAKE_PREFIX_PATH}:/home/yunus/ros2_ws/install/assignment1:/home/yunus/ros2_ws/install/a2:/opt/ros/foxy /usr/bin/cmake --install /home/yunus/ros2_ws/build/custom_messages_pkg
[2.070s] Level 1:colcon.colcon_core.environment:create_environment_scripts_only(custom_messages_pkg)
[2.071s] DEBUG:colcon.colcon_core.event_handler.log_command:Invoked command in '/home/yunus/ros2_ws/build/custom_messages_pkg' returned '0': CMAKE_PREFIX_PATH=${CMAKE_PREFIX_PATH}:/home/yunus/ros2_ws/install/assignment1:/home/yunus/ros2_ws/install/a2:/opt/ros/foxy /usr/bin/cmake --install /home/yunus/ros2_ws/build/custom_messages_pkg
[2.082s] Level 1:colcon.colcon_core.environment:checking '/home/yunus/ros2_ws/install/custom_messages_pkg' for CMake module files
[2.083s] Level 1:colcon.colcon_core.environment:checking '/home/yunus/ros2_ws/install/custom_messages_pkg' for CMake config files
[2.083s] Level 1:colcon.colcon_core.shell:create_environment_hook('custom_messages_pkg', 'cmake_prefix_path')
[2.088s] INFO:colcon.colcon_core.shell:Creating environment hook '/home/yunus/ros2_ws/install/custom_messages_pkg/share/custom_messages_pkg/hook/cmake_prefix_path.ps1'
[2.089s] INFO:colcon.colcon_core.shell:Creating environment descriptor '/home/yunus/ros2_ws/install/custom_messages_pkg/share/custom_messages_pkg/hook/cmake_prefix_path.dsv'
[2.090s] INFO:colcon.colcon_core.shell:Creating environment hook '/home/yunus/ros2_ws/install/custom_messages_pkg/share/custom_messages_pkg/hook/cmake_prefix_path.sh'
[2.090s] Level 1:colcon.colcon_core.environment:checking '/home/yunus/ros2_ws/install/custom_messages_pkg/lib'
[2.091s] Level 1:colcon.colcon_core.shell:create_environment_hook('custom_messages_pkg', 'ld_library_path_lib')
[2.096s] INFO:colcon.colcon_core.shell:Creating environment hook '/home/yunus/ros2_ws/install/custom_messages_pkg/share/custom_messages_pkg/hook/ld_library_path_lib.ps1'
[2.096s] INFO:colcon.colcon_core.shell:Creating environment descriptor '/home/yunus/ros2_ws/install/custom_messages_pkg/share/custom_messages_pkg/hook/ld_library_path_lib.dsv'
[2.097s] INFO:colcon.colcon_core.shell:Creating environment hook '/home/yunus/ros2_ws/install/custom_messages_pkg/share/custom_messages_pkg/hook/ld_library_path_lib.sh'
[2.097s] Level 1:colcon.colcon_core.environment:checking '/home/yunus/ros2_ws/install/custom_messages_pkg/bin'
[2.097s] Level 1:colcon.colcon_core.environment:checking '/home/yunus/ros2_ws/install/custom_messages_pkg/lib/pkgconfig/custom_messages_pkg.pc'
[2.097s] Level 1:colcon.colcon_core.environment:checking '/home/yunus/ros2_ws/install/custom_messages_pkg/lib/python3.8/site-packages'
[2.098s] Level 1:colcon.colcon_core.shell:create_environment_hook('custom_messages_pkg', 'pythonpath')
[2.102s] INFO:colcon.colcon_core.shell:Creating environment hook '/home/yunus/ros2_ws/install/custom_messages_pkg/share/custom_messages_pkg/hook/pythonpath.ps1'
[2.103s] INFO:colcon.colcon_core.shell:Creating environment descriptor '/home/yunus/ros2_ws/install/custom_messages_pkg/share/custom_messages_pkg/hook/pythonpath.dsv'
[2.103s] INFO:colcon.colcon_core.shell:Creating environment hook '/home/yunus/ros2_ws/install/custom_messages_pkg/share/custom_messages_pkg/hook/pythonpath.sh'
[2.104s] Level 1:colcon.colcon_core.environment:checking '/home/yunus/ros2_ws/install/custom_messages_pkg/bin'
[2.109s] INFO:colcon.colcon_core.shell:Creating package script '/home/yunus/ros2_ws/install/custom_messages_pkg/share/custom_messages_pkg/package.ps1'
[2.110s] INFO:colcon.colcon_core.shell:Creating package descriptor '/home/yunus/ros2_ws/install/custom_messages_pkg/share/custom_messages_pkg/package.dsv'
[2.111s] INFO:colcon.colcon_core.shell:Creating package script '/home/yunus/ros2_ws/install/custom_messages_pkg/share/custom_messages_pkg/package.sh'
[2.112s] INFO:colcon.colcon_core.shell:Creating package script '/home/yunus/ros2_ws/install/custom_messages_pkg/share/custom_messages_pkg/package.bash'
[2.113s] INFO:colcon.colcon_core.shell:Creating package script '/home/yunus/ros2_ws/install/custom_messages_pkg/share/custom_messages_pkg/package.zsh'
[2.114s] Level 1:colcon.colcon_core.environment:create_file_with_runtime_dependencies(/home/yunus/ros2_ws/install/custom_messages_pkg/share/colcon-core/packages/custom_messages_pkg)
[2.198s] Level 1:colcon.colcon_core.environment:create_environment_scripts_only(custom_messages_pkg)
[2.205s] Level 1:colcon.colcon_core.environment:checking '/home/yunus/ros2_ws/install/custom_messages_pkg' for CMake module files
[2.207s] Level 1:colcon.colcon_core.environment:checking '/home/yunus/ros2_ws/install/custom_messages_pkg' for CMake config files
[2.208s] Level 1:colcon.colcon_core.shell:create_environment_hook('custom_messages_pkg', 'cmake_prefix_path')
[2.213s] INFO:colcon.colcon_core.shell:Creating environment hook '/home/yunus/ros2_ws/install/custom_messages_pkg/share/custom_messages_pkg/hook/cmake_prefix_path.ps1'
[2.214s] INFO:colcon.colcon_core.shell:Creating environment descriptor '/home/yunus/ros2_ws/install/custom_messages_pkg/share/custom_messages_pkg/hook/cmake_prefix_path.dsv'
[2.214s] INFO:colcon.colcon_core.shell:Creating environment hook '/home/yunus/ros2_ws/install/custom_messages_pkg/share/custom_messages_pkg/hook/cmake_prefix_path.sh'
[2.215s] Level 1:colcon.colcon_core.environment:checking '/home/yunus/ros2_ws/install/custom_messages_pkg/lib'
[2.215s] Level 1:colcon.colcon_core.shell:create_environment_hook('custom_messages_pkg', 'ld_library_path_lib')
[2.220s] INFO:colcon.colcon_core.shell:Creating environment hook '/home/yunus/ros2_ws/install/custom_messages_pkg/share/custom_messages_pkg/hook/ld_library_path_lib.ps1'
[2.221s] INFO:colcon.colcon_core.shell:Creating environment descriptor '/home/yunus/ros2_ws/install/custom_messages_pkg/share/custom_messages_pkg/hook/ld_library_path_lib.dsv'
[2.222s] INFO:colcon.colcon_core.shell:Creating environment hook '/home/yunus/ros2_ws/install/custom_messages_pkg/share/custom_messages_pkg/hook/ld_library_path_lib.sh'
[2.222s] Level 1:colcon.colcon_core.environment:checking '/home/yunus/ros2_ws/install/custom_messages_pkg/bin'
[2.222s] Level 1:colcon.colcon_core.environment:checking '/home/yunus/ros2_ws/install/custom_messages_pkg/lib/pkgconfig/custom_messages_pkg.pc'
[2.223s] Level 1:colcon.colcon_core.environment:checking '/home/yunus/ros2_ws/install/custom_messages_pkg/lib/python3.8/site-packages'
[2.223s] Level 1:colcon.colcon_core.shell:create_environment_hook('custom_messages_pkg', 'pythonpath')
[2.227s] INFO:colcon.colcon_core.shell:Creating environment hook '/home/yunus/ros2_ws/install/custom_messages_pkg/share/custom_messages_pkg/hook/pythonpath.ps1'
[2.228s] INFO:colcon.colcon_core.shell:Creating environment descriptor '/home/yunus/ros2_ws/install/custom_messages_pkg/share/custom_messages_pkg/hook/pythonpath.dsv'
[2.228s] INFO:colcon.colcon_core.shell:Creating environment hook '/home/yunus/ros2_ws/install/custom_messages_pkg/share/custom_messages_pkg/hook/pythonpath.sh'
[2.229s] Level 1:colcon.colcon_core.environment:checking '/home/yunus/ros2_ws/install/custom_messages_pkg/bin'
[2.235s] INFO:colcon.colcon_core.shell:Creating package script '/home/yunus/ros2_ws/install/custom_messages_pkg/share/custom_messages_pkg/package.ps1'
[2.236s] INFO:colcon.colcon_core.shell:Creating package descriptor '/home/yunus/ros2_ws/install/custom_messages_pkg/share/custom_messages_pkg/package.dsv'
[2.237s] INFO:colcon.colcon_core.shell:Creating package script '/home/yunus/ros2_ws/install/custom_messages_pkg/share/custom_messages_pkg/package.sh'
[2.238s] INFO:colcon.colcon_core.shell:Creating package script '/home/yunus/ros2_ws/install/custom_messages_pkg/share/custom_messages_pkg/package.bash'
[2.239s] INFO:colcon.colcon_core.shell:Creating package script '/home/yunus/ros2_ws/install/custom_messages_pkg/share/custom_messages_pkg/package.zsh'
[2.239s] Level 1:colcon.colcon_core.environment:create_file_with_runtime_dependencies(/home/yunus/ros2_ws/install/custom_messages_pkg/share/colcon-core/packages/custom_messages_pkg)
[2.240s] INFO:colcon.colcon_ros.task.ament_python.build:Building ROS package in '/home/yunus/ros2_ws/src/robotic_project' with build type 'ament_python'
[2.240s] Level 1:colcon.colcon_core.shell:create_environment_hook('robotic_project', 'ament_prefix_path')
[2.245s] INFO:colcon.colcon_core.shell:Creating environment hook '/home/yunus/ros2_ws/install/robotic_project/share/robotic_project/hook/ament_prefix_path.ps1'
[2.246s] INFO:colcon.colcon_core.shell:Creating environment descriptor '/home/yunus/ros2_ws/install/robotic_project/share/robotic_project/hook/ament_prefix_path.dsv'
[2.246s] INFO:colcon.colcon_core.shell:Creating environment hook '/home/yunus/ros2_ws/install/robotic_project/share/robotic_project/hook/ament_prefix_path.sh'
[2.252s] INFO:colcon.colcon_core.shell:Skip shell extension 'powershell' for command environment: Not usable outside of PowerShell
[2.252s] DEBUG:colcon.colcon_core.shell:Skip shell extension 'dsv' for command environment
[2.515s] INFO:colcon.colcon_core.task.python.build:Building Python package in '/home/yunus/ros2_ws/src/robotic_project'
[2.518s] INFO:colcon.colcon_core.shell:Skip shell extension 'powershell' for command environment: Not usable outside of PowerShell
[2.518s] DEBUG:colcon.colcon_core.shell:Skip shell extension 'dsv' for command environment
[2.530s] Level 1:colcon.colcon_core.environment:checking '/home/yunus/ros2_ws/install/assignment1' for CMake module files
[2.532s] DEBUG:colcon.colcon_core.event_handler.log_command:Invoked command in '/home/yunus/ros2_ws/src/assignment1' returned '0': PYTHONPATH=/home/yunus/ros2_ws/build/assignment1/prefix_override:/home/yunus/ros2_ws/install/assignment1/lib/python3.8/site-packages:${PYTHONPATH} /usr/bin/python3 setup.py egg_info --egg-base ../../build/assignment1 build --build-base /home/yunus/ros2_ws/build/assignment1/build install --record /home/yunus/ros2_ws/build/assignment1/install.log --install-scripts $base/lib/assignment1 --single-version-externally-managed
[2.532s] Level 1:colcon.colcon_core.environment:checking '/home/yunus/ros2_ws/install/assignment1' for CMake config files
[2.532s] Level 1:colcon.colcon_core.environment:checking '/home/yunus/ros2_ws/install/assignment1/lib'
[2.533s] Level 1:colcon.colcon_core.environment:checking '/home/yunus/ros2_ws/install/assignment1/bin'
[2.533s] Level 1:colcon.colcon_core.environment:checking '/home/yunus/ros2_ws/install/assignment1/lib/pkgconfig/assignment1.pc'
[2.533s] Level 1:colcon.colcon_core.environment:checking '/home/yunus/ros2_ws/install/assignment1/lib/python3.8/site-packages'
[2.533s] Level 1:colcon.colcon_core.shell:create_environment_hook('assignment1', 'pythonpath')
[2.535s] INFO:colcon.colcon_core.shell:Creating environment hook '/home/yunus/ros2_ws/install/assignment1/share/assignment1/hook/pythonpath.ps1'
[2.536s] INFO:colcon.colcon_core.shell:Creating environment descriptor '/home/yunus/ros2_ws/install/assignment1/share/assignment1/hook/pythonpath.dsv'
[2.536s] INFO:colcon.colcon_core.shell:Creating environment hook '/home/yunus/ros2_ws/install/assignment1/share/assignment1/hook/pythonpath.sh'
[2.536s] Level 1:colcon.colcon_core.environment:checking '/home/yunus/ros2_ws/install/assignment1/bin'
[2.536s] Level 1:colcon.colcon_core.environment:create_environment_scripts_only(assignment1)
[2.539s] INFO:colcon.colcon_core.shell:Creating package script '/home/yunus/ros2_ws/install/assignment1/share/assignment1/package.ps1'
[2.539s] INFO:colcon.colcon_core.shell:Creating package descriptor '/home/yunus/ros2_ws/install/assignment1/share/assignment1/package.dsv'
[2.540s] INFO:colcon.colcon_core.shell:Creating package script '/home/yunus/ros2_ws/install/assignment1/share/assignment1/package.sh'
[2.540s] INFO:colcon.colcon_core.shell:Creating package script '/home/yunus/ros2_ws/install/assignment1/share/assignment1/package.bash'
[2.540s] INFO:colcon.colcon_core.shell:Creating package script '/home/yunus/ros2_ws/install/assignment1/share/assignment1/package.zsh'
[2.540s] Level 1:colcon.colcon_core.environment:create_file_with_runtime_dependencies(/home/yunus/ros2_ws/install/assignment1/share/colcon-core/packages/assignment1)
[2.544s] Level 1:colcon.colcon_core.environment:checking '/home/yunus/ros2_ws/install/a2' for CMake module files
[2.545s] Level 1:colcon.colcon_core.environment:checking '/home/yunus/ros2_ws/install/a2' for CMake config files
[2.545s] DEBUG:colcon.colcon_core.event_handler.log_command:Invoked command in '/home/yunus/ros2_ws/src/a2' returned '0': PYTHONPATH=/home/yunus/ros2_ws/build/a2/prefix_override:/home/yunus/ros2_ws/install/a2/lib/python3.8/site-packages:${PYTHONPATH} /usr/bin/python3 setup.py egg_info --egg-base ../../build/a2 build --build-base /home/yunus/ros2_ws/build/a2/build install --record /home/yunus/ros2_ws/build/a2/install.log --install-scripts $base/lib/a2 --single-version-externally-managed
[2.546s] Level 1:colcon.colcon_core.environment:checking '/home/yunus/ros2_ws/install/a2/lib'
[2.546s] Level 1:colcon.colcon_core.environment:checking '/home/yunus/ros2_ws/install/a2/bin'
[2.546s] Level 1:colcon.colcon_core.environment:checking '/home/yunus/ros2_ws/install/a2/lib/pkgconfig/a2.pc'
[2.546s] Level 1:colcon.colcon_core.environment:checking '/home/yunus/ros2_ws/install/a2/lib/python3.8/site-packages'
[2.546s] Level 1:colcon.colcon_core.shell:create_environment_hook('a2', 'pythonpath')
[2.548s] INFO:colcon.colcon_core.shell:Creating environment hook '/home/yunus/ros2_ws/install/a2/share/a2/hook/pythonpath.ps1'
[2.549s] INFO:colcon.colcon_core.shell:Creating environment descriptor '/home/yunus/ros2_ws/install/a2/share/a2/hook/pythonpath.dsv'
[2.549s] INFO:colcon.colcon_core.shell:Creating environment hook '/home/yunus/ros2_ws/install/a2/share/a2/hook/pythonpath.sh'
[2.550s] Level 1:colcon.colcon_core.environment:checking '/home/yunus/ros2_ws/install/a2/bin'
[2.550s] Level 1:colcon.colcon_core.environment:create_environment_scripts_only(a2)
[2.553s] INFO:colcon.colcon_core.shell:Creating package script '/home/yunus/ros2_ws/install/a2/share/a2/package.ps1'
[2.554s] INFO:colcon.colcon_core.shell:Creating package descriptor '/home/yunus/ros2_ws/install/a2/share/a2/package.dsv'
[2.554s] INFO:colcon.colcon_core.shell:Creating package script '/home/yunus/ros2_ws/install/a2/share/a2/package.sh'
[2.555s] INFO:colcon.colcon_core.shell:Creating package script '/home/yunus/ros2_ws/install/a2/share/a2/package.bash'
[2.555s] INFO:colcon.colcon_core.shell:Creating package script '/home/yunus/ros2_ws/install/a2/share/a2/package.zsh'
[2.555s] Level 1:colcon.colcon_core.environment:create_file_with_runtime_dependencies(/home/yunus/ros2_ws/install/a2/share/colcon-core/packages/a2)
[2.963s] DEBUG:colcon.colcon_core.event_handler.log_command:Invoking command in '/home/yunus/ros2_ws/build/robotic_project': CMAKE_PREFIX_PATH=/home/yunus/ros2_ws/install/custom_messages_pkg:/home/yunus/ros2_ws/install/robotic_project PYTHONPATH=/home/yunus/ros2_ws/build/robotic_project/prefix_override:/home/yunus/ros2_ws/install/robotic_project/lib/python3.8/site-packages:/home/yunus/ros2_ws/install/custom_messages_pkg/lib/python3.8/site-packages:/home/yunus/ros2_ws/install/robotic_project/lib/python3.8/site-packages:/home/yunus/ros2_ws/install/assignment1/lib/python3.8/site-packages:/home/yunus/ros2_ws/install/a2/lib/python3.8/site-packages:/opt/ros/foxy/lib/python3.8/site-packages /usr/bin/python3 setup.py develop --uninstall --editable --build-directory /home/yunus/ros2_ws/build/robotic_project/build
[3.369s] DEBUG:colcon.colcon_core.event_handler.log_command:Invoked command in '/home/yunus/ros2_ws/build/robotic_project' returned '0': CMAKE_PREFIX_PATH=/home/yunus/ros2_ws/install/custom_messages_pkg:/home/yunus/ros2_ws/install/robotic_project PYTHONPATH=/home/yunus/ros2_ws/build/robotic_project/prefix_override:/home/yunus/ros2_ws/install/robotic_project/lib/python3.8/site-packages:/home/yunus/ros2_ws/install/custom_messages_pkg/lib/python3.8/site-packages:/home/yunus/ros2_ws/install/robotic_project/lib/python3.8/site-packages:/home/yunus/ros2_ws/install/assignment1/lib/python3.8/site-packages:/home/yunus/ros2_ws/install/a2/lib/python3.8/site-packages:/opt/ros/foxy/lib/python3.8/site-packages /usr/bin/python3 setup.py develop --uninstall --editable --build-directory /home/yunus/ros2_ws/build/robotic_project/build
[3.370s] DEBUG:colcon.colcon_core.event_handler.log_command:Invoking command in '/home/yunus/ros2_ws/src/robotic_project': CMAKE_PREFIX_PATH=/home/yunus/ros2_ws/install/custom_messages_pkg:/home/yunus/ros2_ws/install/robotic_project PYTHONPATH=/home/yunus/ros2_ws/build/robotic_project/prefix_override:/home/yunus/ros2_ws/install/robotic_project/lib/python3.8/site-packages:/home/yunus/ros2_ws/install/custom_messages_pkg/lib/python3.8/site-packages:/home/yunus/ros2_ws/install/robotic_project/lib/python3.8/site-packages:/home/yunus/ros2_ws/install/assignment1/lib/python3.8/site-packages:/home/yunus/ros2_ws/install/a2/lib/python3.8/site-packages:/opt/ros/foxy/lib/python3.8/site-packages /usr/bin/python3 setup.py egg_info --egg-base ../../build/robotic_project build --build-base /home/yunus/ros2_ws/build/robotic_project/build install --record /home/yunus/ros2_ws/build/robotic_project/install.log --install-scripts $base/lib/robotic_project --single-version-externally-managed
[3.668s] Level 1:colcon.colcon_core.environment:checking '/home/yunus/ros2_ws/install/robotic_project' for CMake module files
[3.669s] DEBUG:colcon.colcon_core.event_handler.log_command:Invoked command in '/home/yunus/ros2_ws/src/robotic_project' returned '0': CMAKE_PREFIX_PATH=/home/yunus/ros2_ws/install/custom_messages_pkg:/home/yunus/ros2_ws/install/robotic_project PYTHONPATH=/home/yunus/ros2_ws/build/robotic_project/prefix_override:/home/yunus/ros2_ws/install/robotic_project/lib/python3.8/site-packages:/home/yunus/ros2_ws/install/custom_messages_pkg/lib/python3.8/site-packages:/home/yunus/ros2_ws/install/robotic_project/lib/python3.8/site-packages:/home/yunus/ros2_ws/install/assignment1/lib/python3.8/site-packages:/home/yunus/ros2_ws/install/a2/lib/python3.8/site-packages:/opt/ros/foxy/lib/python3.8/site-packages /usr/bin/python3 setup.py egg_info --egg-base ../../build/robotic_project build --build-base /home/yunus/ros2_ws/build/robotic_project/build install --record /home/yunus/ros2_ws/build/robotic_project/install.log --install-scripts $base/lib/robotic_project --single-version-externally-managed
[3.669s] Level 1:colcon.colcon_core.environment:checking '/home/yunus/ros2_ws/install/robotic_project' for CMake config files
[3.669s] Level 1:colcon.colcon_core.shell:create_environment_hook('robotic_project', 'cmake_prefix_path')
[3.672s] INFO:colcon.colcon_core.shell:Creating environment hook '/home/yunus/ros2_ws/install/robotic_project/share/robotic_project/hook/cmake_prefix_path.ps1'
[3.672s] INFO:colcon.colcon_core.shell:Creating environment descriptor '/home/yunus/ros2_ws/install/robotic_project/share/robotic_project/hook/cmake_prefix_path.dsv'
[3.673s] INFO:colcon.colcon_core.shell:Creating environment hook '/home/yunus/ros2_ws/install/robotic_project/share/robotic_project/hook/cmake_prefix_path.sh'
[3.673s] Level 1:colcon.colcon_core.environment:checking '/home/yunus/ros2_ws/install/robotic_project/lib'
[3.673s] Level 1:colcon.colcon_core.environment:checking '/home/yunus/ros2_ws/install/robotic_project/bin'
[3.673s] Level 1:colcon.colcon_core.environment:checking '/home/yunus/ros2_ws/install/robotic_project/lib/pkgconfig/robotic_project.pc'
[3.673s] Level 1:colcon.colcon_core.environment:checking '/home/yunus/ros2_ws/install/robotic_project/lib/python3.8/site-packages'
[3.673s] Level 1:colcon.colcon_core.shell:create_environment_hook('robotic_project', 'pythonpath')
[3.676s] INFO:colcon.colcon_core.shell:Creating environment hook '/home/yunus/ros2_ws/install/robotic_project/share/robotic_project/hook/pythonpath.ps1'
[3.676s] INFO:colcon.colcon_core.shell:Creating environment descriptor '/home/yunus/ros2_ws/install/robotic_project/share/robotic_project/hook/pythonpath.dsv'
[3.676s] INFO:colcon.colcon_core.shell:Creating environment hook '/home/yunus/ros2_ws/install/robotic_project/share/robotic_project/hook/pythonpath.sh'
[3.676s] Level 1:colcon.colcon_core.environment:checking '/home/yunus/ros2_ws/install/robotic_project/bin'
[3.677s] Level 1:colcon.colcon_core.environment:create_environment_scripts_only(robotic_project)
[3.679s] INFO:colcon.colcon_core.shell:Creating package script '/home/yunus/ros2_ws/install/robotic_project/share/robotic_project/package.ps1'
[3.679s] INFO:colcon.colcon_core.shell:Creating package descriptor '/home/yunus/ros2_ws/install/robotic_project/share/robotic_project/package.dsv'
[3.680s] INFO:colcon.colcon_core.shell:Creating package script '/home/yunus/ros2_ws/install/robotic_project/share/robotic_project/package.sh'
[3.680s] INFO:colcon.colcon_core.shell:Creating package script '/home/yunus/ros2_ws/install/robotic_project/share/robotic_project/package.bash'
[3.680s] INFO:colcon.colcon_core.shell:Creating package script '/home/yunus/ros2_ws/install/robotic_project/share/robotic_project/package.zsh'
[3.680s] Level 1:colcon.colcon_core.environment:create_file_with_runtime_dependencies(/home/yunus/ros2_ws/install/robotic_project/share/colcon-core/packages/robotic_project)
[3.681s] DEBUG:colcon.colcon_parallel_executor.executor.parallel:closing loop
[3.681s] DEBUG:colcon.colcon_parallel_executor.executor.parallel:loop closed
[3.681s] DEBUG:colcon.colcon_parallel_executor.executor.parallel:run_until_complete finished with '0'
[3.681s] DEBUG:colcon.colcon_core.event_reactor:joining thread
[3.689s] INFO:colcon.colcon_core.plugin_system:Skipping extension 'colcon_notification.desktop_notification.terminal_notifier': Not used on non-Darwin systems
[3.689s] INFO:colcon.colcon_core.plugin_system:Skipping extension 'colcon_notification.desktop_notification.win32': Not used on non-Windows systems
[3.689s] INFO:colcon.colcon_notification.desktop_notification:Sending desktop notification using 'notify2'
[3.701s] DEBUG:colcon.colcon_core.event_reactor:joined thread
[3.703s] INFO:colcon.colcon_core.shell:Creating prefix script '/home/yunus/ros2_ws/install/local_setup.ps1'
[3.704s] INFO:colcon.colcon_core.shell:Creating prefix util module '/home/yunus/ros2_ws/install/_local_setup_util_ps1.py'
[3.706s] INFO:colcon.colcon_core.shell:Creating prefix chain script '/home/yunus/ros2_ws/install/setup.ps1'
[3.707s] INFO:colcon.colcon_core.shell:Creating prefix script '/home/yunus/ros2_ws/install/local_setup.sh'
[3.708s] INFO:colcon.colcon_core.shell:Creating prefix util module '/home/yunus/ros2_ws/install/_local_setup_util_sh.py'
[3.708s] INFO:colcon.colcon_core.shell:Creating prefix chain script '/home/yunus/ros2_ws/install/setup.sh'
[3.711s] INFO:colcon.colcon_core.shell:Creating prefix script '/home/yunus/ros2_ws/install/local_setup.bash'
[3.711s] INFO:colcon.colcon_core.shell:Creating prefix chain script '/home/yunus/ros2_ws/install/setup.bash'
[3.713s] INFO:colcon.colcon_core.shell:Creating prefix script '/home/yunus/ros2_ws/install/local_setup.zsh'
[3.713s] INFO:colcon.colcon_core.shell:Creating prefix chain script '/home/yunus/ros2_ws/install/setup.zsh'
