[0.475s] Invoking command in '/home/yunus/ros2_ws/build/custom_messages_pkg': CMAKE_PREFIX_PATH=${CMAKE_PREFIX_PATH}:/home/yunus/ros2_ws/install/assignment1:/home/yunus/ros2_ws/install/a2:/opt/ros/foxy /usr/bin/cmake --build /home/yunus/ros2_ws/build/custom_messages_pkg -- -j8 -l8
[0.502s] -- Found ament_cmake: 0.9.11 (/opt/ros/foxy/share/ament_cmake/cmake)
[0.531s] -- Found PythonInterp: /usr/bin/python3 (found suitable version "3.8.10", minimum required is "3") 
[0.531s] -- Using PYTHON_EXECUTABLE: /usr/bin/python3
[0.746s] -- Found ament_lint_auto: 0.9.7 (/opt/ros/foxy/share/ament_lint_auto/cmake)
[0.811s] -- Found geometry_msgs: 2.0.5 (/opt/ros/foxy/share/geometry_msgs/cmake)
[0.833s] -- Using all available rosidl_typesupport_c: rosidl_typesupport_fastrtps_c;rosidl_typesupport_introspection_c
[0.836s] -- Found rosidl_adapter: 1.3.0 (/opt/ros/foxy/share/rosidl_adapter/cmake)
[0.962s] -- Using all available rosidl_typesupport_cpp: rosidl_typesupport_fastrtps_cpp;rosidl_typesupport_introspection_cpp
[1.056s] -- Found rosidl_default_generators: 1.0.1 (/opt/ros/foxy/share/rosidl_default_generators/cmake)
[1.094s] -- Found PythonInterp: /usr/bin/python3 (found version "3.8.10") 
[1.213s] -- Found ament_cmake_ros: 0.9.2 (/opt/ros/foxy/share/ament_cmake_ros/cmake)
[1.435s] -- Using all available rosidl_typesupport_c: rosidl_typesupport_fastrtps_c;rosidl_typesupport_introspection_c
[1.541s] -- Using all available rosidl_typesupport_cpp: rosidl_typesupport_fastrtps_cpp;rosidl_typesupport_introspection_cpp
[1.573s] -- Found PythonInterp: /usr/bin/python3 (found suitable version "3.8.10", minimum required is "3.5") 
[1.573s] -- Found python_cmake_module: 0.8.1 (/opt/ros/foxy/share/python_cmake_module/cmake)
[1.603s] -- Using PYTHON_EXECUTABLE: /usr/bin/python3
[1.603s] -- Using PYTHON_INCLUDE_DIRS: /usr/include/python3.8
[1.603s] -- Using PYTHON_LIBRARIES: /usr/lib/x86_64-linux-gnu/libpython3.8.so
[1.657s] -- Added test 'copyright' to check source files copyright and LICENSE
[1.659s] -- Added test 'lint_cmake' to check CMake code style
[1.660s] -- Added test 'xmllint' to check XML markup files
[1.666s] -- Configuring done
[1.724s] -- Generating done
[1.728s] -- Build files have been written to: /home/yunus/ros2_ws/build/custom_messages_pkg
[1.766s] [  2%] [34m[1mGenerating C code for ROS interfaces[0m
[1.772s] [  5%] [34m[1mGenerating C++ code for ROS interfaces[0m
[2.021s] [  5%] Built target custom_messages_pkg__cpp
[2.035s] [  7%] [34m[1mGenerating C++ type support dispatch for ROS interfaces[0m
[2.039s] [ 10%] [34m[1mGenerating C++ type support for eProsima Fast-RTPS[0m
[2.040s] [ 12%] [34m[1mGenerating C++ introspection for ROS interfaces[0m
[2.048s] [35m[1mScanning dependencies of target custom_messages_pkg__rosidl_generator_c[0m
[2.064s] [ 17%] [32mBuilding C object CMakeFiles/custom_messages_pkg__rosidl_generator_c.dir/rosidl_generator_c/custom_messages_pkg/msg/detail/geometry__functions.c.o[0m
[2.065s] [ 17%] [32mBuilding C object CMakeFiles/custom_messages_pkg__rosidl_generator_c.dir/rosidl_generator_c/custom_messages_pkg/msg/detail/custom_control__functions.c.o[0m
[2.124s] [ 20%] [32m[1mLinking C shared library libcustom_messages_pkg__rosidl_generator_c.so[0m
[2.165s] [ 20%] Built target custom_messages_pkg__rosidl_generator_c
[2.177s] [ 23%] [34m[1mGenerating C introspection for ROS interfaces[0m
[2.179s] [ 25%] [34m[1mGenerating C type support dispatch for ROS interfaces[0m
[2.291s] [35m[1mScanning dependencies of target custom_messages_pkg__rosidl_typesupport_cpp[0m
[2.305s] [ 28%] [32mBuilding CXX object CMakeFiles/custom_messages_pkg__rosidl_typesupport_cpp.dir/rosidl_typesupport_cpp/custom_messages_pkg/msg/custom_control__type_support.cpp.o[0m
[2.308s] [ 30%] [32mBuilding CXX object CMakeFiles/custom_messages_pkg__rosidl_typesupport_cpp.dir/rosidl_typesupport_cpp/custom_messages_pkg/msg/geometry__type_support.cpp.o[0m
[2.434s] [35m[1mScanning dependencies of target custom_messages_pkg__rosidl_typesupport_c[0m
[2.451s] [ 33%] [32mBuilding CXX object CMakeFiles/custom_messages_pkg__rosidl_typesupport_c.dir/rosidl_typesupport_c/custom_messages_pkg/msg/custom_control__type_support.cpp.o[0m
[2.455s] [ 35%] [32mBuilding CXX object CMakeFiles/custom_messages_pkg__rosidl_typesupport_c.dir/rosidl_typesupport_c/custom_messages_pkg/msg/geometry__type_support.cpp.o[0m
[2.487s] [35m[1mScanning dependencies of target custom_messages_pkg__rosidl_typesupport_introspection_c[0m
[2.494s] [35m[1mScanning dependencies of target custom_messages_pkg__rosidl_typesupport_introspection_cpp[0m
[2.503s] [ 38%] [32m[1mLinking CXX shared library libcustom_messages_pkg__rosidl_typesupport_c.so[0m
[2.506s] [ 41%] [32mBuilding C object CMakeFiles/custom_messages_pkg__rosidl_typesupport_introspection_c.dir/rosidl_typesupport_introspection_c/custom_messages_pkg/msg/detail/geometry__type_support.c.o[0m
[2.508s] [ 43%] [32mBuilding C object CMakeFiles/custom_messages_pkg__rosidl_typesupport_introspection_c.dir/rosidl_typesupport_introspection_c/custom_messages_pkg/msg/detail/custom_control__type_support.c.o[0m
[2.511s] [35m[1mScanning dependencies of target custom_messages_pkg__rosidl_typesupport_fastrtps_cpp[0m
[2.514s] [ 48%] [32mBuilding CXX object CMakeFiles/custom_messages_pkg__rosidl_typesupport_introspection_cpp.dir/rosidl_typesupport_introspection_cpp/custom_messages_pkg/msg/detail/custom_control__type_support.cpp.o[0m
[2.514s] [ 48%] [32mBuilding CXX object CMakeFiles/custom_messages_pkg__rosidl_typesupport_introspection_cpp.dir/rosidl_typesupport_introspection_cpp/custom_messages_pkg/msg/detail/geometry__type_support.cpp.o[0m
[2.537s] [ 51%] [32mBuilding CXX object CMakeFiles/custom_messages_pkg__rosidl_typesupport_fastrtps_cpp.dir/rosidl_typesupport_fastrtps_cpp/custom_messages_pkg/msg/detail/dds_fastrtps/geometry__type_support.cpp.o[0m
[2.554s] [ 53%] [32mBuilding CXX object CMakeFiles/custom_messages_pkg__rosidl_typesupport_fastrtps_cpp.dir/rosidl_typesupport_fastrtps_cpp/custom_messages_pkg/msg/detail/dds_fastrtps/custom_control__type_support.cpp.o[0m
[2.562s] [ 56%] [32m[1mLinking C shared library libcustom_messages_pkg__rosidl_typesupport_introspection_c.so[0m
[2.570s] [ 56%] Built target custom_messages_pkg__rosidl_typesupport_c
[2.618s] [ 56%] Built target custom_messages_pkg__rosidl_typesupport_introspection_c
[2.789s] [ 58%] [32m[1mLinking CXX shared library libcustom_messages_pkg__rosidl_typesupport_cpp.so[0m
[2.842s] [ 58%] Built target custom_messages_pkg__rosidl_typesupport_cpp
[2.941s] [ 61%] [32m[1mLinking CXX shared library libcustom_messages_pkg__rosidl_typesupport_introspection_cpp.so[0m
[3.026s] [ 61%] Built target custom_messages_pkg__rosidl_typesupport_introspection_cpp
[3.086s] [ 64%] [32m[1mLinking CXX shared library libcustom_messages_pkg__rosidl_typesupport_fastrtps_cpp.so[0m
[3.162s] [ 64%] Built target custom_messages_pkg__rosidl_typesupport_fastrtps_cpp
[3.172s] [ 66%] [34m[1mGenerating C type support for eProsima Fast-RTPS[0m
[3.384s] [35m[1mScanning dependencies of target custom_messages_pkg__rosidl_typesupport_fastrtps_c[0m
[3.397s] [ 69%] [32mBuilding CXX object CMakeFiles/custom_messages_pkg__rosidl_typesupport_fastrtps_c.dir/rosidl_typesupport_fastrtps_c/custom_messages_pkg/msg/detail/geometry__type_support_c.cpp.o[0m
[3.397s] [ 71%] [32mBuilding CXX object CMakeFiles/custom_messages_pkg__rosidl_typesupport_fastrtps_c.dir/rosidl_typesupport_fastrtps_c/custom_messages_pkg/msg/detail/custom_control__type_support_c.cpp.o[0m
[3.692s] [ 74%] [32m[1mLinking CXX shared library libcustom_messages_pkg__rosidl_typesupport_fastrtps_c.so[0m
[3.770s] [ 74%] Built target custom_messages_pkg__rosidl_typesupport_fastrtps_c
[3.787s] [ 74%] Built target custom_messages_pkg
[3.807s] [ 76%] [34m[1mGenerating Python code for ROS interfaces[0m
[4.172s] [ 76%] Built target custom_messages_pkg__py
[4.182s] [35m[1mScanning dependencies of target custom_messages_pkg__python[0m
[4.197s] [ 82%] [32mBuilding C object CMakeFiles/custom_messages_pkg__python.dir/rosidl_generator_py/custom_messages_pkg/msg/_custom_control_s.c.o[0m
[4.197s] [ 82%] [32mBuilding C object CMakeFiles/custom_messages_pkg__python.dir/rosidl_generator_py/custom_messages_pkg/msg/_geometry_s.c.o[0m
[4.275s] [ 84%] [32m[1mLinking C shared library rosidl_generator_py/custom_messages_pkg/libcustom_messages_pkg__python.so[0m
[4.316s] [ 84%] Built target custom_messages_pkg__python
[4.325s] [35m[1mScanning dependencies of target custom_messages_pkg__rosidl_typesupport_introspection_c__pyext[0m
[4.325s] [35m[1mScanning dependencies of target custom_messages_pkg__rosidl_typesupport_c__pyext[0m
[4.326s] [35m[1mScanning dependencies of target custom_messages_pkg__rosidl_typesupport_fastrtps_c__pyext[0m
[4.340s] [ 92%] [32mBuilding C object CMakeFiles/custom_messages_pkg__rosidl_typesupport_introspection_c__pyext.dir/rosidl_generator_py/custom_messages_pkg/_custom_messages_pkg_s.ep.rosidl_typesupport_introspection_c.c.o[0m
[4.340s] [ 92%] [32mBuilding C object CMakeFiles/custom_messages_pkg__rosidl_typesupport_fastrtps_c__pyext.dir/rosidl_generator_py/custom_messages_pkg/_custom_messages_pkg_s.ep.rosidl_typesupport_fastrtps_c.c.o[0m
[4.341s] [ 92%] [32mBuilding C object CMakeFiles/custom_messages_pkg__rosidl_typesupport_c__pyext.dir/rosidl_generator_py/custom_messages_pkg/_custom_messages_pkg_s.ep.rosidl_typesupport_c.c.o[0m
[4.415s] [ 94%] [32m[1mLinking CXX shared library rosidl_generator_py/custom_messages_pkg/custom_messages_pkg_s__rosidl_typesupport_fastrtps_c.cpython-38-x86_64-linux-gnu.so[0m
[4.416s] [100%] [32m[1mLinking C shared library rosidl_generator_py/custom_messages_pkg/custom_messages_pkg_s__rosidl_typesupport_introspection_c.cpython-38-x86_64-linux-gnu.so[0m
[4.417s] [100%] [32m[1mLinking C shared library rosidl_generator_py/custom_messages_pkg/custom_messages_pkg_s__rosidl_typesupport_c.cpython-38-x86_64-linux-gnu.so[0m
[4.451s] [100%] Built target custom_messages_pkg__rosidl_typesupport_introspection_c__pyext
[4.460s] [100%] Built target custom_messages_pkg__rosidl_typesupport_c__pyext
[4.485s] [100%] Built target custom_messages_pkg__rosidl_typesupport_fastrtps_c__pyext
[4.494s] Invoked command in '/home/yunus/ros2_ws/build/custom_messages_pkg' returned '0': CMAKE_PREFIX_PATH=${CMAKE_PREFIX_PATH}:/home/yunus/ros2_ws/install/assignment1:/home/yunus/ros2_ws/install/a2:/opt/ros/foxy /usr/bin/cmake --build /home/yunus/ros2_ws/build/custom_messages_pkg -- -j8 -l8
[4.555s] Invoking command in '/home/yunus/ros2_ws/build/custom_messages_pkg': CMAKE_PREFIX_PATH=${CMAKE_PREFIX_PATH}:/home/yunus/ros2_ws/install/assignment1:/home/yunus/ros2_ws/install/a2:/opt/ros/foxy /usr/bin/cmake --install /home/yunus/ros2_ws/build/custom_messages_pkg
[4.565s] -- Install configuration: ""
[4.565s] -- Up-to-date: /home/yunus/ros2_ws/install/custom_messages_pkg/share/ament_index/resource_index/rosidl_interfaces/custom_messages_pkg
[4.565s] -- Up-to-date: /home/yunus/ros2_ws/install/custom_messages_pkg/include/custom_messages_pkg
[4.565s] -- Up-to-date: /home/yunus/ros2_ws/install/custom_messages_pkg/include/custom_messages_pkg/msg
[4.565s] -- Installing: /home/yunus/ros2_ws/install/custom_messages_pkg/include/custom_messages_pkg/msg/custom_control.h
[4.565s] -- Up-to-date: /home/yunus/ros2_ws/install/custom_messages_pkg/include/custom_messages_pkg/msg/rosidl_generator_c__visibility_control.h
[4.565s] -- Installing: /home/yunus/ros2_ws/install/custom_messages_pkg/include/custom_messages_pkg/msg/geometry.h
[4.566s] -- Up-to-date: /home/yunus/ros2_ws/install/custom_messages_pkg/include/custom_messages_pkg/msg/detail
[4.566s] -- Installing: /home/yunus/ros2_ws/install/custom_messages_pkg/include/custom_messages_pkg/msg/detail/custom_control__functions.c
[4.566s] -- Installing: /home/yunus/ros2_ws/install/custom_messages_pkg/include/custom_messages_pkg/msg/detail/custom_control__type_support.h
[4.566s] -- Installing: /home/yunus/ros2_ws/install/custom_messages_pkg/include/custom_messages_pkg/msg/detail/geometry__functions.c
[4.566s] -- Installing: /home/yunus/ros2_ws/install/custom_messages_pkg/include/custom_messages_pkg/msg/detail/geometry__functions.h
[4.566s] -- Installing: /home/yunus/ros2_ws/install/custom_messages_pkg/include/custom_messages_pkg/msg/detail/geometry__type_support.h
[4.566s] -- Installing: /home/yunus/ros2_ws/install/custom_messages_pkg/include/custom_messages_pkg/msg/detail/geometry__struct.h
[4.566s] -- Installing: /home/yunus/ros2_ws/install/custom_messages_pkg/include/custom_messages_pkg/msg/detail/custom_control__struct.h
[4.566s] -- Installing: /home/yunus/ros2_ws/install/custom_messages_pkg/include/custom_messages_pkg/msg/detail/custom_control__functions.h
[4.566s] -- Up-to-date: /home/yunus/ros2_ws/install/custom_messages_pkg/share/custom_messages_pkg/environment/library_path.sh
[4.566s] -- Installing: /home/yunus/ros2_ws/install/custom_messages_pkg/share/custom_messages_pkg/environment/library_path.dsv
[4.567s] -- Installing: /home/yunus/ros2_ws/install/custom_messages_pkg/lib/libcustom_messages_pkg__rosidl_generator_c.so
[4.567s] -- Set runtime path of "/home/yunus/ros2_ws/install/custom_messages_pkg/lib/libcustom_messages_pkg__rosidl_generator_c.so" to ""
[4.567s] -- Up-to-date: /home/yunus/ros2_ws/install/custom_messages_pkg/include/custom_messages_pkg
[4.567s] -- Up-to-date: /home/yunus/ros2_ws/install/custom_messages_pkg/include/custom_messages_pkg/msg
[4.567s] -- Up-to-date: /home/yunus/ros2_ws/install/custom_messages_pkg/include/custom_messages_pkg/msg/rosidl_typesupport_fastrtps_c__visibility_control.h
[4.567s] -- Up-to-date: /home/yunus/ros2_ws/install/custom_messages_pkg/include/custom_messages_pkg/msg/detail
[4.567s] -- Installing: /home/yunus/ros2_ws/install/custom_messages_pkg/include/custom_messages_pkg/msg/detail/geometry__rosidl_typesupport_fastrtps_c.h
[4.567s] -- Installing: /home/yunus/ros2_ws/install/custom_messages_pkg/include/custom_messages_pkg/msg/detail/custom_control__rosidl_typesupport_fastrtps_c.h
[4.567s] -- Installing: /home/yunus/ros2_ws/install/custom_messages_pkg/lib/libcustom_messages_pkg__rosidl_typesupport_fastrtps_c.so
[4.567s] -- Set runtime path of "/home/yunus/ros2_ws/install/custom_messages_pkg/lib/libcustom_messages_pkg__rosidl_typesupport_fastrtps_c.so" to ""
[4.567s] -- Up-to-date: /home/yunus/ros2_ws/install/custom_messages_pkg/include/custom_messages_pkg
[4.567s] -- Up-to-date: /home/yunus/ros2_ws/install/custom_messages_pkg/include/custom_messages_pkg/msg
[4.567s] -- Up-to-date: /home/yunus/ros2_ws/install/custom_messages_pkg/include/custom_messages_pkg/msg/detail
[4.567s] -- Up-to-date: /home/yunus/ros2_ws/install/custom_messages_pkg/include/custom_messages_pkg/msg/detail/dds_fastrtps
[4.568s] -- Installing: /home/yunus/ros2_ws/install/custom_messages_pkg/include/custom_messages_pkg/msg/detail/custom_control__rosidl_typesupport_fastrtps_cpp.hpp
[4.568s] -- Installing: /home/yunus/ros2_ws/install/custom_messages_pkg/include/custom_messages_pkg/msg/detail/geometry__rosidl_typesupport_fastrtps_cpp.hpp
[4.568s] -- Up-to-date: /home/yunus/ros2_ws/install/custom_messages_pkg/include/custom_messages_pkg/msg/rosidl_typesupport_fastrtps_cpp__visibility_control.h
[4.568s] -- Installing: /home/yunus/ros2_ws/install/custom_messages_pkg/lib/libcustom_messages_pkg__rosidl_typesupport_fastrtps_cpp.so
[4.568s] -- Set runtime path of "/home/yunus/ros2_ws/install/custom_messages_pkg/lib/libcustom_messages_pkg__rosidl_typesupport_fastrtps_cpp.so" to ""
[4.568s] -- Up-to-date: /home/yunus/ros2_ws/install/custom_messages_pkg/include/custom_messages_pkg
[4.568s] -- Up-to-date: /home/yunus/ros2_ws/install/custom_messages_pkg/include/custom_messages_pkg/msg
[4.568s] -- Up-to-date: /home/yunus/ros2_ws/install/custom_messages_pkg/include/custom_messages_pkg/msg/rosidl_typesupport_introspection_c__visibility_control.h
[4.568s] -- Up-to-date: /home/yunus/ros2_ws/install/custom_messages_pkg/include/custom_messages_pkg/msg/detail
[4.568s] -- Installing: /home/yunus/ros2_ws/install/custom_messages_pkg/include/custom_messages_pkg/msg/detail/geometry__rosidl_typesupport_introspection_c.h
[4.568s] -- Installing: /home/yunus/ros2_ws/install/custom_messages_pkg/include/custom_messages_pkg/msg/detail/custom_control__type_support.c
[4.568s] -- Installing: /home/yunus/ros2_ws/install/custom_messages_pkg/include/custom_messages_pkg/msg/detail/geometry__type_support.c
[4.568s] -- Installing: /home/yunus/ros2_ws/install/custom_messages_pkg/include/custom_messages_pkg/msg/detail/custom_control__rosidl_typesupport_introspection_c.h
[4.568s] -- Installing: /home/yunus/ros2_ws/install/custom_messages_pkg/lib/libcustom_messages_pkg__rosidl_typesupport_introspection_c.so
[4.568s] -- Set runtime path of "/home/yunus/ros2_ws/install/custom_messages_pkg/lib/libcustom_messages_pkg__rosidl_typesupport_introspection_c.so" to ""
[4.569s] -- Installing: /home/yunus/ros2_ws/install/custom_messages_pkg/lib/libcustom_messages_pkg__rosidl_typesupport_c.so
[4.569s] -- Set runtime path of "/home/yunus/ros2_ws/install/custom_messages_pkg/lib/libcustom_messages_pkg__rosidl_typesupport_c.so" to ""
[4.569s] -- Up-to-date: /home/yunus/ros2_ws/install/custom_messages_pkg/include/custom_messages_pkg
[4.569s] -- Up-to-date: /home/yunus/ros2_ws/install/custom_messages_pkg/include/custom_messages_pkg/msg
[4.569s] -- Installing: /home/yunus/ros2_ws/install/custom_messages_pkg/include/custom_messages_pkg/msg/custom_control.hpp
[4.569s] -- Up-to-date: /home/yunus/ros2_ws/install/custom_messages_pkg/include/custom_messages_pkg/msg/detail
[4.569s] -- Installing: /home/yunus/ros2_ws/install/custom_messages_pkg/include/custom_messages_pkg/msg/detail/custom_control__traits.hpp
[4.569s] -- Installing: /home/yunus/ros2_ws/install/custom_messages_pkg/include/custom_messages_pkg/msg/detail/geometry__traits.hpp
[4.569s] -- Installing: /home/yunus/ros2_ws/install/custom_messages_pkg/include/custom_messages_pkg/msg/detail/custom_control__builder.hpp
[4.569s] -- Installing: /home/yunus/ros2_ws/install/custom_messages_pkg/include/custom_messages_pkg/msg/detail/geometry__struct.hpp
[4.569s] -- Installing: /home/yunus/ros2_ws/install/custom_messages_pkg/include/custom_messages_pkg/msg/detail/custom_control__struct.hpp
[4.570s] -- Installing: /home/yunus/ros2_ws/install/custom_messages_pkg/include/custom_messages_pkg/msg/detail/geometry__builder.hpp
[4.570s] -- Installing: /home/yunus/ros2_ws/install/custom_messages_pkg/include/custom_messages_pkg/msg/geometry.hpp
[4.570s] -- Up-to-date: /home/yunus/ros2_ws/install/custom_messages_pkg/include/custom_messages_pkg
[4.570s] -- Up-to-date: /home/yunus/ros2_ws/install/custom_messages_pkg/include/custom_messages_pkg/msg
[4.570s] -- Up-to-date: /home/yunus/ros2_ws/install/custom_messages_pkg/include/custom_messages_pkg/msg/detail
[4.570s] -- Installing: /home/yunus/ros2_ws/install/custom_messages_pkg/include/custom_messages_pkg/msg/detail/custom_control__rosidl_typesupport_introspection_cpp.hpp
[4.570s] -- Installing: /home/yunus/ros2_ws/install/custom_messages_pkg/include/custom_messages_pkg/msg/detail/geometry__rosidl_typesupport_introspection_cpp.hpp
[4.570s] -- Installing: /home/yunus/ros2_ws/install/custom_messages_pkg/include/custom_messages_pkg/msg/detail/custom_control__type_support.cpp
[4.570s] -- Installing: /home/yunus/ros2_ws/install/custom_messages_pkg/include/custom_messages_pkg/msg/detail/geometry__type_support.cpp
[4.570s] -- Installing: /home/yunus/ros2_ws/install/custom_messages_pkg/lib/libcustom_messages_pkg__rosidl_typesupport_introspection_cpp.so
[4.570s] -- Set runtime path of "/home/yunus/ros2_ws/install/custom_messages_pkg/lib/libcustom_messages_pkg__rosidl_typesupport_introspection_cpp.so" to ""
[4.570s] -- Installing: /home/yunus/ros2_ws/install/custom_messages_pkg/lib/libcustom_messages_pkg__rosidl_typesupport_cpp.so
[4.571s] -- Set runtime path of "/home/yunus/ros2_ws/install/custom_messages_pkg/lib/libcustom_messages_pkg__rosidl_typesupport_cpp.so" to ""
[4.571s] -- Up-to-date: /home/yunus/ros2_ws/install/custom_messages_pkg/share/custom_messages_pkg/environment/pythonpath.sh
[4.571s] -- Installing: /home/yunus/ros2_ws/install/custom_messages_pkg/share/custom_messages_pkg/environment/pythonpath.dsv
[4.571s] -- Installing: /home/yunus/ros2_ws/install/custom_messages_pkg/lib/python3.8/site-packages/custom_messages_pkg/__init__.py
[4.600s] Compiling '/home/yunus/ros2_ws/install/custom_messages_pkg/lib/python3.8/site-packages/custom_messages_pkg/__init__.py'...
[4.605s] -- Up-to-date: /home/yunus/ros2_ws/install/custom_messages_pkg/lib/python3.8/site-packages/custom_messages_pkg/msg
[4.605s] -- Installing: /home/yunus/ros2_ws/install/custom_messages_pkg/lib/python3.8/site-packages/custom_messages_pkg/msg/_custom_control.py
[4.606s] -- Installing: /home/yunus/ros2_ws/install/custom_messages_pkg/lib/python3.8/site-packages/custom_messages_pkg/msg/_geometry_s.c
[4.606s] -- Installing: /home/yunus/ros2_ws/install/custom_messages_pkg/lib/python3.8/site-packages/custom_messages_pkg/msg/_custom_control_s.c
[4.606s] -- Installing: /home/yunus/ros2_ws/install/custom_messages_pkg/lib/python3.8/site-packages/custom_messages_pkg/msg/__init__.py
[4.606s] -- Installing: /home/yunus/ros2_ws/install/custom_messages_pkg/lib/python3.8/site-packages/custom_messages_pkg/msg/_geometry.py
[4.606s] -- Installing: /home/yunus/ros2_ws/install/custom_messages_pkg/lib/python3.8/site-packages/custom_messages_pkg/custom_messages_pkg_s__rosidl_typesupport_fastrtps_c.cpython-38-x86_64-linux-gnu.so
[4.606s] -- Set runtime path of "/home/yunus/ros2_ws/install/custom_messages_pkg/lib/python3.8/site-packages/custom_messages_pkg/custom_messages_pkg_s__rosidl_typesupport_fastrtps_c.cpython-38-x86_64-linux-gnu.so" to ""
[4.607s] -- Installing: /home/yunus/ros2_ws/install/custom_messages_pkg/lib/python3.8/site-packages/custom_messages_pkg/custom_messages_pkg_s__rosidl_typesupport_introspection_c.cpython-38-x86_64-linux-gnu.so
[4.607s] -- Set runtime path of "/home/yunus/ros2_ws/install/custom_messages_pkg/lib/python3.8/site-packages/custom_messages_pkg/custom_messages_pkg_s__rosidl_typesupport_introspection_c.cpython-38-x86_64-linux-gnu.so" to ""
[4.608s] -- Installing: /home/yunus/ros2_ws/install/custom_messages_pkg/lib/python3.8/site-packages/custom_messages_pkg/custom_messages_pkg_s__rosidl_typesupport_c.cpython-38-x86_64-linux-gnu.so
[4.608s] -- Set runtime path of "/home/yunus/ros2_ws/install/custom_messages_pkg/lib/python3.8/site-packages/custom_messages_pkg/custom_messages_pkg_s__rosidl_typesupport_c.cpython-38-x86_64-linux-gnu.so" to ""
[4.608s] -- Installing: /home/yunus/ros2_ws/install/custom_messages_pkg/lib/libcustom_messages_pkg__python.so
[4.608s] -- Set runtime path of "/home/yunus/ros2_ws/install/custom_messages_pkg/lib/libcustom_messages_pkg__python.so" to ""
[4.608s] -- Up-to-date: /home/yunus/ros2_ws/install/custom_messages_pkg/share/custom_messages_pkg/msg/Geometry.idl
[4.609s] -- Installing: /home/yunus/ros2_ws/install/custom_messages_pkg/share/custom_messages_pkg/msg/CustomControl.idl
[4.609s] -- Up-to-date: /home/yunus/ros2_ws/install/custom_messages_pkg/share/custom_messages_pkg/msg/Geometry.msg
[4.609s] -- Installing: /home/yunus/ros2_ws/install/custom_messages_pkg/share/custom_messages_pkg/msg/CustomControl.msg
[4.609s] -- Up-to-date: /home/yunus/ros2_ws/install/custom_messages_pkg/share/ament_index/resource_index/package_run_dependencies/custom_messages_pkg
[4.609s] -- Up-to-date: /home/yunus/ros2_ws/install/custom_messages_pkg/share/ament_index/resource_index/parent_prefix_path/custom_messages_pkg
[4.609s] -- Up-to-date: /home/yunus/ros2_ws/install/custom_messages_pkg/share/custom_messages_pkg/environment/ament_prefix_path.sh
[4.609s] -- Installing: /home/yunus/ros2_ws/install/custom_messages_pkg/share/custom_messages_pkg/environment/ament_prefix_path.dsv
[4.609s] -- Up-to-date: /home/yunus/ros2_ws/install/custom_messages_pkg/share/custom_messages_pkg/environment/path.sh
[4.609s] -- Installing: /home/yunus/ros2_ws/install/custom_messages_pkg/share/custom_messages_pkg/environment/path.dsv
[4.609s] -- Up-to-date: /home/yunus/ros2_ws/install/custom_messages_pkg/share/custom_messages_pkg/local_setup.bash
[4.609s] -- Up-to-date: /home/yunus/ros2_ws/install/custom_messages_pkg/share/custom_messages_pkg/local_setup.sh
[4.609s] -- Up-to-date: /home/yunus/ros2_ws/install/custom_messages_pkg/share/custom_messages_pkg/local_setup.zsh
[4.609s] -- Installing: /home/yunus/ros2_ws/install/custom_messages_pkg/share/custom_messages_pkg/local_setup.dsv
[4.609s] -- Installing: /home/yunus/ros2_ws/install/custom_messages_pkg/share/custom_messages_pkg/package.dsv
[4.610s] -- Up-to-date: /home/yunus/ros2_ws/install/custom_messages_pkg/share/ament_index/resource_index/packages/custom_messages_pkg
[4.610s] -- Up-to-date: /home/yunus/ros2_ws/install/custom_messages_pkg/share/custom_messages_pkg/cmake/custom_messages_pkg__rosidl_generator_cExport.cmake
[4.610s] -- Installing: /home/yunus/ros2_ws/install/custom_messages_pkg/share/custom_messages_pkg/cmake/custom_messages_pkg__rosidl_generator_cExport-noconfig.cmake
[4.610s] -- Up-to-date: /home/yunus/ros2_ws/install/custom_messages_pkg/share/custom_messages_pkg/cmake/custom_messages_pkg__rosidl_typesupport_introspection_cExport.cmake
[4.610s] -- Installing: /home/yunus/ros2_ws/install/custom_messages_pkg/share/custom_messages_pkg/cmake/custom_messages_pkg__rosidl_typesupport_introspection_cExport-noconfig.cmake
[4.610s] -- Up-to-date: /home/yunus/ros2_ws/install/custom_messages_pkg/share/custom_messages_pkg/cmake/custom_messages_pkg__rosidl_typesupport_cExport.cmake
[4.610s] -- Installing: /home/yunus/ros2_ws/install/custom_messages_pkg/share/custom_messages_pkg/cmake/custom_messages_pkg__rosidl_typesupport_cExport-noconfig.cmake
[4.610s] -- Up-to-date: /home/yunus/ros2_ws/install/custom_messages_pkg/share/custom_messages_pkg/cmake/custom_messages_pkg__rosidl_generator_cppExport.cmake
[4.611s] -- Up-to-date: /home/yunus/ros2_ws/install/custom_messages_pkg/share/custom_messages_pkg/cmake/custom_messages_pkg__rosidl_typesupport_introspection_cppExport.cmake
[4.611s] -- Installing: /home/yunus/ros2_ws/install/custom_messages_pkg/share/custom_messages_pkg/cmake/custom_messages_pkg__rosidl_typesupport_introspection_cppExport-noconfig.cmake
[4.611s] -- Up-to-date: /home/yunus/ros2_ws/install/custom_messages_pkg/share/custom_messages_pkg/cmake/custom_messages_pkg__rosidl_typesupport_cppExport.cmake
[4.611s] -- Installing: /home/yunus/ros2_ws/install/custom_messages_pkg/share/custom_messages_pkg/cmake/custom_messages_pkg__rosidl_typesupport_cppExport-noconfig.cmake
[4.611s] -- Up-to-date: /home/yunus/ros2_ws/install/custom_messages_pkg/share/custom_messages_pkg/cmake/rosidl_cmake-extras.cmake
[4.611s] -- Up-to-date: /home/yunus/ros2_ws/install/custom_messages_pkg/share/custom_messages_pkg/cmake/ament_cmake_export_dependencies-extras.cmake
[4.611s] -- Up-to-date: /home/yunus/ros2_ws/install/custom_messages_pkg/share/custom_messages_pkg/cmake/ament_cmake_export_libraries-extras.cmake
[4.611s] -- Up-to-date: /home/yunus/ros2_ws/install/custom_messages_pkg/share/custom_messages_pkg/cmake/ament_cmake_export_targets-extras.cmake
[4.611s] -- Up-to-date: /home/yunus/ros2_ws/install/custom_messages_pkg/share/custom_messages_pkg/cmake/ament_cmake_export_include_directories-extras.cmake
[4.611s] -- Up-to-date: /home/yunus/ros2_ws/install/custom_messages_pkg/share/custom_messages_pkg/cmake/rosidl_cmake_export_typesupport_libraries-extras.cmake
[4.612s] -- Up-to-date: /home/yunus/ros2_ws/install/custom_messages_pkg/share/custom_messages_pkg/cmake/rosidl_cmake_export_typesupport_targets-extras.cmake
[4.612s] -- Up-to-date: /home/yunus/ros2_ws/install/custom_messages_pkg/share/custom_messages_pkg/cmake/custom_messages_pkgConfig.cmake
[4.612s] -- Up-to-date: /home/yunus/ros2_ws/install/custom_messages_pkg/share/custom_messages_pkg/cmake/custom_messages_pkgConfig-version.cmake
[4.612s] -- Up-to-date: /home/yunus/ros2_ws/install/custom_messages_pkg/share/custom_messages_pkg/package.xml
[4.617s] Invoked command in '/home/yunus/ros2_ws/build/custom_messages_pkg' returned '0': CMAKE_PREFIX_PATH=${CMAKE_PREFIX_PATH}:/home/yunus/ros2_ws/install/assignment1:/home/yunus/ros2_ws/install/a2:/opt/ros/foxy /usr/bin/cmake --install /home/yunus/ros2_ws/build/custom_messages_pkg
