[0.049s] Invoking command in '/home/yunus/ros2_ws/build/custom_messages_pkg': CMAKE_PREFIX_PATH=${CMAKE_PREFIX_PATH}:/home/yunus/ros2_ws/install/assignment1:/home/yunus/ros2_ws/install/a2:/opt/ros/foxy /usr/bin/cmake --build /home/yunus/ros2_ws/build/custom_messages_pkg -- -j8 -l8
[0.348s] [  1%] Built target custom_messages_pkg__cpp
[0.348s] [ 12%] Built target custom_messages_pkg__rosidl_generator_c
[0.348s] [ 23%] Built target custom_messages_pkg__rosidl_typesupport_introspection_cpp
[0.348s] [ 34%] Built target custom_messages_pkg__rosidl_typesupport_cpp
[0.348s] [ 45%] Built target custom_messages_pkg__rosidl_typesupport_fastrtps_cpp
[0.349s] [ 56%] Built target custom_messages_pkg__rosidl_typesupport_c
[0.349s] [ 67%] Built target custom_messages_pkg__rosidl_typesupport_introspection_c
[0.349s] [ 78%] Built target custom_messages_pkg__rosidl_typesupport_fastrtps_c
[0.350s] [ 78%] Built target custom_messages_pkg
[0.350s] [ 80%] Built target custom_messages_pkg__py
[0.350s] [ 89%] Built target custom_messages_pkg__python
[0.350s] [ 92%] Built target custom_messages_pkg__rosidl_typesupport_introspection_c__pyext
[0.350s] [ 96%] Built target custom_messages_pkg__rosidl_typesupport_fastrtps_c__pyext
[0.350s] [100%] Built target custom_messages_pkg__rosidl_typesupport_c__pyext
[0.596s] Invoked command in '/home/yunus/ros2_ws/build/custom_messages_pkg' returned '0': CMAKE_PREFIX_PATH=${CMAKE_PREFIX_PATH}:/home/yunus/ros2_ws/install/assignment1:/home/yunus/ros2_ws/install/a2:/opt/ros/foxy /usr/bin/cmake --build /home/yunus/ros2_ws/build/custom_messages_pkg -- -j8 -l8
[0.712s] Invoking command in '/home/yunus/ros2_ws/build/custom_messages_pkg': CMAKE_PREFIX_PATH=${CMAKE_PREFIX_PATH}:/home/yunus/ros2_ws/install/assignment1:/home/yunus/ros2_ws/install/a2:/opt/ros/foxy /usr/bin/cmake --install /home/yunus/ros2_ws/build/custom_messages_pkg
[0.721s] -- Install configuration: ""
[0.721s] -- Execute custom install script
[0.722s] -- Up-to-date symlink: /home/yunus/ros2_ws/install/custom_messages_pkg/share/ament_index/resource_index/rosidl_interfaces/custom_messages_pkg
[0.723s] -- Up-to-date symlink: /home/yunus/ros2_ws/install/custom_messages_pkg/include/custom_messages_pkg/msg/custom_control.h
[0.724s] -- Up-to-date symlink: /home/yunus/ros2_ws/install/custom_messages_pkg/include/custom_messages_pkg/msg/detail/custom_control__functions.h
[0.724s] -- Up-to-date symlink: /home/yunus/ros2_ws/install/custom_messages_pkg/include/custom_messages_pkg/msg/detail/custom_control__struct.h
[0.724s] -- Up-to-date symlink: /home/yunus/ros2_ws/install/custom_messages_pkg/include/custom_messages_pkg/msg/detail/custom_control__type_support.h
[0.725s] -- Up-to-date symlink: /home/yunus/ros2_ws/install/custom_messages_pkg/include/custom_messages_pkg/msg/detail/drone_rpm__functions.h
[0.725s] -- Up-to-date symlink: /home/yunus/ros2_ws/install/custom_messages_pkg/include/custom_messages_pkg/msg/detail/drone_rpm__struct.h
[0.725s] -- Up-to-date symlink: /home/yunus/ros2_ws/install/custom_messages_pkg/include/custom_messages_pkg/msg/detail/drone_rpm__type_support.h
[0.726s] -- Up-to-date symlink: /home/yunus/ros2_ws/install/custom_messages_pkg/include/custom_messages_pkg/msg/detail/geometry__functions.h
[0.726s] -- Up-to-date symlink: /home/yunus/ros2_ws/install/custom_messages_pkg/include/custom_messages_pkg/msg/detail/geometry__struct.h
[0.726s] -- Up-to-date symlink: /home/yunus/ros2_ws/install/custom_messages_pkg/include/custom_messages_pkg/msg/detail/geometry__type_support.h
[0.726s] -- Up-to-date symlink: /home/yunus/ros2_ws/install/custom_messages_pkg/include/custom_messages_pkg/msg/detail/swarm_pose__functions.h
[0.727s] -- Up-to-date symlink: /home/yunus/ros2_ws/install/custom_messages_pkg/include/custom_messages_pkg/msg/detail/swarm_pose__struct.h
[0.727s] -- Up-to-date symlink: /home/yunus/ros2_ws/install/custom_messages_pkg/include/custom_messages_pkg/msg/detail/swarm_pose__type_support.h
[0.728s] -- Up-to-date symlink: /home/yunus/ros2_ws/install/custom_messages_pkg/include/custom_messages_pkg/msg/detail/swarm_rpm__functions.h
[0.728s] -- Up-to-date symlink: /home/yunus/ros2_ws/install/custom_messages_pkg/include/custom_messages_pkg/msg/detail/swarm_rpm__struct.h
[0.728s] -- Up-to-date symlink: /home/yunus/ros2_ws/install/custom_messages_pkg/include/custom_messages_pkg/msg/detail/swarm_rpm__type_support.h
[0.729s] -- Up-to-date symlink: /home/yunus/ros2_ws/install/custom_messages_pkg/include/custom_messages_pkg/msg/drone_rpm.h
[0.729s] -- Up-to-date symlink: /home/yunus/ros2_ws/install/custom_messages_pkg/include/custom_messages_pkg/msg/geometry.h
[0.729s] -- Up-to-date symlink: /home/yunus/ros2_ws/install/custom_messages_pkg/include/custom_messages_pkg/msg/rosidl_generator_c__visibility_control.h
[0.730s] -- Up-to-date symlink: /home/yunus/ros2_ws/install/custom_messages_pkg/include/custom_messages_pkg/msg/swarm_pose.h
[0.730s] -- Up-to-date symlink: /home/yunus/ros2_ws/install/custom_messages_pkg/include/custom_messages_pkg/msg/swarm_rpm.h
[0.730s] -- Up-to-date symlink: /home/yunus/ros2_ws/install/custom_messages_pkg/share/custom_messages_pkg/environment/library_path.sh
[0.731s] -- Up-to-date symlink: /home/yunus/ros2_ws/install/custom_messages_pkg/share/custom_messages_pkg/environment/library_path.dsv
[0.731s] -- Up-to-date symlink: /home/yunus/ros2_ws/install/custom_messages_pkg/include/custom_messages_pkg/msg/detail/custom_control__rosidl_typesupport_fastrtps_c.h
[0.732s] -- Up-to-date symlink: /home/yunus/ros2_ws/install/custom_messages_pkg/include/custom_messages_pkg/msg/detail/drone_rpm__rosidl_typesupport_fastrtps_c.h
[0.732s] -- Up-to-date symlink: /home/yunus/ros2_ws/install/custom_messages_pkg/include/custom_messages_pkg/msg/detail/geometry__rosidl_typesupport_fastrtps_c.h
[0.732s] -- Up-to-date symlink: /home/yunus/ros2_ws/install/custom_messages_pkg/include/custom_messages_pkg/msg/detail/swarm_pose__rosidl_typesupport_fastrtps_c.h
[0.733s] -- Up-to-date symlink: /home/yunus/ros2_ws/install/custom_messages_pkg/include/custom_messages_pkg/msg/detail/swarm_rpm__rosidl_typesupport_fastrtps_c.h
[0.733s] -- Up-to-date symlink: /home/yunus/ros2_ws/install/custom_messages_pkg/include/custom_messages_pkg/msg/rosidl_typesupport_fastrtps_c__visibility_control.h
[0.733s] -- Up-to-date symlink: /home/yunus/ros2_ws/install/custom_messages_pkg/lib/libcustom_messages_pkg__rosidl_typesupport_fastrtps_c.so
[0.734s] -- Up-to-date symlink: /home/yunus/ros2_ws/install/custom_messages_pkg/include/custom_messages_pkg/msg/detail/custom_control__rosidl_typesupport_fastrtps_cpp.hpp
[0.735s] -- Up-to-date symlink: /home/yunus/ros2_ws/install/custom_messages_pkg/include/custom_messages_pkg/msg/detail/drone_rpm__rosidl_typesupport_fastrtps_cpp.hpp
[0.735s] -- Up-to-date symlink: /home/yunus/ros2_ws/install/custom_messages_pkg/include/custom_messages_pkg/msg/detail/geometry__rosidl_typesupport_fastrtps_cpp.hpp
[0.735s] -- Up-to-date symlink: /home/yunus/ros2_ws/install/custom_messages_pkg/include/custom_messages_pkg/msg/detail/swarm_pose__rosidl_typesupport_fastrtps_cpp.hpp
[0.736s] -- Up-to-date symlink: /home/yunus/ros2_ws/install/custom_messages_pkg/include/custom_messages_pkg/msg/detail/swarm_rpm__rosidl_typesupport_fastrtps_cpp.hpp
[0.736s] -- Up-to-date symlink: /home/yunus/ros2_ws/install/custom_messages_pkg/include/custom_messages_pkg/msg/rosidl_typesupport_fastrtps_cpp__visibility_control.h
[0.737s] -- Up-to-date symlink: /home/yunus/ros2_ws/install/custom_messages_pkg/lib/libcustom_messages_pkg__rosidl_typesupport_fastrtps_cpp.so
[0.738s] -- Up-to-date symlink: /home/yunus/ros2_ws/install/custom_messages_pkg/include/custom_messages_pkg/msg/detail/custom_control__rosidl_typesupport_introspection_c.h
[0.738s] -- Up-to-date symlink: /home/yunus/ros2_ws/install/custom_messages_pkg/include/custom_messages_pkg/msg/detail/drone_rpm__rosidl_typesupport_introspection_c.h
[0.738s] -- Up-to-date symlink: /home/yunus/ros2_ws/install/custom_messages_pkg/include/custom_messages_pkg/msg/detail/geometry__rosidl_typesupport_introspection_c.h
[0.739s] -- Up-to-date symlink: /home/yunus/ros2_ws/install/custom_messages_pkg/include/custom_messages_pkg/msg/detail/swarm_pose__rosidl_typesupport_introspection_c.h
[0.739s] -- Up-to-date symlink: /home/yunus/ros2_ws/install/custom_messages_pkg/include/custom_messages_pkg/msg/detail/swarm_rpm__rosidl_typesupport_introspection_c.h
[0.739s] -- Up-to-date symlink: /home/yunus/ros2_ws/install/custom_messages_pkg/include/custom_messages_pkg/msg/rosidl_typesupport_introspection_c__visibility_control.h
[0.740s] -- Up-to-date symlink: /home/yunus/ros2_ws/install/custom_messages_pkg/include/custom_messages_pkg/msg/custom_control.hpp
[0.740s] -- Up-to-date symlink: /home/yunus/ros2_ws/install/custom_messages_pkg/include/custom_messages_pkg/msg/detail/custom_control__builder.hpp
[0.741s] -- Up-to-date symlink: /home/yunus/ros2_ws/install/custom_messages_pkg/include/custom_messages_pkg/msg/detail/custom_control__struct.hpp
[0.741s] -- Up-to-date symlink: /home/yunus/ros2_ws/install/custom_messages_pkg/include/custom_messages_pkg/msg/detail/custom_control__traits.hpp
[0.741s] -- Up-to-date symlink: /home/yunus/ros2_ws/install/custom_messages_pkg/include/custom_messages_pkg/msg/detail/drone_rpm__builder.hpp
[0.742s] -- Up-to-date symlink: /home/yunus/ros2_ws/install/custom_messages_pkg/include/custom_messages_pkg/msg/detail/drone_rpm__struct.hpp
[0.742s] -- Up-to-date symlink: /home/yunus/ros2_ws/install/custom_messages_pkg/include/custom_messages_pkg/msg/detail/drone_rpm__traits.hpp
[0.742s] -- Up-to-date symlink: /home/yunus/ros2_ws/install/custom_messages_pkg/include/custom_messages_pkg/msg/detail/geometry__builder.hpp
[0.742s] -- Up-to-date symlink: /home/yunus/ros2_ws/install/custom_messages_pkg/include/custom_messages_pkg/msg/detail/geometry__struct.hpp
[0.743s] -- Up-to-date symlink: /home/yunus/ros2_ws/install/custom_messages_pkg/include/custom_messages_pkg/msg/detail/geometry__traits.hpp
[0.743s] -- Up-to-date symlink: /home/yunus/ros2_ws/install/custom_messages_pkg/include/custom_messages_pkg/msg/detail/swarm_pose__builder.hpp
[0.743s] -- Up-to-date symlink: /home/yunus/ros2_ws/install/custom_messages_pkg/include/custom_messages_pkg/msg/detail/swarm_pose__struct.hpp
[0.744s] -- Up-to-date symlink: /home/yunus/ros2_ws/install/custom_messages_pkg/include/custom_messages_pkg/msg/detail/swarm_pose__traits.hpp
[0.744s] -- Up-to-date symlink: /home/yunus/ros2_ws/install/custom_messages_pkg/include/custom_messages_pkg/msg/detail/swarm_rpm__builder.hpp
[0.744s] -- Up-to-date symlink: /home/yunus/ros2_ws/install/custom_messages_pkg/include/custom_messages_pkg/msg/detail/swarm_rpm__struct.hpp
[0.745s] -- Up-to-date symlink: /home/yunus/ros2_ws/install/custom_messages_pkg/include/custom_messages_pkg/msg/detail/swarm_rpm__traits.hpp
[0.745s] -- Up-to-date symlink: /home/yunus/ros2_ws/install/custom_messages_pkg/include/custom_messages_pkg/msg/drone_rpm.hpp
[0.745s] -- Up-to-date symlink: /home/yunus/ros2_ws/install/custom_messages_pkg/include/custom_messages_pkg/msg/geometry.hpp
[0.746s] -- Up-to-date symlink: /home/yunus/ros2_ws/install/custom_messages_pkg/include/custom_messages_pkg/msg/swarm_pose.hpp
[0.746s] -- Up-to-date symlink: /home/yunus/ros2_ws/install/custom_messages_pkg/include/custom_messages_pkg/msg/swarm_rpm.hpp
[0.747s] -- Up-to-date symlink: /home/yunus/ros2_ws/install/custom_messages_pkg/include/custom_messages_pkg/msg/detail/custom_control__rosidl_typesupport_introspection_cpp.hpp
[0.747s] -- Up-to-date symlink: /home/yunus/ros2_ws/install/custom_messages_pkg/include/custom_messages_pkg/msg/detail/drone_rpm__rosidl_typesupport_introspection_cpp.hpp
[0.747s] -- Up-to-date symlink: /home/yunus/ros2_ws/install/custom_messages_pkg/include/custom_messages_pkg/msg/detail/geometry__rosidl_typesupport_introspection_cpp.hpp
[0.748s] -- Up-to-date symlink: /home/yunus/ros2_ws/install/custom_messages_pkg/include/custom_messages_pkg/msg/detail/swarm_pose__rosidl_typesupport_introspection_cpp.hpp
[0.748s] -- Up-to-date symlink: /home/yunus/ros2_ws/install/custom_messages_pkg/include/custom_messages_pkg/msg/detail/swarm_rpm__rosidl_typesupport_introspection_cpp.hpp
[0.748s] -- Up-to-date symlink: /home/yunus/ros2_ws/install/custom_messages_pkg/share/custom_messages_pkg/environment/pythonpath.sh
[0.749s] -- Up-to-date symlink: /home/yunus/ros2_ws/install/custom_messages_pkg/share/custom_messages_pkg/environment/pythonpath.dsv
[0.749s] -- Up-to-date symlink: /home/yunus/ros2_ws/install/custom_messages_pkg/lib/python3.8/site-packages/custom_messages_pkg/__init__.py
[0.750s] -- Up-to-date symlink: /home/yunus/ros2_ws/install/custom_messages_pkg/lib/python3.8/site-packages/custom_messages_pkg/msg/__init__.py
[0.750s] -- Up-to-date symlink: /home/yunus/ros2_ws/install/custom_messages_pkg/lib/python3.8/site-packages/custom_messages_pkg/msg/_custom_control.py
[0.750s] -- Up-to-date symlink: /home/yunus/ros2_ws/install/custom_messages_pkg/lib/python3.8/site-packages/custom_messages_pkg/msg/_drone_rpm.py
[0.750s] -- Up-to-date symlink: /home/yunus/ros2_ws/install/custom_messages_pkg/lib/python3.8/site-packages/custom_messages_pkg/msg/_geometry.py
[0.750s] -- Up-to-date symlink: /home/yunus/ros2_ws/install/custom_messages_pkg/lib/python3.8/site-packages/custom_messages_pkg/msg/_swarm_pose.py
[0.750s] -- Up-to-date symlink: /home/yunus/ros2_ws/install/custom_messages_pkg/lib/python3.8/site-packages/custom_messages_pkg/msg/_swarm_rpm.py
[0.751s] -- Up-to-date symlink: /home/yunus/ros2_ws/install/custom_messages_pkg/lib/python3.8/site-packages/custom_messages_pkg/custom_messages_pkg_s__rosidl_typesupport_fastrtps_c.cpython-38-x86_64-linux-gnu.so
[0.751s] -- Up-to-date symlink: /home/yunus/ros2_ws/install/custom_messages_pkg/lib/python3.8/site-packages/custom_messages_pkg/custom_messages_pkg_s__rosidl_typesupport_introspection_c.cpython-38-x86_64-linux-gnu.so
[0.752s] -- Up-to-date symlink: /home/yunus/ros2_ws/install/custom_messages_pkg/lib/python3.8/site-packages/custom_messages_pkg/custom_messages_pkg_s__rosidl_typesupport_c.cpython-38-x86_64-linux-gnu.so
[0.752s] -- Up-to-date symlink: /home/yunus/ros2_ws/install/custom_messages_pkg/lib/libcustom_messages_pkg__python.so
[0.753s] -- Up-to-date symlink: /home/yunus/ros2_ws/install/custom_messages_pkg/share/custom_messages_pkg/msg/Geometry.idl
[0.753s] -- Up-to-date symlink: /home/yunus/ros2_ws/install/custom_messages_pkg/share/custom_messages_pkg/msg/DroneRPM.idl
[0.754s] -- Up-to-date symlink: /home/yunus/ros2_ws/install/custom_messages_pkg/share/custom_messages_pkg/msg/SwarmPose.idl
[0.754s] -- Up-to-date symlink: /home/yunus/ros2_ws/install/custom_messages_pkg/share/custom_messages_pkg/msg/SwarmRPM.idl
[0.755s] -- Up-to-date symlink: /home/yunus/ros2_ws/install/custom_messages_pkg/share/custom_messages_pkg/msg/Geometry.msg
[0.755s] -- Up-to-date symlink: /home/yunus/ros2_ws/install/custom_messages_pkg/share/custom_messages_pkg/msg/DroneRPM.msg
[0.755s] -- Up-to-date symlink: /home/yunus/ros2_ws/install/custom_messages_pkg/share/custom_messages_pkg/msg/SwarmPose.msg
[0.756s] -- Up-to-date symlink: /home/yunus/ros2_ws/install/custom_messages_pkg/share/custom_messages_pkg/msg/SwarmRPM.msg
[0.756s] -- Up-to-date symlink: /home/yunus/ros2_ws/install/custom_messages_pkg/share/ament_index/resource_index/package_run_dependencies/custom_messages_pkg
[0.757s] -- Up-to-date symlink: /home/yunus/ros2_ws/install/custom_messages_pkg/share/ament_index/resource_index/parent_prefix_path/custom_messages_pkg
[0.757s] -- Up-to-date symlink: /home/yunus/ros2_ws/install/custom_messages_pkg/share/custom_messages_pkg/environment/ament_prefix_path.sh
[0.757s] -- Up-to-date symlink: /home/yunus/ros2_ws/install/custom_messages_pkg/share/custom_messages_pkg/environment/ament_prefix_path.dsv
[0.757s] -- Up-to-date symlink: /home/yunus/ros2_ws/install/custom_messages_pkg/share/custom_messages_pkg/environment/path.sh
[0.758s] -- Up-to-date symlink: /home/yunus/ros2_ws/install/custom_messages_pkg/share/custom_messages_pkg/environment/path.dsv
[0.758s] -- Up-to-date symlink: /home/yunus/ros2_ws/install/custom_messages_pkg/share/custom_messages_pkg/local_setup.bash
[0.758s] -- Up-to-date symlink: /home/yunus/ros2_ws/install/custom_messages_pkg/share/custom_messages_pkg/local_setup.sh
[0.759s] -- Up-to-date symlink: /home/yunus/ros2_ws/install/custom_messages_pkg/share/custom_messages_pkg/local_setup.zsh
[0.759s] -- Up-to-date symlink: /home/yunus/ros2_ws/install/custom_messages_pkg/share/custom_messages_pkg/local_setup.dsv
[0.759s] -- Symlinking: /home/yunus/ros2_ws/install/custom_messages_pkg/share/custom_messages_pkg/package.dsv
[0.768s] -- Up-to-date symlink: /home/yunus/ros2_ws/install/custom_messages_pkg/share/ament_index/resource_index/packages/custom_messages_pkg
[0.768s] -- Up-to-date symlink: /home/yunus/ros2_ws/install/custom_messages_pkg/share/custom_messages_pkg/cmake/rosidl_cmake-extras.cmake
[0.769s] -- Up-to-date symlink: /home/yunus/ros2_ws/install/custom_messages_pkg/share/custom_messages_pkg/cmake/ament_cmake_export_dependencies-extras.cmake
[0.769s] -- Up-to-date symlink: /home/yunus/ros2_ws/install/custom_messages_pkg/share/custom_messages_pkg/cmake/ament_cmake_export_libraries-extras.cmake
[0.769s] -- Up-to-date symlink: /home/yunus/ros2_ws/install/custom_messages_pkg/share/custom_messages_pkg/cmake/ament_cmake_export_targets-extras.cmake
[0.770s] -- Up-to-date symlink: /home/yunus/ros2_ws/install/custom_messages_pkg/share/custom_messages_pkg/cmake/ament_cmake_export_include_directories-extras.cmake
[0.770s] -- Up-to-date symlink: /home/yunus/ros2_ws/install/custom_messages_pkg/share/custom_messages_pkg/cmake/rosidl_cmake_export_typesupport_libraries-extras.cmake
[0.770s] -- Up-to-date symlink: /home/yunus/ros2_ws/install/custom_messages_pkg/share/custom_messages_pkg/cmake/rosidl_cmake_export_typesupport_targets-extras.cmake
[0.771s] -- Up-to-date symlink: /home/yunus/ros2_ws/install/custom_messages_pkg/share/custom_messages_pkg/cmake/custom_messages_pkgConfig.cmake
[0.771s] -- Up-to-date symlink: /home/yunus/ros2_ws/install/custom_messages_pkg/share/custom_messages_pkg/cmake/custom_messages_pkgConfig-version.cmake
[0.771s] -- Up-to-date symlink: /home/yunus/ros2_ws/install/custom_messages_pkg/share/custom_messages_pkg/package.xml
[0.771s] -- Up-to-date: /home/yunus/ros2_ws/install/custom_messages_pkg/lib/libcustom_messages_pkg__rosidl_generator_c.so
[0.772s] -- Up-to-date: /home/yunus/ros2_ws/install/custom_messages_pkg/lib/libcustom_messages_pkg__rosidl_typesupport_introspection_c.so
[0.773s] -- Up-to-date: /home/yunus/ros2_ws/install/custom_messages_pkg/lib/libcustom_messages_pkg__rosidl_typesupport_c.so
[0.773s] -- Up-to-date: /home/yunus/ros2_ws/install/custom_messages_pkg/lib/libcustom_messages_pkg__rosidl_typesupport_introspection_cpp.so
[0.774s] -- Up-to-date: /home/yunus/ros2_ws/install/custom_messages_pkg/lib/libcustom_messages_pkg__rosidl_typesupport_cpp.so
[0.811s] -- Up-to-date: /home/yunus/ros2_ws/install/custom_messages_pkg/share/custom_messages_pkg/cmake/custom_messages_pkg__rosidl_generator_cExport.cmake
[0.811s] -- Up-to-date: /home/yunus/ros2_ws/install/custom_messages_pkg/share/custom_messages_pkg/cmake/custom_messages_pkg__rosidl_generator_cExport-noconfig.cmake
[0.812s] -- Up-to-date: /home/yunus/ros2_ws/install/custom_messages_pkg/share/custom_messages_pkg/cmake/custom_messages_pkg__rosidl_typesupport_introspection_cExport.cmake
[0.812s] -- Up-to-date: /home/yunus/ros2_ws/install/custom_messages_pkg/share/custom_messages_pkg/cmake/custom_messages_pkg__rosidl_typesupport_introspection_cExport-noconfig.cmake
[0.812s] -- Up-to-date: /home/yunus/ros2_ws/install/custom_messages_pkg/share/custom_messages_pkg/cmake/custom_messages_pkg__rosidl_typesupport_cExport.cmake
[0.812s] -- Up-to-date: /home/yunus/ros2_ws/install/custom_messages_pkg/share/custom_messages_pkg/cmake/custom_messages_pkg__rosidl_typesupport_cExport-noconfig.cmake
[0.813s] -- Up-to-date: /home/yunus/ros2_ws/install/custom_messages_pkg/share/custom_messages_pkg/cmake/custom_messages_pkg__rosidl_generator_cppExport.cmake
[0.813s] -- Up-to-date: /home/yunus/ros2_ws/install/custom_messages_pkg/share/custom_messages_pkg/cmake/custom_messages_pkg__rosidl_typesupport_introspection_cppExport.cmake
[0.813s] -- Up-to-date: /home/yunus/ros2_ws/install/custom_messages_pkg/share/custom_messages_pkg/cmake/custom_messages_pkg__rosidl_typesupport_introspection_cppExport-noconfig.cmake
[0.814s] -- Up-to-date: /home/yunus/ros2_ws/install/custom_messages_pkg/share/custom_messages_pkg/cmake/custom_messages_pkg__rosidl_typesupport_cppExport.cmake
[0.814s] -- Up-to-date: /home/yunus/ros2_ws/install/custom_messages_pkg/share/custom_messages_pkg/cmake/custom_messages_pkg__rosidl_typesupport_cppExport-noconfig.cmake
[0.818s] Invoked command in '/home/yunus/ros2_ws/build/custom_messages_pkg' returned '0': CMAKE_PREFIX_PATH=${CMAKE_PREFIX_PATH}:/home/yunus/ros2_ws/install/assignment1:/home/yunus/ros2_ws/install/a2:/opt/ros/foxy /usr/bin/cmake --install /home/yunus/ros2_ws/build/custom_messages_pkg
