[0.641s] Invoking command in '/home/yunus/ros2_ws/build/robotic_project': PYTHONPATH=/home/yunus/ros2_ws/build/robotic_project/prefix_override:/home/yunus/ros2_ws/install/robotic_project/lib/python3.8/site-packages:${PYTHONPATH} /usr/bin/python3 setup.py develop --uninstall --editable --build-directory /home/yunus/ros2_ws/build/robotic_project/build
[0.884s] running develop
[1.031s] Removing /home/yunus/ros2_ws/install/robotic_project/lib/python3.8/site-packages/robotic-project.egg-link (link to .)
[1.053s] Invoked command in '/home/yunus/ros2_ws/build/robotic_project' returned '0': PYTHONPATH=/home/yunus/ros2_ws/build/robotic_project/prefix_override:/home/yunus/ros2_ws/install/robotic_project/lib/python3.8/site-packages:${PYTHONPATH} /usr/bin/python3 setup.py develop --uninstall --editable --build-directory /home/yunus/ros2_ws/build/robotic_project/build
[1.054s] Invoking command in '/home/yunus/ros2_ws/src/robotic_project': PYTHONPATH=/home/yunus/ros2_ws/build/robotic_project/prefix_override:/home/yunus/ros2_ws/install/robotic_project/lib/python3.8/site-packages:${PYTHONPATH} /usr/bin/python3 setup.py egg_info --egg-base ../../build/robotic_project build --build-base /home/yunus/ros2_ws/build/robotic_project/build install --record /home/yunus/ros2_ws/build/robotic_project/install.log --install-scripts $base/lib/robotic_project --single-version-externally-managed
[1.259s] running egg_info
[1.259s] writing ../../build/robotic_project/robotic_project.egg-info/PKG-INFO
[1.260s] writing dependency_links to ../../build/robotic_project/robotic_project.egg-info/dependency_links.txt
[1.260s] writing entry points to ../../build/robotic_project/robotic_project.egg-info/entry_points.txt
[1.260s] writing requirements to ../../build/robotic_project/robotic_project.egg-info/requires.txt
[1.260s] writing top-level names to ../../build/robotic_project/robotic_project.egg-info/top_level.txt
[1.288s] reading manifest file '../../build/robotic_project/robotic_project.egg-info/SOURCES.txt'
[1.289s] writing manifest file '../../build/robotic_project/robotic_project.egg-info/SOURCES.txt'
[1.289s] running build
[1.289s] running build_py
[1.289s] copying robotic_project/fly.py -> /home/yunus/ros2_ws/build/robotic_project/build/lib/robotic_project
[1.289s] running install
[1.290s] running install_lib
[1.291s] copying /home/yunus/ros2_ws/build/robotic_project/build/lib/robotic_project/fly.py -> /home/yunus/ros2_ws/install/robotic_project/lib/python3.8/site-packages/robotic_project
[1.291s] copying /home/yunus/ros2_ws/build/robotic_project/build/lib/robotic_project/__init__.py -> /home/yunus/ros2_ws/install/robotic_project/lib/python3.8/site-packages/robotic_project
[1.292s] byte-compiling /home/yunus/ros2_ws/install/robotic_project/lib/python3.8/site-packages/robotic_project/fly.py to fly.cpython-38.pyc
[1.294s] byte-compiling /home/yunus/ros2_ws/install/robotic_project/lib/python3.8/site-packages/robotic_project/__init__.py to __init__.cpython-38.pyc
[1.294s] running install_data
[1.295s] copying package.xml -> /home/yunus/ros2_ws/install/robotic_project/share/robotic_project
[1.295s] running install_egg_info
[1.297s] Copying ../../build/robotic_project/robotic_project.egg-info to /home/yunus/ros2_ws/install/robotic_project/lib/python3.8/site-packages/robotic_project-0.0.0-py3.8.egg-info
[1.298s] running install_scripts
[1.313s] Installing kudur script to /home/yunus/ros2_ws/install/robotic_project/lib/robotic_project
[1.313s] writing list of installed files to '/home/yunus/ros2_ws/build/robotic_project/install.log'
[1.333s] Invoked command in '/home/yunus/ros2_ws/src/robotic_project' returned '0': PYTHONPATH=/home/yunus/ros2_ws/build/robotic_project/prefix_override:/home/yunus/ros2_ws/install/robotic_project/lib/python3.8/site-packages:${PYTHONPATH} /usr/bin/python3 setup.py egg_info --egg-base ../../build/robotic_project build --build-base /home/yunus/ros2_ws/build/robotic_project/build install --record /home/yunus/ros2_ws/build/robotic_project/install.log --install-scripts $base/lib/robotic_project --single-version-externally-managed
