running develop
Removing /home/yunus/ros2_ws/install/a2/lib/python3.8/site-packages/a2.egg-link (link to .)
running egg_info
writing ../../build/a2/a2.egg-info/PKG-INFO
writing dependency_links to ../../build/a2/a2.egg-info/dependency_links.txt
writing entry points to ../../build/a2/a2.egg-info/entry_points.txt
writing requirements to ../../build/a2/a2.egg-info/requires.txt
writing top-level names to ../../build/a2/a2.egg-info/top_level.txt
reading manifest file '../../build/a2/a2.egg-info/SOURCES.txt'
writing manifest file '../../build/a2/a2.egg-info/SOURCES.txt'
running build
running build_py
running install
running install_lib
creating /home/yunus/ros2_ws/install/a2/lib/python3.8/site-packages/a2
copying /home/yunus/ros2_ws/build/a2/build/lib/a2/waypoint_follower.py -> /home/yunus/ros2_ws/install/a2/lib/python3.8/site-packages/a2
copying /home/yunus/ros2_ws/build/a2/build/lib/a2/a2_referee.py -> /home/yunus/ros2_ws/install/a2/lib/python3.8/site-packages/a2
copying /home/yunus/ros2_ws/build/a2/build/lib/a2/__init__.py -> /home/yunus/ros2_ws/install/a2/lib/python3.8/site-packages/a2
byte-compiling /home/yunus/ros2_ws/install/a2/lib/python3.8/site-packages/a2/waypoint_follower.py to waypoint_follower.cpython-38.pyc
byte-compiling /home/yunus/ros2_ws/install/a2/lib/python3.8/site-packages/a2/a2_referee.py to a2_referee.cpython-38.pyc
byte-compiling /home/yunus/ros2_ws/install/a2/lib/python3.8/site-packages/a2/__init__.py to __init__.cpython-38.pyc
running install_data
running install_egg_info
Copying ../../build/a2/a2.egg-info to /home/yunus/ros2_ws/install/a2/lib/python3.8/site-packages/a2-0.0.0-py3.8.egg-info
running install_scripts
Installing a2_referee script to /home/yunus/ros2_ws/install/a2/lib/a2
Installing waypoint_follower script to /home/yunus/ros2_ws/install/a2/lib/a2
writing list of installed files to '/home/yunus/ros2_ws/build/a2/install.log'
