[1.052s] Invoking command in '/home/yunus/ros2_ws/build/a2': PYTHONPATH=/home/yunus/ros2_ws/build/a2/prefix_override:/home/yunus/ros2_ws/install/a2/lib/python3.8/site-packages:${PYTHONPATH} /usr/bin/python3 setup.py develop --uninstall --editable --build-directory /home/yunus/ros2_ws/build/a2/build
[1.329s] running develop
[1.531s] Removing /home/yunus/ros2_ws/install/a2/lib/python3.8/site-packages/a2.egg-link (link to .)
[1.567s] Invoked command in '/home/yunus/ros2_ws/build/a2' returned '0': PYTHONPATH=/home/yunus/ros2_ws/build/a2/prefix_override:/home/yunus/ros2_ws/install/a2/lib/python3.8/site-packages:${PYTHONPATH} /usr/bin/python3 setup.py develop --uninstall --editable --build-directory /home/yunus/ros2_ws/build/a2/build
[1.568s] Invoking command in '/home/yunus/ros2_ws/src/a2': PYTHONPATH=/home/yunus/ros2_ws/build/a2/prefix_override:/home/yunus/ros2_ws/install/a2/lib/python3.8/site-packages:${PYTHONPATH} /usr/bin/python3 setup.py egg_info --egg-base ../../build/a2 build --build-base /home/yunus/ros2_ws/build/a2/build install --record /home/yunus/ros2_ws/build/a2/install.log --install-scripts $base/lib/a2 --single-version-externally-managed
[1.839s] running egg_info
[1.839s] writing ../../build/a2/a2.egg-info/PKG-INFO
[1.839s] writing dependency_links to ../../build/a2/a2.egg-info/dependency_links.txt
[1.839s] writing entry points to ../../build/a2/a2.egg-info/entry_points.txt
[1.839s] writing requirements to ../../build/a2/a2.egg-info/requires.txt
[1.840s] writing top-level names to ../../build/a2/a2.egg-info/top_level.txt
[1.881s] reading manifest file '../../build/a2/a2.egg-info/SOURCES.txt'
[1.881s] writing manifest file '../../build/a2/a2.egg-info/SOURCES.txt'
[1.881s] running build
[1.881s] running build_py
[1.882s] running install
[1.883s] running install_lib
[1.884s] creating /home/yunus/ros2_ws/install/a2/lib/python3.8/site-packages/a2
[1.884s] copying /home/yunus/ros2_ws/build/a2/build/lib/a2/waypoint_follower.py -> /home/yunus/ros2_ws/install/a2/lib/python3.8/site-packages/a2
[1.884s] copying /home/yunus/ros2_ws/build/a2/build/lib/a2/a2_referee.py -> /home/yunus/ros2_ws/install/a2/lib/python3.8/site-packages/a2
[1.884s] copying /home/yunus/ros2_ws/build/a2/build/lib/a2/__init__.py -> /home/yunus/ros2_ws/install/a2/lib/python3.8/site-packages/a2
[1.885s] byte-compiling /home/yunus/ros2_ws/install/a2/lib/python3.8/site-packages/a2/waypoint_follower.py to waypoint_follower.cpython-38.pyc
[1.889s] byte-compiling /home/yunus/ros2_ws/install/a2/lib/python3.8/site-packages/a2/a2_referee.py to a2_referee.cpython-38.pyc
[1.891s] byte-compiling /home/yunus/ros2_ws/install/a2/lib/python3.8/site-packages/a2/__init__.py to __init__.cpython-38.pyc
[1.892s] running install_data
[1.892s] running install_egg_info
[1.894s] Copying ../../build/a2/a2.egg-info to /home/yunus/ros2_ws/install/a2/lib/python3.8/site-packages/a2-0.0.0-py3.8.egg-info
[1.895s] running install_scripts
[1.916s] Installing a2_referee script to /home/yunus/ros2_ws/install/a2/lib/a2
[1.916s] Installing waypoint_follower script to /home/yunus/ros2_ws/install/a2/lib/a2
[1.916s] writing list of installed files to '/home/yunus/ros2_ws/build/a2/install.log'
[2.155s] Invoked command in '/home/yunus/ros2_ws/src/a2' returned '0': PYTHONPATH=/home/yunus/ros2_ws/build/a2/prefix_override:/home/yunus/ros2_ws/install/a2/lib/python3.8/site-packages:${PYTHONPATH} /usr/bin/python3 setup.py egg_info --egg-base ../../build/a2 build --build-base /home/yunus/ros2_ws/build/a2/build install --record /home/yunus/ros2_ws/build/a2/install.log --install-scripts $base/lib/a2 --single-version-externally-managed
