running develop
running egg_info
creating a2.egg-info
writing a2.egg-info/PKG-INFO
writing dependency_links to a2.egg-info/dependency_links.txt
writing entry points to a2.egg-info/entry_points.txt
writing requirements to a2.egg-info/requires.txt
writing top-level names to a2.egg-info/top_level.txt
writing manifest file 'a2.egg-info/SOURCES.txt'
reading manifest file 'a2.egg-info/SOURCES.txt'
writing manifest file 'a2.egg-info/SOURCES.txt'
running build_ext
Creating /home/yunus/ros2_ws/install/a2/lib/python3.8/site-packages/site.py
Creating /home/yunus/ros2_ws/install/a2/lib/python3.8/site-packages/a2.egg-link (link to .)
Installing a2_referee script to /home/yunus/ros2_ws/install/a2/lib/a2
Installing waypoint_follower script to /home/yunus/ros2_ws/install/a2/lib/a2

Installed /home/yunus/ros2_ws/build/a2
running install_data
creating /home/yunus/ros2_ws/install/a2/share/ament_index
creating /home/yunus/ros2_ws/install/a2/share/ament_index/resource_index
creating /home/yunus/ros2_ws/install/a2/share/ament_index/resource_index/packages
copying resource/a2 -> /home/yunus/ros2_ws/install/a2/share/ament_index/resource_index/packages
copying package.xml -> /home/yunus/ros2_ws/install/a2/share/a2
