[0.978s] Invoking command in '/home/yunus/ros2_ws/build/a2': PYTHONPATH=/home/yunus/ros2_ws/build/a2/prefix_override:/home/yunus/ros2_ws/install/a2/lib/python3.8/site-packages:${PYTHONPATH} /usr/bin/python3 setup.py develop --editable --build-directory /home/yunus/ros2_ws/build/a2/build --no-deps install_data
[1.201s] running develop
[1.353s] running egg_info
[1.353s] creating a2.egg-info
[1.353s] writing a2.egg-info/PKG-INFO
[1.353s] writing dependency_links to a2.egg-info/dependency_links.txt
[1.354s] writing entry points to a2.egg-info/entry_points.txt
[1.354s] writing requirements to a2.egg-info/requires.txt
[1.354s] writing top-level names to a2.egg-info/top_level.txt
[1.358s] writing manifest file 'a2.egg-info/SOURCES.txt'
[1.385s] reading manifest file 'a2.egg-info/SOURCES.txt'
[1.386s] writing manifest file 'a2.egg-info/SOURCES.txt'
[1.416s] running build_ext
[1.416s] Creating /home/yunus/ros2_ws/install/a2/lib/python3.8/site-packages/site.py
[1.418s] Creating /home/yunus/ros2_ws/install/a2/lib/python3.8/site-packages/a2.egg-link (link to .)
[1.419s] Installing a2_referee script to /home/yunus/ros2_ws/install/a2/lib/a2
[1.419s] Installing waypoint_follower script to /home/yunus/ros2_ws/install/a2/lib/a2
[1.419s] 
[1.419s] Installed /home/yunus/ros2_ws/build/a2
[1.420s] running install_data
[1.420s] creating /home/yunus/ros2_ws/install/a2/share/ament_index
[1.420s] creating /home/yunus/ros2_ws/install/a2/share/ament_index/resource_index
[1.420s] creating /home/yunus/ros2_ws/install/a2/share/ament_index/resource_index/packages
[1.420s] copying resource/a2 -> /home/yunus/ros2_ws/install/a2/share/ament_index/resource_index/packages
[1.420s] copying package.xml -> /home/yunus/ros2_ws/install/a2/share/a2
[1.482s] Invoked command in '/home/yunus/ros2_ws/build/a2' returned '0': PYTHONPATH=/home/yunus/ros2_ws/build/a2/prefix_override:/home/yunus/ros2_ws/install/a2/lib/python3.8/site-packages:${PYTHONPATH} /usr/bin/python3 setup.py develop --editable --build-directory /home/yunus/ros2_ws/build/a2/build --no-deps install_data
