[0.536s] Invoking command in '/home/yunus/ros2_ws/build/robotic_project': CMAKE_PREFIX_PATH=/home/yunus/ros2_ws/install/robotic_project:/home/yunus/ros2_ws/install/assignment1:/home/yunus/ros2_ws/install/a2:/opt/ros/foxy /usr/bin/cmake /home/yunus/ros2_ws/src/robotic_project -DCMAKE_INSTALL_PREFIX=/home/yunus/ros2_ws/install/robotic_project
[0.706s] -- The C compiler identification is GNU 9.4.0
[0.822s] -- The CXX compiler identification is GNU 9.4.0
[0.832s] -- Check for working C compiler: /usr/bin/cc
[0.906s] -- Check for working C compiler: /usr/bin/cc -- works
[0.908s] -- Detecting C compiler ABI info
[0.980s] -- Detecting C compiler ABI info - done
[0.992s] -- Detecting C compile features
[0.993s] -- Detecting C compile features - done
[0.997s] -- Check for working CXX compiler: /usr/bin/c++
[1.091s] -- Check for working CXX compiler: /usr/bin/c++ -- works
[1.093s] -- Detecting CXX compiler ABI info
[1.188s] -- Detecting CXX compiler ABI info - done
[1.206s] -- Detecting CXX compile features
[1.207s] -- Detecting CXX compile features - done
[1.216s] -- Found ament_cmake: 0.9.11 (/opt/ros/foxy/share/ament_cmake/cmake)
[1.255s] -- Found PythonInterp: /usr/bin/python3 (found suitable version "3.8.10", minimum required is "3") 
[1.255s] -- Using PYTHON_EXECUTABLE: /usr/bin/python3
[1.518s] -- Found ament_lint_auto: 0.9.7 (/opt/ros/foxy/share/ament_lint_auto/cmake)
[1.617s] -- Added test 'copyright' to check source files copyright and LICENSE
[1.619s] -- Added test 'lint_cmake' to check CMake code style
[1.620s] -- Added test 'xmllint' to check XML markup files
[1.623s] -- Configuring done
[1.625s] -- Generating done
[1.625s] -- Build files have been written to: /home/yunus/ros2_ws/build/robotic_project
[1.629s] Invoked command in '/home/yunus/ros2_ws/build/robotic_project' returned '0': CMAKE_PREFIX_PATH=/home/yunus/ros2_ws/install/robotic_project:/home/yunus/ros2_ws/install/assignment1:/home/yunus/ros2_ws/install/a2:/opt/ros/foxy /usr/bin/cmake /home/yunus/ros2_ws/src/robotic_project -DCMAKE_INSTALL_PREFIX=/home/yunus/ros2_ws/install/robotic_project
[1.631s] Invoking command in '/home/yunus/ros2_ws/build/robotic_project': CMAKE_PREFIX_PATH=/home/yunus/ros2_ws/install/robotic_project:/home/yunus/ros2_ws/install/assignment1:/home/yunus/ros2_ws/install/a2:/opt/ros/foxy /usr/bin/cmake --build /home/yunus/ros2_ws/build/robotic_project -- -j8 -l8
[1.675s] Invoked command in '/home/yunus/ros2_ws/build/robotic_project' returned '0': CMAKE_PREFIX_PATH=/home/yunus/ros2_ws/install/robotic_project:/home/yunus/ros2_ws/install/assignment1:/home/yunus/ros2_ws/install/a2:/opt/ros/foxy /usr/bin/cmake --build /home/yunus/ros2_ws/build/robotic_project -- -j8 -l8
[1.707s] Invoking command in '/home/yunus/ros2_ws/build/robotic_project': CMAKE_PREFIX_PATH=/home/yunus/ros2_ws/install/robotic_project:/home/yunus/ros2_ws/install/assignment1:/home/yunus/ros2_ws/install/a2:/opt/ros/foxy /usr/bin/cmake --install /home/yunus/ros2_ws/build/robotic_project
[1.714s] -- Install configuration: ""
[1.714s] -- Installing: /home/yunus/ros2_ws/install/robotic_project/share/ament_index/resource_index/package_run_dependencies/robotic_project
[1.714s] -- Installing: /home/yunus/ros2_ws/install/robotic_project/share/ament_index/resource_index/parent_prefix_path/robotic_project
[1.714s] -- Installing: /home/yunus/ros2_ws/install/robotic_project/share/robotic_project/environment/ament_prefix_path.sh
[1.715s] -- Installing: /home/yunus/ros2_ws/install/robotic_project/share/robotic_project/environment/ament_prefix_path.dsv
[1.715s] -- Installing: /home/yunus/ros2_ws/install/robotic_project/share/robotic_project/environment/path.sh
[1.715s] -- Installing: /home/yunus/ros2_ws/install/robotic_project/share/robotic_project/environment/path.dsv
[1.715s] -- Installing: /home/yunus/ros2_ws/install/robotic_project/share/robotic_project/local_setup.bash
[1.715s] -- Installing: /home/yunus/ros2_ws/install/robotic_project/share/robotic_project/local_setup.sh
[1.715s] -- Installing: /home/yunus/ros2_ws/install/robotic_project/share/robotic_project/local_setup.zsh
[1.715s] -- Installing: /home/yunus/ros2_ws/install/robotic_project/share/robotic_project/local_setup.dsv
[1.715s] -- Installing: /home/yunus/ros2_ws/install/robotic_project/share/robotic_project/package.dsv
[1.715s] -- Installing: /home/yunus/ros2_ws/install/robotic_project/share/ament_index/resource_index/packages/robotic_project
[1.715s] -- Installing: /home/yunus/ros2_ws/install/robotic_project/share/robotic_project/cmake/robotic_projectConfig.cmake
[1.716s] -- Installing: /home/yunus/ros2_ws/install/robotic_project/share/robotic_project/cmake/robotic_projectConfig-version.cmake
[1.716s] -- Installing: /home/yunus/ros2_ws/install/robotic_project/share/robotic_project/package.xml
[1.718s] Invoked command in '/home/yunus/ros2_ws/build/robotic_project' returned '0': CMAKE_PREFIX_PATH=/home/yunus/ros2_ws/install/robotic_project:/home/yunus/ros2_ws/install/assignment1:/home/yunus/ros2_ws/install/a2:/opt/ros/foxy /usr/bin/cmake --install /home/yunus/ros2_ws/build/robotic_project
