[0.045s] Invoking command in '/home/yunus/ros2_ws/build/custom_messages_pkg': CMAKE_PREFIX_PATH=${CMAKE_PREFIX_PATH}:/home/yunus/ros2_ws/install/assignment1:/home/yunus/ros2_ws/install/a2:/opt/ros/foxy /usr/bin/cmake --build /home/yunus/ros2_ws/build/custom_messages_pkg -- -j8 -l8
[0.303s] -- Found ament_cmake: 0.9.11 (/opt/ros/foxy/share/ament_cmake/cmake)
[0.304s] -- Found PythonInterp: /usr/bin/python3 (found suitable version "3.8.10", minimum required is "3") 
[0.305s] -- Using PYTHON_EXECUTABLE: /usr/bin/python3
[0.346s] -- Override CMake install command with custom implementation using symlinks instead of copying resources
[0.365s] -- Found geometry_msgs: 2.0.5 (/opt/ros/foxy/share/geometry_msgs/cmake)
[0.390s] -- Using all available rosidl_typesupport_c: rosidl_typesupport_fastrtps_c;rosidl_typesupport_introspection_c
[0.395s] -- Found rosidl_adapter: 1.3.0 (/opt/ros/foxy/share/rosidl_adapter/cmake)
[0.500s] -- Using all available rosidl_typesupport_cpp: rosidl_typesupport_fastrtps_cpp;rosidl_typesupport_introspection_cpp
[0.591s] -- Found rosidl_default_generators: 1.0.1 (/opt/ros/foxy/share/rosidl_default_generators/cmake)
[0.602s] -- Found ament_lint_auto: 0.9.7 (/opt/ros/foxy/share/ament_lint_auto/cmake)
[0.738s] -- Found PythonInterp: /usr/bin/python3 (found version "3.8.10") 
[0.898s] -- Found ament_cmake_ros: 0.9.2 (/opt/ros/foxy/share/ament_cmake_ros/cmake)
[1.168s] -- Using all available rosidl_typesupport_c: rosidl_typesupport_fastrtps_c;rosidl_typesupport_introspection_c
[1.277s] -- Using all available rosidl_typesupport_cpp: rosidl_typesupport_fastrtps_cpp;rosidl_typesupport_introspection_cpp
[1.316s] -- Found PythonInterp: /usr/bin/python3 (found suitable version "3.8.10", minimum required is "3.5") 
[1.317s] -- Found python_cmake_module: 0.8.1 (/opt/ros/foxy/share/python_cmake_module/cmake)
[1.356s] -- Using PYTHON_EXECUTABLE: /usr/bin/python3
[1.356s] -- Using PYTHON_INCLUDE_DIRS: /usr/include/python3.8
[1.356s] -- Using PYTHON_LIBRARIES: /usr/lib/x86_64-linux-gnu/libpython3.8.so
[1.427s] -- Added test 'copyright' to check source files copyright and LICENSE
[1.430s] -- Added test 'lint_cmake' to check CMake code style
[1.432s] -- Added test 'xmllint' to check XML markup files
[1.444s] -- Configuring done
[1.521s] -- Generating done
[1.524s] -- Build files have been written to: /home/yunus/ros2_ws/build/custom_messages_pkg
[1.553s] [35m[1mScanning dependencies of target custom_messages_pkg__cpp[0m
[1.554s] [  1%] [34m[1mGenerating C code for ROS interfaces[0m
[1.568s] [  3%] [34m[1mGenerating C++ code for ROS interfaces[0m
[1.939s] [  3%] Built target custom_messages_pkg__cpp
[1.953s] [  5%] [34m[1mGenerating C++ type support dispatch for ROS interfaces[0m
[1.960s] [  7%] [34m[1mGenerating C++ introspection for ROS interfaces[0m
[1.961s] [  9%] [34m[1mGenerating C++ type support for eProsima Fast-RTPS[0m
[1.970s] [35m[1mScanning dependencies of target custom_messages_pkg__rosidl_generator_c[0m
[1.986s] [ 10%] [32mBuilding C object CMakeFiles/custom_messages_pkg__rosidl_generator_c.dir/rosidl_generator_c/custom_messages_pkg/msg/detail/swarm_pose__functions.c.o[0m
[1.988s] [ 14%] [32mBuilding C object CMakeFiles/custom_messages_pkg__rosidl_generator_c.dir/rosidl_generator_c/custom_messages_pkg/msg/detail/geometry__functions.c.o[0m
[1.989s] [ 14%] [32mBuilding C object CMakeFiles/custom_messages_pkg__rosidl_generator_c.dir/rosidl_generator_c/custom_messages_pkg/msg/detail/custom_control__functions.c.o[0m
[1.989s] [ 16%] [32mBuilding C object CMakeFiles/custom_messages_pkg__rosidl_generator_c.dir/rosidl_generator_c/custom_messages_pkg/msg/detail/swarm_rpm__functions.c.o[0m
[2.097s] [ 18%] [32m[1mLinking C shared library libcustom_messages_pkg__rosidl_generator_c.so[0m
[2.164s] [ 18%] Built target custom_messages_pkg__rosidl_generator_c
[2.177s] [ 20%] [34m[1mGenerating C introspection for ROS interfaces[0m
[2.179s] [ 21%] [34m[1mGenerating C type support dispatch for ROS interfaces[0m
[2.276s] [35m[1mScanning dependencies of target custom_messages_pkg__rosidl_typesupport_cpp[0m
[2.298s] [ 23%] [32mBuilding CXX object CMakeFiles/custom_messages_pkg__rosidl_typesupport_cpp.dir/rosidl_typesupport_cpp/custom_messages_pkg/msg/geometry__type_support.cpp.o[0m
[2.300s] [ 25%] [32mBuilding CXX object CMakeFiles/custom_messages_pkg__rosidl_typesupport_cpp.dir/rosidl_typesupport_cpp/custom_messages_pkg/msg/custom_control__type_support.cpp.o[0m
[2.302s] [ 27%] [32mBuilding CXX object CMakeFiles/custom_messages_pkg__rosidl_typesupport_cpp.dir/rosidl_typesupport_cpp/custom_messages_pkg/msg/swarm_pose__type_support.cpp.o[0m
[2.306s] [ 29%] [32mBuilding CXX object CMakeFiles/custom_messages_pkg__rosidl_typesupport_cpp.dir/rosidl_typesupport_cpp/custom_messages_pkg/msg/swarm_rpm__type_support.cpp.o[0m
[2.440s] [35m[1mScanning dependencies of target custom_messages_pkg__rosidl_typesupport_introspection_cpp[0m
[2.484s] [ 30%] [32mBuilding CXX object CMakeFiles/custom_messages_pkg__rosidl_typesupport_introspection_cpp.dir/rosidl_typesupport_introspection_cpp/custom_messages_pkg/msg/detail/geometry__type_support.cpp.o[0m
[2.593s] [35m[1mScanning dependencies of target custom_messages_pkg__rosidl_typesupport_fastrtps_cpp[0m
[2.623s] [ 32%] [32mBuilding CXX object CMakeFiles/custom_messages_pkg__rosidl_typesupport_fastrtps_cpp.dir/rosidl_typesupport_fastrtps_cpp/custom_messages_pkg/msg/detail/dds_fastrtps/geometry__type_support.cpp.o[0m
[2.691s] [35m[1mScanning dependencies of target custom_messages_pkg__rosidl_typesupport_c[0m
[2.717s] [ 34%] [32mBuilding CXX object CMakeFiles/custom_messages_pkg__rosidl_typesupport_c.dir/rosidl_typesupport_c/custom_messages_pkg/msg/geometry__type_support.cpp.o[0m
[2.805s] [ 36%] [32mBuilding CXX object CMakeFiles/custom_messages_pkg__rosidl_typesupport_c.dir/rosidl_typesupport_c/custom_messages_pkg/msg/custom_control__type_support.cpp.o[0m
[2.858s] [ 38%] [32mBuilding CXX object CMakeFiles/custom_messages_pkg__rosidl_typesupport_c.dir/rosidl_typesupport_c/custom_messages_pkg/msg/swarm_pose__type_support.cpp.o[0m
[2.862s] [ 40%] [32mBuilding CXX object CMakeFiles/custom_messages_pkg__rosidl_typesupport_c.dir/rosidl_typesupport_c/custom_messages_pkg/msg/swarm_rpm__type_support.cpp.o[0m
[2.864s] [ 41%] [32mBuilding CXX object CMakeFiles/custom_messages_pkg__rosidl_typesupport_fastrtps_cpp.dir/rosidl_typesupport_fastrtps_cpp/custom_messages_pkg/msg/detail/dds_fastrtps/custom_control__type_support.cpp.o[0m
[2.866s] [ 43%] [32mBuilding CXX object CMakeFiles/custom_messages_pkg__rosidl_typesupport_fastrtps_cpp.dir/rosidl_typesupport_fastrtps_cpp/custom_messages_pkg/msg/detail/dds_fastrtps/swarm_pose__type_support.cpp.o[0m
[2.908s] [ 45%] [32mBuilding CXX object CMakeFiles/custom_messages_pkg__rosidl_typesupport_fastrtps_cpp.dir/rosidl_typesupport_fastrtps_cpp/custom_messages_pkg/msg/detail/dds_fastrtps/swarm_rpm__type_support.cpp.o[0m
[2.912s] [35m[1mScanning dependencies of target custom_messages_pkg__rosidl_typesupport_introspection_c[0m
[2.914s] [ 47%] [32m[1mLinking CXX shared library libcustom_messages_pkg__rosidl_typesupport_c.so[0m
[2.920s] [ 49%] [32m[1mLinking CXX shared library libcustom_messages_pkg__rosidl_typesupport_cpp.so[0m
[2.935s] [ 50%] [32mBuilding C object CMakeFiles/custom_messages_pkg__rosidl_typesupport_introspection_c.dir/rosidl_typesupport_introspection_c/custom_messages_pkg/msg/detail/geometry__type_support.c.o[0m
[2.983s] [ 50%] Built target custom_messages_pkg__rosidl_typesupport_c
[2.992s] [ 52%] [32mBuilding C object CMakeFiles/custom_messages_pkg__rosidl_typesupport_introspection_c.dir/rosidl_typesupport_introspection_c/custom_messages_pkg/msg/detail/custom_control__type_support.c.o[0m
[2.997s] [ 52%] Built target custom_messages_pkg__rosidl_typesupport_cpp
[2.998s] [ 54%] [32mBuilding C object CMakeFiles/custom_messages_pkg__rosidl_typesupport_introspection_c.dir/rosidl_typesupport_introspection_c/custom_messages_pkg/msg/detail/swarm_pose__type_support.c.o[0m
[3.011s] [ 56%] [32mBuilding CXX object CMakeFiles/custom_messages_pkg__rosidl_typesupport_introspection_cpp.dir/rosidl_typesupport_introspection_cpp/custom_messages_pkg/msg/detail/custom_control__type_support.cpp.o[0m
[3.014s] [ 58%] [32mBuilding C object CMakeFiles/custom_messages_pkg__rosidl_typesupport_introspection_c.dir/rosidl_typesupport_introspection_c/custom_messages_pkg/msg/detail/swarm_rpm__type_support.c.o[0m
[3.039s] [ 60%] [32mBuilding CXX object CMakeFiles/custom_messages_pkg__rosidl_typesupport_introspection_cpp.dir/rosidl_typesupport_introspection_cpp/custom_messages_pkg/msg/detail/swarm_pose__type_support.cpp.o[0m
[3.065s] [ 61%] [32mBuilding CXX object CMakeFiles/custom_messages_pkg__rosidl_typesupport_introspection_cpp.dir/rosidl_typesupport_introspection_cpp/custom_messages_pkg/msg/detail/swarm_rpm__type_support.cpp.o[0m
[3.071s] [ 63%] [32m[1mLinking C shared library libcustom_messages_pkg__rosidl_typesupport_introspection_c.so[0m
[3.123s] [ 63%] Built target custom_messages_pkg__rosidl_typesupport_introspection_c
[3.666s] [ 65%] [32m[1mLinking CXX shared library libcustom_messages_pkg__rosidl_typesupport_fastrtps_cpp.so[0m
[3.714s] [ 67%] [32m[1mLinking CXX shared library libcustom_messages_pkg__rosidl_typesupport_introspection_cpp.so[0m
[3.766s] [ 67%] Built target custom_messages_pkg__rosidl_typesupport_fastrtps_cpp
[3.778s] [ 69%] [34m[1mGenerating C type support for eProsima Fast-RTPS[0m
[3.803s] [ 69%] Built target custom_messages_pkg__rosidl_typesupport_introspection_cpp
[4.069s] [35m[1mScanning dependencies of target custom_messages_pkg__rosidl_typesupport_fastrtps_c[0m
[4.088s] [ 72%] [32mBuilding CXX object CMakeFiles/custom_messages_pkg__rosidl_typesupport_fastrtps_c.dir/rosidl_typesupport_fastrtps_c/custom_messages_pkg/msg/detail/custom_control__type_support_c.cpp.o[0m
[4.088s] [ 72%] [32mBuilding CXX object CMakeFiles/custom_messages_pkg__rosidl_typesupport_fastrtps_c.dir/rosidl_typesupport_fastrtps_c/custom_messages_pkg/msg/detail/swarm_pose__type_support_c.cpp.o[0m
[4.089s] [ 74%] [32mBuilding CXX object CMakeFiles/custom_messages_pkg__rosidl_typesupport_fastrtps_c.dir/rosidl_typesupport_fastrtps_c/custom_messages_pkg/msg/detail/geometry__type_support_c.cpp.o[0m
[4.090s] [ 76%] [32mBuilding CXX object CMakeFiles/custom_messages_pkg__rosidl_typesupport_fastrtps_c.dir/rosidl_typesupport_fastrtps_c/custom_messages_pkg/msg/detail/swarm_rpm__type_support_c.cpp.o[0m
[4.451s] [ 78%] [32m[1mLinking CXX shared library libcustom_messages_pkg__rosidl_typesupport_fastrtps_c.so[0m
[4.546s] [ 78%] Built target custom_messages_pkg__rosidl_typesupport_fastrtps_c
[4.564s] [ 78%] Built target custom_messages_pkg
[4.573s] [35m[1mScanning dependencies of target custom_messages_pkg__py[0m
[4.587s] [ 80%] [34m[1mGenerating Python code for ROS interfaces[0m
[5.135s] [ 80%] Built target custom_messages_pkg__py
[5.146s] [35m[1mScanning dependencies of target custom_messages_pkg__python[0m
[5.166s] [ 81%] [32mBuilding C object CMakeFiles/custom_messages_pkg__python.dir/rosidl_generator_py/custom_messages_pkg/msg/_swarm_pose_s.c.o[0m
[5.167s] [ 83%] [32mBuilding C object CMakeFiles/custom_messages_pkg__python.dir/rosidl_generator_py/custom_messages_pkg/msg/_swarm_rpm_s.c.o[0m
[5.167s] [ 87%] [32mBuilding C object CMakeFiles/custom_messages_pkg__python.dir/rosidl_generator_py/custom_messages_pkg/msg/_geometry_s.c.o[0m
[5.167s] [ 87%] [32mBuilding C object CMakeFiles/custom_messages_pkg__python.dir/rosidl_generator_py/custom_messages_pkg/msg/_custom_control_s.c.o[0m
[5.294s] [ 89%] [32m[1mLinking C shared library rosidl_generator_py/custom_messages_pkg/libcustom_messages_pkg__python.so[0m
[5.339s] [ 89%] Built target custom_messages_pkg__python
[5.350s] [35m[1mScanning dependencies of target custom_messages_pkg__rosidl_typesupport_introspection_c__pyext[0m
[5.352s] [35m[1mScanning dependencies of target custom_messages_pkg__rosidl_typesupport_c__pyext[0m
[5.352s] [35m[1mScanning dependencies of target custom_messages_pkg__rosidl_typesupport_fastrtps_c__pyext[0m
[5.368s] [ 90%] [32mBuilding C object CMakeFiles/custom_messages_pkg__rosidl_typesupport_introspection_c__pyext.dir/rosidl_generator_py/custom_messages_pkg/_custom_messages_pkg_s.ep.rosidl_typesupport_introspection_c.c.o[0m
[5.371s] [ 92%] [32mBuilding C object CMakeFiles/custom_messages_pkg__rosidl_typesupport_c__pyext.dir/rosidl_generator_py/custom_messages_pkg/_custom_messages_pkg_s.ep.rosidl_typesupport_c.c.o[0m
[5.372s] [ 94%] [32mBuilding C object CMakeFiles/custom_messages_pkg__rosidl_typesupport_fastrtps_c__pyext.dir/rosidl_generator_py/custom_messages_pkg/_custom_messages_pkg_s.ep.rosidl_typesupport_fastrtps_c.c.o[0m
[5.455s] [ 96%] [32m[1mLinking C shared library rosidl_generator_py/custom_messages_pkg/custom_messages_pkg_s__rosidl_typesupport_introspection_c.cpython-38-x86_64-linux-gnu.so[0m
[5.457s] [ 98%] [32m[1mLinking C shared library rosidl_generator_py/custom_messages_pkg/custom_messages_pkg_s__rosidl_typesupport_c.cpython-38-x86_64-linux-gnu.so[0m
[5.460s] [100%] [32m[1mLinking CXX shared library rosidl_generator_py/custom_messages_pkg/custom_messages_pkg_s__rosidl_typesupport_fastrtps_c.cpython-38-x86_64-linux-gnu.so[0m
[5.493s] [100%] Built target custom_messages_pkg__rosidl_typesupport_introspection_c__pyext
[5.499s] [100%] Built target custom_messages_pkg__rosidl_typesupport_c__pyext
[5.527s] [100%] Built target custom_messages_pkg__rosidl_typesupport_fastrtps_c__pyext
[5.536s] Invoked command in '/home/yunus/ros2_ws/build/custom_messages_pkg' returned '0': CMAKE_PREFIX_PATH=${CMAKE_PREFIX_PATH}:/home/yunus/ros2_ws/install/assignment1:/home/yunus/ros2_ws/install/a2:/opt/ros/foxy /usr/bin/cmake --build /home/yunus/ros2_ws/build/custom_messages_pkg -- -j8 -l8
[5.623s] Invoking command in '/home/yunus/ros2_ws/build/custom_messages_pkg': CMAKE_PREFIX_PATH=${CMAKE_PREFIX_PATH}:/home/yunus/ros2_ws/install/assignment1:/home/yunus/ros2_ws/install/a2:/opt/ros/foxy /usr/bin/cmake --install /home/yunus/ros2_ws/build/custom_messages_pkg
[5.630s] -- Install configuration: ""
[5.630s] -- Execute custom install script
[5.631s] -- Up-to-date symlink: /home/yunus/ros2_ws/install/custom_messages_pkg/share/ament_index/resource_index/rosidl_interfaces/custom_messages_pkg
[5.632s] -- Up-to-date symlink: /home/yunus/ros2_ws/install/custom_messages_pkg/include/custom_messages_pkg/msg/custom_control.h
[5.632s] -- Up-to-date symlink: /home/yunus/ros2_ws/install/custom_messages_pkg/include/custom_messages_pkg/msg/detail/custom_control__functions.h
[5.632s] -- Up-to-date symlink: /home/yunus/ros2_ws/install/custom_messages_pkg/include/custom_messages_pkg/msg/detail/custom_control__struct.h
[5.633s] -- Up-to-date symlink: /home/yunus/ros2_ws/install/custom_messages_pkg/include/custom_messages_pkg/msg/detail/custom_control__type_support.h
[5.633s] -- Up-to-date symlink: /home/yunus/ros2_ws/install/custom_messages_pkg/include/custom_messages_pkg/msg/detail/geometry__functions.h
[5.633s] -- Up-to-date symlink: /home/yunus/ros2_ws/install/custom_messages_pkg/include/custom_messages_pkg/msg/detail/geometry__struct.h
[5.633s] -- Up-to-date symlink: /home/yunus/ros2_ws/install/custom_messages_pkg/include/custom_messages_pkg/msg/detail/geometry__type_support.h
[5.633s] -- Up-to-date symlink: /home/yunus/ros2_ws/install/custom_messages_pkg/include/custom_messages_pkg/msg/detail/swarm_pose__functions.h
[5.634s] -- Up-to-date symlink: /home/yunus/ros2_ws/install/custom_messages_pkg/include/custom_messages_pkg/msg/detail/swarm_pose__struct.h
[5.634s] -- Up-to-date symlink: /home/yunus/ros2_ws/install/custom_messages_pkg/include/custom_messages_pkg/msg/detail/swarm_pose__type_support.h
[5.634s] -- Symlinking: /home/yunus/ros2_ws/install/custom_messages_pkg/include/custom_messages_pkg/msg/detail/swarm_rpm__functions.h
[5.642s] -- Symlinking: /home/yunus/ros2_ws/install/custom_messages_pkg/include/custom_messages_pkg/msg/detail/swarm_rpm__struct.h
[5.649s] -- Symlinking: /home/yunus/ros2_ws/install/custom_messages_pkg/include/custom_messages_pkg/msg/detail/swarm_rpm__type_support.h
[5.657s] -- Up-to-date symlink: /home/yunus/ros2_ws/install/custom_messages_pkg/include/custom_messages_pkg/msg/geometry.h
[5.658s] -- Up-to-date symlink: /home/yunus/ros2_ws/install/custom_messages_pkg/include/custom_messages_pkg/msg/rosidl_generator_c__visibility_control.h
[5.658s] -- Up-to-date symlink: /home/yunus/ros2_ws/install/custom_messages_pkg/include/custom_messages_pkg/msg/swarm_pose.h
[5.658s] -- Symlinking: /home/yunus/ros2_ws/install/custom_messages_pkg/include/custom_messages_pkg/msg/swarm_rpm.h
[5.665s] -- Up-to-date symlink: /home/yunus/ros2_ws/install/custom_messages_pkg/share/custom_messages_pkg/environment/library_path.sh
[5.665s] -- Up-to-date symlink: /home/yunus/ros2_ws/install/custom_messages_pkg/share/custom_messages_pkg/environment/library_path.dsv
[5.666s] -- Up-to-date symlink: /home/yunus/ros2_ws/install/custom_messages_pkg/include/custom_messages_pkg/msg/detail/custom_control__rosidl_typesupport_fastrtps_c.h
[5.666s] -- Up-to-date symlink: /home/yunus/ros2_ws/install/custom_messages_pkg/include/custom_messages_pkg/msg/detail/geometry__rosidl_typesupport_fastrtps_c.h
[5.666s] -- Up-to-date symlink: /home/yunus/ros2_ws/install/custom_messages_pkg/include/custom_messages_pkg/msg/detail/swarm_pose__rosidl_typesupport_fastrtps_c.h
[5.666s] -- Symlinking: /home/yunus/ros2_ws/install/custom_messages_pkg/include/custom_messages_pkg/msg/detail/swarm_rpm__rosidl_typesupport_fastrtps_c.h
[5.674s] -- Up-to-date symlink: /home/yunus/ros2_ws/install/custom_messages_pkg/include/custom_messages_pkg/msg/rosidl_typesupport_fastrtps_c__visibility_control.h
[5.674s] -- Up-to-date symlink: /home/yunus/ros2_ws/install/custom_messages_pkg/lib/libcustom_messages_pkg__rosidl_typesupport_fastrtps_c.so
[5.675s] -- Up-to-date symlink: /home/yunus/ros2_ws/install/custom_messages_pkg/include/custom_messages_pkg/msg/detail/custom_control__rosidl_typesupport_fastrtps_cpp.hpp
[5.675s] -- Up-to-date symlink: /home/yunus/ros2_ws/install/custom_messages_pkg/include/custom_messages_pkg/msg/detail/geometry__rosidl_typesupport_fastrtps_cpp.hpp
[5.675s] -- Up-to-date symlink: /home/yunus/ros2_ws/install/custom_messages_pkg/include/custom_messages_pkg/msg/detail/swarm_pose__rosidl_typesupport_fastrtps_cpp.hpp
[5.675s] -- Symlinking: /home/yunus/ros2_ws/install/custom_messages_pkg/include/custom_messages_pkg/msg/detail/swarm_rpm__rosidl_typesupport_fastrtps_cpp.hpp
[5.682s] -- Up-to-date symlink: /home/yunus/ros2_ws/install/custom_messages_pkg/include/custom_messages_pkg/msg/rosidl_typesupport_fastrtps_cpp__visibility_control.h
[5.683s] -- Up-to-date symlink: /home/yunus/ros2_ws/install/custom_messages_pkg/lib/libcustom_messages_pkg__rosidl_typesupport_fastrtps_cpp.so
[5.683s] -- Up-to-date symlink: /home/yunus/ros2_ws/install/custom_messages_pkg/include/custom_messages_pkg/msg/detail/custom_control__rosidl_typesupport_introspection_c.h
[5.684s] -- Up-to-date symlink: /home/yunus/ros2_ws/install/custom_messages_pkg/include/custom_messages_pkg/msg/detail/geometry__rosidl_typesupport_introspection_c.h
[5.684s] -- Up-to-date symlink: /home/yunus/ros2_ws/install/custom_messages_pkg/include/custom_messages_pkg/msg/detail/swarm_pose__rosidl_typesupport_introspection_c.h
[5.684s] -- Symlinking: /home/yunus/ros2_ws/install/custom_messages_pkg/include/custom_messages_pkg/msg/detail/swarm_rpm__rosidl_typesupport_introspection_c.h
[5.691s] -- Up-to-date symlink: /home/yunus/ros2_ws/install/custom_messages_pkg/include/custom_messages_pkg/msg/rosidl_typesupport_introspection_c__visibility_control.h
[5.692s] -- Up-to-date symlink: /home/yunus/ros2_ws/install/custom_messages_pkg/include/custom_messages_pkg/msg/custom_control.hpp
[5.692s] -- Up-to-date symlink: /home/yunus/ros2_ws/install/custom_messages_pkg/include/custom_messages_pkg/msg/detail/custom_control__builder.hpp
[5.692s] -- Up-to-date symlink: /home/yunus/ros2_ws/install/custom_messages_pkg/include/custom_messages_pkg/msg/detail/custom_control__struct.hpp
[5.692s] -- Up-to-date symlink: /home/yunus/ros2_ws/install/custom_messages_pkg/include/custom_messages_pkg/msg/detail/custom_control__traits.hpp
[5.693s] -- Up-to-date symlink: /home/yunus/ros2_ws/install/custom_messages_pkg/include/custom_messages_pkg/msg/detail/geometry__builder.hpp
[5.693s] -- Up-to-date symlink: /home/yunus/ros2_ws/install/custom_messages_pkg/include/custom_messages_pkg/msg/detail/geometry__struct.hpp
[5.693s] -- Up-to-date symlink: /home/yunus/ros2_ws/install/custom_messages_pkg/include/custom_messages_pkg/msg/detail/geometry__traits.hpp
[5.693s] -- Up-to-date symlink: /home/yunus/ros2_ws/install/custom_messages_pkg/include/custom_messages_pkg/msg/detail/swarm_pose__builder.hpp
[5.694s] -- Up-to-date symlink: /home/yunus/ros2_ws/install/custom_messages_pkg/include/custom_messages_pkg/msg/detail/swarm_pose__struct.hpp
[5.694s] -- Up-to-date symlink: /home/yunus/ros2_ws/install/custom_messages_pkg/include/custom_messages_pkg/msg/detail/swarm_pose__traits.hpp
[5.694s] -- Symlinking: /home/yunus/ros2_ws/install/custom_messages_pkg/include/custom_messages_pkg/msg/detail/swarm_rpm__builder.hpp
[5.702s] -- Symlinking: /home/yunus/ros2_ws/install/custom_messages_pkg/include/custom_messages_pkg/msg/detail/swarm_rpm__struct.hpp
[5.709s] -- Symlinking: /home/yunus/ros2_ws/install/custom_messages_pkg/include/custom_messages_pkg/msg/detail/swarm_rpm__traits.hpp
[5.715s] -- Up-to-date symlink: /home/yunus/ros2_ws/install/custom_messages_pkg/include/custom_messages_pkg/msg/geometry.hpp
[5.716s] -- Up-to-date symlink: /home/yunus/ros2_ws/install/custom_messages_pkg/include/custom_messages_pkg/msg/swarm_pose.hpp
[5.716s] -- Symlinking: /home/yunus/ros2_ws/install/custom_messages_pkg/include/custom_messages_pkg/msg/swarm_rpm.hpp
[5.724s] -- Up-to-date symlink: /home/yunus/ros2_ws/install/custom_messages_pkg/include/custom_messages_pkg/msg/detail/custom_control__rosidl_typesupport_introspection_cpp.hpp
[5.724s] -- Up-to-date symlink: /home/yunus/ros2_ws/install/custom_messages_pkg/include/custom_messages_pkg/msg/detail/geometry__rosidl_typesupport_introspection_cpp.hpp
[5.724s] -- Up-to-date symlink: /home/yunus/ros2_ws/install/custom_messages_pkg/include/custom_messages_pkg/msg/detail/swarm_pose__rosidl_typesupport_introspection_cpp.hpp
[5.724s] -- Symlinking: /home/yunus/ros2_ws/install/custom_messages_pkg/include/custom_messages_pkg/msg/detail/swarm_rpm__rosidl_typesupport_introspection_cpp.hpp
[5.731s] -- Up-to-date symlink: /home/yunus/ros2_ws/install/custom_messages_pkg/share/custom_messages_pkg/environment/pythonpath.sh
[5.731s] -- Up-to-date symlink: /home/yunus/ros2_ws/install/custom_messages_pkg/share/custom_messages_pkg/environment/pythonpath.dsv
[5.731s] -- Up-to-date symlink: /home/yunus/ros2_ws/install/custom_messages_pkg/lib/python3.8/site-packages/custom_messages_pkg/__init__.py
[5.732s] -- Up-to-date symlink: /home/yunus/ros2_ws/install/custom_messages_pkg/lib/python3.8/site-packages/custom_messages_pkg/msg/__init__.py
[5.732s] -- Up-to-date symlink: /home/yunus/ros2_ws/install/custom_messages_pkg/lib/python3.8/site-packages/custom_messages_pkg/msg/_custom_control.py
[5.732s] -- Up-to-date symlink: /home/yunus/ros2_ws/install/custom_messages_pkg/lib/python3.8/site-packages/custom_messages_pkg/msg/_geometry.py
[5.732s] -- Up-to-date symlink: /home/yunus/ros2_ws/install/custom_messages_pkg/lib/python3.8/site-packages/custom_messages_pkg/msg/_swarm_pose.py
[5.733s] -- Symlinking: /home/yunus/ros2_ws/install/custom_messages_pkg/lib/python3.8/site-packages/custom_messages_pkg/msg/_swarm_rpm.py
[5.741s] -- Up-to-date symlink: /home/yunus/ros2_ws/install/custom_messages_pkg/lib/python3.8/site-packages/custom_messages_pkg/custom_messages_pkg_s__rosidl_typesupport_fastrtps_c.cpython-38-x86_64-linux-gnu.so
[5.741s] -- Up-to-date symlink: /home/yunus/ros2_ws/install/custom_messages_pkg/lib/python3.8/site-packages/custom_messages_pkg/custom_messages_pkg_s__rosidl_typesupport_introspection_c.cpython-38-x86_64-linux-gnu.so
[5.741s] -- Up-to-date symlink: /home/yunus/ros2_ws/install/custom_messages_pkg/lib/python3.8/site-packages/custom_messages_pkg/custom_messages_pkg_s__rosidl_typesupport_c.cpython-38-x86_64-linux-gnu.so
[5.742s] -- Up-to-date symlink: /home/yunus/ros2_ws/install/custom_messages_pkg/lib/libcustom_messages_pkg__python.so
[5.742s] -- Up-to-date symlink: /home/yunus/ros2_ws/install/custom_messages_pkg/share/custom_messages_pkg/msg/Geometry.idl
[5.742s] -- Up-to-date symlink: /home/yunus/ros2_ws/install/custom_messages_pkg/share/custom_messages_pkg/msg/CustomControl.idl
[5.743s] -- Up-to-date symlink: /home/yunus/ros2_ws/install/custom_messages_pkg/share/custom_messages_pkg/msg/SwarmPose.idl
[5.743s] -- Symlinking: /home/yunus/ros2_ws/install/custom_messages_pkg/share/custom_messages_pkg/msg/SwarmRPM.idl
[5.751s] -- Up-to-date symlink: /home/yunus/ros2_ws/install/custom_messages_pkg/share/custom_messages_pkg/msg/Geometry.msg
[5.751s] -- Up-to-date symlink: /home/yunus/ros2_ws/install/custom_messages_pkg/share/custom_messages_pkg/msg/CustomControl.msg
[5.752s] -- Up-to-date symlink: /home/yunus/ros2_ws/install/custom_messages_pkg/share/custom_messages_pkg/msg/SwarmPose.msg
[5.752s] -- Symlinking: /home/yunus/ros2_ws/install/custom_messages_pkg/share/custom_messages_pkg/msg/SwarmRPM.msg
[5.760s] -- Up-to-date symlink: /home/yunus/ros2_ws/install/custom_messages_pkg/share/ament_index/resource_index/package_run_dependencies/custom_messages_pkg
[5.760s] -- Up-to-date symlink: /home/yunus/ros2_ws/install/custom_messages_pkg/share/ament_index/resource_index/parent_prefix_path/custom_messages_pkg
[5.761s] -- Up-to-date symlink: /home/yunus/ros2_ws/install/custom_messages_pkg/share/custom_messages_pkg/environment/ament_prefix_path.sh
[5.761s] -- Up-to-date symlink: /home/yunus/ros2_ws/install/custom_messages_pkg/share/custom_messages_pkg/environment/ament_prefix_path.dsv
[5.761s] -- Up-to-date symlink: /home/yunus/ros2_ws/install/custom_messages_pkg/share/custom_messages_pkg/environment/path.sh
[5.761s] -- Up-to-date symlink: /home/yunus/ros2_ws/install/custom_messages_pkg/share/custom_messages_pkg/environment/path.dsv
[5.762s] -- Up-to-date symlink: /home/yunus/ros2_ws/install/custom_messages_pkg/share/custom_messages_pkg/local_setup.bash
[5.762s] -- Up-to-date symlink: /home/yunus/ros2_ws/install/custom_messages_pkg/share/custom_messages_pkg/local_setup.sh
[5.762s] -- Up-to-date symlink: /home/yunus/ros2_ws/install/custom_messages_pkg/share/custom_messages_pkg/local_setup.zsh
[5.762s] -- Up-to-date symlink: /home/yunus/ros2_ws/install/custom_messages_pkg/share/custom_messages_pkg/local_setup.dsv
[5.763s] -- Symlinking: /home/yunus/ros2_ws/install/custom_messages_pkg/share/custom_messages_pkg/package.dsv
[5.771s] -- Up-to-date symlink: /home/yunus/ros2_ws/install/custom_messages_pkg/share/ament_index/resource_index/packages/custom_messages_pkg
[5.771s] -- Up-to-date symlink: /home/yunus/ros2_ws/install/custom_messages_pkg/share/custom_messages_pkg/cmake/rosidl_cmake-extras.cmake
[5.771s] -- Up-to-date symlink: /home/yunus/ros2_ws/install/custom_messages_pkg/share/custom_messages_pkg/cmake/ament_cmake_export_dependencies-extras.cmake
[5.771s] -- Up-to-date symlink: /home/yunus/ros2_ws/install/custom_messages_pkg/share/custom_messages_pkg/cmake/ament_cmake_export_libraries-extras.cmake
[5.772s] -- Up-to-date symlink: /home/yunus/ros2_ws/install/custom_messages_pkg/share/custom_messages_pkg/cmake/ament_cmake_export_targets-extras.cmake
[5.772s] -- Up-to-date symlink: /home/yunus/ros2_ws/install/custom_messages_pkg/share/custom_messages_pkg/cmake/ament_cmake_export_include_directories-extras.cmake
[5.772s] -- Up-to-date symlink: /home/yunus/ros2_ws/install/custom_messages_pkg/share/custom_messages_pkg/cmake/rosidl_cmake_export_typesupport_libraries-extras.cmake
[5.773s] -- Up-to-date symlink: /home/yunus/ros2_ws/install/custom_messages_pkg/share/custom_messages_pkg/cmake/rosidl_cmake_export_typesupport_targets-extras.cmake
[5.773s] -- Up-to-date symlink: /home/yunus/ros2_ws/install/custom_messages_pkg/share/custom_messages_pkg/cmake/custom_messages_pkgConfig.cmake
[5.773s] -- Up-to-date symlink: /home/yunus/ros2_ws/install/custom_messages_pkg/share/custom_messages_pkg/cmake/custom_messages_pkgConfig-version.cmake
[5.773s] -- Up-to-date symlink: /home/yunus/ros2_ws/install/custom_messages_pkg/share/custom_messages_pkg/package.xml
[5.774s] -- Installing: /home/yunus/ros2_ws/install/custom_messages_pkg/lib/libcustom_messages_pkg__rosidl_generator_c.so
[5.775s] -- Set runtime path of "/home/yunus/ros2_ws/install/custom_messages_pkg/lib/libcustom_messages_pkg__rosidl_generator_c.so" to ""
[5.776s] -- Installing: /home/yunus/ros2_ws/install/custom_messages_pkg/lib/libcustom_messages_pkg__rosidl_typesupport_introspection_c.so
[5.776s] -- Set runtime path of "/home/yunus/ros2_ws/install/custom_messages_pkg/lib/libcustom_messages_pkg__rosidl_typesupport_introspection_c.so" to ""
[5.776s] -- Installing: /home/yunus/ros2_ws/install/custom_messages_pkg/lib/libcustom_messages_pkg__rosidl_typesupport_c.so
[5.777s] -- Set runtime path of "/home/yunus/ros2_ws/install/custom_messages_pkg/lib/libcustom_messages_pkg__rosidl_typesupport_c.so" to ""
[5.778s] -- Installing: /home/yunus/ros2_ws/install/custom_messages_pkg/lib/libcustom_messages_pkg__rosidl_typesupport_introspection_cpp.so
[5.779s] -- Set runtime path of "/home/yunus/ros2_ws/install/custom_messages_pkg/lib/libcustom_messages_pkg__rosidl_typesupport_introspection_cpp.so" to ""
[5.779s] -- Installing: /home/yunus/ros2_ws/install/custom_messages_pkg/lib/libcustom_messages_pkg__rosidl_typesupport_cpp.so
[5.779s] -- Set runtime path of "/home/yunus/ros2_ws/install/custom_messages_pkg/lib/libcustom_messages_pkg__rosidl_typesupport_cpp.so" to ""
[5.813s] Compiling '/home/yunus/ros2_ws/install/custom_messages_pkg/lib/python3.8/site-packages/custom_messages_pkg/__init__.py'...
[5.817s] -- Up-to-date: /home/yunus/ros2_ws/install/custom_messages_pkg/share/custom_messages_pkg/cmake/custom_messages_pkg__rosidl_generator_cExport.cmake
[5.817s] -- Installing: /home/yunus/ros2_ws/install/custom_messages_pkg/share/custom_messages_pkg/cmake/custom_messages_pkg__rosidl_generator_cExport-noconfig.cmake
[5.817s] -- Up-to-date: /home/yunus/ros2_ws/install/custom_messages_pkg/share/custom_messages_pkg/cmake/custom_messages_pkg__rosidl_typesupport_introspection_cExport.cmake
[5.817s] -- Installing: /home/yunus/ros2_ws/install/custom_messages_pkg/share/custom_messages_pkg/cmake/custom_messages_pkg__rosidl_typesupport_introspection_cExport-noconfig.cmake
[5.817s] -- Up-to-date: /home/yunus/ros2_ws/install/custom_messages_pkg/share/custom_messages_pkg/cmake/custom_messages_pkg__rosidl_typesupport_cExport.cmake
[5.818s] -- Installing: /home/yunus/ros2_ws/install/custom_messages_pkg/share/custom_messages_pkg/cmake/custom_messages_pkg__rosidl_typesupport_cExport-noconfig.cmake
[5.818s] -- Up-to-date: /home/yunus/ros2_ws/install/custom_messages_pkg/share/custom_messages_pkg/cmake/custom_messages_pkg__rosidl_generator_cppExport.cmake
[5.818s] -- Up-to-date: /home/yunus/ros2_ws/install/custom_messages_pkg/share/custom_messages_pkg/cmake/custom_messages_pkg__rosidl_typesupport_introspection_cppExport.cmake
[5.818s] -- Installing: /home/yunus/ros2_ws/install/custom_messages_pkg/share/custom_messages_pkg/cmake/custom_messages_pkg__rosidl_typesupport_introspection_cppExport-noconfig.cmake
[5.819s] -- Up-to-date: /home/yunus/ros2_ws/install/custom_messages_pkg/share/custom_messages_pkg/cmake/custom_messages_pkg__rosidl_typesupport_cppExport.cmake
[5.819s] -- Installing: /home/yunus/ros2_ws/install/custom_messages_pkg/share/custom_messages_pkg/cmake/custom_messages_pkg__rosidl_typesupport_cppExport-noconfig.cmake
[5.825s] Invoked command in '/home/yunus/ros2_ws/build/custom_messages_pkg' returned '0': CMAKE_PREFIX_PATH=${CMAKE_PREFIX_PATH}:/home/yunus/ros2_ws/install/assignment1:/home/yunus/ros2_ws/install/a2:/opt/ros/foxy /usr/bin/cmake --install /home/yunus/ros2_ws/build/custom_messages_pkg
