[0.155s] DEBUG:colcon:Command line arguments: ['/usr/bin/colcon', 'build']
[0.156s] DEBUG:colcon:Parsed command line arguments: Namespace(allow_overriding=[], ament_cmake_args=None, base_paths=['.'], build_base='build', catkin_cmake_args=None, catkin_skip_building_tests=False, cmake_args=None, cmake_clean_cache=False, cmake_clean_first=False, cmake_force_configure=False, cmake_target=None, cmake_target_skip_unavailable=False, continue_on_error=False, event_handlers=None, executor='parallel', ignore_user_meta=False, install_base='install', log_base=None, log_level=None, main=<bound method BuildVerb.main of <colcon_core.verb.build.BuildVerb object at 0x7fd9526aa7c0>>, merge_install=False, metas=['./colcon.meta'], packages_above=None, packages_above_and_dependencies=None, packages_above_depth=None, packages_end=None, packages_ignore=None, packages_ignore_regex=None, packages_select=None, packages_select_build_failed=False, packages_select_by_dep=None, packages_select_regex=None, packages_select_test_failures=False, packages_skip=None, packages_skip_build_finished=False, packages_skip_by_dep=None, packages_skip_regex=None, packages_skip_test_passed=False, packages_skip_up_to=None, packages_start=None, packages_up_to=None, packages_up_to_regex=None, parallel_workers=8, paths=None, symlink_install=False, test_result_base=None, verb_extension=<colcon_core.verb.build.BuildVerb object at 0x7fd9526aa7c0>, verb_name='build', verb_parser=<colcon_defaults.argument_parser.defaults.DefaultArgumentsDecorator object at 0x7fd9526aad30>)
[0.185s] Level 1:colcon.colcon_core.package_discovery:discover_packages(colcon_meta) check parameters
[0.185s] Level 1:colcon.colcon_core.package_discovery:discover_packages(recursive) check parameters
[0.185s] Level 1:colcon.colcon_core.package_discovery:discover_packages(ignore) check parameters
[0.185s] Level 1:colcon.colcon_core.package_discovery:discover_packages(path) check parameters
[0.185s] Level 1:colcon.colcon_core.package_discovery:discover_packages(colcon_meta) discover
[0.185s] Level 1:colcon.colcon_core.package_discovery:discover_packages(recursive) discover
[0.185s] INFO:colcon.colcon_core.package_discovery:Crawling recursively for packages in '/home/yunus/ros2_ws'
[0.185s] Level 1:colcon.colcon_core.package_identification:_identify(.) by extensions ['ignore', 'ignore_ament_install']
[0.185s] Level 1:colcon.colcon_core.package_identification:_identify(.) by extension 'ignore'
[0.185s] Level 1:colcon.colcon_core.package_identification:_identify(.) by extension 'ignore_ament_install'
[0.185s] Level 1:colcon.colcon_core.package_identification:_identify(.) by extensions ['colcon_pkg']
[0.186s] Level 1:colcon.colcon_core.package_identification:_identify(.) by extension 'colcon_pkg'
[0.186s] Level 1:colcon.colcon_core.package_identification:_identify(.) by extensions ['colcon_meta']
[0.186s] Level 1:colcon.colcon_core.package_identification:_identify(.) by extension 'colcon_meta'
[0.186s] Level 1:colcon.colcon_core.package_identification:_identify(.) by extensions ['ros']
[0.186s] Level 1:colcon.colcon_core.package_identification:_identify(.) by extension 'ros'
[0.194s] Level 1:colcon.colcon_core.package_identification:_identify(.) by extensions ['cmake', 'python']
[0.194s] Level 1:colcon.colcon_core.package_identification:_identify(.) by extension 'cmake'
[0.194s] Level 1:colcon.colcon_core.package_identification:_identify(.) by extension 'python'
[0.194s] Level 1:colcon.colcon_core.package_identification:_identify(.) by extensions ['python_setup_py']
[0.194s] Level 1:colcon.colcon_core.package_identification:_identify(.) by extension 'python_setup_py'
[0.194s] Level 1:colcon.colcon_core.package_identification:_identify(build) by extensions ['ignore', 'ignore_ament_install']
[0.194s] Level 1:colcon.colcon_core.package_identification:_identify(build) by extension 'ignore'
[0.194s] Level 1:colcon.colcon_core.package_identification:_identify(build) ignored
[0.194s] Level 1:colcon.colcon_core.package_identification:_identify(install) by extensions ['ignore', 'ignore_ament_install']
[0.195s] Level 1:colcon.colcon_core.package_identification:_identify(install) by extension 'ignore'
[0.195s] Level 1:colcon.colcon_core.package_identification:_identify(install) ignored
[0.195s] Level 1:colcon.colcon_core.package_identification:_identify(log) by extensions ['ignore', 'ignore_ament_install']
[0.195s] Level 1:colcon.colcon_core.package_identification:_identify(log) by extension 'ignore'
[0.195s] Level 1:colcon.colcon_core.package_identification:_identify(log) ignored
[0.195s] Level 1:colcon.colcon_core.package_identification:_identify(src) by extensions ['ignore', 'ignore_ament_install']
[0.195s] Level 1:colcon.colcon_core.package_identification:_identify(src) by extension 'ignore'
[0.195s] Level 1:colcon.colcon_core.package_identification:_identify(src) by extension 'ignore_ament_install'
[0.195s] Level 1:colcon.colcon_core.package_identification:_identify(src) by extensions ['colcon_pkg']
[0.195s] Level 1:colcon.colcon_core.package_identification:_identify(src) by extension 'colcon_pkg'
[0.195s] Level 1:colcon.colcon_core.package_identification:_identify(src) by extensions ['colcon_meta']
[0.195s] Level 1:colcon.colcon_core.package_identification:_identify(src) by extension 'colcon_meta'
[0.195s] Level 1:colcon.colcon_core.package_identification:_identify(src) by extensions ['ros']
[0.195s] Level 1:colcon.colcon_core.package_identification:_identify(src) by extension 'ros'
[0.195s] Level 1:colcon.colcon_core.package_identification:_identify(src) by extensions ['cmake', 'python']
[0.195s] Level 1:colcon.colcon_core.package_identification:_identify(src) by extension 'cmake'
[0.195s] Level 1:colcon.colcon_core.package_identification:_identify(src) by extension 'python'
[0.195s] Level 1:colcon.colcon_core.package_identification:_identify(src) by extensions ['python_setup_py']
[0.195s] Level 1:colcon.colcon_core.package_identification:_identify(src) by extension 'python_setup_py'
[0.195s] Level 1:colcon.colcon_core.package_identification:_identify(src/a2) by extensions ['ignore', 'ignore_ament_install']
[0.195s] Level 1:colcon.colcon_core.package_identification:_identify(src/a2) by extension 'ignore'
[0.195s] Level 1:colcon.colcon_core.package_identification:_identify(src/a2) by extension 'ignore_ament_install'
[0.196s] Level 1:colcon.colcon_core.package_identification:_identify(src/a2) by extensions ['colcon_pkg']
[0.196s] Level 1:colcon.colcon_core.package_identification:_identify(src/a2) by extension 'colcon_pkg'
[0.196s] Level 1:colcon.colcon_core.package_identification:_identify(src/a2) by extensions ['colcon_meta']
[0.196s] Level 1:colcon.colcon_core.package_identification:_identify(src/a2) by extension 'colcon_meta'
[0.196s] Level 1:colcon.colcon_core.package_identification:_identify(src/a2) by extensions ['ros']
[0.196s] Level 1:colcon.colcon_core.package_identification:_identify(src/a2) by extension 'ros'
[0.198s] DEBUG:colcon.colcon_core.package_identification:Package 'src/a2' with type 'ros.ament_python' and name 'a2'
[0.198s] Level 1:colcon.colcon_core.package_identification:_identify(src/assignment1) by extensions ['ignore', 'ignore_ament_install']
[0.198s] Level 1:colcon.colcon_core.package_identification:_identify(src/assignment1) by extension 'ignore'
[0.198s] Level 1:colcon.colcon_core.package_identification:_identify(src/assignment1) by extension 'ignore_ament_install'
[0.198s] Level 1:colcon.colcon_core.package_identification:_identify(src/assignment1) by extensions ['colcon_pkg']
[0.198s] Level 1:colcon.colcon_core.package_identification:_identify(src/assignment1) by extension 'colcon_pkg'
[0.198s] Level 1:colcon.colcon_core.package_identification:_identify(src/assignment1) by extensions ['colcon_meta']
[0.198s] Level 1:colcon.colcon_core.package_identification:_identify(src/assignment1) by extension 'colcon_meta'
[0.198s] Level 1:colcon.colcon_core.package_identification:_identify(src/assignment1) by extensions ['ros']
[0.198s] Level 1:colcon.colcon_core.package_identification:_identify(src/assignment1) by extension 'ros'
[0.199s] DEBUG:colcon.colcon_core.package_identification:Package 'src/assignment1' with type 'ros.ament_python' and name 'assignment1'
[0.199s] Level 1:colcon.colcon_core.package_identification:_identify(src/custom_messages_pkg) by extensions ['ignore', 'ignore_ament_install']
[0.199s] Level 1:colcon.colcon_core.package_identification:_identify(src/custom_messages_pkg) by extension 'ignore'
[0.199s] Level 1:colcon.colcon_core.package_identification:_identify(src/custom_messages_pkg) by extension 'ignore_ament_install'
[0.199s] Level 1:colcon.colcon_core.package_identification:_identify(src/custom_messages_pkg) by extensions ['colcon_pkg']
[0.199s] Level 1:colcon.colcon_core.package_identification:_identify(src/custom_messages_pkg) by extension 'colcon_pkg'
[0.199s] Level 1:colcon.colcon_core.package_identification:_identify(src/custom_messages_pkg) by extensions ['colcon_meta']
[0.199s] Level 1:colcon.colcon_core.package_identification:_identify(src/custom_messages_pkg) by extension 'colcon_meta'
[0.199s] Level 1:colcon.colcon_core.package_identification:_identify(src/custom_messages_pkg) by extensions ['ros']
[0.199s] Level 1:colcon.colcon_core.package_identification:_identify(src/custom_messages_pkg) by extension 'ros'
[0.200s] DEBUG:colcon.colcon_core.package_identification:Package 'src/custom_messages_pkg' with type 'ros.ament_cmake' and name 'custom_messages_pkg'
[0.200s] Level 1:colcon.colcon_core.package_discovery:discover_packages(recursive) using defaults
[0.200s] Level 1:colcon.colcon_core.package_discovery:discover_packages(ignore) discover
[0.200s] Level 1:colcon.colcon_core.package_discovery:discover_packages(ignore) using defaults
[0.200s] Level 1:colcon.colcon_core.package_discovery:discover_packages(path) discover
[0.200s] Level 1:colcon.colcon_core.package_discovery:discover_packages(path) using defaults
[0.221s] Level 1:colcon.colcon_core.package_discovery:discover_packages(prefix_path) check parameters
[0.221s] Level 1:colcon.colcon_core.package_discovery:discover_packages(prefix_path) discover
[0.223s] DEBUG:colcon.colcon_installed_package_information.package_discovery:Found 4 installed packages in /home/yunus/ros2_ws/install
[0.225s] DEBUG:colcon.colcon_installed_package_information.package_discovery:Found 321 installed packages in /opt/ros/foxy
[0.227s] Level 1:colcon.colcon_core.package_discovery:discover_packages(prefix_path) using defaults
[0.294s] Level 5:colcon.colcon_core.verb:set package 'a2' build argument 'cmake_args' from command line to 'None'
[0.294s] Level 5:colcon.colcon_core.verb:set package 'a2' build argument 'cmake_target' from command line to 'None'
[0.294s] Level 5:colcon.colcon_core.verb:set package 'a2' build argument 'cmake_target_skip_unavailable' from command line to 'False'
[0.294s] Level 5:colcon.colcon_core.verb:set package 'a2' build argument 'cmake_clean_cache' from command line to 'False'
[0.294s] Level 5:colcon.colcon_core.verb:set package 'a2' build argument 'cmake_clean_first' from command line to 'False'
[0.294s] Level 5:colcon.colcon_core.verb:set package 'a2' build argument 'cmake_force_configure' from command line to 'False'
[0.294s] Level 5:colcon.colcon_core.verb:set package 'a2' build argument 'ament_cmake_args' from command line to 'None'
[0.294s] Level 5:colcon.colcon_core.verb:set package 'a2' build argument 'catkin_cmake_args' from command line to 'None'
[0.294s] Level 5:colcon.colcon_core.verb:set package 'a2' build argument 'catkin_skip_building_tests' from command line to 'False'
[0.294s] DEBUG:colcon.colcon_core.verb:Building package 'a2' with the following arguments: {'ament_cmake_args': None, 'build_base': '/home/yunus/ros2_ws/build/a2', 'catkin_cmake_args': None, 'catkin_skip_building_tests': False, 'cmake_args': None, 'cmake_clean_cache': False, 'cmake_clean_first': False, 'cmake_force_configure': False, 'cmake_target': None, 'cmake_target_skip_unavailable': False, 'install_base': '/home/yunus/ros2_ws/install/a2', 'merge_install': False, 'path': '/home/yunus/ros2_ws/src/a2', 'symlink_install': False, 'test_result_base': None}
[0.296s] Level 5:colcon.colcon_core.verb:set package 'assignment1' build argument 'cmake_args' from command line to 'None'
[0.296s] Level 5:colcon.colcon_core.verb:set package 'assignment1' build argument 'cmake_target' from command line to 'None'
[0.296s] Level 5:colcon.colcon_core.verb:set package 'assignment1' build argument 'cmake_target_skip_unavailable' from command line to 'False'
[0.296s] Level 5:colcon.colcon_core.verb:set package 'assignment1' build argument 'cmake_clean_cache' from command line to 'False'
[0.296s] Level 5:colcon.colcon_core.verb:set package 'assignment1' build argument 'cmake_clean_first' from command line to 'False'
[0.296s] Level 5:colcon.colcon_core.verb:set package 'assignment1' build argument 'cmake_force_configure' from command line to 'False'
[0.296s] Level 5:colcon.colcon_core.verb:set package 'assignment1' build argument 'ament_cmake_args' from command line to 'None'
[0.296s] Level 5:colcon.colcon_core.verb:set package 'assignment1' build argument 'catkin_cmake_args' from command line to 'None'
[0.296s] Level 5:colcon.colcon_core.verb:set package 'assignment1' build argument 'catkin_skip_building_tests' from command line to 'False'
[0.296s] DEBUG:colcon.colcon_core.verb:Building package 'assignment1' with the following arguments: {'ament_cmake_args': None, 'build_base': '/home/yunus/ros2_ws/build/assignment1', 'catkin_cmake_args': None, 'catkin_skip_building_tests': False, 'cmake_args': None, 'cmake_clean_cache': False, 'cmake_clean_first': False, 'cmake_force_configure': False, 'cmake_target': None, 'cmake_target_skip_unavailable': False, 'install_base': '/home/yunus/ros2_ws/install/assignment1', 'merge_install': False, 'path': '/home/yunus/ros2_ws/src/assignment1', 'symlink_install': False, 'test_result_base': None}
[0.297s] Level 5:colcon.colcon_core.verb:set package 'custom_messages_pkg' build argument 'cmake_args' from command line to 'None'
[0.297s] Level 5:colcon.colcon_core.verb:set package 'custom_messages_pkg' build argument 'cmake_target' from command line to 'None'
[0.297s] Level 5:colcon.colcon_core.verb:set package 'custom_messages_pkg' build argument 'cmake_target_skip_unavailable' from command line to 'False'
[0.297s] Level 5:colcon.colcon_core.verb:set package 'custom_messages_pkg' build argument 'cmake_clean_cache' from command line to 'False'
[0.297s] Level 5:colcon.colcon_core.verb:set package 'custom_messages_pkg' build argument 'cmake_clean_first' from command line to 'False'
[0.297s] Level 5:colcon.colcon_core.verb:set package 'custom_messages_pkg' build argument 'cmake_force_configure' from command line to 'False'
[0.297s] Level 5:colcon.colcon_core.verb:set package 'custom_messages_pkg' build argument 'ament_cmake_args' from command line to 'None'
[0.297s] Level 5:colcon.colcon_core.verb:set package 'custom_messages_pkg' build argument 'catkin_cmake_args' from command line to 'None'
[0.297s] Level 5:colcon.colcon_core.verb:set package 'custom_messages_pkg' build argument 'catkin_skip_building_tests' from command line to 'False'
[0.297s] DEBUG:colcon.colcon_core.verb:Building package 'custom_messages_pkg' with the following arguments: {'ament_cmake_args': None, 'build_base': '/home/yunus/ros2_ws/build/custom_messages_pkg', 'catkin_cmake_args': None, 'catkin_skip_building_tests': False, 'cmake_args': None, 'cmake_clean_cache': False, 'cmake_clean_first': False, 'cmake_force_configure': False, 'cmake_target': None, 'cmake_target_skip_unavailable': False, 'install_base': '/home/yunus/ros2_ws/install/custom_messages_pkg', 'merge_install': False, 'path': '/home/yunus/ros2_ws/src/custom_messages_pkg', 'symlink_install': False, 'test_result_base': None}
[0.298s] INFO:colcon.colcon_core.executor:Executing jobs using 'parallel' executor
[0.305s] DEBUG:colcon.colcon_parallel_executor.executor.parallel:run_until_complete
[0.305s] INFO:colcon.colcon_ros.task.ament_python.build:Building ROS package in '/home/yunus/ros2_ws/src/a2' with build type 'ament_python'
[0.306s] Level 1:colcon.colcon_core.shell:create_environment_hook('a2', 'ament_prefix_path')
[0.311s] INFO:colcon.colcon_core.plugin_system:Skipping extension 'colcon_core.shell.bat': Not used on non-Windows systems
[0.311s] INFO:colcon.colcon_core.shell:Creating environment hook '/home/yunus/ros2_ws/install/a2/share/a2/hook/ament_prefix_path.ps1'
[0.311s] INFO:colcon.colcon_core.shell:Creating environment descriptor '/home/yunus/ros2_ws/install/a2/share/a2/hook/ament_prefix_path.dsv'
[0.312s] INFO:colcon.colcon_core.shell:Creating environment hook '/home/yunus/ros2_ws/install/a2/share/a2/hook/ament_prefix_path.sh'
[0.314s] INFO:colcon.colcon_core.shell:Skip shell extension 'powershell' for command environment: Not usable outside of PowerShell
[0.314s] DEBUG:colcon.colcon_core.shell:Skip shell extension 'dsv' for command environment
[0.324s] INFO:colcon.colcon_ros.task.ament_python.build:Building ROS package in '/home/yunus/ros2_ws/src/assignment1' with build type 'ament_python'
[0.324s] Level 1:colcon.colcon_core.shell:create_environment_hook('assignment1', 'ament_prefix_path')
[0.327s] INFO:colcon.colcon_core.shell:Creating environment hook '/home/yunus/ros2_ws/install/assignment1/share/assignment1/hook/ament_prefix_path.ps1'
[0.328s] INFO:colcon.colcon_core.shell:Creating environment descriptor '/home/yunus/ros2_ws/install/assignment1/share/assignment1/hook/ament_prefix_path.dsv'
[0.328s] INFO:colcon.colcon_core.shell:Creating environment hook '/home/yunus/ros2_ws/install/assignment1/share/assignment1/hook/ament_prefix_path.sh'
[0.331s] INFO:colcon.colcon_core.shell:Skip shell extension 'powershell' for command environment: Not usable outside of PowerShell
[0.331s] DEBUG:colcon.colcon_core.shell:Skip shell extension 'dsv' for command environment
[0.340s] INFO:colcon.colcon_ros.task.ament_cmake.build:Building ROS package in '/home/yunus/ros2_ws/src/custom_messages_pkg' with build type 'ament_cmake'
[0.341s] INFO:colcon.colcon_cmake.task.cmake.build:Building CMake package in '/home/yunus/ros2_ws/src/custom_messages_pkg'
[0.344s] INFO:colcon.colcon_core.shell:Skip shell extension 'powershell' for command environment: Not usable outside of PowerShell
[0.344s] DEBUG:colcon.colcon_core.shell:Skip shell extension 'dsv' for command environment
[0.575s] INFO:colcon.colcon_core.task.python.build:Building Python package in '/home/yunus/ros2_ws/src/a2'
[0.578s] INFO:colcon.colcon_core.shell:Skip shell extension 'powershell' for command environment: Not usable outside of PowerShell
[0.578s] DEBUG:colcon.colcon_core.shell:Skip shell extension 'dsv' for command environment
[0.802s] INFO:colcon.colcon_core.task.python.build:Building Python package in '/home/yunus/ros2_ws/src/assignment1'
[0.805s] INFO:colcon.colcon_core.shell:Skip shell extension 'powershell' for command environment: Not usable outside of PowerShell
[0.805s] DEBUG:colcon.colcon_core.shell:Skip shell extension 'dsv' for command environment
[0.818s] DEBUG:colcon.colcon_core.event_handler.log_command:Invoking command in '/home/yunus/ros2_ws/build/custom_messages_pkg': CMAKE_PREFIX_PATH=${CMAKE_PREFIX_PATH}:/home/yunus/ros2_ws/install/assignment1:/home/yunus/ros2_ws/install/a2:/opt/ros/foxy /usr/bin/cmake --build /home/yunus/ros2_ws/build/custom_messages_pkg -- -j8 -l8
[1.281s] DEBUG:colcon.colcon_core.event_handler.log_command:Invoking command in '/home/yunus/ros2_ws/build/a2': PYTHONPATH=/home/yunus/ros2_ws/build/a2/prefix_override:/home/yunus/ros2_ws/install/a2/lib/python3.8/site-packages:${PYTHONPATH} /usr/bin/python3 setup.py develop --uninstall --editable --build-directory /home/yunus/ros2_ws/build/a2/build
[1.288s] DEBUG:colcon.colcon_core.event_handler.log_command:Invoking command in '/home/yunus/ros2_ws/build/assignment1': PYTHONPATH=/home/yunus/ros2_ws/build/assignment1/prefix_override:/home/yunus/ros2_ws/install/assignment1/lib/python3.8/site-packages:${PYTHONPATH} /usr/bin/python3 setup.py develop --uninstall --editable --build-directory /home/yunus/ros2_ws/build/assignment1/build
[1.734s] DEBUG:colcon.colcon_core.event_handler.log_command:Invoked command in '/home/yunus/ros2_ws/build/a2' returned '0': PYTHONPATH=/home/yunus/ros2_ws/build/a2/prefix_override:/home/yunus/ros2_ws/install/a2/lib/python3.8/site-packages:${PYTHONPATH} /usr/bin/python3 setup.py develop --uninstall --editable --build-directory /home/yunus/ros2_ws/build/a2/build
[1.738s] DEBUG:colcon.colcon_core.event_handler.log_command:Invoking command in '/home/yunus/ros2_ws/src/a2': PYTHONPATH=/home/yunus/ros2_ws/build/a2/prefix_override:/home/yunus/ros2_ws/install/a2/lib/python3.8/site-packages:${PYTHONPATH} /usr/bin/python3 setup.py egg_info --egg-base ../../build/a2 build --build-base /home/yunus/ros2_ws/build/a2/build install --record /home/yunus/ros2_ws/build/a2/install.log --install-scripts $base/lib/a2 --single-version-externally-managed
[1.742s] DEBUG:colcon.colcon_core.event_handler.log_command:Invoked command in '/home/yunus/ros2_ws/build/assignment1' returned '0': PYTHONPATH=/home/yunus/ros2_ws/build/assignment1/prefix_override:/home/yunus/ros2_ws/install/assignment1/lib/python3.8/site-packages:${PYTHONPATH} /usr/bin/python3 setup.py develop --uninstall --editable --build-directory /home/yunus/ros2_ws/build/assignment1/build
[1.745s] DEBUG:colcon.colcon_core.event_handler.log_command:Invoking command in '/home/yunus/ros2_ws/src/assignment1': PYTHONPATH=/home/yunus/ros2_ws/build/assignment1/prefix_override:/home/yunus/ros2_ws/install/assignment1/lib/python3.8/site-packages:${PYTHONPATH} /usr/bin/python3 setup.py egg_info --egg-base ../../build/assignment1 build --build-base /home/yunus/ros2_ws/build/assignment1/build install --record /home/yunus/ros2_ws/build/assignment1/install.log --install-scripts $base/lib/assignment1 --single-version-externally-managed
[2.092s] DEBUG:colcon.colcon_core.event_handler.log_command:Invoked command in '/home/yunus/ros2_ws/src/a2' returned '0': PYTHONPATH=/home/yunus/ros2_ws/build/a2/prefix_override:/home/yunus/ros2_ws/install/a2/lib/python3.8/site-packages:${PYTHONPATH} /usr/bin/python3 setup.py egg_info --egg-base ../../build/a2 build --build-base /home/yunus/ros2_ws/build/a2/build install --record /home/yunus/ros2_ws/build/a2/install.log --install-scripts $base/lib/a2 --single-version-externally-managed
[2.102s] Level 1:colcon.colcon_core.environment:checking '/home/yunus/ros2_ws/install/a2' for CMake module files
[2.103s] Level 1:colcon.colcon_core.environment:checking '/home/yunus/ros2_ws/install/a2' for CMake config files
[2.104s] Level 1:colcon.colcon_core.environment:checking '/home/yunus/ros2_ws/install/a2/lib'
[2.104s] Level 1:colcon.colcon_core.environment:checking '/home/yunus/ros2_ws/install/a2/bin'
[2.104s] Level 1:colcon.colcon_core.environment:checking '/home/yunus/ros2_ws/install/a2/lib/pkgconfig/a2.pc'
[2.104s] Level 1:colcon.colcon_core.environment:checking '/home/yunus/ros2_ws/install/a2/lib/python3.8/site-packages'
[2.104s] Level 1:colcon.colcon_core.shell:create_environment_hook('a2', 'pythonpath')
[2.109s] INFO:colcon.colcon_core.shell:Creating environment hook '/home/yunus/ros2_ws/install/a2/share/a2/hook/pythonpath.ps1'
[2.109s] INFO:colcon.colcon_core.shell:Creating environment descriptor '/home/yunus/ros2_ws/install/a2/share/a2/hook/pythonpath.dsv'
[2.110s] INFO:colcon.colcon_core.shell:Creating environment hook '/home/yunus/ros2_ws/install/a2/share/a2/hook/pythonpath.sh'
[2.111s] Level 1:colcon.colcon_core.environment:checking '/home/yunus/ros2_ws/install/a2/bin'
[2.111s] Level 1:colcon.colcon_core.environment:create_environment_scripts_only(a2)
[2.115s] INFO:colcon.colcon_core.shell:Creating package script '/home/yunus/ros2_ws/install/a2/share/a2/package.ps1'
[2.116s] INFO:colcon.colcon_core.shell:Creating package descriptor '/home/yunus/ros2_ws/install/a2/share/a2/package.dsv'
[2.117s] INFO:colcon.colcon_core.shell:Creating package script '/home/yunus/ros2_ws/install/a2/share/a2/package.sh'
[2.118s] INFO:colcon.colcon_core.shell:Creating package script '/home/yunus/ros2_ws/install/a2/share/a2/package.bash'
[2.119s] INFO:colcon.colcon_core.shell:Creating package script '/home/yunus/ros2_ws/install/a2/share/a2/package.zsh'
[2.120s] Level 1:colcon.colcon_core.environment:create_file_with_runtime_dependencies(/home/yunus/ros2_ws/install/a2/share/colcon-core/packages/a2)
[2.127s] Level 1:colcon.colcon_core.environment:checking '/home/yunus/ros2_ws/install/assignment1' for CMake module files
[2.128s] DEBUG:colcon.colcon_core.event_handler.log_command:Invoked command in '/home/yunus/ros2_ws/src/assignment1' returned '0': PYTHONPATH=/home/yunus/ros2_ws/build/assignment1/prefix_override:/home/yunus/ros2_ws/install/assignment1/lib/python3.8/site-packages:${PYTHONPATH} /usr/bin/python3 setup.py egg_info --egg-base ../../build/assignment1 build --build-base /home/yunus/ros2_ws/build/assignment1/build install --record /home/yunus/ros2_ws/build/assignment1/install.log --install-scripts $base/lib/assignment1 --single-version-externally-managed
[2.128s] Level 1:colcon.colcon_core.environment:checking '/home/yunus/ros2_ws/install/assignment1' for CMake config files
[2.128s] Level 1:colcon.colcon_core.environment:checking '/home/yunus/ros2_ws/install/assignment1/lib'
[2.128s] Level 1:colcon.colcon_core.environment:checking '/home/yunus/ros2_ws/install/assignment1/bin'
[2.128s] Level 1:colcon.colcon_core.environment:checking '/home/yunus/ros2_ws/install/assignment1/lib/pkgconfig/assignment1.pc'
[2.129s] Level 1:colcon.colcon_core.environment:checking '/home/yunus/ros2_ws/install/assignment1/lib/python3.8/site-packages'
[2.129s] Level 1:colcon.colcon_core.shell:create_environment_hook('assignment1', 'pythonpath')
[2.131s] INFO:colcon.colcon_core.shell:Creating environment hook '/home/yunus/ros2_ws/install/assignment1/share/assignment1/hook/pythonpath.ps1'
[2.132s] INFO:colcon.colcon_core.shell:Creating environment descriptor '/home/yunus/ros2_ws/install/assignment1/share/assignment1/hook/pythonpath.dsv'
[2.132s] INFO:colcon.colcon_core.shell:Creating environment hook '/home/yunus/ros2_ws/install/assignment1/share/assignment1/hook/pythonpath.sh'
[2.133s] Level 1:colcon.colcon_core.environment:checking '/home/yunus/ros2_ws/install/assignment1/bin'
[2.133s] Level 1:colcon.colcon_core.environment:create_environment_scripts_only(assignment1)
[2.136s] INFO:colcon.colcon_core.shell:Creating package script '/home/yunus/ros2_ws/install/assignment1/share/assignment1/package.ps1'
[2.137s] INFO:colcon.colcon_core.shell:Creating package descriptor '/home/yunus/ros2_ws/install/assignment1/share/assignment1/package.dsv'
[2.137s] INFO:colcon.colcon_core.shell:Creating package script '/home/yunus/ros2_ws/install/assignment1/share/assignment1/package.sh'
[2.138s] INFO:colcon.colcon_core.shell:Creating package script '/home/yunus/ros2_ws/install/assignment1/share/assignment1/package.bash'
[2.138s] INFO:colcon.colcon_core.shell:Creating package script '/home/yunus/ros2_ws/install/assignment1/share/assignment1/package.zsh'
[2.139s] Level 1:colcon.colcon_core.environment:create_file_with_runtime_dependencies(/home/yunus/ros2_ws/install/assignment1/share/colcon-core/packages/assignment1)
[4.733s] DEBUG:colcon.colcon_core.event_handler.log_command:Invoked command in '/home/yunus/ros2_ws/build/custom_messages_pkg' returned '0': CMAKE_PREFIX_PATH=${CMAKE_PREFIX_PATH}:/home/yunus/ros2_ws/install/assignment1:/home/yunus/ros2_ws/install/a2:/opt/ros/foxy /usr/bin/cmake --build /home/yunus/ros2_ws/build/custom_messages_pkg -- -j8 -l8
[4.795s] DEBUG:colcon.colcon_core.event_handler.log_command:Invoking command in '/home/yunus/ros2_ws/build/custom_messages_pkg': CMAKE_PREFIX_PATH=${CMAKE_PREFIX_PATH}:/home/yunus/ros2_ws/install/assignment1:/home/yunus/ros2_ws/install/a2:/opt/ros/foxy /usr/bin/cmake --install /home/yunus/ros2_ws/build/custom_messages_pkg
[4.848s] Level 1:colcon.colcon_core.environment:create_environment_scripts_only(custom_messages_pkg)
[4.853s] Level 1:colcon.colcon_core.environment:checking '/home/yunus/ros2_ws/install/custom_messages_pkg' for CMake module files
[4.854s] DEBUG:colcon.colcon_core.event_handler.log_command:Invoked command in '/home/yunus/ros2_ws/build/custom_messages_pkg' returned '0': CMAKE_PREFIX_PATH=${CMAKE_PREFIX_PATH}:/home/yunus/ros2_ws/install/assignment1:/home/yunus/ros2_ws/install/a2:/opt/ros/foxy /usr/bin/cmake --install /home/yunus/ros2_ws/build/custom_messages_pkg
[4.854s] Level 1:colcon.colcon_core.environment:checking '/home/yunus/ros2_ws/install/custom_messages_pkg' for CMake config files
[4.854s] Level 1:colcon.colcon_core.shell:create_environment_hook('custom_messages_pkg', 'cmake_prefix_path')
[4.857s] INFO:colcon.colcon_core.shell:Creating environment hook '/home/yunus/ros2_ws/install/custom_messages_pkg/share/custom_messages_pkg/hook/cmake_prefix_path.ps1'
[4.857s] INFO:colcon.colcon_core.shell:Creating environment descriptor '/home/yunus/ros2_ws/install/custom_messages_pkg/share/custom_messages_pkg/hook/cmake_prefix_path.dsv'
[4.857s] INFO:colcon.colcon_core.shell:Creating environment hook '/home/yunus/ros2_ws/install/custom_messages_pkg/share/custom_messages_pkg/hook/cmake_prefix_path.sh'
[4.858s] Level 1:colcon.colcon_core.environment:checking '/home/yunus/ros2_ws/install/custom_messages_pkg/lib'
[4.858s] Level 1:colcon.colcon_core.shell:create_environment_hook('custom_messages_pkg', 'ld_library_path_lib')
[4.860s] INFO:colcon.colcon_core.shell:Creating environment hook '/home/yunus/ros2_ws/install/custom_messages_pkg/share/custom_messages_pkg/hook/ld_library_path_lib.ps1'
[4.860s] INFO:colcon.colcon_core.shell:Creating environment descriptor '/home/yunus/ros2_ws/install/custom_messages_pkg/share/custom_messages_pkg/hook/ld_library_path_lib.dsv'
[4.861s] INFO:colcon.colcon_core.shell:Creating environment hook '/home/yunus/ros2_ws/install/custom_messages_pkg/share/custom_messages_pkg/hook/ld_library_path_lib.sh'
[4.861s] Level 1:colcon.colcon_core.environment:checking '/home/yunus/ros2_ws/install/custom_messages_pkg/bin'
[4.861s] Level 1:colcon.colcon_core.environment:checking '/home/yunus/ros2_ws/install/custom_messages_pkg/lib/pkgconfig/custom_messages_pkg.pc'
[4.861s] Level 1:colcon.colcon_core.environment:checking '/home/yunus/ros2_ws/install/custom_messages_pkg/lib/python3.8/site-packages'
[4.861s] Level 1:colcon.colcon_core.shell:create_environment_hook('custom_messages_pkg', 'pythonpath')
[4.863s] INFO:colcon.colcon_core.shell:Creating environment hook '/home/yunus/ros2_ws/install/custom_messages_pkg/share/custom_messages_pkg/hook/pythonpath.ps1'
[4.864s] INFO:colcon.colcon_core.shell:Creating environment descriptor '/home/yunus/ros2_ws/install/custom_messages_pkg/share/custom_messages_pkg/hook/pythonpath.dsv'
[4.864s] INFO:colcon.colcon_core.shell:Creating environment hook '/home/yunus/ros2_ws/install/custom_messages_pkg/share/custom_messages_pkg/hook/pythonpath.sh'
[4.864s] Level 1:colcon.colcon_core.environment:checking '/home/yunus/ros2_ws/install/custom_messages_pkg/bin'
[4.867s] INFO:colcon.colcon_core.shell:Creating package script '/home/yunus/ros2_ws/install/custom_messages_pkg/share/custom_messages_pkg/package.ps1'
[4.867s] INFO:colcon.colcon_core.shell:Creating package descriptor '/home/yunus/ros2_ws/install/custom_messages_pkg/share/custom_messages_pkg/package.dsv'
[4.868s] INFO:colcon.colcon_core.shell:Creating package script '/home/yunus/ros2_ws/install/custom_messages_pkg/share/custom_messages_pkg/package.sh'
[4.868s] INFO:colcon.colcon_core.shell:Creating package script '/home/yunus/ros2_ws/install/custom_messages_pkg/share/custom_messages_pkg/package.bash'
[4.868s] INFO:colcon.colcon_core.shell:Creating package script '/home/yunus/ros2_ws/install/custom_messages_pkg/share/custom_messages_pkg/package.zsh'
[4.868s] Level 1:colcon.colcon_core.environment:create_file_with_runtime_dependencies(/home/yunus/ros2_ws/install/custom_messages_pkg/share/colcon-core/packages/custom_messages_pkg)
[4.922s] Level 1:colcon.colcon_core.environment:create_environment_scripts_only(custom_messages_pkg)
[4.925s] Level 1:colcon.colcon_core.environment:checking '/home/yunus/ros2_ws/install/custom_messages_pkg' for CMake module files
[4.925s] Level 1:colcon.colcon_core.environment:checking '/home/yunus/ros2_ws/install/custom_messages_pkg' for CMake config files
[4.926s] Level 1:colcon.colcon_core.shell:create_environment_hook('custom_messages_pkg', 'cmake_prefix_path')
[4.928s] INFO:colcon.colcon_core.shell:Creating environment hook '/home/yunus/ros2_ws/install/custom_messages_pkg/share/custom_messages_pkg/hook/cmake_prefix_path.ps1'
[4.929s] INFO:colcon.colcon_core.shell:Creating environment descriptor '/home/yunus/ros2_ws/install/custom_messages_pkg/share/custom_messages_pkg/hook/cmake_prefix_path.dsv'
[4.929s] INFO:colcon.colcon_core.shell:Creating environment hook '/home/yunus/ros2_ws/install/custom_messages_pkg/share/custom_messages_pkg/hook/cmake_prefix_path.sh'
[4.929s] Level 1:colcon.colcon_core.environment:checking '/home/yunus/ros2_ws/install/custom_messages_pkg/lib'
[4.929s] Level 1:colcon.colcon_core.shell:create_environment_hook('custom_messages_pkg', 'ld_library_path_lib')
[4.932s] INFO:colcon.colcon_core.shell:Creating environment hook '/home/yunus/ros2_ws/install/custom_messages_pkg/share/custom_messages_pkg/hook/ld_library_path_lib.ps1'
[4.932s] INFO:colcon.colcon_core.shell:Creating environment descriptor '/home/yunus/ros2_ws/install/custom_messages_pkg/share/custom_messages_pkg/hook/ld_library_path_lib.dsv'
[4.932s] INFO:colcon.colcon_core.shell:Creating environment hook '/home/yunus/ros2_ws/install/custom_messages_pkg/share/custom_messages_pkg/hook/ld_library_path_lib.sh'
[4.932s] Level 1:colcon.colcon_core.environment:checking '/home/yunus/ros2_ws/install/custom_messages_pkg/bin'
[4.932s] Level 1:colcon.colcon_core.environment:checking '/home/yunus/ros2_ws/install/custom_messages_pkg/lib/pkgconfig/custom_messages_pkg.pc'
[4.933s] Level 1:colcon.colcon_core.environment:checking '/home/yunus/ros2_ws/install/custom_messages_pkg/lib/python3.8/site-packages'
[4.933s] Level 1:colcon.colcon_core.shell:create_environment_hook('custom_messages_pkg', 'pythonpath')
[4.935s] INFO:colcon.colcon_core.shell:Creating environment hook '/home/yunus/ros2_ws/install/custom_messages_pkg/share/custom_messages_pkg/hook/pythonpath.ps1'
[4.935s] INFO:colcon.colcon_core.shell:Creating environment descriptor '/home/yunus/ros2_ws/install/custom_messages_pkg/share/custom_messages_pkg/hook/pythonpath.dsv'
[4.935s] INFO:colcon.colcon_core.shell:Creating environment hook '/home/yunus/ros2_ws/install/custom_messages_pkg/share/custom_messages_pkg/hook/pythonpath.sh'
[4.936s] Level 1:colcon.colcon_core.environment:checking '/home/yunus/ros2_ws/install/custom_messages_pkg/bin'
[4.938s] INFO:colcon.colcon_core.shell:Creating package script '/home/yunus/ros2_ws/install/custom_messages_pkg/share/custom_messages_pkg/package.ps1'
[4.938s] INFO:colcon.colcon_core.shell:Creating package descriptor '/home/yunus/ros2_ws/install/custom_messages_pkg/share/custom_messages_pkg/package.dsv'
[4.939s] INFO:colcon.colcon_core.shell:Creating package script '/home/yunus/ros2_ws/install/custom_messages_pkg/share/custom_messages_pkg/package.sh'
[4.939s] INFO:colcon.colcon_core.shell:Creating package script '/home/yunus/ros2_ws/install/custom_messages_pkg/share/custom_messages_pkg/package.bash'
[4.939s] INFO:colcon.colcon_core.shell:Creating package script '/home/yunus/ros2_ws/install/custom_messages_pkg/share/custom_messages_pkg/package.zsh'
[4.940s] Level 1:colcon.colcon_core.environment:create_file_with_runtime_dependencies(/home/yunus/ros2_ws/install/custom_messages_pkg/share/colcon-core/packages/custom_messages_pkg)
[4.940s] DEBUG:colcon.colcon_parallel_executor.executor.parallel:closing loop
[4.940s] DEBUG:colcon.colcon_parallel_executor.executor.parallel:loop closed
[4.940s] DEBUG:colcon.colcon_parallel_executor.executor.parallel:run_until_complete finished with '0'
[4.940s] DEBUG:colcon.colcon_core.event_reactor:joining thread
[4.948s] INFO:colcon.colcon_core.plugin_system:Skipping extension 'colcon_notification.desktop_notification.terminal_notifier': Not used on non-Darwin systems
[4.948s] INFO:colcon.colcon_core.plugin_system:Skipping extension 'colcon_notification.desktop_notification.win32': Not used on non-Windows systems
[4.948s] INFO:colcon.colcon_notification.desktop_notification:Sending desktop notification using 'notify2'
[4.958s] DEBUG:colcon.colcon_core.event_reactor:joined thread
[4.960s] INFO:colcon.colcon_core.shell:Creating prefix script '/home/yunus/ros2_ws/install/local_setup.ps1'
[4.962s] INFO:colcon.colcon_core.shell:Creating prefix util module '/home/yunus/ros2_ws/install/_local_setup_util_ps1.py'
[4.963s] INFO:colcon.colcon_core.shell:Creating prefix chain script '/home/yunus/ros2_ws/install/setup.ps1'
[4.965s] INFO:colcon.colcon_core.shell:Creating prefix script '/home/yunus/ros2_ws/install/local_setup.sh'
[4.965s] INFO:colcon.colcon_core.shell:Creating prefix util module '/home/yunus/ros2_ws/install/_local_setup_util_sh.py'
[4.965s] INFO:colcon.colcon_core.shell:Creating prefix chain script '/home/yunus/ros2_ws/install/setup.sh'
[4.967s] INFO:colcon.colcon_core.shell:Creating prefix script '/home/yunus/ros2_ws/install/local_setup.bash'
[4.967s] INFO:colcon.colcon_core.shell:Creating prefix chain script '/home/yunus/ros2_ws/install/setup.bash'
[4.969s] INFO:colcon.colcon_core.shell:Creating prefix script '/home/yunus/ros2_ws/install/local_setup.zsh'
[4.969s] INFO:colcon.colcon_core.shell:Creating prefix chain script '/home/yunus/ros2_ws/install/setup.zsh'
