running develop
running egg_info
writing ../../build/assignment1/assignment1.egg-info/PKG-INFO
writing dependency_links to ../../build/assignment1/assignment1.egg-info/dependency_links.txt
writing entry points to ../../build/assignment1/assignment1.egg-info/entry_points.txt
writing requirements to ../../build/assignment1/assignment1.egg-info/requires.txt
writing top-level names to ../../build/assignment1/assignment1.egg-info/top_level.txt
reading manifest file '../../build/assignment1/assignment1.egg-info/SOURCES.txt'
writing manifest file '../../build/assignment1/assignment1.egg-info/SOURCES.txt'
running build
running build_py
running install
running install_lib
running install_data
running install_egg_info
removing '/home/yunus/ros2_ws/install/assignment1/lib/python3.8/site-packages/assignment1-0.0.0-py3.8.egg-info' (and everything under it)
Copying ../../build/assignment1/assignment1.egg-info to /home/yunus/ros2_ws/install/assignment1/lib/python3.8/site-packages/assignment1-0.0.0-py3.8.egg-info
running install_scripts
Installing a1_answer script to /home/yunus/ros2_ws/install/assignment1/lib/assignment1
Installing a1_referee script to /home/yunus/ros2_ws/install/assignment1/lib/assignment1
writing list of installed files to '/home/yunus/ros2_ws/build/assignment1/install.log'
