[0.153s] DEBUG:colcon:Command line arguments: ['/usr/bin/colcon', 'build', '--symlink-install']
[0.153s] DEBUG:colcon:Parsed command line arguments: Namespace(allow_overriding=[], ament_cmake_args=None, base_paths=['.'], build_base='build', catkin_cmake_args=None, catkin_skip_building_tests=False, cmake_args=None, cmake_clean_cache=False, cmake_clean_first=False, cmake_force_configure=False, cmake_target=None, cmake_target_skip_unavailable=False, continue_on_error=False, event_handlers=None, executor='parallel', ignore_user_meta=False, install_base='install', log_base=None, log_level=None, main=<bound method BuildVerb.main of <colcon_core.verb.build.BuildVerb object at 0x7fc4249a15b0>>, merge_install=False, metas=['./colcon.meta'], packages_above=None, packages_above_and_dependencies=None, packages_above_depth=None, packages_end=None, packages_ignore=None, packages_ignore_regex=None, packages_select=None, packages_select_build_failed=False, packages_select_by_dep=None, packages_select_regex=None, packages_select_test_failures=False, packages_skip=None, packages_skip_build_finished=False, packages_skip_by_dep=None, packages_skip_regex=None, packages_skip_test_passed=False, packages_skip_up_to=None, packages_start=None, packages_up_to=None, packages_up_to_regex=None, parallel_workers=8, paths=None, symlink_install=True, test_result_base=None, verb_extension=<colcon_core.verb.build.BuildVerb object at 0x7fc4249a15b0>, verb_name='build', verb_parser=<colcon_defaults.argument_parser.defaults.DefaultArgumentsDecorator object at 0x7fc4249a1af0>)
[0.183s] Level 1:colcon.colcon_core.package_discovery:discover_packages(colcon_meta) check parameters
[0.183s] Level 1:colcon.colcon_core.package_discovery:discover_packages(recursive) check parameters
[0.183s] Level 1:colcon.colcon_core.package_discovery:discover_packages(ignore) check parameters
[0.183s] Level 1:colcon.colcon_core.package_discovery:discover_packages(path) check parameters
[0.183s] Level 1:colcon.colcon_core.package_discovery:discover_packages(colcon_meta) discover
[0.183s] Level 1:colcon.colcon_core.package_discovery:discover_packages(recursive) discover
[0.183s] INFO:colcon.colcon_core.package_discovery:Crawling recursively for packages in '/home/yunus/ros2_ws'
[0.183s] Level 1:colcon.colcon_core.package_identification:_identify(.) by extensions ['ignore', 'ignore_ament_install']
[0.183s] Level 1:colcon.colcon_core.package_identification:_identify(.) by extension 'ignore'
[0.183s] Level 1:colcon.colcon_core.package_identification:_identify(.) by extension 'ignore_ament_install'
[0.183s] Level 1:colcon.colcon_core.package_identification:_identify(.) by extensions ['colcon_pkg']
[0.183s] Level 1:colcon.colcon_core.package_identification:_identify(.) by extension 'colcon_pkg'
[0.183s] Level 1:colcon.colcon_core.package_identification:_identify(.) by extensions ['colcon_meta']
[0.183s] Level 1:colcon.colcon_core.package_identification:_identify(.) by extension 'colcon_meta'
[0.183s] Level 1:colcon.colcon_core.package_identification:_identify(.) by extensions ['ros']
[0.183s] Level 1:colcon.colcon_core.package_identification:_identify(.) by extension 'ros'
[0.192s] Level 1:colcon.colcon_core.package_identification:_identify(.) by extensions ['cmake', 'python']
[0.192s] Level 1:colcon.colcon_core.package_identification:_identify(.) by extension 'cmake'
[0.192s] Level 1:colcon.colcon_core.package_identification:_identify(.) by extension 'python'
[0.192s] Level 1:colcon.colcon_core.package_identification:_identify(.) by extensions ['python_setup_py']
[0.192s] Level 1:colcon.colcon_core.package_identification:_identify(.) by extension 'python_setup_py'
[0.192s] Level 1:colcon.colcon_core.package_identification:_identify(build) by extensions ['ignore', 'ignore_ament_install']
[0.192s] Level 1:colcon.colcon_core.package_identification:_identify(build) by extension 'ignore'
[0.192s] Level 1:colcon.colcon_core.package_identification:_identify(build) ignored
[0.192s] Level 1:colcon.colcon_core.package_identification:_identify(install) by extensions ['ignore', 'ignore_ament_install']
[0.192s] Level 1:colcon.colcon_core.package_identification:_identify(install) by extension 'ignore'
[0.192s] Level 1:colcon.colcon_core.package_identification:_identify(install) ignored
[0.192s] Level 1:colcon.colcon_core.package_identification:_identify(log) by extensions ['ignore', 'ignore_ament_install']
[0.193s] Level 1:colcon.colcon_core.package_identification:_identify(log) by extension 'ignore'
[0.193s] Level 1:colcon.colcon_core.package_identification:_identify(log) ignored
[0.193s] Level 1:colcon.colcon_core.package_identification:_identify(src) by extensions ['ignore', 'ignore_ament_install']
[0.193s] Level 1:colcon.colcon_core.package_identification:_identify(src) by extension 'ignore'
[0.193s] Level 1:colcon.colcon_core.package_identification:_identify(src) by extension 'ignore_ament_install'
[0.193s] Level 1:colcon.colcon_core.package_identification:_identify(src) by extensions ['colcon_pkg']
[0.193s] Level 1:colcon.colcon_core.package_identification:_identify(src) by extension 'colcon_pkg'
[0.193s] Level 1:colcon.colcon_core.package_identification:_identify(src) by extensions ['colcon_meta']
[0.193s] Level 1:colcon.colcon_core.package_identification:_identify(src) by extension 'colcon_meta'
[0.193s] Level 1:colcon.colcon_core.package_identification:_identify(src) by extensions ['ros']
[0.193s] Level 1:colcon.colcon_core.package_identification:_identify(src) by extension 'ros'
[0.193s] Level 1:colcon.colcon_core.package_identification:_identify(src) by extensions ['cmake', 'python']
[0.193s] Level 1:colcon.colcon_core.package_identification:_identify(src) by extension 'cmake'
[0.193s] Level 1:colcon.colcon_core.package_identification:_identify(src) by extension 'python'
[0.193s] Level 1:colcon.colcon_core.package_identification:_identify(src) by extensions ['python_setup_py']
[0.193s] Level 1:colcon.colcon_core.package_identification:_identify(src) by extension 'python_setup_py'
[0.193s] Level 1:colcon.colcon_core.package_identification:_identify(src/a2) by extensions ['ignore', 'ignore_ament_install']
[0.193s] Level 1:colcon.colcon_core.package_identification:_identify(src/a2) by extension 'ignore'
[0.193s] Level 1:colcon.colcon_core.package_identification:_identify(src/a2) by extension 'ignore_ament_install'
[0.193s] Level 1:colcon.colcon_core.package_identification:_identify(src/a2) by extensions ['colcon_pkg']
[0.193s] Level 1:colcon.colcon_core.package_identification:_identify(src/a2) by extension 'colcon_pkg'
[0.193s] Level 1:colcon.colcon_core.package_identification:_identify(src/a2) by extensions ['colcon_meta']
[0.193s] Level 1:colcon.colcon_core.package_identification:_identify(src/a2) by extension 'colcon_meta'
[0.193s] Level 1:colcon.colcon_core.package_identification:_identify(src/a2) by extensions ['ros']
[0.193s] Level 1:colcon.colcon_core.package_identification:_identify(src/a2) by extension 'ros'
[0.196s] DEBUG:colcon.colcon_core.package_identification:Package 'src/a2' with type 'ros.ament_python' and name 'a2'
[0.196s] Level 1:colcon.colcon_core.package_identification:_identify(src/assignment1) by extensions ['ignore', 'ignore_ament_install']
[0.196s] Level 1:colcon.colcon_core.package_identification:_identify(src/assignment1) by extension 'ignore'
[0.196s] Level 1:colcon.colcon_core.package_identification:_identify(src/assignment1) by extension 'ignore_ament_install'
[0.196s] Level 1:colcon.colcon_core.package_identification:_identify(src/assignment1) by extensions ['colcon_pkg']
[0.196s] Level 1:colcon.colcon_core.package_identification:_identify(src/assignment1) by extension 'colcon_pkg'
[0.196s] Level 1:colcon.colcon_core.package_identification:_identify(src/assignment1) by extensions ['colcon_meta']
[0.196s] Level 1:colcon.colcon_core.package_identification:_identify(src/assignment1) by extension 'colcon_meta'
[0.196s] Level 1:colcon.colcon_core.package_identification:_identify(src/assignment1) by extensions ['ros']
[0.196s] Level 1:colcon.colcon_core.package_identification:_identify(src/assignment1) by extension 'ros'
[0.196s] DEBUG:colcon.colcon_core.package_identification:Package 'src/assignment1' with type 'ros.ament_python' and name 'assignment1'
[0.196s] Level 1:colcon.colcon_core.package_identification:_identify(src/custom_messages_pkg) by extensions ['ignore', 'ignore_ament_install']
[0.197s] Level 1:colcon.colcon_core.package_identification:_identify(src/custom_messages_pkg) by extension 'ignore'
[0.197s] Level 1:colcon.colcon_core.package_identification:_identify(src/custom_messages_pkg) by extension 'ignore_ament_install'
[0.197s] Level 1:colcon.colcon_core.package_identification:_identify(src/custom_messages_pkg) by extensions ['colcon_pkg']
[0.197s] Level 1:colcon.colcon_core.package_identification:_identify(src/custom_messages_pkg) by extension 'colcon_pkg'
[0.197s] Level 1:colcon.colcon_core.package_identification:_identify(src/custom_messages_pkg) by extensions ['colcon_meta']
[0.197s] Level 1:colcon.colcon_core.package_identification:_identify(src/custom_messages_pkg) by extension 'colcon_meta'
[0.197s] Level 1:colcon.colcon_core.package_identification:_identify(src/custom_messages_pkg) by extensions ['ros']
[0.197s] Level 1:colcon.colcon_core.package_identification:_identify(src/custom_messages_pkg) by extension 'ros'
[0.197s] DEBUG:colcon.colcon_core.package_identification:Package 'src/custom_messages_pkg' with type 'ros.ament_cmake' and name 'custom_messages_pkg'
[0.197s] Level 1:colcon.colcon_core.package_identification:_identify(src/robotic_project) by extensions ['ignore', 'ignore_ament_install']
[0.197s] Level 1:colcon.colcon_core.package_identification:_identify(src/robotic_project) by extension 'ignore'
[0.197s] Level 1:colcon.colcon_core.package_identification:_identify(src/robotic_project) by extension 'ignore_ament_install'
[0.197s] Level 1:colcon.colcon_core.package_identification:_identify(src/robotic_project) by extensions ['colcon_pkg']
[0.197s] Level 1:colcon.colcon_core.package_identification:_identify(src/robotic_project) by extension 'colcon_pkg'
[0.197s] Level 1:colcon.colcon_core.package_identification:_identify(src/robotic_project) by extensions ['colcon_meta']
[0.197s] Level 1:colcon.colcon_core.package_identification:_identify(src/robotic_project) by extension 'colcon_meta'
[0.198s] Level 1:colcon.colcon_core.package_identification:_identify(src/robotic_project) by extensions ['ros']
[0.198s] Level 1:colcon.colcon_core.package_identification:_identify(src/robotic_project) by extension 'ros'
[0.198s] DEBUG:colcon.colcon_core.package_identification:Package 'src/robotic_project' with type 'ros.ament_python' and name 'robotic_project'
[0.198s] Level 1:colcon.colcon_core.package_discovery:discover_packages(recursive) using defaults
[0.198s] Level 1:colcon.colcon_core.package_discovery:discover_packages(ignore) discover
[0.198s] Level 1:colcon.colcon_core.package_discovery:discover_packages(ignore) using defaults
[0.198s] Level 1:colcon.colcon_core.package_discovery:discover_packages(path) discover
[0.198s] Level 1:colcon.colcon_core.package_discovery:discover_packages(path) using defaults
[0.219s] Level 1:colcon.colcon_core.package_discovery:discover_packages(prefix_path) check parameters
[0.219s] Level 1:colcon.colcon_core.package_discovery:discover_packages(prefix_path) discover
[0.222s] DEBUG:colcon.colcon_installed_package_information.package_discovery:Found 4 installed packages in /home/yunus/ros2_ws/install
[0.224s] DEBUG:colcon.colcon_installed_package_information.package_discovery:Found 321 installed packages in /opt/ros/foxy
[0.225s] Level 1:colcon.colcon_core.package_discovery:discover_packages(prefix_path) using defaults
[0.291s] Level 5:colcon.colcon_core.verb:set package 'a2' build argument 'cmake_args' from command line to 'None'
[0.291s] Level 5:colcon.colcon_core.verb:set package 'a2' build argument 'cmake_target' from command line to 'None'
[0.291s] Level 5:colcon.colcon_core.verb:set package 'a2' build argument 'cmake_target_skip_unavailable' from command line to 'False'
[0.291s] Level 5:colcon.colcon_core.verb:set package 'a2' build argument 'cmake_clean_cache' from command line to 'False'
[0.291s] Level 5:colcon.colcon_core.verb:set package 'a2' build argument 'cmake_clean_first' from command line to 'False'
[0.291s] Level 5:colcon.colcon_core.verb:set package 'a2' build argument 'cmake_force_configure' from command line to 'False'
[0.291s] Level 5:colcon.colcon_core.verb:set package 'a2' build argument 'ament_cmake_args' from command line to 'None'
[0.291s] Level 5:colcon.colcon_core.verb:set package 'a2' build argument 'catkin_cmake_args' from command line to 'None'
[0.291s] Level 5:colcon.colcon_core.verb:set package 'a2' build argument 'catkin_skip_building_tests' from command line to 'False'
[0.291s] DEBUG:colcon.colcon_core.verb:Building package 'a2' with the following arguments: {'ament_cmake_args': None, 'build_base': '/home/yunus/ros2_ws/build/a2', 'catkin_cmake_args': None, 'catkin_skip_building_tests': False, 'cmake_args': None, 'cmake_clean_cache': False, 'cmake_clean_first': False, 'cmake_force_configure': False, 'cmake_target': None, 'cmake_target_skip_unavailable': False, 'install_base': '/home/yunus/ros2_ws/install/a2', 'merge_install': False, 'path': '/home/yunus/ros2_ws/src/a2', 'symlink_install': True, 'test_result_base': None}
[0.292s] Level 5:colcon.colcon_core.verb:set package 'assignment1' build argument 'cmake_args' from command line to 'None'
[0.292s] Level 5:colcon.colcon_core.verb:set package 'assignment1' build argument 'cmake_target' from command line to 'None'
[0.292s] Level 5:colcon.colcon_core.verb:set package 'assignment1' build argument 'cmake_target_skip_unavailable' from command line to 'False'
[0.292s] Level 5:colcon.colcon_core.verb:set package 'assignment1' build argument 'cmake_clean_cache' from command line to 'False'
[0.292s] Level 5:colcon.colcon_core.verb:set package 'assignment1' build argument 'cmake_clean_first' from command line to 'False'
[0.292s] Level 5:colcon.colcon_core.verb:set package 'assignment1' build argument 'cmake_force_configure' from command line to 'False'
[0.292s] Level 5:colcon.colcon_core.verb:set package 'assignment1' build argument 'ament_cmake_args' from command line to 'None'
[0.292s] Level 5:colcon.colcon_core.verb:set package 'assignment1' build argument 'catkin_cmake_args' from command line to 'None'
[0.293s] Level 5:colcon.colcon_core.verb:set package 'assignment1' build argument 'catkin_skip_building_tests' from command line to 'False'
[0.293s] DEBUG:colcon.colcon_core.verb:Building package 'assignment1' with the following arguments: {'ament_cmake_args': None, 'build_base': '/home/yunus/ros2_ws/build/assignment1', 'catkin_cmake_args': None, 'catkin_skip_building_tests': False, 'cmake_args': None, 'cmake_clean_cache': False, 'cmake_clean_first': False, 'cmake_force_configure': False, 'cmake_target': None, 'cmake_target_skip_unavailable': False, 'install_base': '/home/yunus/ros2_ws/install/assignment1', 'merge_install': False, 'path': '/home/yunus/ros2_ws/src/assignment1', 'symlink_install': True, 'test_result_base': None}
[0.295s] Level 5:colcon.colcon_core.verb:set package 'custom_messages_pkg' build argument 'cmake_args' from command line to 'None'
[0.295s] Level 5:colcon.colcon_core.verb:set package 'custom_messages_pkg' build argument 'cmake_target' from command line to 'None'
[0.295s] Level 5:colcon.colcon_core.verb:set package 'custom_messages_pkg' build argument 'cmake_target_skip_unavailable' from command line to 'False'
[0.295s] Level 5:colcon.colcon_core.verb:set package 'custom_messages_pkg' build argument 'cmake_clean_cache' from command line to 'False'
[0.295s] Level 5:colcon.colcon_core.verb:set package 'custom_messages_pkg' build argument 'cmake_clean_first' from command line to 'False'
[0.295s] Level 5:colcon.colcon_core.verb:set package 'custom_messages_pkg' build argument 'cmake_force_configure' from command line to 'False'
[0.295s] Level 5:colcon.colcon_core.verb:set package 'custom_messages_pkg' build argument 'ament_cmake_args' from command line to 'None'
[0.295s] Level 5:colcon.colcon_core.verb:set package 'custom_messages_pkg' build argument 'catkin_cmake_args' from command line to 'None'
[0.295s] Level 5:colcon.colcon_core.verb:set package 'custom_messages_pkg' build argument 'catkin_skip_building_tests' from command line to 'False'
[0.295s] DEBUG:colcon.colcon_core.verb:Building package 'custom_messages_pkg' with the following arguments: {'ament_cmake_args': None, 'build_base': '/home/yunus/ros2_ws/build/custom_messages_pkg', 'catkin_cmake_args': None, 'catkin_skip_building_tests': False, 'cmake_args': None, 'cmake_clean_cache': False, 'cmake_clean_first': False, 'cmake_force_configure': False, 'cmake_target': None, 'cmake_target_skip_unavailable': False, 'install_base': '/home/yunus/ros2_ws/install/custom_messages_pkg', 'merge_install': False, 'path': '/home/yunus/ros2_ws/src/custom_messages_pkg', 'symlink_install': True, 'test_result_base': None}
[0.296s] Level 5:colcon.colcon_core.verb:set package 'robotic_project' build argument 'cmake_args' from command line to 'None'
[0.296s] Level 5:colcon.colcon_core.verb:set package 'robotic_project' build argument 'cmake_target' from command line to 'None'
[0.296s] Level 5:colcon.colcon_core.verb:set package 'robotic_project' build argument 'cmake_target_skip_unavailable' from command line to 'False'
[0.296s] Level 5:colcon.colcon_core.verb:set package 'robotic_project' build argument 'cmake_clean_cache' from command line to 'False'
[0.296s] Level 5:colcon.colcon_core.verb:set package 'robotic_project' build argument 'cmake_clean_first' from command line to 'False'
[0.296s] Level 5:colcon.colcon_core.verb:set package 'robotic_project' build argument 'cmake_force_configure' from command line to 'False'
[0.296s] Level 5:colcon.colcon_core.verb:set package 'robotic_project' build argument 'ament_cmake_args' from command line to 'None'
[0.296s] Level 5:colcon.colcon_core.verb:set package 'robotic_project' build argument 'catkin_cmake_args' from command line to 'None'
[0.296s] Level 5:colcon.colcon_core.verb:set package 'robotic_project' build argument 'catkin_skip_building_tests' from command line to 'False'
[0.296s] DEBUG:colcon.colcon_core.verb:Building package 'robotic_project' with the following arguments: {'ament_cmake_args': None, 'build_base': '/home/yunus/ros2_ws/build/robotic_project', 'catkin_cmake_args': None, 'catkin_skip_building_tests': False, 'cmake_args': None, 'cmake_clean_cache': False, 'cmake_clean_first': False, 'cmake_force_configure': False, 'cmake_target': None, 'cmake_target_skip_unavailable': False, 'install_base': '/home/yunus/ros2_ws/install/robotic_project', 'merge_install': False, 'path': '/home/yunus/ros2_ws/src/robotic_project', 'symlink_install': True, 'test_result_base': None}
[0.297s] INFO:colcon.colcon_core.executor:Executing jobs using 'parallel' executor
[0.303s] DEBUG:colcon.colcon_parallel_executor.executor.parallel:run_until_complete
[0.304s] INFO:colcon.colcon_ros.task.ament_cmake.build:Building ROS package in '/home/yunus/ros2_ws/src/custom_messages_pkg' with build type 'ament_cmake'
[0.304s] INFO:colcon.colcon_cmake.task.cmake.build:Building CMake package in '/home/yunus/ros2_ws/src/custom_messages_pkg'
[0.309s] INFO:colcon.colcon_core.plugin_system:Skipping extension 'colcon_core.shell.bat': Not used on non-Windows systems
[0.309s] INFO:colcon.colcon_core.shell:Skip shell extension 'powershell' for command environment: Not usable outside of PowerShell
[0.309s] DEBUG:colcon.colcon_core.shell:Skip shell extension 'dsv' for command environment
[0.316s] INFO:colcon.colcon_ros.task.ament_python.build:Building ROS package in '/home/yunus/ros2_ws/src/a2' with build type 'ament_python'
[0.317s] Level 1:colcon.colcon_core.shell:create_environment_hook('a2', 'ament_prefix_path')
[0.320s] INFO:colcon.colcon_core.shell:Creating environment hook '/home/yunus/ros2_ws/install/a2/share/a2/hook/ament_prefix_path.ps1'
[0.321s] INFO:colcon.colcon_core.shell:Creating environment descriptor '/home/yunus/ros2_ws/install/a2/share/a2/hook/ament_prefix_path.dsv'
[0.321s] INFO:colcon.colcon_core.shell:Creating environment hook '/home/yunus/ros2_ws/install/a2/share/a2/hook/ament_prefix_path.sh'
[0.324s] INFO:colcon.colcon_core.shell:Skip shell extension 'powershell' for command environment: Not usable outside of PowerShell
[0.324s] DEBUG:colcon.colcon_core.shell:Skip shell extension 'dsv' for command environment
[0.330s] INFO:colcon.colcon_ros.task.ament_python.build:Building ROS package in '/home/yunus/ros2_ws/src/assignment1' with build type 'ament_python'
[0.331s] Level 1:colcon.colcon_core.shell:create_environment_hook('assignment1', 'ament_prefix_path')
[0.334s] INFO:colcon.colcon_core.shell:Creating environment hook '/home/yunus/ros2_ws/install/assignment1/share/assignment1/hook/ament_prefix_path.ps1'
[0.335s] INFO:colcon.colcon_core.shell:Creating environment descriptor '/home/yunus/ros2_ws/install/assignment1/share/assignment1/hook/ament_prefix_path.dsv'
[0.336s] INFO:colcon.colcon_core.shell:Creating environment hook '/home/yunus/ros2_ws/install/assignment1/share/assignment1/hook/ament_prefix_path.sh'
[0.338s] INFO:colcon.colcon_core.shell:Skip shell extension 'powershell' for command environment: Not usable outside of PowerShell
[0.338s] DEBUG:colcon.colcon_core.shell:Skip shell extension 'dsv' for command environment
[0.351s] DEBUG:colcon.colcon_core.event_handler.log_command:Invoking command in '/home/yunus/ros2_ws/build/custom_messages_pkg': CMAKE_PREFIX_PATH=${CMAKE_PREFIX_PATH}:/home/yunus/ros2_ws/install/assignment1:/home/yunus/ros2_ws/install/a2:/opt/ros/foxy /usr/bin/cmake --build /home/yunus/ros2_ws/build/custom_messages_pkg -- -j8 -l8
[0.628s] INFO:colcon.colcon_core.task.python.build:Building Python package in '/home/yunus/ros2_ws/src/a2'
[0.631s] INFO:colcon.colcon_core.shell:Skip shell extension 'powershell' for command environment: Not usable outside of PowerShell
[0.632s] DEBUG:colcon.colcon_core.shell:Skip shell extension 'dsv' for command environment
[0.876s] INFO:colcon.colcon_core.task.python.build:Building Python package in '/home/yunus/ros2_ws/src/assignment1'
[0.879s] INFO:colcon.colcon_core.shell:Skip shell extension 'powershell' for command environment: Not usable outside of PowerShell
[0.880s] DEBUG:colcon.colcon_core.shell:Skip shell extension 'dsv' for command environment
[1.348s] DEBUG:colcon.colcon_core.event_handler.log_command:Invoking command in '/home/yunus/ros2_ws/build/a2': PYTHONPATH=/home/yunus/ros2_ws/build/a2/prefix_override:/home/yunus/ros2_ws/install/a2/lib/python3.8/site-packages:${PYTHONPATH} /usr/bin/python3 setup.py develop --editable --build-directory /home/yunus/ros2_ws/build/a2/build --no-deps install_data
[1.367s] DEBUG:colcon.colcon_core.event_handler.log_command:Invoking command in '/home/yunus/ros2_ws/build/assignment1': PYTHONPATH=/home/yunus/ros2_ws/build/assignment1/prefix_override:/home/yunus/ros2_ws/install/assignment1/lib/python3.8/site-packages:${PYTHONPATH} /usr/bin/python3 setup.py develop --editable --build-directory /home/yunus/ros2_ws/build/assignment1/build --no-deps install_data
[1.920s] Level 1:colcon.colcon_core.shell:create_environment_hook('a2', 'pythonpath_develop')
[1.923s] INFO:colcon.colcon_core.shell:Creating environment hook '/home/yunus/ros2_ws/build/a2/share/a2/hook/pythonpath_develop.ps1'
[1.924s] DEBUG:colcon.colcon_core.event_handler.log_command:Invoked command in '/home/yunus/ros2_ws/build/a2' returned '0': PYTHONPATH=/home/yunus/ros2_ws/build/a2/prefix_override:/home/yunus/ros2_ws/install/a2/lib/python3.8/site-packages:${PYTHONPATH} /usr/bin/python3 setup.py develop --editable --build-directory /home/yunus/ros2_ws/build/a2/build --no-deps install_data
[1.924s] INFO:colcon.colcon_core.shell:Creating environment descriptor '/home/yunus/ros2_ws/build/a2/share/a2/hook/pythonpath_develop.dsv'
[1.925s] INFO:colcon.colcon_core.shell:Creating environment hook '/home/yunus/ros2_ws/build/a2/share/a2/hook/pythonpath_develop.sh'
[1.933s] Level 1:colcon.colcon_core.environment:checking '/home/yunus/ros2_ws/install/a2' for CMake module files
[1.934s] Level 1:colcon.colcon_core.environment:checking '/home/yunus/ros2_ws/install/a2' for CMake config files
[1.935s] Level 1:colcon.colcon_core.environment:checking '/home/yunus/ros2_ws/install/a2/lib'
[1.935s] Level 1:colcon.colcon_core.environment:checking '/home/yunus/ros2_ws/install/a2/bin'
[1.935s] Level 1:colcon.colcon_core.environment:checking '/home/yunus/ros2_ws/install/a2/lib/pkgconfig/a2.pc'
[1.935s] Level 1:colcon.colcon_core.environment:checking '/home/yunus/ros2_ws/install/a2/lib/python3.8/site-packages'
[1.935s] Level 1:colcon.colcon_core.shell:create_environment_hook('a2', 'pythonpath')
[1.938s] INFO:colcon.colcon_core.shell:Creating environment hook '/home/yunus/ros2_ws/install/a2/share/a2/hook/pythonpath.ps1'
[1.939s] INFO:colcon.colcon_core.shell:Creating environment descriptor '/home/yunus/ros2_ws/install/a2/share/a2/hook/pythonpath.dsv'
[1.939s] INFO:colcon.colcon_core.shell:Creating environment hook '/home/yunus/ros2_ws/install/a2/share/a2/hook/pythonpath.sh'
[1.939s] Level 1:colcon.colcon_core.environment:checking '/home/yunus/ros2_ws/install/a2/bin'
[1.939s] Level 1:colcon.colcon_core.environment:create_environment_scripts_only(a2)
[1.942s] INFO:colcon.colcon_core.shell:Creating package script '/home/yunus/ros2_ws/install/a2/share/a2/package.ps1'
[1.943s] INFO:colcon.colcon_core.shell:Creating package descriptor '/home/yunus/ros2_ws/install/a2/share/a2/package.dsv'
[1.943s] INFO:colcon.colcon_core.shell:Creating package script '/home/yunus/ros2_ws/install/a2/share/a2/package.sh'
[1.944s] INFO:colcon.colcon_core.shell:Creating package script '/home/yunus/ros2_ws/install/a2/share/a2/package.bash'
[1.945s] INFO:colcon.colcon_core.shell:Creating package script '/home/yunus/ros2_ws/install/a2/share/a2/package.zsh'
[1.945s] Level 1:colcon.colcon_core.environment:create_file_with_runtime_dependencies(/home/yunus/ros2_ws/install/a2/share/colcon-core/packages/a2)
[1.946s] Level 1:colcon.colcon_core.shell:create_environment_hook('assignment1', 'pythonpath_develop')
[1.949s] INFO:colcon.colcon_core.shell:Creating environment hook '/home/yunus/ros2_ws/build/assignment1/share/assignment1/hook/pythonpath_develop.ps1'
[1.950s] INFO:colcon.colcon_core.shell:Creating environment descriptor '/home/yunus/ros2_ws/build/assignment1/share/assignment1/hook/pythonpath_develop.dsv'
[1.950s] DEBUG:colcon.colcon_core.event_handler.log_command:Invoked command in '/home/yunus/ros2_ws/build/assignment1' returned '0': PYTHONPATH=/home/yunus/ros2_ws/build/assignment1/prefix_override:/home/yunus/ros2_ws/install/assignment1/lib/python3.8/site-packages:${PYTHONPATH} /usr/bin/python3 setup.py develop --editable --build-directory /home/yunus/ros2_ws/build/assignment1/build --no-deps install_data
[1.950s] INFO:colcon.colcon_core.shell:Creating environment hook '/home/yunus/ros2_ws/build/assignment1/share/assignment1/hook/pythonpath_develop.sh'
[1.955s] Level 1:colcon.colcon_core.environment:checking '/home/yunus/ros2_ws/install/assignment1' for CMake module files
[1.955s] Level 1:colcon.colcon_core.environment:checking '/home/yunus/ros2_ws/install/assignment1' for CMake config files
[1.955s] Level 1:colcon.colcon_core.environment:checking '/home/yunus/ros2_ws/install/assignment1/lib'
[1.955s] Level 1:colcon.colcon_core.environment:checking '/home/yunus/ros2_ws/install/assignment1/bin'
[1.955s] Level 1:colcon.colcon_core.environment:checking '/home/yunus/ros2_ws/install/assignment1/lib/pkgconfig/assignment1.pc'
[1.956s] Level 1:colcon.colcon_core.environment:checking '/home/yunus/ros2_ws/install/assignment1/lib/python3.8/site-packages'
[1.956s] Level 1:colcon.colcon_core.shell:create_environment_hook('assignment1', 'pythonpath')
[1.958s] INFO:colcon.colcon_core.shell:Creating environment hook '/home/yunus/ros2_ws/install/assignment1/share/assignment1/hook/pythonpath.ps1'
[1.959s] INFO:colcon.colcon_core.shell:Creating environment descriptor '/home/yunus/ros2_ws/install/assignment1/share/assignment1/hook/pythonpath.dsv'
[1.959s] INFO:colcon.colcon_core.shell:Creating environment hook '/home/yunus/ros2_ws/install/assignment1/share/assignment1/hook/pythonpath.sh'
[1.959s] Level 1:colcon.colcon_core.environment:checking '/home/yunus/ros2_ws/install/assignment1/bin'
[1.959s] Level 1:colcon.colcon_core.environment:create_environment_scripts_only(assignment1)
[1.962s] INFO:colcon.colcon_core.shell:Creating package script '/home/yunus/ros2_ws/install/assignment1/share/assignment1/package.ps1'
[1.962s] INFO:colcon.colcon_core.shell:Creating package descriptor '/home/yunus/ros2_ws/install/assignment1/share/assignment1/package.dsv'
[1.963s] INFO:colcon.colcon_core.shell:Creating package script '/home/yunus/ros2_ws/install/assignment1/share/assignment1/package.sh'
[1.963s] INFO:colcon.colcon_core.shell:Creating package script '/home/yunus/ros2_ws/install/assignment1/share/assignment1/package.bash'
[1.963s] INFO:colcon.colcon_core.shell:Creating package script '/home/yunus/ros2_ws/install/assignment1/share/assignment1/package.zsh'
[1.964s] Level 1:colcon.colcon_core.environment:create_file_with_runtime_dependencies(/home/yunus/ros2_ws/install/assignment1/share/colcon-core/packages/assignment1)
[5.882s] DEBUG:colcon.colcon_core.event_handler.log_command:Invoked command in '/home/yunus/ros2_ws/build/custom_messages_pkg' returned '0': CMAKE_PREFIX_PATH=${CMAKE_PREFIX_PATH}:/home/yunus/ros2_ws/install/assignment1:/home/yunus/ros2_ws/install/a2:/opt/ros/foxy /usr/bin/cmake --build /home/yunus/ros2_ws/build/custom_messages_pkg -- -j8 -l8
[5.973s] DEBUG:colcon.colcon_core.event_handler.log_command:Invoking command in '/home/yunus/ros2_ws/build/custom_messages_pkg': CMAKE_PREFIX_PATH=${CMAKE_PREFIX_PATH}:/home/yunus/ros2_ws/install/assignment1:/home/yunus/ros2_ws/install/a2:/opt/ros/foxy /usr/bin/cmake --install /home/yunus/ros2_ws/build/custom_messages_pkg
[6.159s] Level 1:colcon.colcon_core.environment:create_environment_scripts_only(custom_messages_pkg)
[6.164s] Level 1:colcon.colcon_core.environment:checking '/home/yunus/ros2_ws/install/custom_messages_pkg' for CMake module files
[6.164s] DEBUG:colcon.colcon_core.event_handler.log_command:Invoked command in '/home/yunus/ros2_ws/build/custom_messages_pkg' returned '0': CMAKE_PREFIX_PATH=${CMAKE_PREFIX_PATH}:/home/yunus/ros2_ws/install/assignment1:/home/yunus/ros2_ws/install/a2:/opt/ros/foxy /usr/bin/cmake --install /home/yunus/ros2_ws/build/custom_messages_pkg
[6.164s] Level 1:colcon.colcon_core.environment:checking '/home/yunus/ros2_ws/install/custom_messages_pkg' for CMake config files
[6.165s] Level 1:colcon.colcon_core.shell:create_environment_hook('custom_messages_pkg', 'cmake_prefix_path')
[6.167s] INFO:colcon.colcon_core.shell:Creating environment hook '/home/yunus/ros2_ws/install/custom_messages_pkg/share/custom_messages_pkg/hook/cmake_prefix_path.ps1'
[6.167s] INFO:colcon.colcon_core.shell:Creating environment descriptor '/home/yunus/ros2_ws/install/custom_messages_pkg/share/custom_messages_pkg/hook/cmake_prefix_path.dsv'
[6.168s] INFO:colcon.colcon_core.shell:Creating environment hook '/home/yunus/ros2_ws/install/custom_messages_pkg/share/custom_messages_pkg/hook/cmake_prefix_path.sh'
[6.168s] Level 1:colcon.colcon_core.environment:checking '/home/yunus/ros2_ws/install/custom_messages_pkg/lib'
[6.168s] Level 1:colcon.colcon_core.shell:create_environment_hook('custom_messages_pkg', 'ld_library_path_lib')
[6.170s] INFO:colcon.colcon_core.shell:Creating environment hook '/home/yunus/ros2_ws/install/custom_messages_pkg/share/custom_messages_pkg/hook/ld_library_path_lib.ps1'
[6.171s] INFO:colcon.colcon_core.shell:Creating environment descriptor '/home/yunus/ros2_ws/install/custom_messages_pkg/share/custom_messages_pkg/hook/ld_library_path_lib.dsv'
[6.171s] INFO:colcon.colcon_core.shell:Creating environment hook '/home/yunus/ros2_ws/install/custom_messages_pkg/share/custom_messages_pkg/hook/ld_library_path_lib.sh'
[6.171s] Level 1:colcon.colcon_core.environment:checking '/home/yunus/ros2_ws/install/custom_messages_pkg/bin'
[6.171s] Level 1:colcon.colcon_core.environment:checking '/home/yunus/ros2_ws/install/custom_messages_pkg/lib/pkgconfig/custom_messages_pkg.pc'
[6.171s] Level 1:colcon.colcon_core.environment:checking '/home/yunus/ros2_ws/install/custom_messages_pkg/lib/python3.8/site-packages'
[6.171s] Level 1:colcon.colcon_core.shell:create_environment_hook('custom_messages_pkg', 'pythonpath')
[6.174s] INFO:colcon.colcon_core.shell:Creating environment hook '/home/yunus/ros2_ws/install/custom_messages_pkg/share/custom_messages_pkg/hook/pythonpath.ps1'
[6.174s] INFO:colcon.colcon_core.shell:Creating environment descriptor '/home/yunus/ros2_ws/install/custom_messages_pkg/share/custom_messages_pkg/hook/pythonpath.dsv'
[6.174s] INFO:colcon.colcon_core.shell:Creating environment hook '/home/yunus/ros2_ws/install/custom_messages_pkg/share/custom_messages_pkg/hook/pythonpath.sh'
[6.174s] Level 1:colcon.colcon_core.environment:checking '/home/yunus/ros2_ws/install/custom_messages_pkg/bin'
[6.177s] INFO:colcon.colcon_core.shell:Creating package script '/home/yunus/ros2_ws/install/custom_messages_pkg/share/custom_messages_pkg/package.ps1'
[6.177s] INFO:colcon.colcon_core.shell:Creating package descriptor '/home/yunus/ros2_ws/install/custom_messages_pkg/share/custom_messages_pkg/package.dsv'
[6.178s] INFO:colcon.colcon_core.shell:Creating package script '/home/yunus/ros2_ws/install/custom_messages_pkg/share/custom_messages_pkg/package.sh'
[6.178s] INFO:colcon.colcon_core.shell:Creating package script '/home/yunus/ros2_ws/install/custom_messages_pkg/share/custom_messages_pkg/package.bash'
[6.178s] INFO:colcon.colcon_core.shell:Creating package script '/home/yunus/ros2_ws/install/custom_messages_pkg/share/custom_messages_pkg/package.zsh'
[6.178s] Level 1:colcon.colcon_core.environment:create_file_with_runtime_dependencies(/home/yunus/ros2_ws/install/custom_messages_pkg/share/colcon-core/packages/custom_messages_pkg)
[6.253s] Level 1:colcon.colcon_core.environment:create_environment_scripts_only(custom_messages_pkg)
[6.256s] Level 1:colcon.colcon_core.environment:checking '/home/yunus/ros2_ws/install/custom_messages_pkg' for CMake module files
[6.257s] Level 1:colcon.colcon_core.environment:checking '/home/yunus/ros2_ws/install/custom_messages_pkg' for CMake config files
[6.257s] Level 1:colcon.colcon_core.shell:create_environment_hook('custom_messages_pkg', 'cmake_prefix_path')
[6.260s] INFO:colcon.colcon_core.shell:Creating environment hook '/home/yunus/ros2_ws/install/custom_messages_pkg/share/custom_messages_pkg/hook/cmake_prefix_path.ps1'
[6.260s] INFO:colcon.colcon_core.shell:Creating environment descriptor '/home/yunus/ros2_ws/install/custom_messages_pkg/share/custom_messages_pkg/hook/cmake_prefix_path.dsv'
[6.260s] INFO:colcon.colcon_core.shell:Creating environment hook '/home/yunus/ros2_ws/install/custom_messages_pkg/share/custom_messages_pkg/hook/cmake_prefix_path.sh'
[6.261s] Level 1:colcon.colcon_core.environment:checking '/home/yunus/ros2_ws/install/custom_messages_pkg/lib'
[6.261s] Level 1:colcon.colcon_core.shell:create_environment_hook('custom_messages_pkg', 'ld_library_path_lib')
[6.263s] INFO:colcon.colcon_core.shell:Creating environment hook '/home/yunus/ros2_ws/install/custom_messages_pkg/share/custom_messages_pkg/hook/ld_library_path_lib.ps1'
[6.263s] INFO:colcon.colcon_core.shell:Creating environment descriptor '/home/yunus/ros2_ws/install/custom_messages_pkg/share/custom_messages_pkg/hook/ld_library_path_lib.dsv'
[6.264s] INFO:colcon.colcon_core.shell:Creating environment hook '/home/yunus/ros2_ws/install/custom_messages_pkg/share/custom_messages_pkg/hook/ld_library_path_lib.sh'
[6.264s] Level 1:colcon.colcon_core.environment:checking '/home/yunus/ros2_ws/install/custom_messages_pkg/bin'
[6.264s] Level 1:colcon.colcon_core.environment:checking '/home/yunus/ros2_ws/install/custom_messages_pkg/lib/pkgconfig/custom_messages_pkg.pc'
[6.264s] Level 1:colcon.colcon_core.environment:checking '/home/yunus/ros2_ws/install/custom_messages_pkg/lib/python3.8/site-packages'
[6.265s] Level 1:colcon.colcon_core.shell:create_environment_hook('custom_messages_pkg', 'pythonpath')
[6.267s] INFO:colcon.colcon_core.shell:Creating environment hook '/home/yunus/ros2_ws/install/custom_messages_pkg/share/custom_messages_pkg/hook/pythonpath.ps1'
[6.267s] INFO:colcon.colcon_core.shell:Creating environment descriptor '/home/yunus/ros2_ws/install/custom_messages_pkg/share/custom_messages_pkg/hook/pythonpath.dsv'
[6.268s] INFO:colcon.colcon_core.shell:Creating environment hook '/home/yunus/ros2_ws/install/custom_messages_pkg/share/custom_messages_pkg/hook/pythonpath.sh'
[6.268s] Level 1:colcon.colcon_core.environment:checking '/home/yunus/ros2_ws/install/custom_messages_pkg/bin'
[6.270s] INFO:colcon.colcon_core.shell:Creating package script '/home/yunus/ros2_ws/install/custom_messages_pkg/share/custom_messages_pkg/package.ps1'
[6.271s] INFO:colcon.colcon_core.shell:Creating package descriptor '/home/yunus/ros2_ws/install/custom_messages_pkg/share/custom_messages_pkg/package.dsv'
[6.271s] INFO:colcon.colcon_core.shell:Creating package script '/home/yunus/ros2_ws/install/custom_messages_pkg/share/custom_messages_pkg/package.sh'
[6.271s] INFO:colcon.colcon_core.shell:Creating package script '/home/yunus/ros2_ws/install/custom_messages_pkg/share/custom_messages_pkg/package.bash'
[6.272s] INFO:colcon.colcon_core.shell:Creating package script '/home/yunus/ros2_ws/install/custom_messages_pkg/share/custom_messages_pkg/package.zsh'
[6.272s] Level 1:colcon.colcon_core.environment:create_file_with_runtime_dependencies(/home/yunus/ros2_ws/install/custom_messages_pkg/share/colcon-core/packages/custom_messages_pkg)
[6.272s] INFO:colcon.colcon_ros.task.ament_python.build:Building ROS package in '/home/yunus/ros2_ws/src/robotic_project' with build type 'ament_python'
[6.272s] Level 1:colcon.colcon_core.shell:create_environment_hook('robotic_project', 'ament_prefix_path')
[6.275s] INFO:colcon.colcon_core.shell:Creating environment hook '/home/yunus/ros2_ws/install/robotic_project/share/robotic_project/hook/ament_prefix_path.ps1'
[6.276s] INFO:colcon.colcon_core.shell:Creating environment descriptor '/home/yunus/ros2_ws/install/robotic_project/share/robotic_project/hook/ament_prefix_path.dsv'
[6.276s] INFO:colcon.colcon_core.shell:Creating environment hook '/home/yunus/ros2_ws/install/robotic_project/share/robotic_project/hook/ament_prefix_path.sh'
[6.279s] INFO:colcon.colcon_core.shell:Skip shell extension 'powershell' for command environment: Not usable outside of PowerShell
[6.279s] DEBUG:colcon.colcon_core.shell:Skip shell extension 'dsv' for command environment
[6.534s] INFO:colcon.colcon_core.task.python.build:Building Python package in '/home/yunus/ros2_ws/src/robotic_project'
[6.537s] INFO:colcon.colcon_core.shell:Skip shell extension 'powershell' for command environment: Not usable outside of PowerShell
[6.537s] DEBUG:colcon.colcon_core.shell:Skip shell extension 'dsv' for command environment
[6.969s] DEBUG:colcon.colcon_core.event_handler.log_command:Invoking command in '/home/yunus/ros2_ws/build/robotic_project': CMAKE_PREFIX_PATH=/home/yunus/ros2_ws/install/custom_messages_pkg:/home/yunus/ros2_ws/install/robotic_project PYTHONPATH=/home/yunus/ros2_ws/build/robotic_project/prefix_override:/home/yunus/ros2_ws/install/robotic_project/lib/python3.8/site-packages:/home/yunus/ros2_ws/install/custom_messages_pkg/lib/python3.8/site-packages:/home/yunus/ros2_ws/build/robotic_project:/home/yunus/ros2_ws/install/robotic_project/lib/python3.8/site-packages:/home/yunus/ros2_ws/build/assignment1:/home/yunus/ros2_ws/install/assignment1/lib/python3.8/site-packages:/home/yunus/ros2_ws/build/a2:/home/yunus/ros2_ws/install/a2/lib/python3.8/site-packages:/opt/ros/foxy/lib/python3.8/site-packages /usr/bin/python3 setup.py develop --editable --build-directory /home/yunus/ros2_ws/build/robotic_project/build --no-deps install_data
[7.475s] Level 1:colcon.colcon_core.shell:create_environment_hook('robotic_project', 'pythonpath_develop')
[7.478s] INFO:colcon.colcon_core.shell:Creating environment hook '/home/yunus/ros2_ws/build/robotic_project/share/robotic_project/hook/pythonpath_develop.ps1'
[7.479s] DEBUG:colcon.colcon_core.event_handler.log_command:Invoked command in '/home/yunus/ros2_ws/build/robotic_project' returned '0': CMAKE_PREFIX_PATH=/home/yunus/ros2_ws/install/custom_messages_pkg:/home/yunus/ros2_ws/install/robotic_project PYTHONPATH=/home/yunus/ros2_ws/build/robotic_project/prefix_override:/home/yunus/ros2_ws/install/robotic_project/lib/python3.8/site-packages:/home/yunus/ros2_ws/install/custom_messages_pkg/lib/python3.8/site-packages:/home/yunus/ros2_ws/build/robotic_project:/home/yunus/ros2_ws/install/robotic_project/lib/python3.8/site-packages:/home/yunus/ros2_ws/build/assignment1:/home/yunus/ros2_ws/install/assignment1/lib/python3.8/site-packages:/home/yunus/ros2_ws/build/a2:/home/yunus/ros2_ws/install/a2/lib/python3.8/site-packages:/opt/ros/foxy/lib/python3.8/site-packages /usr/bin/python3 setup.py develop --editable --build-directory /home/yunus/ros2_ws/build/robotic_project/build --no-deps install_data
[7.479s] INFO:colcon.colcon_core.shell:Creating environment descriptor '/home/yunus/ros2_ws/build/robotic_project/share/robotic_project/hook/pythonpath_develop.dsv'
[7.480s] INFO:colcon.colcon_core.shell:Creating environment hook '/home/yunus/ros2_ws/build/robotic_project/share/robotic_project/hook/pythonpath_develop.sh'
[7.485s] Level 1:colcon.colcon_core.environment:checking '/home/yunus/ros2_ws/install/robotic_project' for CMake module files
[7.486s] Level 1:colcon.colcon_core.environment:checking '/home/yunus/ros2_ws/install/robotic_project' for CMake config files
[7.486s] Level 1:colcon.colcon_core.shell:create_environment_hook('robotic_project', 'cmake_prefix_path')
[7.489s] INFO:colcon.colcon_core.shell:Creating environment hook '/home/yunus/ros2_ws/install/robotic_project/share/robotic_project/hook/cmake_prefix_path.ps1'
[7.489s] INFO:colcon.colcon_core.shell:Creating environment descriptor '/home/yunus/ros2_ws/install/robotic_project/share/robotic_project/hook/cmake_prefix_path.dsv'
[7.490s] INFO:colcon.colcon_core.shell:Creating environment hook '/home/yunus/ros2_ws/install/robotic_project/share/robotic_project/hook/cmake_prefix_path.sh'
[7.490s] Level 1:colcon.colcon_core.environment:checking '/home/yunus/ros2_ws/install/robotic_project/lib'
[7.490s] Level 1:colcon.colcon_core.environment:checking '/home/yunus/ros2_ws/install/robotic_project/bin'
[7.490s] Level 1:colcon.colcon_core.environment:checking '/home/yunus/ros2_ws/install/robotic_project/lib/pkgconfig/robotic_project.pc'
[7.490s] Level 1:colcon.colcon_core.environment:checking '/home/yunus/ros2_ws/install/robotic_project/lib/python3.8/site-packages'
[7.490s] Level 1:colcon.colcon_core.shell:create_environment_hook('robotic_project', 'pythonpath')
[7.492s] INFO:colcon.colcon_core.shell:Creating environment hook '/home/yunus/ros2_ws/install/robotic_project/share/robotic_project/hook/pythonpath.ps1'
[7.493s] INFO:colcon.colcon_core.shell:Creating environment descriptor '/home/yunus/ros2_ws/install/robotic_project/share/robotic_project/hook/pythonpath.dsv'
[7.493s] INFO:colcon.colcon_core.shell:Creating environment hook '/home/yunus/ros2_ws/install/robotic_project/share/robotic_project/hook/pythonpath.sh'
[7.493s] Level 1:colcon.colcon_core.environment:checking '/home/yunus/ros2_ws/install/robotic_project/bin'
[7.493s] Level 1:colcon.colcon_core.environment:create_environment_scripts_only(robotic_project)
[7.497s] INFO:colcon.colcon_core.shell:Creating package script '/home/yunus/ros2_ws/install/robotic_project/share/robotic_project/package.ps1'
[7.497s] INFO:colcon.colcon_core.shell:Creating package descriptor '/home/yunus/ros2_ws/install/robotic_project/share/robotic_project/package.dsv'
[7.498s] INFO:colcon.colcon_core.shell:Creating package script '/home/yunus/ros2_ws/install/robotic_project/share/robotic_project/package.sh'
[7.499s] INFO:colcon.colcon_core.shell:Creating package script '/home/yunus/ros2_ws/install/robotic_project/share/robotic_project/package.bash'
[7.499s] INFO:colcon.colcon_core.shell:Creating package script '/home/yunus/ros2_ws/install/robotic_project/share/robotic_project/package.zsh'
[7.499s] Level 1:colcon.colcon_core.environment:create_file_with_runtime_dependencies(/home/yunus/ros2_ws/install/robotic_project/share/colcon-core/packages/robotic_project)
[7.500s] DEBUG:colcon.colcon_parallel_executor.executor.parallel:closing loop
[7.500s] DEBUG:colcon.colcon_parallel_executor.executor.parallel:loop closed
[7.501s] DEBUG:colcon.colcon_parallel_executor.executor.parallel:run_until_complete finished with '0'
[7.501s] DEBUG:colcon.colcon_core.event_reactor:joining thread
[7.508s] INFO:colcon.colcon_core.plugin_system:Skipping extension 'colcon_notification.desktop_notification.terminal_notifier': Not used on non-Darwin systems
[7.508s] INFO:colcon.colcon_core.plugin_system:Skipping extension 'colcon_notification.desktop_notification.win32': Not used on non-Windows systems
[7.508s] INFO:colcon.colcon_notification.desktop_notification:Sending desktop notification using 'notify2'
[7.520s] DEBUG:colcon.colcon_core.event_reactor:joined thread
[7.523s] INFO:colcon.colcon_core.shell:Creating prefix script '/home/yunus/ros2_ws/install/local_setup.ps1'
[7.524s] INFO:colcon.colcon_core.shell:Creating prefix util module '/home/yunus/ros2_ws/install/_local_setup_util_ps1.py'
[7.525s] INFO:colcon.colcon_core.shell:Creating prefix chain script '/home/yunus/ros2_ws/install/setup.ps1'
[7.526s] INFO:colcon.colcon_core.shell:Creating prefix script '/home/yunus/ros2_ws/install/local_setup.sh'
[7.527s] INFO:colcon.colcon_core.shell:Creating prefix util module '/home/yunus/ros2_ws/install/_local_setup_util_sh.py'
[7.527s] INFO:colcon.colcon_core.shell:Creating prefix chain script '/home/yunus/ros2_ws/install/setup.sh'
[7.529s] INFO:colcon.colcon_core.shell:Creating prefix script '/home/yunus/ros2_ws/install/local_setup.bash'
[7.529s] INFO:colcon.colcon_core.shell:Creating prefix chain script '/home/yunus/ros2_ws/install/setup.bash'
[7.531s] INFO:colcon.colcon_core.shell:Creating prefix script '/home/yunus/ros2_ws/install/local_setup.zsh'
[7.532s] INFO:colcon.colcon_core.shell:Creating prefix chain script '/home/yunus/ros2_ws/install/setup.zsh'
