[0.117s] Invoking command in '/home/yunus/ros2_ws/build/custom_messages_pkg': CMAKE_PREFIX_PATH=${CMAKE_PREFIX_PATH}:/home/yunus/ros2_ws/install/assignment1:/home/yunus/ros2_ws/install/a2:/opt/ros/foxy /usr/bin/cmake --build /home/yunus/ros2_ws/build/custom_messages_pkg -- -j8 -l8
[0.857s] -- Found ament_cmake: 0.9.11 (/opt/ros/foxy/share/ament_cmake/cmake)
[0.857s] -- Found PythonInterp: /usr/bin/python3 (found suitable version "3.8.10", minimum required is "3") 
[0.857s] -- Using PYTHON_EXECUTABLE: /usr/bin/python3
[1.057s] -- Override CMake install command with custom implementation using symlinks instead of copying resources
[1.097s] -- Found geometry_msgs: 2.0.5 (/opt/ros/foxy/share/geometry_msgs/cmake)
[1.158s] -- Using all available rosidl_typesupport_c: rosidl_typesupport_fastrtps_c;rosidl_typesupport_introspection_c
[1.171s] -- Found rosidl_adapter: 1.3.0 (/opt/ros/foxy/share/rosidl_adapter/cmake)
[1.453s] -- Using all available rosidl_typesupport_cpp: rosidl_typesupport_fastrtps_cpp;rosidl_typesupport_introspection_cpp
[1.719s] -- Found rosidl_default_generators: 1.0.1 (/opt/ros/foxy/share/rosidl_default_generators/cmake)
[1.753s] -- Found ament_lint_auto: 0.9.7 (/opt/ros/foxy/share/ament_lint_auto/cmake)
[2.149s] -- Found PythonInterp: /usr/bin/python3 (found version "3.8.10") 
[2.751s] -- Found ament_cmake_ros: 0.9.2 (/opt/ros/foxy/share/ament_cmake_ros/cmake)
[3.639s] -- Using all available rosidl_typesupport_c: rosidl_typesupport_fastrtps_c;rosidl_typesupport_introspection_c
[4.120s] -- Using all available rosidl_typesupport_cpp: rosidl_typesupport_fastrtps_cpp;rosidl_typesupport_introspection_cpp
[4.230s] -- Found PythonInterp: /usr/bin/python3 (found suitable version "3.8.10", minimum required is "3.5") 
[4.233s] -- Found python_cmake_module: 0.8.1 (/opt/ros/foxy/share/python_cmake_module/cmake)
[4.334s] -- Using PYTHON_EXECUTABLE: /usr/bin/python3
[4.334s] -- Using PYTHON_INCLUDE_DIRS: /usr/include/python3.8
[4.334s] -- Using PYTHON_LIBRARIES: /usr/lib/x86_64-linux-gnu/libpython3.8.so
[4.571s] -- Added test 'copyright' to check source files copyright and LICENSE
[4.580s] -- Added test 'lint_cmake' to check CMake code style
[4.584s] -- Added test 'xmllint' to check XML markup files
[4.612s] -- Configuring done
[4.886s] -- Generating done
[4.904s] -- Build files have been written to: /home/yunus/ros2_ws/build/custom_messages_pkg
[4.995s] [  1%] [34m[1mGenerating C code for ROS interfaces[0m
[5.040s] [  3%] [34m[1mGenerating C++ code for ROS interfaces[0m
[6.245s] [  3%] Built target custom_messages_pkg__cpp
[6.282s] [  5%] [34m[1mGenerating C++ introspection for ROS interfaces[0m
[6.283s] [  7%] [34m[1mGenerating C++ type support for eProsima Fast-RTPS[0m
[6.286s] [  9%] [34m[1mGenerating C++ type support dispatch for ROS interfaces[0m
[6.304s] [35m[1mScanning dependencies of target custom_messages_pkg__rosidl_generator_c[0m
[6.368s] [ 10%] [32mBuilding C object CMakeFiles/custom_messages_pkg__rosidl_generator_c.dir/rosidl_generator_c/custom_messages_pkg/msg/detail/swarm_pose__functions.c.o[0m
[6.373s] [ 12%] [32mBuilding C object CMakeFiles/custom_messages_pkg__rosidl_generator_c.dir/rosidl_generator_c/custom_messages_pkg/msg/detail/drone_rpm__functions.c.o[0m
[6.402s] [ 16%] [32mBuilding C object CMakeFiles/custom_messages_pkg__rosidl_generator_c.dir/rosidl_generator_c/custom_messages_pkg/msg/detail/geometry__functions.c.o[0m
[6.402s] [ 16%] [32mBuilding C object CMakeFiles/custom_messages_pkg__rosidl_generator_c.dir/rosidl_generator_c/custom_messages_pkg/msg/detail/swarm_rpm__functions.c.o[0m
[6.773s] [ 18%] [32m[1mLinking C shared library libcustom_messages_pkg__rosidl_generator_c.so[0m
[6.940s] [ 18%] Built target custom_messages_pkg__rosidl_generator_c
[6.984s] [ 20%] [34m[1mGenerating C type support dispatch for ROS interfaces[0m
[7.000s] [ 21%] [34m[1mGenerating C introspection for ROS interfaces[0m
[7.451s] [35m[1mScanning dependencies of target custom_messages_pkg__rosidl_typesupport_cpp[0m
[7.520s] [ 23%] [32mBuilding CXX object CMakeFiles/custom_messages_pkg__rosidl_typesupport_cpp.dir/rosidl_typesupport_cpp/custom_messages_pkg/msg/drone_rpm__type_support.cpp.o[0m
[7.552s] [ 25%] [32mBuilding CXX object CMakeFiles/custom_messages_pkg__rosidl_typesupport_cpp.dir/rosidl_typesupport_cpp/custom_messages_pkg/msg/swarm_pose__type_support.cpp.o[0m
[7.567s] [ 27%] [32mBuilding CXX object CMakeFiles/custom_messages_pkg__rosidl_typesupport_cpp.dir/rosidl_typesupport_cpp/custom_messages_pkg/msg/geometry__type_support.cpp.o[0m
[7.601s] [ 29%] [32mBuilding CXX object CMakeFiles/custom_messages_pkg__rosidl_typesupport_cpp.dir/rosidl_typesupport_cpp/custom_messages_pkg/msg/swarm_rpm__type_support.cpp.o[0m
[7.867s] [35m[1mScanning dependencies of target custom_messages_pkg__rosidl_typesupport_introspection_cpp[0m
[7.937s] [35m[1mScanning dependencies of target custom_messages_pkg__rosidl_typesupport_fastrtps_cpp[0m
[7.956s] [ 30%] [32mBuilding CXX object CMakeFiles/custom_messages_pkg__rosidl_typesupport_introspection_cpp.dir/rosidl_typesupport_introspection_cpp/custom_messages_pkg/msg/detail/geometry__type_support.cpp.o[0m
[8.087s] [ 32%] [32mBuilding CXX object CMakeFiles/custom_messages_pkg__rosidl_typesupport_fastrtps_cpp.dir/rosidl_typesupport_fastrtps_cpp/custom_messages_pkg/msg/detail/dds_fastrtps/geometry__type_support.cpp.o[0m
[8.465s] [35m[1mScanning dependencies of target custom_messages_pkg__rosidl_typesupport_c[0m
[8.602s] [ 34%] [32mBuilding CXX object CMakeFiles/custom_messages_pkg__rosidl_typesupport_c.dir/rosidl_typesupport_c/custom_messages_pkg/msg/geometry__type_support.cpp.o[0m
[8.915s] [ 36%] [32mBuilding CXX object CMakeFiles/custom_messages_pkg__rosidl_typesupport_c.dir/rosidl_typesupport_c/custom_messages_pkg/msg/drone_rpm__type_support.cpp.o[0m
[8.930s] [35m[1mScanning dependencies of target custom_messages_pkg__rosidl_typesupport_introspection_c[0m
[9.018s] [ 38%] [32mBuilding C object CMakeFiles/custom_messages_pkg__rosidl_typesupport_introspection_c.dir/rosidl_typesupport_introspection_c/custom_messages_pkg/msg/detail/geometry__type_support.c.o[0m
[9.245s] [ 40%] [32mBuilding CXX object CMakeFiles/custom_messages_pkg__rosidl_typesupport_c.dir/rosidl_typesupport_c/custom_messages_pkg/msg/swarm_pose__type_support.cpp.o[0m
[9.339s] [ 41%] [32mBuilding C object CMakeFiles/custom_messages_pkg__rosidl_typesupport_introspection_c.dir/rosidl_typesupport_introspection_c/custom_messages_pkg/msg/detail/drone_rpm__type_support.c.o[0m
[9.428s] [ 43%] [32mBuilding CXX object CMakeFiles/custom_messages_pkg__rosidl_typesupport_c.dir/rosidl_typesupport_c/custom_messages_pkg/msg/swarm_rpm__type_support.cpp.o[0m
[9.433s] [ 45%] [32mBuilding C object CMakeFiles/custom_messages_pkg__rosidl_typesupport_introspection_c.dir/rosidl_typesupport_introspection_c/custom_messages_pkg/msg/detail/swarm_pose__type_support.c.o[0m
[9.463s] [ 47%] [32mBuilding C object CMakeFiles/custom_messages_pkg__rosidl_typesupport_introspection_c.dir/rosidl_typesupport_introspection_c/custom_messages_pkg/msg/detail/swarm_rpm__type_support.c.o[0m
[9.499s] [ 49%] [32mBuilding CXX object CMakeFiles/custom_messages_pkg__rosidl_typesupport_fastrtps_cpp.dir/rosidl_typesupport_fastrtps_cpp/custom_messages_pkg/msg/detail/dds_fastrtps/drone_rpm__type_support.cpp.o[0m
[9.543s] [ 50%] [32mBuilding CXX object CMakeFiles/custom_messages_pkg__rosidl_typesupport_fastrtps_cpp.dir/rosidl_typesupport_fastrtps_cpp/custom_messages_pkg/msg/detail/dds_fastrtps/swarm_pose__type_support.cpp.o[0m
[9.578s] [ 52%] [32mBuilding CXX object CMakeFiles/custom_messages_pkg__rosidl_typesupport_introspection_cpp.dir/rosidl_typesupport_introspection_cpp/custom_messages_pkg/msg/detail/drone_rpm__type_support.cpp.o[0m
[9.603s] [ 54%] [32m[1mLinking CXX shared library libcustom_messages_pkg__rosidl_typesupport_c.so[0m
[9.699s] [ 56%] [32mBuilding CXX object CMakeFiles/custom_messages_pkg__rosidl_typesupport_introspection_cpp.dir/rosidl_typesupport_introspection_cpp/custom_messages_pkg/msg/detail/swarm_pose__type_support.cpp.o[0m
[9.728s] [ 58%] [32m[1mLinking CXX shared library libcustom_messages_pkg__rosidl_typesupport_cpp.so[0m
[9.783s] [ 60%] [32m[1mLinking C shared library libcustom_messages_pkg__rosidl_typesupport_introspection_c.so[0m
[9.922s] [ 60%] Built target custom_messages_pkg__rosidl_typesupport_c
[10.022s] [ 61%] [32mBuilding CXX object CMakeFiles/custom_messages_pkg__rosidl_typesupport_introspection_cpp.dir/rosidl_typesupport_introspection_cpp/custom_messages_pkg/msg/detail/swarm_rpm__type_support.cpp.o[0m
[10.034s] [ 61%] Built target custom_messages_pkg__rosidl_typesupport_cpp
[10.091s] [ 61%] Built target custom_messages_pkg__rosidl_typesupport_introspection_c
[10.145s] [ 63%] [32mBuilding CXX object CMakeFiles/custom_messages_pkg__rosidl_typesupport_fastrtps_cpp.dir/rosidl_typesupport_fastrtps_cpp/custom_messages_pkg/msg/detail/dds_fastrtps/swarm_rpm__type_support.cpp.o[0m
[12.604s] [ 65%] [32m[1mLinking CXX shared library libcustom_messages_pkg__rosidl_typesupport_introspection_cpp.so[0m
[12.852s] [ 67%] [32m[1mLinking CXX shared library libcustom_messages_pkg__rosidl_typesupport_fastrtps_cpp.so[0m
[12.988s] [ 67%] Built target custom_messages_pkg__rosidl_typesupport_introspection_cpp
[13.250s] [ 67%] Built target custom_messages_pkg__rosidl_typesupport_fastrtps_cpp
[13.305s] [ 69%] [34m[1mGenerating C type support for eProsima Fast-RTPS[0m
[14.874s] [35m[1mScanning dependencies of target custom_messages_pkg__rosidl_typesupport_fastrtps_c[0m
[14.931s] [ 70%] [32mBuilding CXX object CMakeFiles/custom_messages_pkg__rosidl_typesupport_fastrtps_c.dir/rosidl_typesupport_fastrtps_c/custom_messages_pkg/msg/detail/geometry__type_support_c.cpp.o[0m
[14.952s] [ 72%] [32mBuilding CXX object CMakeFiles/custom_messages_pkg__rosidl_typesupport_fastrtps_c.dir/rosidl_typesupport_fastrtps_c/custom_messages_pkg/msg/detail/drone_rpm__type_support_c.cpp.o[0m
[14.969s] [ 74%] [32mBuilding CXX object CMakeFiles/custom_messages_pkg__rosidl_typesupport_fastrtps_c.dir/rosidl_typesupport_fastrtps_c/custom_messages_pkg/msg/detail/swarm_rpm__type_support_c.cpp.o[0m
[14.993s] [ 76%] [32mBuilding CXX object CMakeFiles/custom_messages_pkg__rosidl_typesupport_fastrtps_c.dir/rosidl_typesupport_fastrtps_c/custom_messages_pkg/msg/detail/swarm_pose__type_support_c.cpp.o[0m
[17.035s] [ 78%] [32m[1mLinking CXX shared library libcustom_messages_pkg__rosidl_typesupport_fastrtps_c.so[0m
[17.424s] [ 78%] Built target custom_messages_pkg__rosidl_typesupport_fastrtps_c
[17.504s] [ 78%] Built target custom_messages_pkg
[17.603s] [ 80%] [34m[1mGenerating Python code for ROS interfaces[0m
[20.389s] [ 80%] Built target custom_messages_pkg__py
[20.456s] [35m[1mScanning dependencies of target custom_messages_pkg__python[0m
[20.563s] [ 81%] [32mBuilding C object CMakeFiles/custom_messages_pkg__python.dir/rosidl_generator_py/custom_messages_pkg/msg/_drone_rpm_s.c.o[0m
[20.573s] [ 83%] [32mBuilding C object CMakeFiles/custom_messages_pkg__python.dir/rosidl_generator_py/custom_messages_pkg/msg/_swarm_pose_s.c.o[0m
[20.588s] [ 85%] [32mBuilding C object CMakeFiles/custom_messages_pkg__python.dir/rosidl_generator_py/custom_messages_pkg/msg/_geometry_s.c.o[0m
[20.598s] [ 87%] [32mBuilding C object CMakeFiles/custom_messages_pkg__python.dir/rosidl_generator_py/custom_messages_pkg/msg/_swarm_rpm_s.c.o[0m
[21.190s] [ 89%] [32m[1mLinking C shared library rosidl_generator_py/custom_messages_pkg/libcustom_messages_pkg__python.so[0m
[21.303s] [ 89%] Built target custom_messages_pkg__python
[21.346s] [35m[1mScanning dependencies of target custom_messages_pkg__rosidl_typesupport_fastrtps_c__pyext[0m
[21.349s] [35m[1mScanning dependencies of target custom_messages_pkg__rosidl_typesupport_c__pyext[0m
[21.353s] [35m[1mScanning dependencies of target custom_messages_pkg__rosidl_typesupport_introspection_c__pyext[0m
[21.399s] [ 90%] [32mBuilding C object CMakeFiles/custom_messages_pkg__rosidl_typesupport_c__pyext.dir/rosidl_generator_py/custom_messages_pkg/_custom_messages_pkg_s.ep.rosidl_typesupport_c.c.o[0m
[21.399s] [ 92%] [32mBuilding C object CMakeFiles/custom_messages_pkg__rosidl_typesupport_introspection_c__pyext.dir/rosidl_generator_py/custom_messages_pkg/_custom_messages_pkg_s.ep.rosidl_typesupport_introspection_c.c.o[0m
[21.411s] [ 94%] [32mBuilding C object CMakeFiles/custom_messages_pkg__rosidl_typesupport_fastrtps_c__pyext.dir/rosidl_generator_py/custom_messages_pkg/_custom_messages_pkg_s.ep.rosidl_typesupport_fastrtps_c.c.o[0m
[21.646s] [ 96%] [32m[1mLinking C shared library rosidl_generator_py/custom_messages_pkg/custom_messages_pkg_s__rosidl_typesupport_c.cpython-38-x86_64-linux-gnu.so[0m
[21.661s] [ 98%] [32m[1mLinking C shared library rosidl_generator_py/custom_messages_pkg/custom_messages_pkg_s__rosidl_typesupport_introspection_c.cpython-38-x86_64-linux-gnu.so[0m
[21.705s] [100%] [32m[1mLinking CXX shared library rosidl_generator_py/custom_messages_pkg/custom_messages_pkg_s__rosidl_typesupport_fastrtps_c.cpython-38-x86_64-linux-gnu.so[0m
[21.814s] [100%] Built target custom_messages_pkg__rosidl_typesupport_c__pyext
[21.831s] [100%] Built target custom_messages_pkg__rosidl_typesupport_introspection_c__pyext
[21.905s] [100%] Built target custom_messages_pkg__rosidl_typesupport_fastrtps_c__pyext
[21.931s] Invoked command in '/home/yunus/ros2_ws/build/custom_messages_pkg' returned '0': CMAKE_PREFIX_PATH=${CMAKE_PREFIX_PATH}:/home/yunus/ros2_ws/install/assignment1:/home/yunus/ros2_ws/install/a2:/opt/ros/foxy /usr/bin/cmake --build /home/yunus/ros2_ws/build/custom_messages_pkg -- -j8 -l8
[22.237s] Invoking command in '/home/yunus/ros2_ws/build/custom_messages_pkg': CMAKE_PREFIX_PATH=${CMAKE_PREFIX_PATH}:/home/yunus/ros2_ws/install/assignment1:/home/yunus/ros2_ws/install/a2:/opt/ros/foxy /usr/bin/cmake --install /home/yunus/ros2_ws/build/custom_messages_pkg
[22.259s] -- Install configuration: ""
[22.260s] -- Execute custom install script
[22.272s] -- Up-to-date symlink: /home/yunus/ros2_ws/install/custom_messages_pkg/share/ament_index/resource_index/rosidl_interfaces/custom_messages_pkg
[22.278s] -- Up-to-date symlink: /home/yunus/ros2_ws/install/custom_messages_pkg/include/custom_messages_pkg/msg/custom_control.h
[22.279s] -- Up-to-date symlink: /home/yunus/ros2_ws/install/custom_messages_pkg/include/custom_messages_pkg/msg/detail/custom_control__functions.h
[22.280s] -- Up-to-date symlink: /home/yunus/ros2_ws/install/custom_messages_pkg/include/custom_messages_pkg/msg/detail/custom_control__struct.h
[22.280s] -- Up-to-date symlink: /home/yunus/ros2_ws/install/custom_messages_pkg/include/custom_messages_pkg/msg/detail/custom_control__type_support.h
[22.281s] -- Up-to-date symlink: /home/yunus/ros2_ws/install/custom_messages_pkg/include/custom_messages_pkg/msg/detail/drone_rpm__functions.h
[22.282s] -- Up-to-date symlink: /home/yunus/ros2_ws/install/custom_messages_pkg/include/custom_messages_pkg/msg/detail/drone_rpm__struct.h
[22.283s] -- Up-to-date symlink: /home/yunus/ros2_ws/install/custom_messages_pkg/include/custom_messages_pkg/msg/detail/drone_rpm__type_support.h
[22.283s] -- Up-to-date symlink: /home/yunus/ros2_ws/install/custom_messages_pkg/include/custom_messages_pkg/msg/detail/geometry__functions.h
[22.287s] -- Up-to-date symlink: /home/yunus/ros2_ws/install/custom_messages_pkg/include/custom_messages_pkg/msg/detail/geometry__struct.h
[22.287s] -- Up-to-date symlink: /home/yunus/ros2_ws/install/custom_messages_pkg/include/custom_messages_pkg/msg/detail/geometry__type_support.h
[22.289s] -- Up-to-date symlink: /home/yunus/ros2_ws/install/custom_messages_pkg/include/custom_messages_pkg/msg/detail/swarm_pose__functions.h
[22.290s] -- Up-to-date symlink: /home/yunus/ros2_ws/install/custom_messages_pkg/include/custom_messages_pkg/msg/detail/swarm_pose__struct.h
[22.290s] -- Up-to-date symlink: /home/yunus/ros2_ws/install/custom_messages_pkg/include/custom_messages_pkg/msg/detail/swarm_pose__type_support.h
[22.291s] -- Up-to-date symlink: /home/yunus/ros2_ws/install/custom_messages_pkg/include/custom_messages_pkg/msg/detail/swarm_rpm__functions.h
[22.292s] -- Up-to-date symlink: /home/yunus/ros2_ws/install/custom_messages_pkg/include/custom_messages_pkg/msg/detail/swarm_rpm__struct.h
[22.292s] -- Up-to-date symlink: /home/yunus/ros2_ws/install/custom_messages_pkg/include/custom_messages_pkg/msg/detail/swarm_rpm__type_support.h
[22.293s] -- Up-to-date symlink: /home/yunus/ros2_ws/install/custom_messages_pkg/include/custom_messages_pkg/msg/drone_rpm.h
[22.294s] -- Up-to-date symlink: /home/yunus/ros2_ws/install/custom_messages_pkg/include/custom_messages_pkg/msg/geometry.h
[22.294s] -- Up-to-date symlink: /home/yunus/ros2_ws/install/custom_messages_pkg/include/custom_messages_pkg/msg/rosidl_generator_c__visibility_control.h
[22.297s] -- Up-to-date symlink: /home/yunus/ros2_ws/install/custom_messages_pkg/include/custom_messages_pkg/msg/swarm_pose.h
[22.298s] -- Up-to-date symlink: /home/yunus/ros2_ws/install/custom_messages_pkg/include/custom_messages_pkg/msg/swarm_rpm.h
[22.300s] -- Up-to-date symlink: /home/yunus/ros2_ws/install/custom_messages_pkg/share/custom_messages_pkg/environment/library_path.sh
[22.301s] -- Up-to-date symlink: /home/yunus/ros2_ws/install/custom_messages_pkg/share/custom_messages_pkg/environment/library_path.dsv
[22.303s] -- Up-to-date symlink: /home/yunus/ros2_ws/install/custom_messages_pkg/include/custom_messages_pkg/msg/detail/custom_control__rosidl_typesupport_fastrtps_c.h
[22.304s] -- Up-to-date symlink: /home/yunus/ros2_ws/install/custom_messages_pkg/include/custom_messages_pkg/msg/detail/drone_rpm__rosidl_typesupport_fastrtps_c.h
[22.305s] -- Up-to-date symlink: /home/yunus/ros2_ws/install/custom_messages_pkg/include/custom_messages_pkg/msg/detail/geometry__rosidl_typesupport_fastrtps_c.h
[22.306s] -- Up-to-date symlink: /home/yunus/ros2_ws/install/custom_messages_pkg/include/custom_messages_pkg/msg/detail/swarm_pose__rosidl_typesupport_fastrtps_c.h
[22.307s] -- Up-to-date symlink: /home/yunus/ros2_ws/install/custom_messages_pkg/include/custom_messages_pkg/msg/detail/swarm_rpm__rosidl_typesupport_fastrtps_c.h
[22.307s] -- Up-to-date symlink: /home/yunus/ros2_ws/install/custom_messages_pkg/include/custom_messages_pkg/msg/rosidl_typesupport_fastrtps_c__visibility_control.h
[22.308s] -- Up-to-date symlink: /home/yunus/ros2_ws/install/custom_messages_pkg/lib/libcustom_messages_pkg__rosidl_typesupport_fastrtps_c.so
[22.310s] -- Up-to-date symlink: /home/yunus/ros2_ws/install/custom_messages_pkg/include/custom_messages_pkg/msg/detail/custom_control__rosidl_typesupport_fastrtps_cpp.hpp
[22.311s] -- Up-to-date symlink: /home/yunus/ros2_ws/install/custom_messages_pkg/include/custom_messages_pkg/msg/detail/drone_rpm__rosidl_typesupport_fastrtps_cpp.hpp
[22.312s] -- Up-to-date symlink: /home/yunus/ros2_ws/install/custom_messages_pkg/include/custom_messages_pkg/msg/detail/geometry__rosidl_typesupport_fastrtps_cpp.hpp
[22.315s] -- Up-to-date symlink: /home/yunus/ros2_ws/install/custom_messages_pkg/include/custom_messages_pkg/msg/detail/swarm_pose__rosidl_typesupport_fastrtps_cpp.hpp
[22.319s] -- Up-to-date symlink: /home/yunus/ros2_ws/install/custom_messages_pkg/include/custom_messages_pkg/msg/detail/swarm_rpm__rosidl_typesupport_fastrtps_cpp.hpp
[22.319s] -- Up-to-date symlink: /home/yunus/ros2_ws/install/custom_messages_pkg/include/custom_messages_pkg/msg/rosidl_typesupport_fastrtps_cpp__visibility_control.h
[22.319s] -- Up-to-date symlink: /home/yunus/ros2_ws/install/custom_messages_pkg/lib/libcustom_messages_pkg__rosidl_typesupport_fastrtps_cpp.so
[22.319s] -- Up-to-date symlink: /home/yunus/ros2_ws/install/custom_messages_pkg/include/custom_messages_pkg/msg/detail/custom_control__rosidl_typesupport_introspection_c.h
[22.320s] -- Up-to-date symlink: /home/yunus/ros2_ws/install/custom_messages_pkg/include/custom_messages_pkg/msg/detail/drone_rpm__rosidl_typesupport_introspection_c.h
[22.321s] -- Up-to-date symlink: /home/yunus/ros2_ws/install/custom_messages_pkg/include/custom_messages_pkg/msg/detail/geometry__rosidl_typesupport_introspection_c.h
[22.323s] -- Up-to-date symlink: /home/yunus/ros2_ws/install/custom_messages_pkg/include/custom_messages_pkg/msg/detail/swarm_pose__rosidl_typesupport_introspection_c.h
[22.323s] -- Up-to-date symlink: /home/yunus/ros2_ws/install/custom_messages_pkg/include/custom_messages_pkg/msg/detail/swarm_rpm__rosidl_typesupport_introspection_c.h
[22.323s] -- Up-to-date symlink: /home/yunus/ros2_ws/install/custom_messages_pkg/include/custom_messages_pkg/msg/rosidl_typesupport_introspection_c__visibility_control.h
[22.325s] -- Up-to-date symlink: /home/yunus/ros2_ws/install/custom_messages_pkg/include/custom_messages_pkg/msg/custom_control.hpp
[22.326s] -- Up-to-date symlink: /home/yunus/ros2_ws/install/custom_messages_pkg/include/custom_messages_pkg/msg/detail/custom_control__builder.hpp
[22.326s] -- Up-to-date symlink: /home/yunus/ros2_ws/install/custom_messages_pkg/include/custom_messages_pkg/msg/detail/custom_control__struct.hpp
[22.327s] -- Up-to-date symlink: /home/yunus/ros2_ws/install/custom_messages_pkg/include/custom_messages_pkg/msg/detail/custom_control__traits.hpp
[22.328s] -- Up-to-date symlink: /home/yunus/ros2_ws/install/custom_messages_pkg/include/custom_messages_pkg/msg/detail/drone_rpm__builder.hpp
[22.328s] -- Up-to-date symlink: /home/yunus/ros2_ws/install/custom_messages_pkg/include/custom_messages_pkg/msg/detail/drone_rpm__struct.hpp
[22.329s] -- Up-to-date symlink: /home/yunus/ros2_ws/install/custom_messages_pkg/include/custom_messages_pkg/msg/detail/drone_rpm__traits.hpp
[22.330s] -- Up-to-date symlink: /home/yunus/ros2_ws/install/custom_messages_pkg/include/custom_messages_pkg/msg/detail/geometry__builder.hpp
[22.330s] -- Up-to-date symlink: /home/yunus/ros2_ws/install/custom_messages_pkg/include/custom_messages_pkg/msg/detail/geometry__struct.hpp
[22.331s] -- Up-to-date symlink: /home/yunus/ros2_ws/install/custom_messages_pkg/include/custom_messages_pkg/msg/detail/geometry__traits.hpp
[22.331s] -- Up-to-date symlink: /home/yunus/ros2_ws/install/custom_messages_pkg/include/custom_messages_pkg/msg/detail/swarm_pose__builder.hpp
[22.332s] -- Up-to-date symlink: /home/yunus/ros2_ws/install/custom_messages_pkg/include/custom_messages_pkg/msg/detail/swarm_pose__struct.hpp
[22.333s] -- Up-to-date symlink: /home/yunus/ros2_ws/install/custom_messages_pkg/include/custom_messages_pkg/msg/detail/swarm_pose__traits.hpp
[22.333s] -- Up-to-date symlink: /home/yunus/ros2_ws/install/custom_messages_pkg/include/custom_messages_pkg/msg/detail/swarm_rpm__builder.hpp
[22.334s] -- Up-to-date symlink: /home/yunus/ros2_ws/install/custom_messages_pkg/include/custom_messages_pkg/msg/detail/swarm_rpm__struct.hpp
[22.335s] -- Up-to-date symlink: /home/yunus/ros2_ws/install/custom_messages_pkg/include/custom_messages_pkg/msg/detail/swarm_rpm__traits.hpp
[22.336s] -- Up-to-date symlink: /home/yunus/ros2_ws/install/custom_messages_pkg/include/custom_messages_pkg/msg/drone_rpm.hpp
[22.336s] -- Up-to-date symlink: /home/yunus/ros2_ws/install/custom_messages_pkg/include/custom_messages_pkg/msg/geometry.hpp
[22.337s] -- Up-to-date symlink: /home/yunus/ros2_ws/install/custom_messages_pkg/include/custom_messages_pkg/msg/swarm_pose.hpp
[22.338s] -- Up-to-date symlink: /home/yunus/ros2_ws/install/custom_messages_pkg/include/custom_messages_pkg/msg/swarm_rpm.hpp
[22.340s] -- Up-to-date symlink: /home/yunus/ros2_ws/install/custom_messages_pkg/include/custom_messages_pkg/msg/detail/custom_control__rosidl_typesupport_introspection_cpp.hpp
[22.347s] -- Up-to-date symlink: /home/yunus/ros2_ws/install/custom_messages_pkg/include/custom_messages_pkg/msg/detail/drone_rpm__rosidl_typesupport_introspection_cpp.hpp
[22.347s] -- Up-to-date symlink: /home/yunus/ros2_ws/install/custom_messages_pkg/include/custom_messages_pkg/msg/detail/geometry__rosidl_typesupport_introspection_cpp.hpp
[22.347s] -- Up-to-date symlink: /home/yunus/ros2_ws/install/custom_messages_pkg/include/custom_messages_pkg/msg/detail/swarm_pose__rosidl_typesupport_introspection_cpp.hpp
[22.347s] -- Up-to-date symlink: /home/yunus/ros2_ws/install/custom_messages_pkg/include/custom_messages_pkg/msg/detail/swarm_rpm__rosidl_typesupport_introspection_cpp.hpp
[22.348s] -- Up-to-date symlink: /home/yunus/ros2_ws/install/custom_messages_pkg/share/custom_messages_pkg/environment/pythonpath.sh
[22.348s] -- Up-to-date symlink: /home/yunus/ros2_ws/install/custom_messages_pkg/share/custom_messages_pkg/environment/pythonpath.dsv
[22.349s] -- Up-to-date symlink: /home/yunus/ros2_ws/install/custom_messages_pkg/lib/python3.8/site-packages/custom_messages_pkg/__init__.py
[22.350s] -- Up-to-date symlink: /home/yunus/ros2_ws/install/custom_messages_pkg/lib/python3.8/site-packages/custom_messages_pkg/msg/__init__.py
[22.351s] -- Up-to-date symlink: /home/yunus/ros2_ws/install/custom_messages_pkg/lib/python3.8/site-packages/custom_messages_pkg/msg/_custom_control.py
[22.351s] -- Up-to-date symlink: /home/yunus/ros2_ws/install/custom_messages_pkg/lib/python3.8/site-packages/custom_messages_pkg/msg/_drone_rpm.py
[22.351s] -- Up-to-date symlink: /home/yunus/ros2_ws/install/custom_messages_pkg/lib/python3.8/site-packages/custom_messages_pkg/msg/_geometry.py
[22.353s] -- Up-to-date symlink: /home/yunus/ros2_ws/install/custom_messages_pkg/lib/python3.8/site-packages/custom_messages_pkg/msg/_swarm_pose.py
[22.353s] -- Up-to-date symlink: /home/yunus/ros2_ws/install/custom_messages_pkg/lib/python3.8/site-packages/custom_messages_pkg/msg/_swarm_rpm.py
[22.355s] -- Up-to-date symlink: /home/yunus/ros2_ws/install/custom_messages_pkg/lib/python3.8/site-packages/custom_messages_pkg/custom_messages_pkg_s__rosidl_typesupport_fastrtps_c.cpython-38-x86_64-linux-gnu.so
[22.355s] -- Up-to-date symlink: /home/yunus/ros2_ws/install/custom_messages_pkg/lib/python3.8/site-packages/custom_messages_pkg/custom_messages_pkg_s__rosidl_typesupport_introspection_c.cpython-38-x86_64-linux-gnu.so
[22.357s] -- Up-to-date symlink: /home/yunus/ros2_ws/install/custom_messages_pkg/lib/python3.8/site-packages/custom_messages_pkg/custom_messages_pkg_s__rosidl_typesupport_c.cpython-38-x86_64-linux-gnu.so
[22.357s] -- Up-to-date symlink: /home/yunus/ros2_ws/install/custom_messages_pkg/lib/libcustom_messages_pkg__python.so
[22.360s] -- Up-to-date symlink: /home/yunus/ros2_ws/install/custom_messages_pkg/share/custom_messages_pkg/msg/Geometry.idl
[22.360s] -- Up-to-date symlink: /home/yunus/ros2_ws/install/custom_messages_pkg/share/custom_messages_pkg/msg/DroneRPM.idl
[22.361s] -- Up-to-date symlink: /home/yunus/ros2_ws/install/custom_messages_pkg/share/custom_messages_pkg/msg/SwarmPose.idl
[22.365s] -- Up-to-date symlink: /home/yunus/ros2_ws/install/custom_messages_pkg/share/custom_messages_pkg/msg/SwarmRPM.idl
[22.365s] -- Up-to-date symlink: /home/yunus/ros2_ws/install/custom_messages_pkg/share/custom_messages_pkg/msg/Geometry.msg
[22.365s] -- Up-to-date symlink: /home/yunus/ros2_ws/install/custom_messages_pkg/share/custom_messages_pkg/msg/DroneRPM.msg
[22.365s] -- Up-to-date symlink: /home/yunus/ros2_ws/install/custom_messages_pkg/share/custom_messages_pkg/msg/SwarmPose.msg
[22.374s] -- Up-to-date symlink: /home/yunus/ros2_ws/install/custom_messages_pkg/share/custom_messages_pkg/msg/SwarmRPM.msg
[22.374s] -- Up-to-date symlink: /home/yunus/ros2_ws/install/custom_messages_pkg/share/ament_index/resource_index/package_run_dependencies/custom_messages_pkg
[22.375s] -- Up-to-date symlink: /home/yunus/ros2_ws/install/custom_messages_pkg/share/ament_index/resource_index/parent_prefix_path/custom_messages_pkg
[22.375s] -- Up-to-date symlink: /home/yunus/ros2_ws/install/custom_messages_pkg/share/custom_messages_pkg/environment/ament_prefix_path.sh
[22.375s] -- Up-to-date symlink: /home/yunus/ros2_ws/install/custom_messages_pkg/share/custom_messages_pkg/environment/ament_prefix_path.dsv
[22.375s] -- Up-to-date symlink: /home/yunus/ros2_ws/install/custom_messages_pkg/share/custom_messages_pkg/environment/path.sh
[22.376s] -- Up-to-date symlink: /home/yunus/ros2_ws/install/custom_messages_pkg/share/custom_messages_pkg/environment/path.dsv
[22.377s] -- Up-to-date symlink: /home/yunus/ros2_ws/install/custom_messages_pkg/share/custom_messages_pkg/local_setup.bash
[22.377s] -- Up-to-date symlink: /home/yunus/ros2_ws/install/custom_messages_pkg/share/custom_messages_pkg/local_setup.sh
[22.379s] -- Up-to-date symlink: /home/yunus/ros2_ws/install/custom_messages_pkg/share/custom_messages_pkg/local_setup.zsh
[22.380s] -- Up-to-date symlink: /home/yunus/ros2_ws/install/custom_messages_pkg/share/custom_messages_pkg/local_setup.dsv
[22.380s] -- Symlinking: /home/yunus/ros2_ws/install/custom_messages_pkg/share/custom_messages_pkg/package.dsv
[22.407s] -- Up-to-date symlink: /home/yunus/ros2_ws/install/custom_messages_pkg/share/ament_index/resource_index/packages/custom_messages_pkg
[22.407s] -- Up-to-date symlink: /home/yunus/ros2_ws/install/custom_messages_pkg/share/custom_messages_pkg/cmake/rosidl_cmake-extras.cmake
[22.409s] -- Up-to-date symlink: /home/yunus/ros2_ws/install/custom_messages_pkg/share/custom_messages_pkg/cmake/ament_cmake_export_dependencies-extras.cmake
[22.411s] -- Up-to-date symlink: /home/yunus/ros2_ws/install/custom_messages_pkg/share/custom_messages_pkg/cmake/ament_cmake_export_libraries-extras.cmake
[22.412s] -- Up-to-date symlink: /home/yunus/ros2_ws/install/custom_messages_pkg/share/custom_messages_pkg/cmake/ament_cmake_export_targets-extras.cmake
[22.414s] -- Up-to-date symlink: /home/yunus/ros2_ws/install/custom_messages_pkg/share/custom_messages_pkg/cmake/ament_cmake_export_include_directories-extras.cmake
[22.415s] -- Up-to-date symlink: /home/yunus/ros2_ws/install/custom_messages_pkg/share/custom_messages_pkg/cmake/rosidl_cmake_export_typesupport_libraries-extras.cmake
[22.417s] -- Up-to-date symlink: /home/yunus/ros2_ws/install/custom_messages_pkg/share/custom_messages_pkg/cmake/rosidl_cmake_export_typesupport_targets-extras.cmake
[22.418s] -- Up-to-date symlink: /home/yunus/ros2_ws/install/custom_messages_pkg/share/custom_messages_pkg/cmake/custom_messages_pkgConfig.cmake
[22.418s] -- Up-to-date symlink: /home/yunus/ros2_ws/install/custom_messages_pkg/share/custom_messages_pkg/cmake/custom_messages_pkgConfig-version.cmake
[22.419s] -- Up-to-date symlink: /home/yunus/ros2_ws/install/custom_messages_pkg/share/custom_messages_pkg/package.xml
[22.419s] -- Installing: /home/yunus/ros2_ws/install/custom_messages_pkg/lib/libcustom_messages_pkg__rosidl_generator_c.so
[22.421s] -- Set runtime path of "/home/yunus/ros2_ws/install/custom_messages_pkg/lib/libcustom_messages_pkg__rosidl_generator_c.so" to ""
[22.423s] -- Installing: /home/yunus/ros2_ws/install/custom_messages_pkg/lib/libcustom_messages_pkg__rosidl_typesupport_introspection_c.so
[22.423s] -- Set runtime path of "/home/yunus/ros2_ws/install/custom_messages_pkg/lib/libcustom_messages_pkg__rosidl_typesupport_introspection_c.so" to ""
[22.424s] -- Installing: /home/yunus/ros2_ws/install/custom_messages_pkg/lib/libcustom_messages_pkg__rosidl_typesupport_c.so
[22.425s] -- Set runtime path of "/home/yunus/ros2_ws/install/custom_messages_pkg/lib/libcustom_messages_pkg__rosidl_typesupport_c.so" to ""
[22.426s] -- Installing: /home/yunus/ros2_ws/install/custom_messages_pkg/lib/libcustom_messages_pkg__rosidl_typesupport_introspection_cpp.so
[22.427s] -- Set runtime path of "/home/yunus/ros2_ws/install/custom_messages_pkg/lib/libcustom_messages_pkg__rosidl_typesupport_introspection_cpp.so" to ""
[22.428s] -- Installing: /home/yunus/ros2_ws/install/custom_messages_pkg/lib/libcustom_messages_pkg__rosidl_typesupport_cpp.so
[22.429s] -- Set runtime path of "/home/yunus/ros2_ws/install/custom_messages_pkg/lib/libcustom_messages_pkg__rosidl_typesupport_cpp.so" to ""
[22.527s] Compiling '/home/yunus/ros2_ws/install/custom_messages_pkg/lib/python3.8/site-packages/custom_messages_pkg/__init__.py'...
[22.538s] -- Up-to-date: /home/yunus/ros2_ws/install/custom_messages_pkg/share/custom_messages_pkg/cmake/custom_messages_pkg__rosidl_generator_cExport.cmake
[22.539s] -- Installing: /home/yunus/ros2_ws/install/custom_messages_pkg/share/custom_messages_pkg/cmake/custom_messages_pkg__rosidl_generator_cExport-noconfig.cmake
[22.539s] -- Up-to-date: /home/yunus/ros2_ws/install/custom_messages_pkg/share/custom_messages_pkg/cmake/custom_messages_pkg__rosidl_typesupport_introspection_cExport.cmake
[22.539s] -- Installing: /home/yunus/ros2_ws/install/custom_messages_pkg/share/custom_messages_pkg/cmake/custom_messages_pkg__rosidl_typesupport_introspection_cExport-noconfig.cmake
[22.540s] -- Up-to-date: /home/yunus/ros2_ws/install/custom_messages_pkg/share/custom_messages_pkg/cmake/custom_messages_pkg__rosidl_typesupport_cExport.cmake
[22.540s] -- Installing: /home/yunus/ros2_ws/install/custom_messages_pkg/share/custom_messages_pkg/cmake/custom_messages_pkg__rosidl_typesupport_cExport-noconfig.cmake
[22.542s] -- Up-to-date: /home/yunus/ros2_ws/install/custom_messages_pkg/share/custom_messages_pkg/cmake/custom_messages_pkg__rosidl_generator_cppExport.cmake
[22.543s] -- Up-to-date: /home/yunus/ros2_ws/install/custom_messages_pkg/share/custom_messages_pkg/cmake/custom_messages_pkg__rosidl_typesupport_introspection_cppExport.cmake
[22.543s] -- Installing: /home/yunus/ros2_ws/install/custom_messages_pkg/share/custom_messages_pkg/cmake/custom_messages_pkg__rosidl_typesupport_introspection_cppExport-noconfig.cmake
[22.544s] -- Up-to-date: /home/yunus/ros2_ws/install/custom_messages_pkg/share/custom_messages_pkg/cmake/custom_messages_pkg__rosidl_typesupport_cppExport.cmake
[22.544s] -- Installing: /home/yunus/ros2_ws/install/custom_messages_pkg/share/custom_messages_pkg/cmake/custom_messages_pkg__rosidl_typesupport_cppExport-noconfig.cmake
[22.558s] Invoked command in '/home/yunus/ros2_ws/build/custom_messages_pkg' returned '0': CMAKE_PREFIX_PATH=${CMAKE_PREFIX_PATH}:/home/yunus/ros2_ws/install/assignment1:/home/yunus/ros2_ws/install/a2:/opt/ros/foxy /usr/bin/cmake --install /home/yunus/ros2_ws/build/custom_messages_pkg
