[1.205s] Invoking command in '/home/yunus/ros2_ws/src/robotic_project': PYTHONPATH=/home/yunus/ros2_ws/build/robotic_project/prefix_override:/home/yunus/ros2_ws/install/robotic_project/lib/python3.8/site-packages:${PYTHONPATH} /usr/bin/python3 setup.py egg_info --egg-base ../../build/robotic_project build --build-base /home/yunus/ros2_ws/build/robotic_project/build install --record /home/yunus/ros2_ws/build/robotic_project/install.log --install-scripts $base/lib/robotic_project --single-version-externally-managed
[1.444s] running egg_info
[1.444s] writing ../../build/robotic_project/robotic_project.egg-info/PKG-INFO
[1.445s] writing dependency_links to ../../build/robotic_project/robotic_project.egg-info/dependency_links.txt
[1.445s] writing entry points to ../../build/robotic_project/robotic_project.egg-info/entry_points.txt
[1.445s] writing requirements to ../../build/robotic_project/robotic_project.egg-info/requires.txt
[1.445s] writing top-level names to ../../build/robotic_project/robotic_project.egg-info/top_level.txt
[1.478s] reading manifest file '../../build/robotic_project/robotic_project.egg-info/SOURCES.txt'
[1.479s] writing manifest file '../../build/robotic_project/robotic_project.egg-info/SOURCES.txt'
[1.479s] running build
[1.479s] running build_py
[1.479s] running install
[1.480s] running install_lib
[1.481s] running install_data
[1.482s] copying package.xml -> /home/yunus/ros2_ws/install/robotic_project/share/robotic_project
[1.482s] running install_egg_info
[1.484s] removing '/home/yunus/ros2_ws/install/robotic_project/lib/python3.8/site-packages/robotic_project-0.0.0-py3.8.egg-info' (and everything under it)
[1.484s] Copying ../../build/robotic_project/robotic_project.egg-info to /home/yunus/ros2_ws/install/robotic_project/lib/python3.8/site-packages/robotic_project-0.0.0-py3.8.egg-info
[1.485s] running install_scripts
[1.503s] Installing listener = robotic_project.listener_deneme:maintalker script to /home/yunus/ros2_ws/install/robotic_project/lib/robotic_project
[1.503s] writing list of installed files to '/home/yunus/ros2_ws/build/robotic_project/install.log'
[1.527s] Invoked command in '/home/yunus/ros2_ws/src/robotic_project' returned '0': PYTHONPATH=/home/yunus/ros2_ws/build/robotic_project/prefix_override:/home/yunus/ros2_ws/install/robotic_project/lib/python3.8/site-packages:${PYTHONPATH} /usr/bin/python3 setup.py egg_info --egg-base ../../build/robotic_project build --build-base /home/yunus/ros2_ws/build/robotic_project/build install --record /home/yunus/ros2_ws/build/robotic_project/install.log --install-scripts $base/lib/robotic_project --single-version-externally-managed
