[0.051s] Invoking command in '/home/yunus/ros2_ws/build/custom_messages_pkg': CMAKE_PREFIX_PATH=${CMAKE_PREFIX_PATH}:/home/yunus/ros2_ws/install/assignment1:/home/yunus/ros2_ws/install/a2:/opt/ros/foxy /usr/bin/cmake --build /home/yunus/ros2_ws/build/custom_messages_pkg -- -j8 -l8
[0.320s] -- Found ament_cmake: 0.9.11 (/opt/ros/foxy/share/ament_cmake/cmake)
[0.320s] -- Found PythonInterp: /usr/bin/python3 (found suitable version "3.8.10", minimum required is "3") 
[0.320s] -- Using PYTHON_EXECUTABLE: /usr/bin/python3
[0.377s] -- Override CMake install command with custom implementation using symlinks instead of copying resources
[0.394s] -- Found geometry_msgs: 2.0.5 (/opt/ros/foxy/share/geometry_msgs/cmake)
[0.422s] -- Using all available rosidl_typesupport_c: rosidl_typesupport_fastrtps_c;rosidl_typesupport_introspection_c
[0.428s] -- Found rosidl_adapter: 1.3.0 (/opt/ros/foxy/share/rosidl_adapter/cmake)
[0.549s] -- Using all available rosidl_typesupport_cpp: rosidl_typesupport_fastrtps_cpp;rosidl_typesupport_introspection_cpp
[0.648s] -- Found rosidl_default_generators: 1.0.1 (/opt/ros/foxy/share/rosidl_default_generators/cmake)
[0.659s] -- Found ament_lint_auto: 0.9.7 (/opt/ros/foxy/share/ament_lint_auto/cmake)
[0.766s] -- Found PythonInterp: /usr/bin/python3 (found version "3.8.10") 
[0.947s] -- Found ament_cmake_ros: 0.9.2 (/opt/ros/foxy/share/ament_cmake_ros/cmake)
[1.221s] -- Using all available rosidl_typesupport_c: rosidl_typesupport_fastrtps_c;rosidl_typesupport_introspection_c
[1.332s] -- Using all available rosidl_typesupport_cpp: rosidl_typesupport_fastrtps_cpp;rosidl_typesupport_introspection_cpp
[1.369s] -- Found PythonInterp: /usr/bin/python3 (found suitable version "3.8.10", minimum required is "3.5") 
[1.369s] -- Found python_cmake_module: 0.8.1 (/opt/ros/foxy/share/python_cmake_module/cmake)
[1.403s] -- Using PYTHON_EXECUTABLE: /usr/bin/python3
[1.403s] -- Using PYTHON_INCLUDE_DIRS: /usr/include/python3.8
[1.403s] -- Using PYTHON_LIBRARIES: /usr/lib/x86_64-linux-gnu/libpython3.8.so
[1.470s] -- Added test 'copyright' to check source files copyright and LICENSE
[1.473s] -- Added test 'lint_cmake' to check CMake code style
[1.474s] -- Added test 'xmllint' to check XML markup files
[1.486s] -- Configuring done
[1.573s] -- Generating done
[1.576s] -- Build files have been written to: /home/yunus/ros2_ws/build/custom_messages_pkg
[1.601s] [  2%] [34m[1mGenerating C code for ROS interfaces[0m
[1.603s] [35m[1mScanning dependencies of target custom_messages_pkg__cpp[0m
[1.619s] [  4%] [34m[1mGenerating C++ code for ROS interfaces[0m
[1.942s] [  4%] Built target custom_messages_pkg__cpp
[1.953s] [ 10%] [34m[1mGenerating C++ type support dispatch for ROS interfaces[0m
[1.954s] [ 10%] [34m[1mGenerating C++ introspection for ROS interfaces[0m
[1.954s] [ 10%] [34m[1mGenerating C++ type support for eProsima Fast-RTPS[0m
[2.004s] [35m[1mScanning dependencies of target custom_messages_pkg__rosidl_generator_c[0m
[2.024s] [ 12%] [32mBuilding C object CMakeFiles/custom_messages_pkg__rosidl_generator_c.dir/rosidl_generator_c/custom_messages_pkg/msg/detail/custom_control__functions.c.o[0m
[2.026s] [ 14%] [32mBuilding C object CMakeFiles/custom_messages_pkg__rosidl_generator_c.dir/rosidl_generator_c/custom_messages_pkg/msg/detail/geometry__functions.c.o[0m
[2.027s] [ 17%] [32mBuilding C object CMakeFiles/custom_messages_pkg__rosidl_generator_c.dir/rosidl_generator_c/custom_messages_pkg/msg/detail/swarm_pose__functions.c.o[0m
[2.201s] [ 19%] [32m[1mLinking C shared library libcustom_messages_pkg__rosidl_generator_c.so[0m
[2.266s] [35m[1mScanning dependencies of target custom_messages_pkg__rosidl_typesupport_cpp[0m
[2.276s] [ 19%] Built target custom_messages_pkg__rosidl_generator_c
[2.283s] [35m[1mScanning dependencies of target custom_messages_pkg__rosidl_typesupport_introspection_cpp[0m
[2.288s] [ 21%] [32mBuilding CXX object CMakeFiles/custom_messages_pkg__rosidl_typesupport_cpp.dir/rosidl_typesupport_cpp/custom_messages_pkg/msg/custom_control__type_support.cpp.o[0m
[2.289s] [ 23%] [32mBuilding CXX object CMakeFiles/custom_messages_pkg__rosidl_typesupport_cpp.dir/rosidl_typesupport_cpp/custom_messages_pkg/msg/geometry__type_support.cpp.o[0m
[2.289s] [ 25%] [32mBuilding CXX object CMakeFiles/custom_messages_pkg__rosidl_typesupport_cpp.dir/rosidl_typesupport_cpp/custom_messages_pkg/msg/swarm_pose__type_support.cpp.o[0m
[2.290s] [ 27%] [34m[1mGenerating C type support dispatch for ROS interfaces[0m
[2.292s] [ 29%] [34m[1mGenerating C introspection for ROS interfaces[0m
[2.305s] [ 31%] [32mBuilding CXX object CMakeFiles/custom_messages_pkg__rosidl_typesupport_introspection_cpp.dir/rosidl_typesupport_introspection_cpp/custom_messages_pkg/msg/detail/geometry__type_support.cpp.o[0m
[2.312s] [ 34%] [32mBuilding CXX object CMakeFiles/custom_messages_pkg__rosidl_typesupport_introspection_cpp.dir/rosidl_typesupport_introspection_cpp/custom_messages_pkg/msg/detail/custom_control__type_support.cpp.o[0m
[2.363s] [35m[1mScanning dependencies of target custom_messages_pkg__rosidl_typesupport_fastrtps_cpp[0m
[2.385s] [ 36%] [32mBuilding CXX object CMakeFiles/custom_messages_pkg__rosidl_typesupport_fastrtps_cpp.dir/rosidl_typesupport_fastrtps_cpp/custom_messages_pkg/msg/detail/dds_fastrtps/geometry__type_support.cpp.o[0m
[2.733s] [35m[1mScanning dependencies of target custom_messages_pkg__rosidl_typesupport_c[0m
[2.761s] [ 38%] [32mBuilding CXX object CMakeFiles/custom_messages_pkg__rosidl_typesupport_c.dir/rosidl_typesupport_c/custom_messages_pkg/msg/geometry__type_support.cpp.o[0m
[2.838s] [ 40%] [32mBuilding CXX object CMakeFiles/custom_messages_pkg__rosidl_typesupport_c.dir/rosidl_typesupport_c/custom_messages_pkg/msg/custom_control__type_support.cpp.o[0m
[2.854s] [ 42%] [32mBuilding CXX object CMakeFiles/custom_messages_pkg__rosidl_typesupport_fastrtps_cpp.dir/rosidl_typesupport_fastrtps_cpp/custom_messages_pkg/msg/detail/dds_fastrtps/custom_control__type_support.cpp.o[0m
[2.887s] [ 44%] [32mBuilding CXX object CMakeFiles/custom_messages_pkg__rosidl_typesupport_c.dir/rosidl_typesupport_c/custom_messages_pkg/msg/swarm_pose__type_support.cpp.o[0m
[2.899s] [ 46%] [32mBuilding CXX object CMakeFiles/custom_messages_pkg__rosidl_typesupport_fastrtps_cpp.dir/rosidl_typesupport_fastrtps_cpp/custom_messages_pkg/msg/detail/dds_fastrtps/swarm_pose__type_support.cpp.o[0m
[2.901s] [ 48%] [32mBuilding CXX object CMakeFiles/custom_messages_pkg__rosidl_typesupport_introspection_cpp.dir/rosidl_typesupport_introspection_cpp/custom_messages_pkg/msg/detail/swarm_pose__type_support.cpp.o[0m
[2.911s] [35m[1mScanning dependencies of target custom_messages_pkg__rosidl_typesupport_introspection_c[0m
[2.912s] [ 51%] [32m[1mLinking CXX shared library libcustom_messages_pkg__rosidl_typesupport_cpp.so[0m
[2.937s] [ 53%] [32m[1mLinking CXX shared library libcustom_messages_pkg__rosidl_typesupport_c.so[0m
[2.949s] [ 55%] [32mBuilding C object CMakeFiles/custom_messages_pkg__rosidl_typesupport_introspection_c.dir/rosidl_typesupport_introspection_c/custom_messages_pkg/msg/detail/geometry__type_support.c.o[0m
[2.961s] [ 57%] [32mBuilding C object CMakeFiles/custom_messages_pkg__rosidl_typesupport_introspection_c.dir/rosidl_typesupport_introspection_c/custom_messages_pkg/msg/detail/custom_control__type_support.c.o[0m
[3.003s] [ 57%] Built target custom_messages_pkg__rosidl_typesupport_cpp
[3.009s] [ 57%] Built target custom_messages_pkg__rosidl_typesupport_c
[3.011s] [ 59%] [32mBuilding C object CMakeFiles/custom_messages_pkg__rosidl_typesupport_introspection_c.dir/rosidl_typesupport_introspection_c/custom_messages_pkg/msg/detail/swarm_pose__type_support.c.o[0m
[3.059s] [ 61%] [32m[1mLinking C shared library libcustom_messages_pkg__rosidl_typesupport_introspection_c.so[0m
[3.108s] [ 61%] Built target custom_messages_pkg__rosidl_typesupport_introspection_c
[3.395s] [ 63%] [32m[1mLinking CXX shared library libcustom_messages_pkg__rosidl_typesupport_introspection_cpp.so[0m
[3.490s] [ 63%] Built target custom_messages_pkg__rosidl_typesupport_introspection_cpp
[3.518s] [ 65%] [32m[1mLinking CXX shared library libcustom_messages_pkg__rosidl_typesupport_fastrtps_cpp.so[0m
[3.610s] [ 65%] Built target custom_messages_pkg__rosidl_typesupport_fastrtps_cpp
[3.619s] [ 68%] [34m[1mGenerating C type support for eProsima Fast-RTPS[0m
[3.886s] [35m[1mScanning dependencies of target custom_messages_pkg__rosidl_typesupport_fastrtps_c[0m
[3.905s] [ 70%] [32mBuilding CXX object CMakeFiles/custom_messages_pkg__rosidl_typesupport_fastrtps_c.dir/rosidl_typesupport_fastrtps_c/custom_messages_pkg/msg/detail/swarm_pose__type_support_c.cpp.o[0m
[3.907s] [ 74%] [32mBuilding CXX object CMakeFiles/custom_messages_pkg__rosidl_typesupport_fastrtps_c.dir/rosidl_typesupport_fastrtps_c/custom_messages_pkg/msg/detail/custom_control__type_support_c.cpp.o[0m
[3.907s] [ 74%] [32mBuilding CXX object CMakeFiles/custom_messages_pkg__rosidl_typesupport_fastrtps_c.dir/rosidl_typesupport_fastrtps_c/custom_messages_pkg/msg/detail/geometry__type_support_c.cpp.o[0m
[4.344s] [ 76%] [32m[1mLinking CXX shared library libcustom_messages_pkg__rosidl_typesupport_fastrtps_c.so[0m
[4.439s] [ 76%] Built target custom_messages_pkg__rosidl_typesupport_fastrtps_c
[4.459s] [ 76%] Built target custom_messages_pkg
[4.472s] [35m[1mScanning dependencies of target custom_messages_pkg__py[0m
[4.483s] [ 78%] [34m[1mGenerating Python code for ROS interfaces[0m
[5.041s] [ 78%] Built target custom_messages_pkg__py
[5.053s] [35m[1mScanning dependencies of target custom_messages_pkg__python[0m
[5.073s] [ 80%] [32mBuilding C object CMakeFiles/custom_messages_pkg__python.dir/rosidl_generator_py/custom_messages_pkg/msg/_geometry_s.c.o[0m
[5.073s] [ 82%] [32mBuilding C object CMakeFiles/custom_messages_pkg__python.dir/rosidl_generator_py/custom_messages_pkg/msg/_swarm_pose_s.c.o[0m
[5.075s] [ 85%] [32mBuilding C object CMakeFiles/custom_messages_pkg__python.dir/rosidl_generator_py/custom_messages_pkg/msg/_custom_control_s.c.o[0m
[5.226s] [ 87%] [32m[1mLinking C shared library rosidl_generator_py/custom_messages_pkg/libcustom_messages_pkg__python.so[0m
[5.271s] [ 87%] Built target custom_messages_pkg__python
[5.284s] [35m[1mScanning dependencies of target custom_messages_pkg__rosidl_typesupport_fastrtps_c__pyext[0m
[5.286s] [35m[1mScanning dependencies of target custom_messages_pkg__rosidl_typesupport_c__pyext[0m
[5.286s] [35m[1mScanning dependencies of target custom_messages_pkg__rosidl_typesupport_introspection_c__pyext[0m
[5.307s] [ 89%] [32mBuilding C object CMakeFiles/custom_messages_pkg__rosidl_typesupport_fastrtps_c__pyext.dir/rosidl_generator_py/custom_messages_pkg/_custom_messages_pkg_s.ep.rosidl_typesupport_fastrtps_c.c.o[0m
[5.307s] [ 91%] [32mBuilding C object CMakeFiles/custom_messages_pkg__rosidl_typesupport_c__pyext.dir/rosidl_generator_py/custom_messages_pkg/_custom_messages_pkg_s.ep.rosidl_typesupport_c.c.o[0m
[5.310s] [ 93%] [32mBuilding C object CMakeFiles/custom_messages_pkg__rosidl_typesupport_introspection_c__pyext.dir/rosidl_generator_py/custom_messages_pkg/_custom_messages_pkg_s.ep.rosidl_typesupport_introspection_c.c.o[0m
[5.420s] [ 95%] [32m[1mLinking C shared library rosidl_generator_py/custom_messages_pkg/custom_messages_pkg_s__rosidl_typesupport_c.cpython-38-x86_64-linux-gnu.so[0m
[5.422s] [100%] [32m[1mLinking C shared library rosidl_generator_py/custom_messages_pkg/custom_messages_pkg_s__rosidl_typesupport_introspection_c.cpython-38-x86_64-linux-gnu.so[0m
[5.422s] [100%] [32m[1mLinking CXX shared library rosidl_generator_py/custom_messages_pkg/custom_messages_pkg_s__rosidl_typesupport_fastrtps_c.cpython-38-x86_64-linux-gnu.so[0m
[5.472s] [100%] Built target custom_messages_pkg__rosidl_typesupport_c__pyext
[5.474s] [100%] Built target custom_messages_pkg__rosidl_typesupport_introspection_c__pyext
[5.505s] [100%] Built target custom_messages_pkg__rosidl_typesupport_fastrtps_c__pyext
[5.515s] Invoked command in '/home/yunus/ros2_ws/build/custom_messages_pkg' returned '0': CMAKE_PREFIX_PATH=${CMAKE_PREFIX_PATH}:/home/yunus/ros2_ws/install/assignment1:/home/yunus/ros2_ws/install/a2:/opt/ros/foxy /usr/bin/cmake --build /home/yunus/ros2_ws/build/custom_messages_pkg -- -j8 -l8
[5.624s] Invoking command in '/home/yunus/ros2_ws/build/custom_messages_pkg': CMAKE_PREFIX_PATH=${CMAKE_PREFIX_PATH}:/home/yunus/ros2_ws/install/assignment1:/home/yunus/ros2_ws/install/a2:/opt/ros/foxy /usr/bin/cmake --install /home/yunus/ros2_ws/build/custom_messages_pkg
[5.633s] -- Install configuration: ""
[5.634s] -- Execute custom install script
[5.634s] -- Up-to-date symlink: /home/yunus/ros2_ws/install/custom_messages_pkg/share/ament_index/resource_index/rosidl_interfaces/custom_messages_pkg
[5.636s] -- Up-to-date symlink: /home/yunus/ros2_ws/install/custom_messages_pkg/include/custom_messages_pkg/msg/custom_control.h
[5.636s] -- Up-to-date symlink: /home/yunus/ros2_ws/install/custom_messages_pkg/include/custom_messages_pkg/msg/detail/custom_control__functions.h
[5.636s] -- Up-to-date symlink: /home/yunus/ros2_ws/install/custom_messages_pkg/include/custom_messages_pkg/msg/detail/custom_control__struct.h
[5.636s] -- Up-to-date symlink: /home/yunus/ros2_ws/install/custom_messages_pkg/include/custom_messages_pkg/msg/detail/custom_control__type_support.h
[5.637s] -- Up-to-date symlink: /home/yunus/ros2_ws/install/custom_messages_pkg/include/custom_messages_pkg/msg/detail/geometry__functions.h
[5.637s] -- Up-to-date symlink: /home/yunus/ros2_ws/install/custom_messages_pkg/include/custom_messages_pkg/msg/detail/geometry__struct.h
[5.637s] -- Up-to-date symlink: /home/yunus/ros2_ws/install/custom_messages_pkg/include/custom_messages_pkg/msg/detail/geometry__type_support.h
[5.637s] -- Symlinking: /home/yunus/ros2_ws/install/custom_messages_pkg/include/custom_messages_pkg/msg/detail/swarm_pose__functions.h
[5.647s] -- Symlinking: /home/yunus/ros2_ws/install/custom_messages_pkg/include/custom_messages_pkg/msg/detail/swarm_pose__struct.h
[5.657s] -- Symlinking: /home/yunus/ros2_ws/install/custom_messages_pkg/include/custom_messages_pkg/msg/detail/swarm_pose__type_support.h
[5.667s] -- Up-to-date symlink: /home/yunus/ros2_ws/install/custom_messages_pkg/include/custom_messages_pkg/msg/geometry.h
[5.667s] -- Up-to-date symlink: /home/yunus/ros2_ws/install/custom_messages_pkg/include/custom_messages_pkg/msg/rosidl_generator_c__visibility_control.h
[5.667s] -- Symlinking: /home/yunus/ros2_ws/install/custom_messages_pkg/include/custom_messages_pkg/msg/swarm_pose.h
[5.677s] -- Up-to-date symlink: /home/yunus/ros2_ws/install/custom_messages_pkg/share/custom_messages_pkg/environment/library_path.sh
[5.678s] -- Up-to-date symlink: /home/yunus/ros2_ws/install/custom_messages_pkg/share/custom_messages_pkg/environment/library_path.dsv
[5.678s] -- Up-to-date symlink: /home/yunus/ros2_ws/install/custom_messages_pkg/include/custom_messages_pkg/msg/detail/custom_control__rosidl_typesupport_fastrtps_c.h
[5.679s] -- Up-to-date symlink: /home/yunus/ros2_ws/install/custom_messages_pkg/include/custom_messages_pkg/msg/detail/geometry__rosidl_typesupport_fastrtps_c.h
[5.679s] -- Symlinking: /home/yunus/ros2_ws/install/custom_messages_pkg/include/custom_messages_pkg/msg/detail/swarm_pose__rosidl_typesupport_fastrtps_c.h
[5.689s] -- Up-to-date symlink: /home/yunus/ros2_ws/install/custom_messages_pkg/include/custom_messages_pkg/msg/rosidl_typesupport_fastrtps_c__visibility_control.h
[5.689s] -- Up-to-date symlink: /home/yunus/ros2_ws/install/custom_messages_pkg/lib/libcustom_messages_pkg__rosidl_typesupport_fastrtps_c.so
[5.690s] -- Up-to-date symlink: /home/yunus/ros2_ws/install/custom_messages_pkg/include/custom_messages_pkg/msg/detail/custom_control__rosidl_typesupport_fastrtps_cpp.hpp
[5.691s] -- Up-to-date symlink: /home/yunus/ros2_ws/install/custom_messages_pkg/include/custom_messages_pkg/msg/detail/geometry__rosidl_typesupport_fastrtps_cpp.hpp
[5.691s] -- Symlinking: /home/yunus/ros2_ws/install/custom_messages_pkg/include/custom_messages_pkg/msg/detail/swarm_pose__rosidl_typesupport_fastrtps_cpp.hpp
[5.700s] -- Up-to-date symlink: /home/yunus/ros2_ws/install/custom_messages_pkg/include/custom_messages_pkg/msg/rosidl_typesupport_fastrtps_cpp__visibility_control.h
[5.701s] -- Up-to-date symlink: /home/yunus/ros2_ws/install/custom_messages_pkg/lib/libcustom_messages_pkg__rosidl_typesupport_fastrtps_cpp.so
[5.702s] -- Up-to-date symlink: /home/yunus/ros2_ws/install/custom_messages_pkg/include/custom_messages_pkg/msg/detail/custom_control__rosidl_typesupport_introspection_c.h
[5.702s] -- Up-to-date symlink: /home/yunus/ros2_ws/install/custom_messages_pkg/include/custom_messages_pkg/msg/detail/geometry__rosidl_typesupport_introspection_c.h
[5.702s] -- Symlinking: /home/yunus/ros2_ws/install/custom_messages_pkg/include/custom_messages_pkg/msg/detail/swarm_pose__rosidl_typesupport_introspection_c.h
[5.712s] -- Up-to-date symlink: /home/yunus/ros2_ws/install/custom_messages_pkg/include/custom_messages_pkg/msg/rosidl_typesupport_introspection_c__visibility_control.h
[5.713s] -- Up-to-date symlink: /home/yunus/ros2_ws/install/custom_messages_pkg/include/custom_messages_pkg/msg/custom_control.hpp
[5.713s] -- Up-to-date symlink: /home/yunus/ros2_ws/install/custom_messages_pkg/include/custom_messages_pkg/msg/detail/custom_control__builder.hpp
[5.714s] -- Up-to-date symlink: /home/yunus/ros2_ws/install/custom_messages_pkg/include/custom_messages_pkg/msg/detail/custom_control__struct.hpp
[5.714s] -- Up-to-date symlink: /home/yunus/ros2_ws/install/custom_messages_pkg/include/custom_messages_pkg/msg/detail/custom_control__traits.hpp
[5.714s] -- Up-to-date symlink: /home/yunus/ros2_ws/install/custom_messages_pkg/include/custom_messages_pkg/msg/detail/geometry__builder.hpp
[5.715s] -- Up-to-date symlink: /home/yunus/ros2_ws/install/custom_messages_pkg/include/custom_messages_pkg/msg/detail/geometry__struct.hpp
[5.715s] -- Up-to-date symlink: /home/yunus/ros2_ws/install/custom_messages_pkg/include/custom_messages_pkg/msg/detail/geometry__traits.hpp
[5.715s] -- Symlinking: /home/yunus/ros2_ws/install/custom_messages_pkg/include/custom_messages_pkg/msg/detail/swarm_pose__builder.hpp
[5.725s] -- Symlinking: /home/yunus/ros2_ws/install/custom_messages_pkg/include/custom_messages_pkg/msg/detail/swarm_pose__struct.hpp
[5.735s] -- Symlinking: /home/yunus/ros2_ws/install/custom_messages_pkg/include/custom_messages_pkg/msg/detail/swarm_pose__traits.hpp
[5.745s] -- Up-to-date symlink: /home/yunus/ros2_ws/install/custom_messages_pkg/include/custom_messages_pkg/msg/geometry.hpp
[5.745s] -- Symlinking: /home/yunus/ros2_ws/install/custom_messages_pkg/include/custom_messages_pkg/msg/swarm_pose.hpp
[5.755s] -- Up-to-date symlink: /home/yunus/ros2_ws/install/custom_messages_pkg/include/custom_messages_pkg/msg/detail/custom_control__rosidl_typesupport_introspection_cpp.hpp
[5.755s] -- Up-to-date symlink: /home/yunus/ros2_ws/install/custom_messages_pkg/include/custom_messages_pkg/msg/detail/geometry__rosidl_typesupport_introspection_cpp.hpp
[5.755s] -- Symlinking: /home/yunus/ros2_ws/install/custom_messages_pkg/include/custom_messages_pkg/msg/detail/swarm_pose__rosidl_typesupport_introspection_cpp.hpp
[5.766s] -- Up-to-date symlink: /home/yunus/ros2_ws/install/custom_messages_pkg/share/custom_messages_pkg/environment/pythonpath.sh
[5.766s] -- Up-to-date symlink: /home/yunus/ros2_ws/install/custom_messages_pkg/share/custom_messages_pkg/environment/pythonpath.dsv
[5.766s] -- Up-to-date symlink: /home/yunus/ros2_ws/install/custom_messages_pkg/lib/python3.8/site-packages/custom_messages_pkg/__init__.py
[5.767s] -- Up-to-date symlink: /home/yunus/ros2_ws/install/custom_messages_pkg/lib/python3.8/site-packages/custom_messages_pkg/msg/__init__.py
[5.767s] -- Up-to-date symlink: /home/yunus/ros2_ws/install/custom_messages_pkg/lib/python3.8/site-packages/custom_messages_pkg/msg/_custom_control.py
[5.767s] -- Up-to-date symlink: /home/yunus/ros2_ws/install/custom_messages_pkg/lib/python3.8/site-packages/custom_messages_pkg/msg/_geometry.py
[5.768s] -- Symlinking: /home/yunus/ros2_ws/install/custom_messages_pkg/lib/python3.8/site-packages/custom_messages_pkg/msg/_swarm_pose.py
[5.779s] -- Up-to-date symlink: /home/yunus/ros2_ws/install/custom_messages_pkg/lib/python3.8/site-packages/custom_messages_pkg/custom_messages_pkg_s__rosidl_typesupport_fastrtps_c.cpython-38-x86_64-linux-gnu.so
[5.779s] -- Up-to-date symlink: /home/yunus/ros2_ws/install/custom_messages_pkg/lib/python3.8/site-packages/custom_messages_pkg/custom_messages_pkg_s__rosidl_typesupport_introspection_c.cpython-38-x86_64-linux-gnu.so
[5.780s] -- Up-to-date symlink: /home/yunus/ros2_ws/install/custom_messages_pkg/lib/python3.8/site-packages/custom_messages_pkg/custom_messages_pkg_s__rosidl_typesupport_c.cpython-38-x86_64-linux-gnu.so
[5.780s] -- Up-to-date symlink: /home/yunus/ros2_ws/install/custom_messages_pkg/lib/libcustom_messages_pkg__python.so
[5.781s] -- Up-to-date symlink: /home/yunus/ros2_ws/install/custom_messages_pkg/share/custom_messages_pkg/msg/Geometry.idl
[5.781s] -- Up-to-date symlink: /home/yunus/ros2_ws/install/custom_messages_pkg/share/custom_messages_pkg/msg/CustomControl.idl
[5.781s] -- Symlinking: /home/yunus/ros2_ws/install/custom_messages_pkg/share/custom_messages_pkg/msg/SwarmPose.idl
[5.791s] -- Up-to-date symlink: /home/yunus/ros2_ws/install/custom_messages_pkg/share/custom_messages_pkg/msg/Geometry.msg
[5.791s] -- Up-to-date symlink: /home/yunus/ros2_ws/install/custom_messages_pkg/share/custom_messages_pkg/msg/CustomControl.msg
[5.791s] -- Symlinking: /home/yunus/ros2_ws/install/custom_messages_pkg/share/custom_messages_pkg/msg/SwarmPose.msg
[5.801s] -- Up-to-date symlink: /home/yunus/ros2_ws/install/custom_messages_pkg/share/ament_index/resource_index/package_run_dependencies/custom_messages_pkg
[5.802s] -- Up-to-date symlink: /home/yunus/ros2_ws/install/custom_messages_pkg/share/ament_index/resource_index/parent_prefix_path/custom_messages_pkg
[5.802s] -- Up-to-date symlink: /home/yunus/ros2_ws/install/custom_messages_pkg/share/custom_messages_pkg/environment/ament_prefix_path.sh
[5.802s] -- Up-to-date symlink: /home/yunus/ros2_ws/install/custom_messages_pkg/share/custom_messages_pkg/environment/ament_prefix_path.dsv
[5.804s] -- Up-to-date symlink: /home/yunus/ros2_ws/install/custom_messages_pkg/share/custom_messages_pkg/environment/path.sh
[5.804s] -- Up-to-date symlink: /home/yunus/ros2_ws/install/custom_messages_pkg/share/custom_messages_pkg/environment/path.dsv
[5.805s] -- Up-to-date symlink: /home/yunus/ros2_ws/install/custom_messages_pkg/share/custom_messages_pkg/local_setup.bash
[5.805s] -- Up-to-date symlink: /home/yunus/ros2_ws/install/custom_messages_pkg/share/custom_messages_pkg/local_setup.sh
[5.805s] -- Up-to-date symlink: /home/yunus/ros2_ws/install/custom_messages_pkg/share/custom_messages_pkg/local_setup.zsh
[5.806s] -- Up-to-date symlink: /home/yunus/ros2_ws/install/custom_messages_pkg/share/custom_messages_pkg/local_setup.dsv
[5.806s] -- Symlinking: /home/yunus/ros2_ws/install/custom_messages_pkg/share/custom_messages_pkg/package.dsv
[5.816s] -- Up-to-date symlink: /home/yunus/ros2_ws/install/custom_messages_pkg/share/ament_index/resource_index/packages/custom_messages_pkg
[5.817s] -- Up-to-date symlink: /home/yunus/ros2_ws/install/custom_messages_pkg/share/custom_messages_pkg/cmake/rosidl_cmake-extras.cmake
[5.817s] -- Up-to-date symlink: /home/yunus/ros2_ws/install/custom_messages_pkg/share/custom_messages_pkg/cmake/ament_cmake_export_dependencies-extras.cmake
[5.817s] -- Up-to-date symlink: /home/yunus/ros2_ws/install/custom_messages_pkg/share/custom_messages_pkg/cmake/ament_cmake_export_libraries-extras.cmake
[5.818s] -- Up-to-date symlink: /home/yunus/ros2_ws/install/custom_messages_pkg/share/custom_messages_pkg/cmake/ament_cmake_export_targets-extras.cmake
[5.818s] -- Up-to-date symlink: /home/yunus/ros2_ws/install/custom_messages_pkg/share/custom_messages_pkg/cmake/ament_cmake_export_include_directories-extras.cmake
[5.819s] -- Up-to-date symlink: /home/yunus/ros2_ws/install/custom_messages_pkg/share/custom_messages_pkg/cmake/rosidl_cmake_export_typesupport_libraries-extras.cmake
[5.819s] -- Up-to-date symlink: /home/yunus/ros2_ws/install/custom_messages_pkg/share/custom_messages_pkg/cmake/rosidl_cmake_export_typesupport_targets-extras.cmake
[5.819s] -- Up-to-date symlink: /home/yunus/ros2_ws/install/custom_messages_pkg/share/custom_messages_pkg/cmake/custom_messages_pkgConfig.cmake
[5.820s] -- Up-to-date symlink: /home/yunus/ros2_ws/install/custom_messages_pkg/share/custom_messages_pkg/cmake/custom_messages_pkgConfig-version.cmake
[5.820s] -- Up-to-date symlink: /home/yunus/ros2_ws/install/custom_messages_pkg/share/custom_messages_pkg/package.xml
[5.821s] -- Installing: /home/yunus/ros2_ws/install/custom_messages_pkg/lib/libcustom_messages_pkg__rosidl_generator_c.so
[5.821s] -- Set runtime path of "/home/yunus/ros2_ws/install/custom_messages_pkg/lib/libcustom_messages_pkg__rosidl_generator_c.so" to ""
[5.822s] -- Installing: /home/yunus/ros2_ws/install/custom_messages_pkg/lib/libcustom_messages_pkg__rosidl_typesupport_introspection_c.so
[5.822s] -- Set runtime path of "/home/yunus/ros2_ws/install/custom_messages_pkg/lib/libcustom_messages_pkg__rosidl_typesupport_introspection_c.so" to ""
[5.823s] -- Installing: /home/yunus/ros2_ws/install/custom_messages_pkg/lib/libcustom_messages_pkg__rosidl_typesupport_c.so
[5.823s] -- Set runtime path of "/home/yunus/ros2_ws/install/custom_messages_pkg/lib/libcustom_messages_pkg__rosidl_typesupport_c.so" to ""
[5.824s] -- Installing: /home/yunus/ros2_ws/install/custom_messages_pkg/lib/libcustom_messages_pkg__rosidl_typesupport_introspection_cpp.so
[5.825s] -- Set runtime path of "/home/yunus/ros2_ws/install/custom_messages_pkg/lib/libcustom_messages_pkg__rosidl_typesupport_introspection_cpp.so" to ""
[5.825s] -- Installing: /home/yunus/ros2_ws/install/custom_messages_pkg/lib/libcustom_messages_pkg__rosidl_typesupport_cpp.so
[5.825s] -- Set runtime path of "/home/yunus/ros2_ws/install/custom_messages_pkg/lib/libcustom_messages_pkg__rosidl_typesupport_cpp.so" to ""
[5.862s] Compiling '/home/yunus/ros2_ws/install/custom_messages_pkg/lib/python3.8/site-packages/custom_messages_pkg/__init__.py'...
[5.868s] -- Up-to-date: /home/yunus/ros2_ws/install/custom_messages_pkg/share/custom_messages_pkg/cmake/custom_messages_pkg__rosidl_generator_cExport.cmake
[5.868s] -- Installing: /home/yunus/ros2_ws/install/custom_messages_pkg/share/custom_messages_pkg/cmake/custom_messages_pkg__rosidl_generator_cExport-noconfig.cmake
[5.868s] -- Up-to-date: /home/yunus/ros2_ws/install/custom_messages_pkg/share/custom_messages_pkg/cmake/custom_messages_pkg__rosidl_typesupport_introspection_cExport.cmake
[5.868s] -- Installing: /home/yunus/ros2_ws/install/custom_messages_pkg/share/custom_messages_pkg/cmake/custom_messages_pkg__rosidl_typesupport_introspection_cExport-noconfig.cmake
[5.869s] -- Up-to-date: /home/yunus/ros2_ws/install/custom_messages_pkg/share/custom_messages_pkg/cmake/custom_messages_pkg__rosidl_typesupport_cExport.cmake
[5.869s] -- Installing: /home/yunus/ros2_ws/install/custom_messages_pkg/share/custom_messages_pkg/cmake/custom_messages_pkg__rosidl_typesupport_cExport-noconfig.cmake
[5.869s] -- Up-to-date: /home/yunus/ros2_ws/install/custom_messages_pkg/share/custom_messages_pkg/cmake/custom_messages_pkg__rosidl_generator_cppExport.cmake
[5.870s] -- Up-to-date: /home/yunus/ros2_ws/install/custom_messages_pkg/share/custom_messages_pkg/cmake/custom_messages_pkg__rosidl_typesupport_introspection_cppExport.cmake
[5.870s] -- Installing: /home/yunus/ros2_ws/install/custom_messages_pkg/share/custom_messages_pkg/cmake/custom_messages_pkg__rosidl_typesupport_introspection_cppExport-noconfig.cmake
[5.871s] -- Up-to-date: /home/yunus/ros2_ws/install/custom_messages_pkg/share/custom_messages_pkg/cmake/custom_messages_pkg__rosidl_typesupport_cppExport.cmake
[5.871s] -- Installing: /home/yunus/ros2_ws/install/custom_messages_pkg/share/custom_messages_pkg/cmake/custom_messages_pkg__rosidl_typesupport_cppExport-noconfig.cmake
[5.873s] Invoked command in '/home/yunus/ros2_ws/build/custom_messages_pkg' returned '0': CMAKE_PREFIX_PATH=${CMAKE_PREFIX_PATH}:/home/yunus/ros2_ws/install/assignment1:/home/yunus/ros2_ws/install/a2:/opt/ros/foxy /usr/bin/cmake --install /home/yunus/ros2_ws/build/custom_messages_pkg
