[1.263s] Invoking command in '/home/yunus/ros2_ws/build/a2': PYTHONPATH=/home/yunus/ros2_ws/build/a2/prefix_override:/home/yunus/ros2_ws/install/a2/lib/python3.8/site-packages:${PYTHONPATH} /usr/bin/python3 setup.py develop --uninstall --editable --build-directory /home/yunus/ros2_ws/build/a2/build
[1.533s] running develop
[1.730s] Invoked command in '/home/yunus/ros2_ws/build/a2' returned '0': PYTHONPATH=/home/yunus/ros2_ws/build/a2/prefix_override:/home/yunus/ros2_ws/install/a2/lib/python3.8/site-packages:${PYTHONPATH} /usr/bin/python3 setup.py develop --uninstall --editable --build-directory /home/yunus/ros2_ws/build/a2/build
[1.733s] Invoking command in '/home/yunus/ros2_ws/src/a2': PYTHONPATH=/home/yunus/ros2_ws/build/a2/prefix_override:/home/yunus/ros2_ws/install/a2/lib/python3.8/site-packages:${PYTHONPATH} /usr/bin/python3 setup.py egg_info --egg-base ../../build/a2 build --build-base /home/yunus/ros2_ws/build/a2/build install --record /home/yunus/ros2_ws/build/a2/install.log --install-scripts $base/lib/a2 --single-version-externally-managed
[1.963s] running egg_info
[1.964s] writing ../../build/a2/a2.egg-info/PKG-INFO
[1.964s] writing dependency_links to ../../build/a2/a2.egg-info/dependency_links.txt
[1.964s] writing entry points to ../../build/a2/a2.egg-info/entry_points.txt
[1.964s] writing requirements to ../../build/a2/a2.egg-info/requires.txt
[1.964s] writing top-level names to ../../build/a2/a2.egg-info/top_level.txt
[2.000s] reading manifest file '../../build/a2/a2.egg-info/SOURCES.txt'
[2.000s] writing manifest file '../../build/a2/a2.egg-info/SOURCES.txt'
[2.000s] running build
[2.001s] running build_py
[2.001s] running install
[2.001s] running install_lib
[2.003s] running install_data
[2.003s] running install_egg_info
[2.005s] removing '/home/yunus/ros2_ws/install/a2/lib/python3.8/site-packages/a2-0.0.0-py3.8.egg-info' (and everything under it)
[2.005s] Copying ../../build/a2/a2.egg-info to /home/yunus/ros2_ws/install/a2/lib/python3.8/site-packages/a2-0.0.0-py3.8.egg-info
[2.006s] running install_scripts
[2.028s] Installing a2_referee script to /home/yunus/ros2_ws/install/a2/lib/a2
[2.028s] Installing waypoint_follower script to /home/yunus/ros2_ws/install/a2/lib/a2
[2.028s] writing list of installed files to '/home/yunus/ros2_ws/build/a2/install.log'
[2.050s] Invoked command in '/home/yunus/ros2_ws/src/a2' returned '0': PYTHONPATH=/home/yunus/ros2_ws/build/a2/prefix_override:/home/yunus/ros2_ws/install/a2/lib/python3.8/site-packages:${PYTHONPATH} /usr/bin/python3 setup.py egg_info --egg-base ../../build/a2 build --build-base /home/yunus/ros2_ws/build/a2/build install --record /home/yunus/ros2_ws/build/a2/install.log --install-scripts $base/lib/a2 --single-version-externally-managed
