[0.811s] Invoking command in '/home/yunus/ros2_ws/build/robotic_project': CMAKE_PREFIX_PATH=/home/yunus/ros2_ws/install/custom_messages_pkg:/home/yunus/ros2_ws/install/robotic_project PYTHONPATH=/home/yunus/ros2_ws/build/robotic_project/prefix_override:/home/yunus/ros2_ws/install/robotic_project/lib/python3.8/site-packages:/home/yunus/ros2_ws/install/custom_messages_pkg/lib/python3.8/site-packages:/home/yunus/ros2_ws/install/robotic_project/lib/python3.8/site-packages:/home/yunus/ros2_ws/install/assignment1/lib/python3.8/site-packages:/home/yunus/ros2_ws/install/a2/lib/python3.8/site-packages:/opt/ros/foxy/lib/python3.8/site-packages /usr/bin/python3 setup.py develop --uninstall --editable --build-directory /home/yunus/ros2_ws/build/robotic_project/build
[1.168s] running develop
[1.361s] Removing /home/yunus/ros2_ws/install/robotic_project/lib/python3.8/site-packages/robotic-project.egg-link (link to .)
[1.386s] Invoked command in '/home/yunus/ros2_ws/build/robotic_project' returned '0': CMAKE_PREFIX_PATH=/home/yunus/ros2_ws/install/custom_messages_pkg:/home/yunus/ros2_ws/install/robotic_project PYTHONPATH=/home/yunus/ros2_ws/build/robotic_project/prefix_override:/home/yunus/ros2_ws/install/robotic_project/lib/python3.8/site-packages:/home/yunus/ros2_ws/install/custom_messages_pkg/lib/python3.8/site-packages:/home/yunus/ros2_ws/install/robotic_project/lib/python3.8/site-packages:/home/yunus/ros2_ws/install/assignment1/lib/python3.8/site-packages:/home/yunus/ros2_ws/install/a2/lib/python3.8/site-packages:/opt/ros/foxy/lib/python3.8/site-packages /usr/bin/python3 setup.py develop --uninstall --editable --build-directory /home/yunus/ros2_ws/build/robotic_project/build
[1.388s] Invoking command in '/home/yunus/ros2_ws/src/robotic_project': CMAKE_PREFIX_PATH=/home/yunus/ros2_ws/install/custom_messages_pkg:/home/yunus/ros2_ws/install/robotic_project PYTHONPATH=/home/yunus/ros2_ws/build/robotic_project/prefix_override:/home/yunus/ros2_ws/install/robotic_project/lib/python3.8/site-packages:/home/yunus/ros2_ws/install/custom_messages_pkg/lib/python3.8/site-packages:/home/yunus/ros2_ws/install/robotic_project/lib/python3.8/site-packages:/home/yunus/ros2_ws/install/assignment1/lib/python3.8/site-packages:/home/yunus/ros2_ws/install/a2/lib/python3.8/site-packages:/opt/ros/foxy/lib/python3.8/site-packages /usr/bin/python3 setup.py egg_info --egg-base ../../build/robotic_project build --build-base /home/yunus/ros2_ws/build/robotic_project/build install --record /home/yunus/ros2_ws/build/robotic_project/install.log --install-scripts $base/lib/robotic_project --single-version-externally-managed
[1.628s] running egg_info
[1.629s] writing ../../build/robotic_project/robotic_project.egg-info/PKG-INFO
[1.629s] writing dependency_links to ../../build/robotic_project/robotic_project.egg-info/dependency_links.txt
[1.630s] writing entry points to ../../build/robotic_project/robotic_project.egg-info/entry_points.txt
[1.630s] writing requirements to ../../build/robotic_project/robotic_project.egg-info/requires.txt
[1.630s] writing top-level names to ../../build/robotic_project/robotic_project.egg-info/top_level.txt
[1.665s] reading manifest file '../../build/robotic_project/robotic_project.egg-info/SOURCES.txt'
[1.666s] writing manifest file '../../build/robotic_project/robotic_project.egg-info/SOURCES.txt'
[1.666s] running build
[1.666s] running build_py
[1.667s] copying robotic_project/fly.py -> /home/yunus/ros2_ws/build/robotic_project/build/lib/robotic_project
[1.667s] running install
[1.668s] running install_lib
[1.669s] copying /home/yunus/ros2_ws/build/robotic_project/build/lib/robotic_project/fly.py -> /home/yunus/ros2_ws/install/robotic_project/lib/python3.8/site-packages/robotic_project
[1.669s] copying /home/yunus/ros2_ws/build/robotic_project/build/lib/robotic_project/__init__.py -> /home/yunus/ros2_ws/install/robotic_project/lib/python3.8/site-packages/robotic_project
[1.669s] byte-compiling /home/yunus/ros2_ws/install/robotic_project/lib/python3.8/site-packages/robotic_project/fly.py to fly.cpython-38.pyc
[1.672s] byte-compiling /home/yunus/ros2_ws/install/robotic_project/lib/python3.8/site-packages/robotic_project/__init__.py to __init__.cpython-38.pyc
[1.672s] running install_data
[1.673s] running install_egg_info
[1.674s] Copying ../../build/robotic_project/robotic_project.egg-info to /home/yunus/ros2_ws/install/robotic_project/lib/python3.8/site-packages/robotic_project-0.0.0-py3.8.egg-info
[1.675s] running install_scripts
[1.692s] Installing kudur script to /home/yunus/ros2_ws/install/robotic_project/lib/robotic_project
[1.692s] writing list of installed files to '/home/yunus/ros2_ws/build/robotic_project/install.log'
[1.721s] Invoked command in '/home/yunus/ros2_ws/src/robotic_project' returned '0': CMAKE_PREFIX_PATH=/home/yunus/ros2_ws/install/custom_messages_pkg:/home/yunus/ros2_ws/install/robotic_project PYTHONPATH=/home/yunus/ros2_ws/build/robotic_project/prefix_override:/home/yunus/ros2_ws/install/robotic_project/lib/python3.8/site-packages:/home/yunus/ros2_ws/install/custom_messages_pkg/lib/python3.8/site-packages:/home/yunus/ros2_ws/install/robotic_project/lib/python3.8/site-packages:/home/yunus/ros2_ws/install/assignment1/lib/python3.8/site-packages:/home/yunus/ros2_ws/install/a2/lib/python3.8/site-packages:/opt/ros/foxy/lib/python3.8/site-packages /usr/bin/python3 setup.py egg_info --egg-base ../../build/robotic_project build --build-base /home/yunus/ros2_ws/build/robotic_project/build install --record /home/yunus/ros2_ws/build/robotic_project/install.log --install-scripts $base/lib/robotic_project --single-version-externally-managed
