[0.635s] Invoking command in '/home/yunus/ros2_ws/src/robotic_project': PYTHONPATH=/home/yunus/ros2_ws/build/robotic_project/prefix_override:/home/yunus/ros2_ws/install/robotic_project/lib/python3.8/site-packages:${PYTHONPATH} /usr/bin/python3 setup.py egg_info --egg-base ../../build/robotic_project build --build-base /home/yunus/ros2_ws/build/robotic_project/build install --record /home/yunus/ros2_ws/build/robotic_project/install.log --install-scripts $base/lib/robotic_project --single-version-externally-managed
[0.848s] running egg_info
[0.848s] writing ../../build/robotic_project/robotic_project.egg-info/PKG-INFO
[0.849s] writing dependency_links to ../../build/robotic_project/robotic_project.egg-info/dependency_links.txt
[0.849s] writing entry points to ../../build/robotic_project/robotic_project.egg-info/entry_points.txt
[0.849s] writing requirements to ../../build/robotic_project/robotic_project.egg-info/requires.txt
[0.849s] writing top-level names to ../../build/robotic_project/robotic_project.egg-info/top_level.txt
[0.878s] reading manifest file '../../build/robotic_project/robotic_project.egg-info/SOURCES.txt'
[0.878s] writing manifest file '../../build/robotic_project/robotic_project.egg-info/SOURCES.txt'
[0.878s] running build
[0.879s] running build_py
[0.879s] running install
[0.879s] running install_lib
[0.880s] running install_data
[0.881s] running install_egg_info
[0.883s] removing '/home/yunus/ros2_ws/install/robotic_project/lib/python3.8/site-packages/robotic_project-0.0.0-py3.8.egg-info' (and everything under it)
[0.883s] Copying ../../build/robotic_project/robotic_project.egg-info to /home/yunus/ros2_ws/install/robotic_project/lib/python3.8/site-packages/robotic_project-0.0.0-py3.8.egg-info
[0.883s] running install_scripts
[0.898s] Installing kudur script to /home/yunus/ros2_ws/install/robotic_project/lib/robotic_project
[0.898s] Installing kudur2 script to /home/yunus/ros2_ws/install/robotic_project/lib/robotic_project
[0.898s] writing list of installed files to '/home/yunus/ros2_ws/build/robotic_project/install.log'
[0.917s] Invoked command in '/home/yunus/ros2_ws/src/robotic_project' returned '0': PYTHONPATH=/home/yunus/ros2_ws/build/robotic_project/prefix_override:/home/yunus/ros2_ws/install/robotic_project/lib/python3.8/site-packages:${PYTHONPATH} /usr/bin/python3 setup.py egg_info --egg-base ../../build/robotic_project build --build-base /home/yunus/ros2_ws/build/robotic_project/build install --record /home/yunus/ros2_ws/build/robotic_project/install.log --install-scripts $base/lib/robotic_project --single-version-externally-managed
