[0.045s] Invoking command in '/home/yunus/ros2_ws/build/custom_messages_pkg': CMAKE_PREFIX_PATH=${CMAKE_PREFIX_PATH}:/home/yunus/ros2_ws/install/assignment1:/home/yunus/ros2_ws/install/a2:/opt/ros/foxy /usr/bin/cmake --build /home/yunus/ros2_ws/build/custom_messages_pkg -- -j8 -l8
[0.335s] -- Found ament_cmake: 0.9.11 (/opt/ros/foxy/share/ament_cmake/cmake)
[0.335s] -- Using PYTHON_EXECUTABLE: /usr/bin/python3
[0.335s] -- Override CMake install command with custom implementation using symlinks instead of copying resources
[0.336s] -- Found geometry_msgs: 2.0.5 (/opt/ros/foxy/share/geometry_msgs/cmake)
[0.343s] -- Using all available rosidl_typesupport_c: rosidl_typesupport_fastrtps_c;rosidl_typesupport_introspection_c
[0.346s] -- Found rosidl_adapter: 1.3.0 (/opt/ros/foxy/share/rosidl_adapter/cmake)
[0.442s] -- Using all available rosidl_typesupport_cpp: rosidl_typesupport_fastrtps_cpp;rosidl_typesupport_introspection_cpp
[0.510s] -- Found rosidl_default_generators: 1.0.1 (/opt/ros/foxy/share/rosidl_default_generators/cmake)
[0.518s] -- Found ament_lint_auto: 0.9.7 (/opt/ros/foxy/share/ament_lint_auto/cmake)
[0.612s] -- Found PythonInterp: /usr/bin/python3 (found version "3.8.10") 
[0.752s] -- Found ament_cmake_ros: 0.9.2 (/opt/ros/foxy/share/ament_cmake_ros/cmake)
[0.979s] -- Using all available rosidl_typesupport_c: rosidl_typesupport_fastrtps_c;rosidl_typesupport_introspection_c
[1.097s] -- Using all available rosidl_typesupport_cpp: rosidl_typesupport_fastrtps_cpp;rosidl_typesupport_introspection_cpp
[1.133s] -- Found PythonInterp: /usr/bin/python3 (found suitable version "3.8.10", minimum required is "3.5") 
[1.134s] -- Found python_cmake_module: 0.8.1 (/opt/ros/foxy/share/python_cmake_module/cmake)
[1.167s] -- Using PYTHON_EXECUTABLE: /usr/bin/python3
[1.168s] -- Using PYTHON_INCLUDE_DIRS: /usr/include/python3.8
[1.168s] -- Using PYTHON_LIBRARIES: /usr/lib/x86_64-linux-gnu/libpython3.8.so
[1.238s] -- Added test 'copyright' to check source files copyright and LICENSE
[1.240s] -- Added test 'lint_cmake' to check CMake code style
[1.241s] -- Added test 'xmllint' to check XML markup files
[1.247s] -- Configuring done
[1.304s] -- Generating done
[1.307s] -- Build files have been written to: /home/yunus/ros2_ws/build/custom_messages_pkg
[1.333s] [35m[1mScanning dependencies of target custom_messages_pkg__cpp[0m
[1.333s] [  1%] [34m[1mGenerating C code for ROS interfaces[0m
[1.346s] [  3%] [34m[1mGenerating C++ code for ROS interfaces[0m
[1.743s] [  3%] Built target custom_messages_pkg__cpp
[1.763s] [  5%] [34m[1mGenerating C++ type support for eProsima Fast-RTPS[0m
[1.764s] [  7%] [34m[1mGenerating C++ introspection for ROS interfaces[0m
[1.771s] [  9%] [34m[1mGenerating C++ type support dispatch for ROS interfaces[0m
[1.812s] [35m[1mScanning dependencies of target custom_messages_pkg__rosidl_generator_c[0m
[1.826s] [ 10%] [32mBuilding C object CMakeFiles/custom_messages_pkg__rosidl_generator_c.dir/rosidl_generator_c/custom_messages_pkg/msg/detail/drone_rpm__functions.c.o[0m
[1.829s] [ 16%] [32mBuilding C object CMakeFiles/custom_messages_pkg__rosidl_generator_c.dir/rosidl_generator_c/custom_messages_pkg/msg/detail/geometry__functions.c.o[0m
[1.829s] [ 16%] [32mBuilding C object CMakeFiles/custom_messages_pkg__rosidl_generator_c.dir/rosidl_generator_c/custom_messages_pkg/msg/detail/swarm_rpm__functions.c.o[0m
[1.829s] [ 16%] [32mBuilding C object CMakeFiles/custom_messages_pkg__rosidl_generator_c.dir/rosidl_generator_c/custom_messages_pkg/msg/detail/swarm_pose__functions.c.o[0m
[1.893s] [ 18%] [32m[1mLinking C shared library libcustom_messages_pkg__rosidl_generator_c.so[0m
[1.940s] [ 18%] Built target custom_messages_pkg__rosidl_generator_c
[1.951s] [ 20%] [34m[1mGenerating C type support dispatch for ROS interfaces[0m
[1.955s] [ 21%] [34m[1mGenerating C introspection for ROS interfaces[0m
[2.144s] [35m[1mScanning dependencies of target custom_messages_pkg__rosidl_typesupport_cpp[0m
[2.155s] [35m[1mScanning dependencies of target custom_messages_pkg__rosidl_typesupport_introspection_cpp[0m
[2.160s] [ 25%] [32mBuilding CXX object CMakeFiles/custom_messages_pkg__rosidl_typesupport_cpp.dir/rosidl_typesupport_cpp/custom_messages_pkg/msg/drone_rpm__type_support.cpp.o[0m
[2.160s] [ 25%] [32mBuilding CXX object CMakeFiles/custom_messages_pkg__rosidl_typesupport_cpp.dir/rosidl_typesupport_cpp/custom_messages_pkg/msg/swarm_rpm__type_support.cpp.o[0m
[2.161s] [ 27%] [32mBuilding CXX object CMakeFiles/custom_messages_pkg__rosidl_typesupport_cpp.dir/rosidl_typesupport_cpp/custom_messages_pkg/msg/swarm_pose__type_support.cpp.o[0m
[2.168s] [ 29%] [32mBuilding CXX object CMakeFiles/custom_messages_pkg__rosidl_typesupport_cpp.dir/rosidl_typesupport_cpp/custom_messages_pkg/msg/geometry__type_support.cpp.o[0m
[2.176s] [ 30%] [32mBuilding CXX object CMakeFiles/custom_messages_pkg__rosidl_typesupport_introspection_cpp.dir/rosidl_typesupport_introspection_cpp/custom_messages_pkg/msg/detail/geometry__type_support.cpp.o[0m
[2.426s] [35m[1mScanning dependencies of target custom_messages_pkg__rosidl_typesupport_fastrtps_cpp[0m
[2.482s] [35m[1mScanning dependencies of target custom_messages_pkg__rosidl_typesupport_c[0m
[2.483s] [ 32%] [32mBuilding CXX object CMakeFiles/custom_messages_pkg__rosidl_typesupport_fastrtps_cpp.dir/rosidl_typesupport_fastrtps_cpp/custom_messages_pkg/msg/detail/dds_fastrtps/geometry__type_support.cpp.o[0m
[2.503s] [ 34%] [32mBuilding CXX object CMakeFiles/custom_messages_pkg__rosidl_typesupport_c.dir/rosidl_typesupport_c/custom_messages_pkg/msg/geometry__type_support.cpp.o[0m
[2.611s] [ 36%] [32mBuilding CXX object CMakeFiles/custom_messages_pkg__rosidl_typesupport_c.dir/rosidl_typesupport_c/custom_messages_pkg/msg/drone_rpm__type_support.cpp.o[0m
[2.664s] [ 38%] [32mBuilding CXX object CMakeFiles/custom_messages_pkg__rosidl_typesupport_introspection_cpp.dir/rosidl_typesupport_introspection_cpp/custom_messages_pkg/msg/detail/drone_rpm__type_support.cpp.o[0m
[2.681s] [ 40%] [32mBuilding CXX object CMakeFiles/custom_messages_pkg__rosidl_typesupport_c.dir/rosidl_typesupport_c/custom_messages_pkg/msg/swarm_pose__type_support.cpp.o[0m
[2.698s] [ 41%] [32mBuilding CXX object CMakeFiles/custom_messages_pkg__rosidl_typesupport_c.dir/rosidl_typesupport_c/custom_messages_pkg/msg/swarm_rpm__type_support.cpp.o[0m
[2.705s] [ 43%] [32mBuilding CXX object CMakeFiles/custom_messages_pkg__rosidl_typesupport_introspection_cpp.dir/rosidl_typesupport_introspection_cpp/custom_messages_pkg/msg/detail/swarm_rpm__type_support.cpp.o[0m
[2.705s] [35m[1mScanning dependencies of target custom_messages_pkg__rosidl_typesupport_introspection_c[0m
[2.706s] [ 45%] [32mBuilding CXX object CMakeFiles/custom_messages_pkg__rosidl_typesupport_introspection_cpp.dir/rosidl_typesupport_introspection_cpp/custom_messages_pkg/msg/detail/swarm_pose__type_support.cpp.o[0m
[2.719s] [ 47%] [32m[1mLinking CXX shared library libcustom_messages_pkg__rosidl_typesupport_cpp.so[0m
[2.727s] [ 49%] [32mBuilding C object CMakeFiles/custom_messages_pkg__rosidl_typesupport_introspection_c.dir/rosidl_typesupport_introspection_c/custom_messages_pkg/msg/detail/geometry__type_support.c.o[0m
[2.729s] [ 50%] [32mBuilding CXX object CMakeFiles/custom_messages_pkg__rosidl_typesupport_fastrtps_cpp.dir/rosidl_typesupport_fastrtps_cpp/custom_messages_pkg/msg/detail/dds_fastrtps/drone_rpm__type_support.cpp.o[0m
[2.757s] [ 52%] [32m[1mLinking CXX shared library libcustom_messages_pkg__rosidl_typesupport_c.so[0m
[2.806s] [ 54%] [32mBuilding C object CMakeFiles/custom_messages_pkg__rosidl_typesupport_introspection_c.dir/rosidl_typesupport_introspection_c/custom_messages_pkg/msg/detail/drone_rpm__type_support.c.o[0m
[2.820s] [ 54%] Built target custom_messages_pkg__rosidl_typesupport_cpp
[2.847s] [ 56%] [32mBuilding C object CMakeFiles/custom_messages_pkg__rosidl_typesupport_introspection_c.dir/rosidl_typesupport_introspection_c/custom_messages_pkg/msg/detail/swarm_pose__type_support.c.o[0m
[2.862s] [ 56%] Built target custom_messages_pkg__rosidl_typesupport_c
[2.883s] [ 60%] [32mBuilding CXX object CMakeFiles/custom_messages_pkg__rosidl_typesupport_fastrtps_cpp.dir/rosidl_typesupport_fastrtps_cpp/custom_messages_pkg/msg/detail/dds_fastrtps/swarm_pose__type_support.cpp.o[0m
[2.883s] [ 60%] [32mBuilding C object CMakeFiles/custom_messages_pkg__rosidl_typesupport_introspection_c.dir/rosidl_typesupport_introspection_c/custom_messages_pkg/msg/detail/swarm_rpm__type_support.c.o[0m
[2.969s] [ 63%] [32mBuilding CXX object CMakeFiles/custom_messages_pkg__rosidl_typesupport_fastrtps_cpp.dir/rosidl_typesupport_fastrtps_cpp/custom_messages_pkg/msg/detail/dds_fastrtps/swarm_rpm__type_support.cpp.o[0m
[2.969s] [ 63%] [32m[1mLinking C shared library libcustom_messages_pkg__rosidl_typesupport_introspection_c.so[0m
[3.074s] [ 63%] Built target custom_messages_pkg__rosidl_typesupport_introspection_c
[3.491s] [ 65%] [32m[1mLinking CXX shared library libcustom_messages_pkg__rosidl_typesupport_introspection_cpp.so[0m
[3.643s] [ 65%] Built target custom_messages_pkg__rosidl_typesupport_introspection_cpp
[3.797s] [ 67%] [32m[1mLinking CXX shared library libcustom_messages_pkg__rosidl_typesupport_fastrtps_cpp.so[0m
[3.880s] [ 67%] Built target custom_messages_pkg__rosidl_typesupport_fastrtps_cpp
[3.890s] [ 69%] [34m[1mGenerating C type support for eProsima Fast-RTPS[0m
[4.181s] [35m[1mScanning dependencies of target custom_messages_pkg__rosidl_typesupport_fastrtps_c[0m
[4.196s] [ 70%] [32mBuilding CXX object CMakeFiles/custom_messages_pkg__rosidl_typesupport_fastrtps_c.dir/rosidl_typesupport_fastrtps_c/custom_messages_pkg/msg/detail/drone_rpm__type_support_c.cpp.o[0m
[4.197s] [ 72%] [32mBuilding CXX object CMakeFiles/custom_messages_pkg__rosidl_typesupport_fastrtps_c.dir/rosidl_typesupport_fastrtps_c/custom_messages_pkg/msg/detail/geometry__type_support_c.cpp.o[0m
[4.198s] [ 74%] [32mBuilding CXX object CMakeFiles/custom_messages_pkg__rosidl_typesupport_fastrtps_c.dir/rosidl_typesupport_fastrtps_c/custom_messages_pkg/msg/detail/swarm_pose__type_support_c.cpp.o[0m
[4.201s] [ 76%] [32mBuilding CXX object CMakeFiles/custom_messages_pkg__rosidl_typesupport_fastrtps_c.dir/rosidl_typesupport_fastrtps_c/custom_messages_pkg/msg/detail/swarm_rpm__type_support_c.cpp.o[0m
[4.548s] [ 78%] [32m[1mLinking CXX shared library libcustom_messages_pkg__rosidl_typesupport_fastrtps_c.so[0m
[4.634s] [ 78%] Built target custom_messages_pkg__rosidl_typesupport_fastrtps_c
[4.653s] [ 78%] Built target custom_messages_pkg
[4.664s] [35m[1mScanning dependencies of target custom_messages_pkg__py[0m
[4.673s] [ 80%] [34m[1mGenerating Python code for ROS interfaces[0m
[5.209s] [ 80%] Built target custom_messages_pkg__py
[5.220s] [35m[1mScanning dependencies of target custom_messages_pkg__python[0m
[5.239s] [ 81%] [32mBuilding C object CMakeFiles/custom_messages_pkg__python.dir/rosidl_generator_py/custom_messages_pkg/msg/_drone_rpm_s.c.o[0m
[5.239s] [ 85%] [32mBuilding C object CMakeFiles/custom_messages_pkg__python.dir/rosidl_generator_py/custom_messages_pkg/msg/_swarm_rpm_s.c.o[0m
[5.240s] [ 85%] [32mBuilding C object CMakeFiles/custom_messages_pkg__python.dir/rosidl_generator_py/custom_messages_pkg/msg/_swarm_pose_s.c.o[0m
[5.240s] [ 87%] [32mBuilding C object CMakeFiles/custom_messages_pkg__python.dir/rosidl_generator_py/custom_messages_pkg/msg/_geometry_s.c.o[0m
[5.330s] [ 89%] [32m[1mLinking C shared library rosidl_generator_py/custom_messages_pkg/libcustom_messages_pkg__python.so[0m
[5.369s] [ 89%] Built target custom_messages_pkg__python
[5.380s] [35m[1mScanning dependencies of target custom_messages_pkg__rosidl_typesupport_c__pyext[0m
[5.380s] [35m[1mScanning dependencies of target custom_messages_pkg__rosidl_typesupport_introspection_c__pyext[0m
[5.381s] [35m[1mScanning dependencies of target custom_messages_pkg__rosidl_typesupport_fastrtps_c__pyext[0m
[5.395s] [ 90%] [32mBuilding C object CMakeFiles/custom_messages_pkg__rosidl_typesupport_c__pyext.dir/rosidl_generator_py/custom_messages_pkg/_custom_messages_pkg_s.ep.rosidl_typesupport_c.c.o[0m
[5.397s] [ 92%] [32mBuilding C object CMakeFiles/custom_messages_pkg__rosidl_typesupport_introspection_c__pyext.dir/rosidl_generator_py/custom_messages_pkg/_custom_messages_pkg_s.ep.rosidl_typesupport_introspection_c.c.o[0m
[5.401s] [ 94%] [32mBuilding C object CMakeFiles/custom_messages_pkg__rosidl_typesupport_fastrtps_c__pyext.dir/rosidl_generator_py/custom_messages_pkg/_custom_messages_pkg_s.ep.rosidl_typesupport_fastrtps_c.c.o[0m
[5.479s] [ 96%] [32m[1mLinking C shared library rosidl_generator_py/custom_messages_pkg/custom_messages_pkg_s__rosidl_typesupport_c.cpython-38-x86_64-linux-gnu.so[0m
[5.487s] [ 98%] [32m[1mLinking C shared library rosidl_generator_py/custom_messages_pkg/custom_messages_pkg_s__rosidl_typesupport_introspection_c.cpython-38-x86_64-linux-gnu.so[0m
[5.495s] [100%] [32m[1mLinking CXX shared library rosidl_generator_py/custom_messages_pkg/custom_messages_pkg_s__rosidl_typesupport_fastrtps_c.cpython-38-x86_64-linux-gnu.so[0m
[5.523s] [100%] Built target custom_messages_pkg__rosidl_typesupport_c__pyext
[5.526s] [100%] Built target custom_messages_pkg__rosidl_typesupport_introspection_c__pyext
[5.567s] [100%] Built target custom_messages_pkg__rosidl_typesupport_fastrtps_c__pyext
[5.576s] Invoked command in '/home/yunus/ros2_ws/build/custom_messages_pkg' returned '0': CMAKE_PREFIX_PATH=${CMAKE_PREFIX_PATH}:/home/yunus/ros2_ws/install/assignment1:/home/yunus/ros2_ws/install/a2:/opt/ros/foxy /usr/bin/cmake --build /home/yunus/ros2_ws/build/custom_messages_pkg -- -j8 -l8
[5.668s] Invoking command in '/home/yunus/ros2_ws/build/custom_messages_pkg': CMAKE_PREFIX_PATH=${CMAKE_PREFIX_PATH}:/home/yunus/ros2_ws/install/assignment1:/home/yunus/ros2_ws/install/a2:/opt/ros/foxy /usr/bin/cmake --install /home/yunus/ros2_ws/build/custom_messages_pkg
[5.675s] -- Install configuration: ""
[5.676s] -- Execute custom install script
[5.676s] -- Up-to-date symlink: /home/yunus/ros2_ws/install/custom_messages_pkg/share/ament_index/resource_index/rosidl_interfaces/custom_messages_pkg
[5.677s] -- Up-to-date symlink: /home/yunus/ros2_ws/install/custom_messages_pkg/include/custom_messages_pkg/msg/custom_control.h
[5.677s] -- Up-to-date symlink: /home/yunus/ros2_ws/install/custom_messages_pkg/include/custom_messages_pkg/msg/detail/custom_control__functions.h
[5.677s] -- Up-to-date symlink: /home/yunus/ros2_ws/install/custom_messages_pkg/include/custom_messages_pkg/msg/detail/custom_control__struct.h
[5.677s] -- Up-to-date symlink: /home/yunus/ros2_ws/install/custom_messages_pkg/include/custom_messages_pkg/msg/detail/custom_control__type_support.h
[5.677s] -- Symlinking: /home/yunus/ros2_ws/install/custom_messages_pkg/include/custom_messages_pkg/msg/detail/drone_rpm__functions.h
[5.684s] -- Symlinking: /home/yunus/ros2_ws/install/custom_messages_pkg/include/custom_messages_pkg/msg/detail/drone_rpm__struct.h
[5.692s] -- Symlinking: /home/yunus/ros2_ws/install/custom_messages_pkg/include/custom_messages_pkg/msg/detail/drone_rpm__type_support.h
[5.699s] -- Up-to-date symlink: /home/yunus/ros2_ws/install/custom_messages_pkg/include/custom_messages_pkg/msg/detail/geometry__functions.h
[5.699s] -- Up-to-date symlink: /home/yunus/ros2_ws/install/custom_messages_pkg/include/custom_messages_pkg/msg/detail/geometry__struct.h
[5.699s] -- Up-to-date symlink: /home/yunus/ros2_ws/install/custom_messages_pkg/include/custom_messages_pkg/msg/detail/geometry__type_support.h
[5.700s] -- Up-to-date symlink: /home/yunus/ros2_ws/install/custom_messages_pkg/include/custom_messages_pkg/msg/detail/swarm_pose__functions.h
[5.700s] -- Up-to-date symlink: /home/yunus/ros2_ws/install/custom_messages_pkg/include/custom_messages_pkg/msg/detail/swarm_pose__struct.h
[5.700s] -- Up-to-date symlink: /home/yunus/ros2_ws/install/custom_messages_pkg/include/custom_messages_pkg/msg/detail/swarm_pose__type_support.h
[5.700s] -- Up-to-date symlink: /home/yunus/ros2_ws/install/custom_messages_pkg/include/custom_messages_pkg/msg/detail/swarm_rpm__functions.h
[5.700s] -- Up-to-date symlink: /home/yunus/ros2_ws/install/custom_messages_pkg/include/custom_messages_pkg/msg/detail/swarm_rpm__struct.h
[5.700s] -- Up-to-date symlink: /home/yunus/ros2_ws/install/custom_messages_pkg/include/custom_messages_pkg/msg/detail/swarm_rpm__type_support.h
[5.700s] -- Symlinking: /home/yunus/ros2_ws/install/custom_messages_pkg/include/custom_messages_pkg/msg/drone_rpm.h
[5.707s] -- Up-to-date symlink: /home/yunus/ros2_ws/install/custom_messages_pkg/include/custom_messages_pkg/msg/geometry.h
[5.707s] -- Up-to-date symlink: /home/yunus/ros2_ws/install/custom_messages_pkg/include/custom_messages_pkg/msg/rosidl_generator_c__visibility_control.h
[5.707s] -- Up-to-date symlink: /home/yunus/ros2_ws/install/custom_messages_pkg/include/custom_messages_pkg/msg/swarm_pose.h
[5.708s] -- Up-to-date symlink: /home/yunus/ros2_ws/install/custom_messages_pkg/include/custom_messages_pkg/msg/swarm_rpm.h
[5.708s] -- Up-to-date symlink: /home/yunus/ros2_ws/install/custom_messages_pkg/share/custom_messages_pkg/environment/library_path.sh
[5.708s] -- Up-to-date symlink: /home/yunus/ros2_ws/install/custom_messages_pkg/share/custom_messages_pkg/environment/library_path.dsv
[5.709s] -- Up-to-date symlink: /home/yunus/ros2_ws/install/custom_messages_pkg/include/custom_messages_pkg/msg/detail/custom_control__rosidl_typesupport_fastrtps_c.h
[5.709s] -- Symlinking: /home/yunus/ros2_ws/install/custom_messages_pkg/include/custom_messages_pkg/msg/detail/drone_rpm__rosidl_typesupport_fastrtps_c.h
[5.716s] -- Up-to-date symlink: /home/yunus/ros2_ws/install/custom_messages_pkg/include/custom_messages_pkg/msg/detail/geometry__rosidl_typesupport_fastrtps_c.h
[5.716s] -- Up-to-date symlink: /home/yunus/ros2_ws/install/custom_messages_pkg/include/custom_messages_pkg/msg/detail/swarm_pose__rosidl_typesupport_fastrtps_c.h
[5.716s] -- Up-to-date symlink: /home/yunus/ros2_ws/install/custom_messages_pkg/include/custom_messages_pkg/msg/detail/swarm_rpm__rosidl_typesupport_fastrtps_c.h
[5.716s] -- Up-to-date symlink: /home/yunus/ros2_ws/install/custom_messages_pkg/include/custom_messages_pkg/msg/rosidl_typesupport_fastrtps_c__visibility_control.h
[5.717s] -- Up-to-date symlink: /home/yunus/ros2_ws/install/custom_messages_pkg/lib/libcustom_messages_pkg__rosidl_typesupport_fastrtps_c.so
[5.717s] -- Up-to-date symlink: /home/yunus/ros2_ws/install/custom_messages_pkg/include/custom_messages_pkg/msg/detail/custom_control__rosidl_typesupport_fastrtps_cpp.hpp
[5.717s] -- Symlinking: /home/yunus/ros2_ws/install/custom_messages_pkg/include/custom_messages_pkg/msg/detail/drone_rpm__rosidl_typesupport_fastrtps_cpp.hpp
[5.725s] -- Up-to-date symlink: /home/yunus/ros2_ws/install/custom_messages_pkg/include/custom_messages_pkg/msg/detail/geometry__rosidl_typesupport_fastrtps_cpp.hpp
[5.725s] -- Up-to-date symlink: /home/yunus/ros2_ws/install/custom_messages_pkg/include/custom_messages_pkg/msg/detail/swarm_pose__rosidl_typesupport_fastrtps_cpp.hpp
[5.725s] -- Up-to-date symlink: /home/yunus/ros2_ws/install/custom_messages_pkg/include/custom_messages_pkg/msg/detail/swarm_rpm__rosidl_typesupport_fastrtps_cpp.hpp
[5.725s] -- Up-to-date symlink: /home/yunus/ros2_ws/install/custom_messages_pkg/include/custom_messages_pkg/msg/rosidl_typesupport_fastrtps_cpp__visibility_control.h
[5.725s] -- Up-to-date symlink: /home/yunus/ros2_ws/install/custom_messages_pkg/lib/libcustom_messages_pkg__rosidl_typesupport_fastrtps_cpp.so
[5.726s] -- Up-to-date symlink: /home/yunus/ros2_ws/install/custom_messages_pkg/include/custom_messages_pkg/msg/detail/custom_control__rosidl_typesupport_introspection_c.h
[5.726s] -- Symlinking: /home/yunus/ros2_ws/install/custom_messages_pkg/include/custom_messages_pkg/msg/detail/drone_rpm__rosidl_typesupport_introspection_c.h
[5.733s] -- Up-to-date symlink: /home/yunus/ros2_ws/install/custom_messages_pkg/include/custom_messages_pkg/msg/detail/geometry__rosidl_typesupport_introspection_c.h
[5.734s] -- Up-to-date symlink: /home/yunus/ros2_ws/install/custom_messages_pkg/include/custom_messages_pkg/msg/detail/swarm_pose__rosidl_typesupport_introspection_c.h
[5.734s] -- Up-to-date symlink: /home/yunus/ros2_ws/install/custom_messages_pkg/include/custom_messages_pkg/msg/detail/swarm_rpm__rosidl_typesupport_introspection_c.h
[5.734s] -- Up-to-date symlink: /home/yunus/ros2_ws/install/custom_messages_pkg/include/custom_messages_pkg/msg/rosidl_typesupport_introspection_c__visibility_control.h
[5.734s] -- Up-to-date symlink: /home/yunus/ros2_ws/install/custom_messages_pkg/include/custom_messages_pkg/msg/custom_control.hpp
[5.734s] -- Up-to-date symlink: /home/yunus/ros2_ws/install/custom_messages_pkg/include/custom_messages_pkg/msg/detail/custom_control__builder.hpp
[5.734s] -- Up-to-date symlink: /home/yunus/ros2_ws/install/custom_messages_pkg/include/custom_messages_pkg/msg/detail/custom_control__struct.hpp
[5.734s] -- Up-to-date symlink: /home/yunus/ros2_ws/install/custom_messages_pkg/include/custom_messages_pkg/msg/detail/custom_control__traits.hpp
[5.735s] -- Symlinking: /home/yunus/ros2_ws/install/custom_messages_pkg/include/custom_messages_pkg/msg/detail/drone_rpm__builder.hpp
[5.743s] -- Symlinking: /home/yunus/ros2_ws/install/custom_messages_pkg/include/custom_messages_pkg/msg/detail/drone_rpm__struct.hpp
[5.750s] -- Symlinking: /home/yunus/ros2_ws/install/custom_messages_pkg/include/custom_messages_pkg/msg/detail/drone_rpm__traits.hpp
[5.758s] -- Up-to-date symlink: /home/yunus/ros2_ws/install/custom_messages_pkg/include/custom_messages_pkg/msg/detail/geometry__builder.hpp
[5.758s] -- Up-to-date symlink: /home/yunus/ros2_ws/install/custom_messages_pkg/include/custom_messages_pkg/msg/detail/geometry__struct.hpp
[5.758s] -- Up-to-date symlink: /home/yunus/ros2_ws/install/custom_messages_pkg/include/custom_messages_pkg/msg/detail/geometry__traits.hpp
[5.758s] -- Up-to-date symlink: /home/yunus/ros2_ws/install/custom_messages_pkg/include/custom_messages_pkg/msg/detail/swarm_pose__builder.hpp
[5.758s] -- Up-to-date symlink: /home/yunus/ros2_ws/install/custom_messages_pkg/include/custom_messages_pkg/msg/detail/swarm_pose__struct.hpp
[5.758s] -- Up-to-date symlink: /home/yunus/ros2_ws/install/custom_messages_pkg/include/custom_messages_pkg/msg/detail/swarm_pose__traits.hpp
[5.758s] -- Up-to-date symlink: /home/yunus/ros2_ws/install/custom_messages_pkg/include/custom_messages_pkg/msg/detail/swarm_rpm__builder.hpp
[5.759s] -- Up-to-date symlink: /home/yunus/ros2_ws/install/custom_messages_pkg/include/custom_messages_pkg/msg/detail/swarm_rpm__struct.hpp
[5.759s] -- Up-to-date symlink: /home/yunus/ros2_ws/install/custom_messages_pkg/include/custom_messages_pkg/msg/detail/swarm_rpm__traits.hpp
[5.759s] -- Symlinking: /home/yunus/ros2_ws/install/custom_messages_pkg/include/custom_messages_pkg/msg/drone_rpm.hpp
[5.766s] -- Up-to-date symlink: /home/yunus/ros2_ws/install/custom_messages_pkg/include/custom_messages_pkg/msg/geometry.hpp
[5.766s] -- Up-to-date symlink: /home/yunus/ros2_ws/install/custom_messages_pkg/include/custom_messages_pkg/msg/swarm_pose.hpp
[5.767s] -- Up-to-date symlink: /home/yunus/ros2_ws/install/custom_messages_pkg/include/custom_messages_pkg/msg/swarm_rpm.hpp
[5.767s] -- Up-to-date symlink: /home/yunus/ros2_ws/install/custom_messages_pkg/include/custom_messages_pkg/msg/detail/custom_control__rosidl_typesupport_introspection_cpp.hpp
[5.767s] -- Symlinking: /home/yunus/ros2_ws/install/custom_messages_pkg/include/custom_messages_pkg/msg/detail/drone_rpm__rosidl_typesupport_introspection_cpp.hpp
[5.774s] -- Up-to-date symlink: /home/yunus/ros2_ws/install/custom_messages_pkg/include/custom_messages_pkg/msg/detail/geometry__rosidl_typesupport_introspection_cpp.hpp
[5.775s] -- Up-to-date symlink: /home/yunus/ros2_ws/install/custom_messages_pkg/include/custom_messages_pkg/msg/detail/swarm_pose__rosidl_typesupport_introspection_cpp.hpp
[5.775s] -- Up-to-date symlink: /home/yunus/ros2_ws/install/custom_messages_pkg/include/custom_messages_pkg/msg/detail/swarm_rpm__rosidl_typesupport_introspection_cpp.hpp
[5.775s] -- Up-to-date symlink: /home/yunus/ros2_ws/install/custom_messages_pkg/share/custom_messages_pkg/environment/pythonpath.sh
[5.775s] -- Up-to-date symlink: /home/yunus/ros2_ws/install/custom_messages_pkg/share/custom_messages_pkg/environment/pythonpath.dsv
[5.775s] -- Up-to-date symlink: /home/yunus/ros2_ws/install/custom_messages_pkg/lib/python3.8/site-packages/custom_messages_pkg/__init__.py
[5.776s] -- Up-to-date symlink: /home/yunus/ros2_ws/install/custom_messages_pkg/lib/python3.8/site-packages/custom_messages_pkg/msg/__init__.py
[5.776s] -- Up-to-date symlink: /home/yunus/ros2_ws/install/custom_messages_pkg/lib/python3.8/site-packages/custom_messages_pkg/msg/_custom_control.py
[5.776s] -- Symlinking: /home/yunus/ros2_ws/install/custom_messages_pkg/lib/python3.8/site-packages/custom_messages_pkg/msg/_drone_rpm.py
[5.783s] -- Up-to-date symlink: /home/yunus/ros2_ws/install/custom_messages_pkg/lib/python3.8/site-packages/custom_messages_pkg/msg/_geometry.py
[5.783s] -- Up-to-date symlink: /home/yunus/ros2_ws/install/custom_messages_pkg/lib/python3.8/site-packages/custom_messages_pkg/msg/_swarm_pose.py
[5.783s] -- Up-to-date symlink: /home/yunus/ros2_ws/install/custom_messages_pkg/lib/python3.8/site-packages/custom_messages_pkg/msg/_swarm_rpm.py
[5.784s] -- Up-to-date symlink: /home/yunus/ros2_ws/install/custom_messages_pkg/lib/python3.8/site-packages/custom_messages_pkg/custom_messages_pkg_s__rosidl_typesupport_fastrtps_c.cpython-38-x86_64-linux-gnu.so
[5.784s] -- Up-to-date symlink: /home/yunus/ros2_ws/install/custom_messages_pkg/lib/python3.8/site-packages/custom_messages_pkg/custom_messages_pkg_s__rosidl_typesupport_introspection_c.cpython-38-x86_64-linux-gnu.so
[5.784s] -- Up-to-date symlink: /home/yunus/ros2_ws/install/custom_messages_pkg/lib/python3.8/site-packages/custom_messages_pkg/custom_messages_pkg_s__rosidl_typesupport_c.cpython-38-x86_64-linux-gnu.so
[5.785s] -- Up-to-date symlink: /home/yunus/ros2_ws/install/custom_messages_pkg/lib/libcustom_messages_pkg__python.so
[5.785s] -- Up-to-date symlink: /home/yunus/ros2_ws/install/custom_messages_pkg/share/custom_messages_pkg/msg/Geometry.idl
[5.785s] -- Symlinking: /home/yunus/ros2_ws/install/custom_messages_pkg/share/custom_messages_pkg/msg/DroneRPM.idl
[5.792s] -- Up-to-date symlink: /home/yunus/ros2_ws/install/custom_messages_pkg/share/custom_messages_pkg/msg/SwarmPose.idl
[5.793s] -- Up-to-date symlink: /home/yunus/ros2_ws/install/custom_messages_pkg/share/custom_messages_pkg/msg/SwarmRPM.idl
[5.793s] -- Up-to-date symlink: /home/yunus/ros2_ws/install/custom_messages_pkg/share/custom_messages_pkg/msg/Geometry.msg
[5.793s] -- Symlinking: /home/yunus/ros2_ws/install/custom_messages_pkg/share/custom_messages_pkg/msg/DroneRPM.msg
[5.800s] -- Up-to-date symlink: /home/yunus/ros2_ws/install/custom_messages_pkg/share/custom_messages_pkg/msg/SwarmPose.msg
[5.800s] -- Up-to-date symlink: /home/yunus/ros2_ws/install/custom_messages_pkg/share/custom_messages_pkg/msg/SwarmRPM.msg
[5.800s] -- Up-to-date symlink: /home/yunus/ros2_ws/install/custom_messages_pkg/share/ament_index/resource_index/package_run_dependencies/custom_messages_pkg
[5.800s] -- Up-to-date symlink: /home/yunus/ros2_ws/install/custom_messages_pkg/share/ament_index/resource_index/parent_prefix_path/custom_messages_pkg
[5.800s] -- Up-to-date symlink: /home/yunus/ros2_ws/install/custom_messages_pkg/share/custom_messages_pkg/environment/ament_prefix_path.sh
[5.800s] -- Up-to-date symlink: /home/yunus/ros2_ws/install/custom_messages_pkg/share/custom_messages_pkg/environment/ament_prefix_path.dsv
[5.801s] -- Up-to-date symlink: /home/yunus/ros2_ws/install/custom_messages_pkg/share/custom_messages_pkg/environment/path.sh
[5.801s] -- Up-to-date symlink: /home/yunus/ros2_ws/install/custom_messages_pkg/share/custom_messages_pkg/environment/path.dsv
[5.801s] -- Up-to-date symlink: /home/yunus/ros2_ws/install/custom_messages_pkg/share/custom_messages_pkg/local_setup.bash
[5.801s] -- Up-to-date symlink: /home/yunus/ros2_ws/install/custom_messages_pkg/share/custom_messages_pkg/local_setup.sh
[5.801s] -- Up-to-date symlink: /home/yunus/ros2_ws/install/custom_messages_pkg/share/custom_messages_pkg/local_setup.zsh
[5.801s] -- Up-to-date symlink: /home/yunus/ros2_ws/install/custom_messages_pkg/share/custom_messages_pkg/local_setup.dsv
[5.802s] -- Symlinking: /home/yunus/ros2_ws/install/custom_messages_pkg/share/custom_messages_pkg/package.dsv
[5.810s] -- Up-to-date symlink: /home/yunus/ros2_ws/install/custom_messages_pkg/share/ament_index/resource_index/packages/custom_messages_pkg
[5.810s] -- Up-to-date symlink: /home/yunus/ros2_ws/install/custom_messages_pkg/share/custom_messages_pkg/cmake/rosidl_cmake-extras.cmake
[5.810s] -- Up-to-date symlink: /home/yunus/ros2_ws/install/custom_messages_pkg/share/custom_messages_pkg/cmake/ament_cmake_export_dependencies-extras.cmake
[5.810s] -- Up-to-date symlink: /home/yunus/ros2_ws/install/custom_messages_pkg/share/custom_messages_pkg/cmake/ament_cmake_export_libraries-extras.cmake
[5.810s] -- Up-to-date symlink: /home/yunus/ros2_ws/install/custom_messages_pkg/share/custom_messages_pkg/cmake/ament_cmake_export_targets-extras.cmake
[5.810s] -- Up-to-date symlink: /home/yunus/ros2_ws/install/custom_messages_pkg/share/custom_messages_pkg/cmake/ament_cmake_export_include_directories-extras.cmake
[5.811s] -- Up-to-date symlink: /home/yunus/ros2_ws/install/custom_messages_pkg/share/custom_messages_pkg/cmake/rosidl_cmake_export_typesupport_libraries-extras.cmake
[5.811s] -- Up-to-date symlink: /home/yunus/ros2_ws/install/custom_messages_pkg/share/custom_messages_pkg/cmake/rosidl_cmake_export_typesupport_targets-extras.cmake
[5.811s] -- Up-to-date symlink: /home/yunus/ros2_ws/install/custom_messages_pkg/share/custom_messages_pkg/cmake/custom_messages_pkgConfig.cmake
[5.811s] -- Up-to-date symlink: /home/yunus/ros2_ws/install/custom_messages_pkg/share/custom_messages_pkg/cmake/custom_messages_pkgConfig-version.cmake
[5.811s] -- Up-to-date symlink: /home/yunus/ros2_ws/install/custom_messages_pkg/share/custom_messages_pkg/package.xml
[5.812s] -- Installing: /home/yunus/ros2_ws/install/custom_messages_pkg/lib/libcustom_messages_pkg__rosidl_generator_c.so
[5.812s] -- Set runtime path of "/home/yunus/ros2_ws/install/custom_messages_pkg/lib/libcustom_messages_pkg__rosidl_generator_c.so" to ""
[5.812s] -- Installing: /home/yunus/ros2_ws/install/custom_messages_pkg/lib/libcustom_messages_pkg__rosidl_typesupport_introspection_c.so
[5.812s] -- Set runtime path of "/home/yunus/ros2_ws/install/custom_messages_pkg/lib/libcustom_messages_pkg__rosidl_typesupport_introspection_c.so" to ""
[5.813s] -- Installing: /home/yunus/ros2_ws/install/custom_messages_pkg/lib/libcustom_messages_pkg__rosidl_typesupport_c.so
[5.813s] -- Set runtime path of "/home/yunus/ros2_ws/install/custom_messages_pkg/lib/libcustom_messages_pkg__rosidl_typesupport_c.so" to ""
[5.813s] -- Installing: /home/yunus/ros2_ws/install/custom_messages_pkg/lib/libcustom_messages_pkg__rosidl_typesupport_introspection_cpp.so
[5.813s] -- Set runtime path of "/home/yunus/ros2_ws/install/custom_messages_pkg/lib/libcustom_messages_pkg__rosidl_typesupport_introspection_cpp.so" to ""
[5.813s] -- Installing: /home/yunus/ros2_ws/install/custom_messages_pkg/lib/libcustom_messages_pkg__rosidl_typesupport_cpp.so
[5.814s] -- Set runtime path of "/home/yunus/ros2_ws/install/custom_messages_pkg/lib/libcustom_messages_pkg__rosidl_typesupport_cpp.so" to ""
[5.847s] Compiling '/home/yunus/ros2_ws/install/custom_messages_pkg/lib/python3.8/site-packages/custom_messages_pkg/__init__.py'...
[5.851s] -- Up-to-date: /home/yunus/ros2_ws/install/custom_messages_pkg/share/custom_messages_pkg/cmake/custom_messages_pkg__rosidl_generator_cExport.cmake
[5.851s] -- Installing: /home/yunus/ros2_ws/install/custom_messages_pkg/share/custom_messages_pkg/cmake/custom_messages_pkg__rosidl_generator_cExport-noconfig.cmake
[5.851s] -- Up-to-date: /home/yunus/ros2_ws/install/custom_messages_pkg/share/custom_messages_pkg/cmake/custom_messages_pkg__rosidl_typesupport_introspection_cExport.cmake
[5.851s] -- Installing: /home/yunus/ros2_ws/install/custom_messages_pkg/share/custom_messages_pkg/cmake/custom_messages_pkg__rosidl_typesupport_introspection_cExport-noconfig.cmake
[5.852s] -- Up-to-date: /home/yunus/ros2_ws/install/custom_messages_pkg/share/custom_messages_pkg/cmake/custom_messages_pkg__rosidl_typesupport_cExport.cmake
[5.852s] -- Installing: /home/yunus/ros2_ws/install/custom_messages_pkg/share/custom_messages_pkg/cmake/custom_messages_pkg__rosidl_typesupport_cExport-noconfig.cmake
[5.852s] -- Up-to-date: /home/yunus/ros2_ws/install/custom_messages_pkg/share/custom_messages_pkg/cmake/custom_messages_pkg__rosidl_generator_cppExport.cmake
[5.852s] -- Up-to-date: /home/yunus/ros2_ws/install/custom_messages_pkg/share/custom_messages_pkg/cmake/custom_messages_pkg__rosidl_typesupport_introspection_cppExport.cmake
[5.852s] -- Installing: /home/yunus/ros2_ws/install/custom_messages_pkg/share/custom_messages_pkg/cmake/custom_messages_pkg__rosidl_typesupport_introspection_cppExport-noconfig.cmake
[5.852s] -- Up-to-date: /home/yunus/ros2_ws/install/custom_messages_pkg/share/custom_messages_pkg/cmake/custom_messages_pkg__rosidl_typesupport_cppExport.cmake
[5.852s] -- Installing: /home/yunus/ros2_ws/install/custom_messages_pkg/share/custom_messages_pkg/cmake/custom_messages_pkg__rosidl_typesupport_cppExport-noconfig.cmake
[5.859s] Invoked command in '/home/yunus/ros2_ws/build/custom_messages_pkg' returned '0': CMAKE_PREFIX_PATH=${CMAKE_PREFIX_PATH}:/home/yunus/ros2_ws/install/assignment1:/home/yunus/ros2_ws/install/a2:/opt/ros/foxy /usr/bin/cmake --install /home/yunus/ros2_ws/build/custom_messages_pkg
