[0.629s] Invoking command in '/home/yunus/ros2_ws/src/robotic_project': PYTHONPATH=/home/yunus/ros2_ws/build/robotic_project/prefix_override:/home/yunus/ros2_ws/install/robotic_project/lib/python3.8/site-packages:${PYTHONPATH} /usr/bin/python3 setup.py egg_info --egg-base ../../build/robotic_project build --build-base /home/yunus/ros2_ws/build/robotic_project/build install --record /home/yunus/ros2_ws/build/robotic_project/install.log --install-scripts $base/lib/robotic_project --single-version-externally-managed
[0.840s] running egg_info
[0.841s] writing ../../build/robotic_project/robotic_project.egg-info/PKG-INFO
[0.841s] writing dependency_links to ../../build/robotic_project/robotic_project.egg-info/dependency_links.txt
[0.841s] writing entry points to ../../build/robotic_project/robotic_project.egg-info/entry_points.txt
[0.841s] writing requirements to ../../build/robotic_project/robotic_project.egg-info/requires.txt
[0.841s] writing top-level names to ../../build/robotic_project/robotic_project.egg-info/top_level.txt
[0.871s] reading manifest file '../../build/robotic_project/robotic_project.egg-info/SOURCES.txt'
[0.872s] writing manifest file '../../build/robotic_project/robotic_project.egg-info/SOURCES.txt'
[0.872s] running build
[0.872s] running build_py
[0.872s] copying robotic_project/listener_deneme.py -> /home/yunus/ros2_ws/build/robotic_project/build/lib/robotic_project
[0.872s] running install
[0.873s] running install_lib
[0.874s] copying /home/yunus/ros2_ws/build/robotic_project/build/lib/robotic_project/listener_deneme.py -> /home/yunus/ros2_ws/install/robotic_project/lib/python3.8/site-packages/robotic_project
[0.874s] byte-compiling /home/yunus/ros2_ws/install/robotic_project/lib/python3.8/site-packages/robotic_project/listener_deneme.py to listener_deneme.cpython-38.pyc
[0.876s] running install_data
[0.876s] running install_egg_info
[0.878s] removing '/home/yunus/ros2_ws/install/robotic_project/lib/python3.8/site-packages/robotic_project-0.0.0-py3.8.egg-info' (and everything under it)
[0.878s] Copying ../../build/robotic_project/robotic_project.egg-info to /home/yunus/ros2_ws/install/robotic_project/lib/python3.8/site-packages/robotic_project-0.0.0-py3.8.egg-info
[0.879s] running install_scripts
[0.893s] Installing listener script to /home/yunus/ros2_ws/install/robotic_project/lib/robotic_project
[0.894s] Installing talker script to /home/yunus/ros2_ws/install/robotic_project/lib/robotic_project
[0.894s] writing list of installed files to '/home/yunus/ros2_ws/build/robotic_project/install.log'
[0.913s] Invoked command in '/home/yunus/ros2_ws/src/robotic_project' returned '0': PYTHONPATH=/home/yunus/ros2_ws/build/robotic_project/prefix_override:/home/yunus/ros2_ws/install/robotic_project/lib/python3.8/site-packages:${PYTHONPATH} /usr/bin/python3 setup.py egg_info --egg-base ../../build/robotic_project build --build-base /home/yunus/ros2_ws/build/robotic_project/build install --record /home/yunus/ros2_ws/build/robotic_project/install.log --install-scripts $base/lib/robotic_project --single-version-externally-managed
