[1.195s] Invoking command in '/home/yunus/ros2_ws/src/robotic_project': PYTHONPATH=/home/yunus/ros2_ws/build/robotic_project/prefix_override:/home/yunus/ros2_ws/install/robotic_project/lib/python3.8/site-packages:${PYTHONPATH} /usr/bin/python3 setup.py egg_info --egg-base ../../build/robotic_project build --build-base /home/yunus/ros2_ws/build/robotic_project/build install --record /home/yunus/ros2_ws/build/robotic_project/install.log --install-scripts $base/lib/robotic_project --single-version-externally-managed
[1.438s] running egg_info
[1.438s] writing ../../build/robotic_project/robotic_project.egg-info/PKG-INFO
[1.439s] writing dependency_links to ../../build/robotic_project/robotic_project.egg-info/dependency_links.txt
[1.439s] writing entry points to ../../build/robotic_project/robotic_project.egg-info/entry_points.txt
[1.439s] writing requirements to ../../build/robotic_project/robotic_project.egg-info/requires.txt
[1.439s] writing top-level names to ../../build/robotic_project/robotic_project.egg-info/top_level.txt
[1.473s] reading manifest file '../../build/robotic_project/robotic_project.egg-info/SOURCES.txt'
[1.474s] writing manifest file '../../build/robotic_project/robotic_project.egg-info/SOURCES.txt'
[1.475s] running build
[1.475s] running build_py
[1.475s] copying robotic_project/fly.py -> /home/yunus/ros2_ws/build/robotic_project/build/lib/robotic_project
[1.475s] running install
[1.476s] running install_lib
[1.477s] copying /home/yunus/ros2_ws/build/robotic_project/build/lib/robotic_project/fly.py -> /home/yunus/ros2_ws/install/robotic_project/lib/python3.8/site-packages/robotic_project
[1.477s] byte-compiling /home/yunus/ros2_ws/install/robotic_project/lib/python3.8/site-packages/robotic_project/fly.py to fly.cpython-38.pyc
[1.480s] running install_data
[1.480s] running install_egg_info
[1.483s] removing '/home/yunus/ros2_ws/install/robotic_project/lib/python3.8/site-packages/robotic_project-0.0.0-py3.8.egg-info' (and everything under it)
[1.483s] Copying ../../build/robotic_project/robotic_project.egg-info to /home/yunus/ros2_ws/install/robotic_project/lib/python3.8/site-packages/robotic_project-0.0.0-py3.8.egg-info
[1.483s] running install_scripts
[1.500s] Installing kudur script to /home/yunus/ros2_ws/install/robotic_project/lib/robotic_project
[1.500s] Installing kudur2 script to /home/yunus/ros2_ws/install/robotic_project/lib/robotic_project
[1.500s] writing list of installed files to '/home/yunus/ros2_ws/build/robotic_project/install.log'
[1.528s] Invoked command in '/home/yunus/ros2_ws/src/robotic_project' returned '0': PYTHONPATH=/home/yunus/ros2_ws/build/robotic_project/prefix_override:/home/yunus/ros2_ws/install/robotic_project/lib/python3.8/site-packages:${PYTHONPATH} /usr/bin/python3 setup.py egg_info --egg-base ../../build/robotic_project build --build-base /home/yunus/ros2_ws/build/robotic_project/build install --record /home/yunus/ros2_ws/build/robotic_project/install.log --install-scripts $base/lib/robotic_project --single-version-externally-managed
