running egg_info
writing ../../build/robotic_project/robotic_project.egg-info/PKG-INFO
writing dependency_links to ../../build/robotic_project/robotic_project.egg-info/dependency_links.txt
writing entry points to ../../build/robotic_project/robotic_project.egg-info/entry_points.txt
writing requirements to ../../build/robotic_project/robotic_project.egg-info/requires.txt
writing top-level names to ../../build/robotic_project/robotic_project.egg-info/top_level.txt
reading manifest file '../../build/robotic_project/robotic_project.egg-info/SOURCES.txt'
writing manifest file '../../build/robotic_project/robotic_project.egg-info/SOURCES.txt'
running build
running build_py
copying robotic_project/fly.py -> /home/yunus/ros2_ws/build/robotic_project/build/lib/robotic_project
running install
running install_lib
copying /home/yunus/ros2_ws/build/robotic_project/build/lib/robotic_project/fly.py -> /home/yunus/ros2_ws/install/robotic_project/lib/python3.8/site-packages/robotic_project
byte-compiling /home/yunus/ros2_ws/install/robotic_project/lib/python3.8/site-packages/robotic_project/fly.py to fly.cpython-38.pyc
running install_data
running install_egg_info
removing '/home/yunus/ros2_ws/install/robotic_project/lib/python3.8/site-packages/robotic_project-0.0.0-py3.8.egg-info' (and everything under it)
Copying ../../build/robotic_project/robotic_project.egg-info to /home/yunus/ros2_ws/install/robotic_project/lib/python3.8/site-packages/robotic_project-0.0.0-py3.8.egg-info
running install_scripts
Installing kudur script to /home/yunus/ros2_ws/install/robotic_project/lib/robotic_project
Installing kudur2 script to /home/yunus/ros2_ws/install/robotic_project/lib/robotic_project
writing list of installed files to '/home/yunus/ros2_ws/build/robotic_project/install.log'
