running develop
Removing /home/yunus/ros2_ws/install/assignment1/lib/python3.8/site-packages/assignment1.egg-link (link to .)
running egg_info
writing ../../build/assignment1/assignment1.egg-info/PKG-INFO
writing dependency_links to ../../build/assignment1/assignment1.egg-info/dependency_links.txt
writing entry points to ../../build/assignment1/assignment1.egg-info/entry_points.txt
writing requirements to ../../build/assignment1/assignment1.egg-info/requires.txt
writing top-level names to ../../build/assignment1/assignment1.egg-info/top_level.txt
reading manifest file '../../build/assignment1/assignment1.egg-info/SOURCES.txt'
writing manifest file '../../build/assignment1/assignment1.egg-info/SOURCES.txt'
running build
running build_py
running install
running install_lib
creating /home/yunus/ros2_ws/install/assignment1/lib/python3.8/site-packages/assignment1
copying /home/yunus/ros2_ws/build/assignment1/build/lib/assignment1/a1_answer.py -> /home/yunus/ros2_ws/install/assignment1/lib/python3.8/site-packages/assignment1
copying /home/yunus/ros2_ws/build/assignment1/build/lib/assignment1/a1_referee.py -> /home/yunus/ros2_ws/install/assignment1/lib/python3.8/site-packages/assignment1
copying /home/yunus/ros2_ws/build/assignment1/build/lib/assignment1/__init__.py -> /home/yunus/ros2_ws/install/assignment1/lib/python3.8/site-packages/assignment1
byte-compiling /home/yunus/ros2_ws/install/assignment1/lib/python3.8/site-packages/assignment1/a1_answer.py to a1_answer.cpython-38.pyc
byte-compiling /home/yunus/ros2_ws/install/assignment1/lib/python3.8/site-packages/assignment1/a1_referee.py to a1_referee.cpython-38.pyc
byte-compiling /home/yunus/ros2_ws/install/assignment1/lib/python3.8/site-packages/assignment1/__init__.py to __init__.cpython-38.pyc
running install_data
running install_egg_info
Copying ../../build/assignment1/assignment1.egg-info to /home/yunus/ros2_ws/install/assignment1/lib/python3.8/site-packages/assignment1-0.0.0-py3.8.egg-info
running install_scripts
Installing a1_answer script to /home/yunus/ros2_ws/install/assignment1/lib/assignment1
Installing a1_referee script to /home/yunus/ros2_ws/install/assignment1/lib/assignment1
writing list of installed files to '/home/yunus/ros2_ws/build/assignment1/install.log'
