[0.069s] Invoking command in '/home/yunus/ros2_ws/build/custom_messages_pkg': CMAKE_PREFIX_PATH=${CMAKE_PREFIX_PATH}:/home/yunus/ros2_ws/install/assignment1:/home/yunus/ros2_ws/install/a2:/opt/ros/foxy /usr/bin/cmake --build /home/yunus/ros2_ws/build/custom_messages_pkg -- -j8 -l8
[0.519s] -- Found ament_cmake: 0.9.11 (/opt/ros/foxy/share/ament_cmake/cmake)
[0.519s] -- Found PythonInterp: /usr/bin/python3 (found suitable version "3.8.10", minimum required is "3") 
[0.519s] -- Using PYTHON_EXECUTABLE: /usr/bin/python3
[0.519s] -- Override CMake install command with custom implementation using symlinks instead of copying resources
[0.520s] -- Found geometry_msgs: 2.0.5 (/opt/ros/foxy/share/geometry_msgs/cmake)
[0.520s] -- Using all available rosidl_typesupport_c: rosidl_typesupport_fastrtps_c;rosidl_typesupport_introspection_c
[0.520s] -- Found rosidl_adapter: 1.3.0 (/opt/ros/foxy/share/rosidl_adapter/cmake)
[0.598s] -- Using all available rosidl_typesupport_cpp: rosidl_typesupport_fastrtps_cpp;rosidl_typesupport_introspection_cpp
[0.690s] -- Found rosidl_default_generators: 1.0.1 (/opt/ros/foxy/share/rosidl_default_generators/cmake)
[0.699s] -- Found ament_lint_auto: 0.9.7 (/opt/ros/foxy/share/ament_lint_auto/cmake)
[0.764s] CMake Error at /opt/ros/foxy/share/rosidl_cmake/cmake/rosidl_generate_interfaces.cmake:93 (message):
[0.764s]   rosidl_generate_interfaces() the passed file 'msg/CustomControl.msg'
[0.764s]   doesn't exist relative to the CMAKE_CURRENT_SOURCE_DIR
[0.764s]   '/home/yunus/ros2_ws/src/custom_messages_pkg'
[0.764s] Call Stack (most recent call first):
[0.764s]   CMakeLists.txt:38 (rosidl_generate_interfaces)
[0.764s] 
[0.764s] 
[0.765s] -- Configuring incomplete, errors occurred!
[0.765s] See also "/home/yunus/ros2_ws/build/custom_messages_pkg/CMakeFiles/CMakeOutput.log".
[0.769s] make: *** [Makefile:1468: cmake_check_build_system] Error 1
[0.835s] Invoked command in '/home/yunus/ros2_ws/build/custom_messages_pkg' returned '2': CMAKE_PREFIX_PATH=${CMAKE_PREFIX_PATH}:/home/yunus/ros2_ws/install/assignment1:/home/yunus/ros2_ws/install/a2:/opt/ros/foxy /usr/bin/cmake --build /home/yunus/ros2_ws/build/custom_messages_pkg -- -j8 -l8
