[0.157s] DEBUG:colcon:Command line arguments: ['/usr/bin/colcon', 'build', '--sym']
[0.157s] DEBUG:colcon:Parsed command line arguments: Namespace(allow_overriding=[], ament_cmake_args=None, base_paths=['.'], build_base='build', catkin_cmake_args=None, catkin_skip_building_tests=False, cmake_args=None, cmake_clean_cache=False, cmake_clean_first=False, cmake_force_configure=False, cmake_target=None, cmake_target_skip_unavailable=False, continue_on_error=False, event_handlers=None, executor='parallel', ignore_user_meta=False, install_base='install', log_base=None, log_level=None, main=<bound method BuildVerb.main of <colcon_core.verb.build.BuildVerb object at 0x7fafca8865b0>>, merge_install=False, metas=['./colcon.meta'], packages_above=None, packages_above_and_dependencies=None, packages_above_depth=None, packages_end=None, packages_ignore=None, packages_ignore_regex=None, packages_select=None, packages_select_build_failed=False, packages_select_by_dep=None, packages_select_regex=None, packages_select_test_failures=False, packages_skip=None, packages_skip_build_finished=False, packages_skip_by_dep=None, packages_skip_regex=None, packages_skip_test_passed=False, packages_skip_up_to=None, packages_start=None, packages_up_to=None, packages_up_to_regex=None, parallel_workers=8, paths=None, symlink_install=True, test_result_base=None, verb_extension=<colcon_core.verb.build.BuildVerb object at 0x7fafca8865b0>, verb_name='build', verb_parser=<colcon_defaults.argument_parser.defaults.DefaultArgumentsDecorator object at 0x7fafca886af0>)
[0.188s] Level 1:colcon.colcon_core.package_discovery:discover_packages(colcon_meta) check parameters
[0.188s] Level 1:colcon.colcon_core.package_discovery:discover_packages(recursive) check parameters
[0.188s] Level 1:colcon.colcon_core.package_discovery:discover_packages(ignore) check parameters
[0.188s] Level 1:colcon.colcon_core.package_discovery:discover_packages(path) check parameters
[0.188s] Level 1:colcon.colcon_core.package_discovery:discover_packages(colcon_meta) discover
[0.188s] Level 1:colcon.colcon_core.package_discovery:discover_packages(recursive) discover
[0.188s] INFO:colcon.colcon_core.package_discovery:Crawling recursively for packages in '/home/yunus/ros2_ws'
[0.188s] Level 1:colcon.colcon_core.package_identification:_identify(.) by extensions ['ignore', 'ignore_ament_install']
[0.188s] Level 1:colcon.colcon_core.package_identification:_identify(.) by extension 'ignore'
[0.189s] Level 1:colcon.colcon_core.package_identification:_identify(.) by extension 'ignore_ament_install'
[0.189s] Level 1:colcon.colcon_core.package_identification:_identify(.) by extensions ['colcon_pkg']
[0.189s] Level 1:colcon.colcon_core.package_identification:_identify(.) by extension 'colcon_pkg'
[0.189s] Level 1:colcon.colcon_core.package_identification:_identify(.) by extensions ['colcon_meta']
[0.189s] Level 1:colcon.colcon_core.package_identification:_identify(.) by extension 'colcon_meta'
[0.189s] Level 1:colcon.colcon_core.package_identification:_identify(.) by extensions ['ros']
[0.189s] Level 1:colcon.colcon_core.package_identification:_identify(.) by extension 'ros'
[0.199s] Level 1:colcon.colcon_core.package_identification:_identify(.) by extensions ['cmake', 'python']
[0.199s] Level 1:colcon.colcon_core.package_identification:_identify(.) by extension 'cmake'
[0.199s] Level 1:colcon.colcon_core.package_identification:_identify(.) by extension 'python'
[0.199s] Level 1:colcon.colcon_core.package_identification:_identify(.) by extensions ['python_setup_py']
[0.199s] Level 1:colcon.colcon_core.package_identification:_identify(.) by extension 'python_setup_py'
[0.199s] Level 1:colcon.colcon_core.package_identification:_identify(build) by extensions ['ignore', 'ignore_ament_install']
[0.199s] Level 1:colcon.colcon_core.package_identification:_identify(build) by extension 'ignore'
[0.199s] Level 1:colcon.colcon_core.package_identification:_identify(build) ignored
[0.199s] Level 1:colcon.colcon_core.package_identification:_identify(install) by extensions ['ignore', 'ignore_ament_install']
[0.199s] Level 1:colcon.colcon_core.package_identification:_identify(install) by extension 'ignore'
[0.199s] Level 1:colcon.colcon_core.package_identification:_identify(install) ignored
[0.200s] Level 1:colcon.colcon_core.package_identification:_identify(log) by extensions ['ignore', 'ignore_ament_install']
[0.200s] Level 1:colcon.colcon_core.package_identification:_identify(log) by extension 'ignore'
[0.200s] Level 1:colcon.colcon_core.package_identification:_identify(log) ignored
[0.200s] Level 1:colcon.colcon_core.package_identification:_identify(src) by extensions ['ignore', 'ignore_ament_install']
[0.200s] Level 1:colcon.colcon_core.package_identification:_identify(src) by extension 'ignore'
[0.200s] Level 1:colcon.colcon_core.package_identification:_identify(src) by extension 'ignore_ament_install'
[0.200s] Level 1:colcon.colcon_core.package_identification:_identify(src) by extensions ['colcon_pkg']
[0.200s] Level 1:colcon.colcon_core.package_identification:_identify(src) by extension 'colcon_pkg'
[0.200s] Level 1:colcon.colcon_core.package_identification:_identify(src) by extensions ['colcon_meta']
[0.200s] Level 1:colcon.colcon_core.package_identification:_identify(src) by extension 'colcon_meta'
[0.200s] Level 1:colcon.colcon_core.package_identification:_identify(src) by extensions ['ros']
[0.200s] Level 1:colcon.colcon_core.package_identification:_identify(src) by extension 'ros'
[0.200s] Level 1:colcon.colcon_core.package_identification:_identify(src) by extensions ['cmake', 'python']
[0.200s] Level 1:colcon.colcon_core.package_identification:_identify(src) by extension 'cmake'
[0.200s] Level 1:colcon.colcon_core.package_identification:_identify(src) by extension 'python'
[0.200s] Level 1:colcon.colcon_core.package_identification:_identify(src) by extensions ['python_setup_py']
[0.200s] Level 1:colcon.colcon_core.package_identification:_identify(src) by extension 'python_setup_py'
[0.200s] Level 1:colcon.colcon_core.package_identification:_identify(src/a2) by extensions ['ignore', 'ignore_ament_install']
[0.200s] Level 1:colcon.colcon_core.package_identification:_identify(src/a2) by extension 'ignore'
[0.200s] Level 1:colcon.colcon_core.package_identification:_identify(src/a2) by extension 'ignore_ament_install'
[0.200s] Level 1:colcon.colcon_core.package_identification:_identify(src/a2) by extensions ['colcon_pkg']
[0.201s] Level 1:colcon.colcon_core.package_identification:_identify(src/a2) by extension 'colcon_pkg'
[0.201s] Level 1:colcon.colcon_core.package_identification:_identify(src/a2) by extensions ['colcon_meta']
[0.201s] Level 1:colcon.colcon_core.package_identification:_identify(src/a2) by extension 'colcon_meta'
[0.201s] Level 1:colcon.colcon_core.package_identification:_identify(src/a2) by extensions ['ros']
[0.201s] Level 1:colcon.colcon_core.package_identification:_identify(src/a2) by extension 'ros'
[0.203s] DEBUG:colcon.colcon_core.package_identification:Package 'src/a2' with type 'ros.ament_python' and name 'a2'
[0.203s] Level 1:colcon.colcon_core.package_identification:_identify(src/assignment1) by extensions ['ignore', 'ignore_ament_install']
[0.203s] Level 1:colcon.colcon_core.package_identification:_identify(src/assignment1) by extension 'ignore'
[0.203s] Level 1:colcon.colcon_core.package_identification:_identify(src/assignment1) by extension 'ignore_ament_install'
[0.203s] Level 1:colcon.colcon_core.package_identification:_identify(src/assignment1) by extensions ['colcon_pkg']
[0.203s] Level 1:colcon.colcon_core.package_identification:_identify(src/assignment1) by extension 'colcon_pkg'
[0.203s] Level 1:colcon.colcon_core.package_identification:_identify(src/assignment1) by extensions ['colcon_meta']
[0.203s] Level 1:colcon.colcon_core.package_identification:_identify(src/assignment1) by extension 'colcon_meta'
[0.203s] Level 1:colcon.colcon_core.package_identification:_identify(src/assignment1) by extensions ['ros']
[0.203s] Level 1:colcon.colcon_core.package_identification:_identify(src/assignment1) by extension 'ros'
[0.204s] DEBUG:colcon.colcon_core.package_identification:Package 'src/assignment1' with type 'ros.ament_python' and name 'assignment1'
[0.204s] Level 1:colcon.colcon_core.package_identification:_identify(src/custom_messages_pkg) by extensions ['ignore', 'ignore_ament_install']
[0.204s] Level 1:colcon.colcon_core.package_identification:_identify(src/custom_messages_pkg) by extension 'ignore'
[0.204s] Level 1:colcon.colcon_core.package_identification:_identify(src/custom_messages_pkg) by extension 'ignore_ament_install'
[0.204s] Level 1:colcon.colcon_core.package_identification:_identify(src/custom_messages_pkg) by extensions ['colcon_pkg']
[0.204s] Level 1:colcon.colcon_core.package_identification:_identify(src/custom_messages_pkg) by extension 'colcon_pkg'
[0.204s] Level 1:colcon.colcon_core.package_identification:_identify(src/custom_messages_pkg) by extensions ['colcon_meta']
[0.204s] Level 1:colcon.colcon_core.package_identification:_identify(src/custom_messages_pkg) by extension 'colcon_meta'
[0.204s] Level 1:colcon.colcon_core.package_identification:_identify(src/custom_messages_pkg) by extensions ['ros']
[0.204s] Level 1:colcon.colcon_core.package_identification:_identify(src/custom_messages_pkg) by extension 'ros'
[0.204s] DEBUG:colcon.colcon_core.package_identification:Package 'src/custom_messages_pkg' with type 'ros.ament_cmake' and name 'custom_messages_pkg'
[0.204s] Level 1:colcon.colcon_core.package_identification:_identify(src/robotic_project) by extensions ['ignore', 'ignore_ament_install']
[0.205s] Level 1:colcon.colcon_core.package_identification:_identify(src/robotic_project) by extension 'ignore'
[0.205s] Level 1:colcon.colcon_core.package_identification:_identify(src/robotic_project) by extension 'ignore_ament_install'
[0.205s] Level 1:colcon.colcon_core.package_identification:_identify(src/robotic_project) by extensions ['colcon_pkg']
[0.205s] Level 1:colcon.colcon_core.package_identification:_identify(src/robotic_project) by extension 'colcon_pkg'
[0.205s] Level 1:colcon.colcon_core.package_identification:_identify(src/robotic_project) by extensions ['colcon_meta']
[0.205s] Level 1:colcon.colcon_core.package_identification:_identify(src/robotic_project) by extension 'colcon_meta'
[0.205s] Level 1:colcon.colcon_core.package_identification:_identify(src/robotic_project) by extensions ['ros']
[0.205s] Level 1:colcon.colcon_core.package_identification:_identify(src/robotic_project) by extension 'ros'
[0.206s] DEBUG:colcon.colcon_core.package_identification:Package 'src/robotic_project' with type 'ros.ament_python' and name 'robotic_project'
[0.206s] Level 1:colcon.colcon_core.package_discovery:discover_packages(recursive) using defaults
[0.206s] Level 1:colcon.colcon_core.package_discovery:discover_packages(ignore) discover
[0.206s] Level 1:colcon.colcon_core.package_discovery:discover_packages(ignore) using defaults
[0.206s] Level 1:colcon.colcon_core.package_discovery:discover_packages(path) discover
[0.206s] Level 1:colcon.colcon_core.package_discovery:discover_packages(path) using defaults
[0.229s] Level 1:colcon.colcon_core.package_discovery:discover_packages(prefix_path) check parameters
[0.229s] Level 1:colcon.colcon_core.package_discovery:discover_packages(prefix_path) discover
[0.232s] DEBUG:colcon.colcon_installed_package_information.package_discovery:Found 4 installed packages in /home/yunus/ros2_ws/install
[0.234s] DEBUG:colcon.colcon_installed_package_information.package_discovery:Found 321 installed packages in /opt/ros/foxy
[0.236s] Level 1:colcon.colcon_core.package_discovery:discover_packages(prefix_path) using defaults
[0.303s] Level 5:colcon.colcon_core.verb:set package 'a2' build argument 'cmake_args' from command line to 'None'
[0.303s] Level 5:colcon.colcon_core.verb:set package 'a2' build argument 'cmake_target' from command line to 'None'
[0.303s] Level 5:colcon.colcon_core.verb:set package 'a2' build argument 'cmake_target_skip_unavailable' from command line to 'False'
[0.303s] Level 5:colcon.colcon_core.verb:set package 'a2' build argument 'cmake_clean_cache' from command line to 'False'
[0.303s] Level 5:colcon.colcon_core.verb:set package 'a2' build argument 'cmake_clean_first' from command line to 'False'
[0.303s] Level 5:colcon.colcon_core.verb:set package 'a2' build argument 'cmake_force_configure' from command line to 'False'
[0.303s] Level 5:colcon.colcon_core.verb:set package 'a2' build argument 'ament_cmake_args' from command line to 'None'
[0.303s] Level 5:colcon.colcon_core.verb:set package 'a2' build argument 'catkin_cmake_args' from command line to 'None'
[0.303s] Level 5:colcon.colcon_core.verb:set package 'a2' build argument 'catkin_skip_building_tests' from command line to 'False'
[0.303s] DEBUG:colcon.colcon_core.verb:Building package 'a2' with the following arguments: {'ament_cmake_args': None, 'build_base': '/home/yunus/ros2_ws/build/a2', 'catkin_cmake_args': None, 'catkin_skip_building_tests': False, 'cmake_args': None, 'cmake_clean_cache': False, 'cmake_clean_first': False, 'cmake_force_configure': False, 'cmake_target': None, 'cmake_target_skip_unavailable': False, 'install_base': '/home/yunus/ros2_ws/install/a2', 'merge_install': False, 'path': '/home/yunus/ros2_ws/src/a2', 'symlink_install': True, 'test_result_base': None}
[0.305s] Level 5:colcon.colcon_core.verb:set package 'assignment1' build argument 'cmake_args' from command line to 'None'
[0.306s] Level 5:colcon.colcon_core.verb:set package 'assignment1' build argument 'cmake_target' from command line to 'None'
[0.306s] Level 5:colcon.colcon_core.verb:set package 'assignment1' build argument 'cmake_target_skip_unavailable' from command line to 'False'
[0.306s] Level 5:colcon.colcon_core.verb:set package 'assignment1' build argument 'cmake_clean_cache' from command line to 'False'
[0.306s] Level 5:colcon.colcon_core.verb:set package 'assignment1' build argument 'cmake_clean_first' from command line to 'False'
[0.306s] Level 5:colcon.colcon_core.verb:set package 'assignment1' build argument 'cmake_force_configure' from command line to 'False'
[0.306s] Level 5:colcon.colcon_core.verb:set package 'assignment1' build argument 'ament_cmake_args' from command line to 'None'
[0.306s] Level 5:colcon.colcon_core.verb:set package 'assignment1' build argument 'catkin_cmake_args' from command line to 'None'
[0.306s] Level 5:colcon.colcon_core.verb:set package 'assignment1' build argument 'catkin_skip_building_tests' from command line to 'False'
[0.306s] DEBUG:colcon.colcon_core.verb:Building package 'assignment1' with the following arguments: {'ament_cmake_args': None, 'build_base': '/home/yunus/ros2_ws/build/assignment1', 'catkin_cmake_args': None, 'catkin_skip_building_tests': False, 'cmake_args': None, 'cmake_clean_cache': False, 'cmake_clean_first': False, 'cmake_force_configure': False, 'cmake_target': None, 'cmake_target_skip_unavailable': False, 'install_base': '/home/yunus/ros2_ws/install/assignment1', 'merge_install': False, 'path': '/home/yunus/ros2_ws/src/assignment1', 'symlink_install': True, 'test_result_base': None}
[0.307s] Level 5:colcon.colcon_core.verb:set package 'custom_messages_pkg' build argument 'cmake_args' from command line to 'None'
[0.307s] Level 5:colcon.colcon_core.verb:set package 'custom_messages_pkg' build argument 'cmake_target' from command line to 'None'
[0.307s] Level 5:colcon.colcon_core.verb:set package 'custom_messages_pkg' build argument 'cmake_target_skip_unavailable' from command line to 'False'
[0.307s] Level 5:colcon.colcon_core.verb:set package 'custom_messages_pkg' build argument 'cmake_clean_cache' from command line to 'False'
[0.307s] Level 5:colcon.colcon_core.verb:set package 'custom_messages_pkg' build argument 'cmake_clean_first' from command line to 'False'
[0.307s] Level 5:colcon.colcon_core.verb:set package 'custom_messages_pkg' build argument 'cmake_force_configure' from command line to 'False'
[0.307s] Level 5:colcon.colcon_core.verb:set package 'custom_messages_pkg' build argument 'ament_cmake_args' from command line to 'None'
[0.307s] Level 5:colcon.colcon_core.verb:set package 'custom_messages_pkg' build argument 'catkin_cmake_args' from command line to 'None'
[0.307s] Level 5:colcon.colcon_core.verb:set package 'custom_messages_pkg' build argument 'catkin_skip_building_tests' from command line to 'False'
[0.308s] DEBUG:colcon.colcon_core.verb:Building package 'custom_messages_pkg' with the following arguments: {'ament_cmake_args': None, 'build_base': '/home/yunus/ros2_ws/build/custom_messages_pkg', 'catkin_cmake_args': None, 'catkin_skip_building_tests': False, 'cmake_args': None, 'cmake_clean_cache': False, 'cmake_clean_first': False, 'cmake_force_configure': False, 'cmake_target': None, 'cmake_target_skip_unavailable': False, 'install_base': '/home/yunus/ros2_ws/install/custom_messages_pkg', 'merge_install': False, 'path': '/home/yunus/ros2_ws/src/custom_messages_pkg', 'symlink_install': True, 'test_result_base': None}
[0.309s] Level 5:colcon.colcon_core.verb:set package 'robotic_project' build argument 'cmake_args' from command line to 'None'
[0.309s] Level 5:colcon.colcon_core.verb:set package 'robotic_project' build argument 'cmake_target' from command line to 'None'
[0.309s] Level 5:colcon.colcon_core.verb:set package 'robotic_project' build argument 'cmake_target_skip_unavailable' from command line to 'False'
[0.309s] Level 5:colcon.colcon_core.verb:set package 'robotic_project' build argument 'cmake_clean_cache' from command line to 'False'
[0.309s] Level 5:colcon.colcon_core.verb:set package 'robotic_project' build argument 'cmake_clean_first' from command line to 'False'
[0.309s] Level 5:colcon.colcon_core.verb:set package 'robotic_project' build argument 'cmake_force_configure' from command line to 'False'
[0.309s] Level 5:colcon.colcon_core.verb:set package 'robotic_project' build argument 'ament_cmake_args' from command line to 'None'
[0.309s] Level 5:colcon.colcon_core.verb:set package 'robotic_project' build argument 'catkin_cmake_args' from command line to 'None'
[0.309s] Level 5:colcon.colcon_core.verb:set package 'robotic_project' build argument 'catkin_skip_building_tests' from command line to 'False'
[0.309s] DEBUG:colcon.colcon_core.verb:Building package 'robotic_project' with the following arguments: {'ament_cmake_args': None, 'build_base': '/home/yunus/ros2_ws/build/robotic_project', 'catkin_cmake_args': None, 'catkin_skip_building_tests': False, 'cmake_args': None, 'cmake_clean_cache': False, 'cmake_clean_first': False, 'cmake_force_configure': False, 'cmake_target': None, 'cmake_target_skip_unavailable': False, 'install_base': '/home/yunus/ros2_ws/install/robotic_project', 'merge_install': False, 'path': '/home/yunus/ros2_ws/src/robotic_project', 'symlink_install': True, 'test_result_base': None}
[0.310s] INFO:colcon.colcon_core.executor:Executing jobs using 'parallel' executor
[0.316s] DEBUG:colcon.colcon_parallel_executor.executor.parallel:run_until_complete
[0.316s] INFO:colcon.colcon_ros.task.ament_cmake.build:Building ROS package in '/home/yunus/ros2_ws/src/custom_messages_pkg' with build type 'ament_cmake'
[0.317s] INFO:colcon.colcon_cmake.task.cmake.build:Building CMake package in '/home/yunus/ros2_ws/src/custom_messages_pkg'
[0.322s] INFO:colcon.colcon_core.plugin_system:Skipping extension 'colcon_core.shell.bat': Not used on non-Windows systems
[0.322s] INFO:colcon.colcon_core.shell:Skip shell extension 'powershell' for command environment: Not usable outside of PowerShell
[0.322s] DEBUG:colcon.colcon_core.shell:Skip shell extension 'dsv' for command environment
[0.329s] INFO:colcon.colcon_ros.task.ament_python.build:Building ROS package in '/home/yunus/ros2_ws/src/a2' with build type 'ament_python'
[0.329s] Level 1:colcon.colcon_core.shell:create_environment_hook('a2', 'ament_prefix_path')
[0.333s] INFO:colcon.colcon_core.shell:Creating environment hook '/home/yunus/ros2_ws/install/a2/share/a2/hook/ament_prefix_path.ps1'
[0.334s] INFO:colcon.colcon_core.shell:Creating environment descriptor '/home/yunus/ros2_ws/install/a2/share/a2/hook/ament_prefix_path.dsv'
[0.335s] INFO:colcon.colcon_core.shell:Creating environment hook '/home/yunus/ros2_ws/install/a2/share/a2/hook/ament_prefix_path.sh'
[0.338s] INFO:colcon.colcon_core.shell:Skip shell extension 'powershell' for command environment: Not usable outside of PowerShell
[0.338s] DEBUG:colcon.colcon_core.shell:Skip shell extension 'dsv' for command environment
[0.345s] INFO:colcon.colcon_ros.task.ament_python.build:Building ROS package in '/home/yunus/ros2_ws/src/assignment1' with build type 'ament_python'
[0.346s] Level 1:colcon.colcon_core.shell:create_environment_hook('assignment1', 'ament_prefix_path')
[0.350s] INFO:colcon.colcon_core.shell:Creating environment hook '/home/yunus/ros2_ws/install/assignment1/share/assignment1/hook/ament_prefix_path.ps1'
[0.350s] INFO:colcon.colcon_core.shell:Creating environment descriptor '/home/yunus/ros2_ws/install/assignment1/share/assignment1/hook/ament_prefix_path.dsv'
[0.351s] INFO:colcon.colcon_core.shell:Creating environment hook '/home/yunus/ros2_ws/install/assignment1/share/assignment1/hook/ament_prefix_path.sh'
[0.354s] INFO:colcon.colcon_core.shell:Skip shell extension 'powershell' for command environment: Not usable outside of PowerShell
[0.354s] DEBUG:colcon.colcon_core.shell:Skip shell extension 'dsv' for command environment
[0.367s] DEBUG:colcon.colcon_core.event_handler.log_command:Invoking command in '/home/yunus/ros2_ws/build/custom_messages_pkg': CMAKE_PREFIX_PATH=${CMAKE_PREFIX_PATH}:/home/yunus/ros2_ws/install/assignment1:/home/yunus/ros2_ws/install/a2:/opt/ros/foxy /usr/bin/cmake /home/yunus/ros2_ws/src/custom_messages_pkg -DAMENT_CMAKE_SYMLINK_INSTALL=1 -DCMAKE_INSTALL_PREFIX=/home/yunus/ros2_ws/install/custom_messages_pkg
[0.627s] INFO:colcon.colcon_core.task.python.build:Building Python package in '/home/yunus/ros2_ws/src/a2'
[0.630s] INFO:colcon.colcon_core.shell:Skip shell extension 'powershell' for command environment: Not usable outside of PowerShell
[0.630s] DEBUG:colcon.colcon_core.shell:Skip shell extension 'dsv' for command environment
[0.879s] INFO:colcon.colcon_core.task.python.build:Building Python package in '/home/yunus/ros2_ws/src/assignment1'
[0.882s] INFO:colcon.colcon_core.shell:Skip shell extension 'powershell' for command environment: Not usable outside of PowerShell
[0.882s] DEBUG:colcon.colcon_core.shell:Skip shell extension 'dsv' for command environment
[1.373s] DEBUG:colcon.colcon_core.task.python.build:While undoing a previous installation files outside the Python library path are being ignored: /home/yunus/ros2_ws/install/assignment1/share/ament_index/resource_index/packages/assignment1
[1.373s] DEBUG:colcon.colcon_core.task.python.build:While undoing a previous installation files outside the Python library path are being ignored: /home/yunus/ros2_ws/install/assignment1/share/assignment1/package.xml
[1.373s] DEBUG:colcon.colcon_core.task.python.build:While undoing a previous installation files outside the Python library path are being ignored: /home/yunus/ros2_ws/install/assignment1/lib/assignment1/a1_answer
[1.374s] DEBUG:colcon.colcon_core.task.python.build:While undoing a previous installation files outside the Python library path are being ignored: /home/yunus/ros2_ws/install/assignment1/lib/assignment1/a1_referee
[1.377s] DEBUG:colcon.colcon_core.event_handler.log_command:Invoking command in '/home/yunus/ros2_ws/build/assignment1': PYTHONPATH=/home/yunus/ros2_ws/build/assignment1/prefix_override:/home/yunus/ros2_ws/install/assignment1/lib/python3.8/site-packages:${PYTHONPATH} /usr/bin/python3 setup.py develop --editable --build-directory /home/yunus/ros2_ws/build/assignment1/build --no-deps install_data
[1.397s] DEBUG:colcon.colcon_core.task.python.build:While undoing a previous installation files outside the Python library path are being ignored: /home/yunus/ros2_ws/install/a2/share/ament_index/resource_index/packages/a2
[1.397s] DEBUG:colcon.colcon_core.task.python.build:While undoing a previous installation files outside the Python library path are being ignored: /home/yunus/ros2_ws/install/a2/share/a2/package.xml
[1.397s] DEBUG:colcon.colcon_core.task.python.build:While undoing a previous installation files outside the Python library path are being ignored: /home/yunus/ros2_ws/install/a2/lib/a2/a2_referee
[1.397s] DEBUG:colcon.colcon_core.task.python.build:While undoing a previous installation files outside the Python library path are being ignored: /home/yunus/ros2_ws/install/a2/lib/a2/waypoint_follower
[1.401s] DEBUG:colcon.colcon_core.event_handler.log_command:Invoking command in '/home/yunus/ros2_ws/build/a2': PYTHONPATH=/home/yunus/ros2_ws/build/a2/prefix_override:/home/yunus/ros2_ws/install/a2/lib/python3.8/site-packages:${PYTHONPATH} /usr/bin/python3 setup.py develop --editable --build-directory /home/yunus/ros2_ws/build/a2/build --no-deps install_data
[1.621s] DEBUG:colcon.colcon_core.event_handler.log_command:Invoked command in '/home/yunus/ros2_ws/build/custom_messages_pkg' returned '0': CMAKE_PREFIX_PATH=${CMAKE_PREFIX_PATH}:/home/yunus/ros2_ws/install/assignment1:/home/yunus/ros2_ws/install/a2:/opt/ros/foxy /usr/bin/cmake /home/yunus/ros2_ws/src/custom_messages_pkg -DAMENT_CMAKE_SYMLINK_INSTALL=1 -DCMAKE_INSTALL_PREFIX=/home/yunus/ros2_ws/install/custom_messages_pkg
[1.625s] DEBUG:colcon.colcon_core.event_handler.log_command:Invoking command in '/home/yunus/ros2_ws/build/custom_messages_pkg': CMAKE_PREFIX_PATH=${CMAKE_PREFIX_PATH}:/home/yunus/ros2_ws/install/assignment1:/home/yunus/ros2_ws/install/a2:/opt/ros/foxy /usr/bin/cmake --build /home/yunus/ros2_ws/build/custom_messages_pkg -- -j8 -l8
[1.976s] Level 1:colcon.colcon_core.shell:create_environment_hook('assignment1', 'pythonpath_develop')
[1.980s] INFO:colcon.colcon_core.shell:Creating environment hook '/home/yunus/ros2_ws/build/assignment1/share/assignment1/hook/pythonpath_develop.ps1'
[1.981s] DEBUG:colcon.colcon_core.event_handler.log_command:Invoked command in '/home/yunus/ros2_ws/build/assignment1' returned '0': PYTHONPATH=/home/yunus/ros2_ws/build/assignment1/prefix_override:/home/yunus/ros2_ws/install/assignment1/lib/python3.8/site-packages:${PYTHONPATH} /usr/bin/python3 setup.py develop --editable --build-directory /home/yunus/ros2_ws/build/assignment1/build --no-deps install_data
[1.981s] INFO:colcon.colcon_core.shell:Creating environment descriptor '/home/yunus/ros2_ws/build/assignment1/share/assignment1/hook/pythonpath_develop.dsv'
[1.982s] INFO:colcon.colcon_core.shell:Creating environment hook '/home/yunus/ros2_ws/build/assignment1/share/assignment1/hook/pythonpath_develop.sh'
[1.989s] Level 1:colcon.colcon_core.environment:checking '/home/yunus/ros2_ws/install/assignment1' for CMake module files
[1.990s] Level 1:colcon.colcon_core.environment:checking '/home/yunus/ros2_ws/install/assignment1' for CMake config files
[1.991s] Level 1:colcon.colcon_core.environment:checking '/home/yunus/ros2_ws/install/assignment1/lib'
[1.992s] Level 1:colcon.colcon_core.environment:checking '/home/yunus/ros2_ws/install/assignment1/bin'
[1.992s] Level 1:colcon.colcon_core.environment:checking '/home/yunus/ros2_ws/install/assignment1/lib/pkgconfig/assignment1.pc'
[1.992s] Level 1:colcon.colcon_core.environment:checking '/home/yunus/ros2_ws/install/assignment1/lib/python3.8/site-packages'
[1.992s] Level 1:colcon.colcon_core.shell:create_environment_hook('assignment1', 'pythonpath')
[1.995s] INFO:colcon.colcon_core.shell:Creating environment hook '/home/yunus/ros2_ws/install/assignment1/share/assignment1/hook/pythonpath.ps1'
[1.996s] INFO:colcon.colcon_core.shell:Creating environment descriptor '/home/yunus/ros2_ws/install/assignment1/share/assignment1/hook/pythonpath.dsv'
[1.997s] INFO:colcon.colcon_core.shell:Creating environment hook '/home/yunus/ros2_ws/install/assignment1/share/assignment1/hook/pythonpath.sh'
[1.998s] Level 1:colcon.colcon_core.environment:checking '/home/yunus/ros2_ws/install/assignment1/bin'
[1.998s] Level 1:colcon.colcon_core.environment:create_environment_scripts_only(assignment1)
[2.001s] INFO:colcon.colcon_core.shell:Creating package script '/home/yunus/ros2_ws/install/assignment1/share/assignment1/package.ps1'
[2.002s] INFO:colcon.colcon_core.shell:Creating package descriptor '/home/yunus/ros2_ws/install/assignment1/share/assignment1/package.dsv'
[2.003s] INFO:colcon.colcon_core.shell:Creating package script '/home/yunus/ros2_ws/install/assignment1/share/assignment1/package.sh'
[2.004s] INFO:colcon.colcon_core.shell:Creating package script '/home/yunus/ros2_ws/install/assignment1/share/assignment1/package.bash'
[2.006s] INFO:colcon.colcon_core.shell:Creating package script '/home/yunus/ros2_ws/install/assignment1/share/assignment1/package.zsh'
[2.007s] Level 1:colcon.colcon_core.environment:create_file_with_runtime_dependencies(/home/yunus/ros2_ws/install/assignment1/share/colcon-core/packages/assignment1)
[2.027s] Level 1:colcon.colcon_core.shell:create_environment_hook('a2', 'pythonpath_develop')
[2.030s] INFO:colcon.colcon_core.shell:Creating environment hook '/home/yunus/ros2_ws/build/a2/share/a2/hook/pythonpath_develop.ps1'
[2.030s] DEBUG:colcon.colcon_core.event_handler.log_command:Invoked command in '/home/yunus/ros2_ws/build/a2' returned '0': PYTHONPATH=/home/yunus/ros2_ws/build/a2/prefix_override:/home/yunus/ros2_ws/install/a2/lib/python3.8/site-packages:${PYTHONPATH} /usr/bin/python3 setup.py develop --editable --build-directory /home/yunus/ros2_ws/build/a2/build --no-deps install_data
[2.031s] INFO:colcon.colcon_core.shell:Creating environment descriptor '/home/yunus/ros2_ws/build/a2/share/a2/hook/pythonpath_develop.dsv'
[2.031s] INFO:colcon.colcon_core.shell:Creating environment hook '/home/yunus/ros2_ws/build/a2/share/a2/hook/pythonpath_develop.sh'
[2.036s] Level 1:colcon.colcon_core.environment:checking '/home/yunus/ros2_ws/install/a2' for CMake module files
[2.037s] Level 1:colcon.colcon_core.environment:checking '/home/yunus/ros2_ws/install/a2' for CMake config files
[2.037s] Level 1:colcon.colcon_core.environment:checking '/home/yunus/ros2_ws/install/a2/lib'
[2.037s] Level 1:colcon.colcon_core.environment:checking '/home/yunus/ros2_ws/install/a2/bin'
[2.037s] Level 1:colcon.colcon_core.environment:checking '/home/yunus/ros2_ws/install/a2/lib/pkgconfig/a2.pc'
[2.038s] Level 1:colcon.colcon_core.environment:checking '/home/yunus/ros2_ws/install/a2/lib/python3.8/site-packages'
[2.038s] Level 1:colcon.colcon_core.shell:create_environment_hook('a2', 'pythonpath')
[2.041s] INFO:colcon.colcon_core.shell:Creating environment hook '/home/yunus/ros2_ws/install/a2/share/a2/hook/pythonpath.ps1'
[2.041s] INFO:colcon.colcon_core.shell:Creating environment descriptor '/home/yunus/ros2_ws/install/a2/share/a2/hook/pythonpath.dsv'
[2.042s] INFO:colcon.colcon_core.shell:Creating environment hook '/home/yunus/ros2_ws/install/a2/share/a2/hook/pythonpath.sh'
[2.042s] Level 1:colcon.colcon_core.environment:checking '/home/yunus/ros2_ws/install/a2/bin'
[2.042s] Level 1:colcon.colcon_core.environment:create_environment_scripts_only(a2)
[2.045s] INFO:colcon.colcon_core.shell:Creating package script '/home/yunus/ros2_ws/install/a2/share/a2/package.ps1'
[2.046s] INFO:colcon.colcon_core.shell:Creating package descriptor '/home/yunus/ros2_ws/install/a2/share/a2/package.dsv'
[2.046s] INFO:colcon.colcon_core.shell:Creating package script '/home/yunus/ros2_ws/install/a2/share/a2/package.sh'
[2.047s] INFO:colcon.colcon_core.shell:Creating package script '/home/yunus/ros2_ws/install/a2/share/a2/package.bash'
[2.047s] INFO:colcon.colcon_core.shell:Creating package script '/home/yunus/ros2_ws/install/a2/share/a2/package.zsh'
[2.047s] Level 1:colcon.colcon_core.environment:create_file_with_runtime_dependencies(/home/yunus/ros2_ws/install/a2/share/colcon-core/packages/a2)
[2.221s] DEBUG:colcon.colcon_core.event_handler.log_command:Invoked command in '/home/yunus/ros2_ws/build/custom_messages_pkg' returned '0': CMAKE_PREFIX_PATH=${CMAKE_PREFIX_PATH}:/home/yunus/ros2_ws/install/assignment1:/home/yunus/ros2_ws/install/a2:/opt/ros/foxy /usr/bin/cmake --build /home/yunus/ros2_ws/build/custom_messages_pkg -- -j8 -l8
[2.288s] DEBUG:colcon.colcon_core.event_handler.log_command:Invoking command in '/home/yunus/ros2_ws/build/custom_messages_pkg': CMAKE_PREFIX_PATH=${CMAKE_PREFIX_PATH}:/home/yunus/ros2_ws/install/assignment1:/home/yunus/ros2_ws/install/a2:/opt/ros/foxy /usr/bin/cmake --install /home/yunus/ros2_ws/build/custom_messages_pkg
[2.854s] Level 1:colcon.colcon_core.environment:create_environment_scripts_only(custom_messages_pkg)
[2.858s] Level 1:colcon.colcon_core.environment:checking '/home/yunus/ros2_ws/install/custom_messages_pkg' for CMake module files
[2.859s] DEBUG:colcon.colcon_core.event_handler.log_command:Invoked command in '/home/yunus/ros2_ws/build/custom_messages_pkg' returned '0': CMAKE_PREFIX_PATH=${CMAKE_PREFIX_PATH}:/home/yunus/ros2_ws/install/assignment1:/home/yunus/ros2_ws/install/a2:/opt/ros/foxy /usr/bin/cmake --install /home/yunus/ros2_ws/build/custom_messages_pkg
[2.859s] Level 1:colcon.colcon_core.environment:checking '/home/yunus/ros2_ws/install/custom_messages_pkg' for CMake config files
[2.859s] Level 1:colcon.colcon_core.shell:create_environment_hook('custom_messages_pkg', 'cmake_prefix_path')
[2.862s] INFO:colcon.colcon_core.shell:Creating environment hook '/home/yunus/ros2_ws/install/custom_messages_pkg/share/custom_messages_pkg/hook/cmake_prefix_path.ps1'
[2.863s] INFO:colcon.colcon_core.shell:Creating environment descriptor '/home/yunus/ros2_ws/install/custom_messages_pkg/share/custom_messages_pkg/hook/cmake_prefix_path.dsv'
[2.863s] INFO:colcon.colcon_core.shell:Creating environment hook '/home/yunus/ros2_ws/install/custom_messages_pkg/share/custom_messages_pkg/hook/cmake_prefix_path.sh'
[2.864s] Level 1:colcon.colcon_core.environment:checking '/home/yunus/ros2_ws/install/custom_messages_pkg/lib'
[2.864s] Level 1:colcon.colcon_core.shell:create_environment_hook('custom_messages_pkg', 'ld_library_path_lib')
[2.866s] INFO:colcon.colcon_core.shell:Creating environment hook '/home/yunus/ros2_ws/install/custom_messages_pkg/share/custom_messages_pkg/hook/ld_library_path_lib.ps1'
[2.867s] INFO:colcon.colcon_core.shell:Creating environment descriptor '/home/yunus/ros2_ws/install/custom_messages_pkg/share/custom_messages_pkg/hook/ld_library_path_lib.dsv'
[2.867s] INFO:colcon.colcon_core.shell:Creating environment hook '/home/yunus/ros2_ws/install/custom_messages_pkg/share/custom_messages_pkg/hook/ld_library_path_lib.sh'
[2.867s] Level 1:colcon.colcon_core.environment:checking '/home/yunus/ros2_ws/install/custom_messages_pkg/bin'
[2.867s] Level 1:colcon.colcon_core.environment:checking '/home/yunus/ros2_ws/install/custom_messages_pkg/lib/pkgconfig/custom_messages_pkg.pc'
[2.867s] Level 1:colcon.colcon_core.environment:checking '/home/yunus/ros2_ws/install/custom_messages_pkg/lib/python3.8/site-packages'
[2.867s] Level 1:colcon.colcon_core.shell:create_environment_hook('custom_messages_pkg', 'pythonpath')
[2.870s] INFO:colcon.colcon_core.shell:Creating environment hook '/home/yunus/ros2_ws/install/custom_messages_pkg/share/custom_messages_pkg/hook/pythonpath.ps1'
[2.870s] INFO:colcon.colcon_core.shell:Creating environment descriptor '/home/yunus/ros2_ws/install/custom_messages_pkg/share/custom_messages_pkg/hook/pythonpath.dsv'
[2.870s] INFO:colcon.colcon_core.shell:Creating environment hook '/home/yunus/ros2_ws/install/custom_messages_pkg/share/custom_messages_pkg/hook/pythonpath.sh'
[2.870s] Level 1:colcon.colcon_core.environment:checking '/home/yunus/ros2_ws/install/custom_messages_pkg/bin'
[2.873s] INFO:colcon.colcon_core.shell:Creating package script '/home/yunus/ros2_ws/install/custom_messages_pkg/share/custom_messages_pkg/package.ps1'
[2.873s] INFO:colcon.colcon_core.shell:Creating package descriptor '/home/yunus/ros2_ws/install/custom_messages_pkg/share/custom_messages_pkg/package.dsv'
[2.874s] INFO:colcon.colcon_core.shell:Creating package script '/home/yunus/ros2_ws/install/custom_messages_pkg/share/custom_messages_pkg/package.sh'
[2.874s] INFO:colcon.colcon_core.shell:Creating package script '/home/yunus/ros2_ws/install/custom_messages_pkg/share/custom_messages_pkg/package.bash'
[2.874s] INFO:colcon.colcon_core.shell:Creating package script '/home/yunus/ros2_ws/install/custom_messages_pkg/share/custom_messages_pkg/package.zsh'
[2.875s] Level 1:colcon.colcon_core.environment:create_file_with_runtime_dependencies(/home/yunus/ros2_ws/install/custom_messages_pkg/share/colcon-core/packages/custom_messages_pkg)
[2.929s] Level 1:colcon.colcon_core.environment:create_environment_scripts_only(custom_messages_pkg)
[2.933s] Level 1:colcon.colcon_core.environment:checking '/home/yunus/ros2_ws/install/custom_messages_pkg' for CMake module files
[2.933s] Level 1:colcon.colcon_core.environment:checking '/home/yunus/ros2_ws/install/custom_messages_pkg' for CMake config files
[2.933s] Level 1:colcon.colcon_core.shell:create_environment_hook('custom_messages_pkg', 'cmake_prefix_path')
[2.936s] INFO:colcon.colcon_core.shell:Creating environment hook '/home/yunus/ros2_ws/install/custom_messages_pkg/share/custom_messages_pkg/hook/cmake_prefix_path.ps1'
[2.936s] INFO:colcon.colcon_core.shell:Creating environment descriptor '/home/yunus/ros2_ws/install/custom_messages_pkg/share/custom_messages_pkg/hook/cmake_prefix_path.dsv'
[2.936s] INFO:colcon.colcon_core.shell:Creating environment hook '/home/yunus/ros2_ws/install/custom_messages_pkg/share/custom_messages_pkg/hook/cmake_prefix_path.sh'
[2.937s] Level 1:colcon.colcon_core.environment:checking '/home/yunus/ros2_ws/install/custom_messages_pkg/lib'
[2.937s] Level 1:colcon.colcon_core.shell:create_environment_hook('custom_messages_pkg', 'ld_library_path_lib')
[2.939s] INFO:colcon.colcon_core.shell:Creating environment hook '/home/yunus/ros2_ws/install/custom_messages_pkg/share/custom_messages_pkg/hook/ld_library_path_lib.ps1'
[2.940s] INFO:colcon.colcon_core.shell:Creating environment descriptor '/home/yunus/ros2_ws/install/custom_messages_pkg/share/custom_messages_pkg/hook/ld_library_path_lib.dsv'
[2.940s] INFO:colcon.colcon_core.shell:Creating environment hook '/home/yunus/ros2_ws/install/custom_messages_pkg/share/custom_messages_pkg/hook/ld_library_path_lib.sh'
[2.940s] Level 1:colcon.colcon_core.environment:checking '/home/yunus/ros2_ws/install/custom_messages_pkg/bin'
[2.940s] Level 1:colcon.colcon_core.environment:checking '/home/yunus/ros2_ws/install/custom_messages_pkg/lib/pkgconfig/custom_messages_pkg.pc'
[2.940s] Level 1:colcon.colcon_core.environment:checking '/home/yunus/ros2_ws/install/custom_messages_pkg/lib/python3.8/site-packages'
[2.940s] Level 1:colcon.colcon_core.shell:create_environment_hook('custom_messages_pkg', 'pythonpath')
[2.942s] INFO:colcon.colcon_core.shell:Creating environment hook '/home/yunus/ros2_ws/install/custom_messages_pkg/share/custom_messages_pkg/hook/pythonpath.ps1'
[2.943s] INFO:colcon.colcon_core.shell:Creating environment descriptor '/home/yunus/ros2_ws/install/custom_messages_pkg/share/custom_messages_pkg/hook/pythonpath.dsv'
[2.943s] INFO:colcon.colcon_core.shell:Creating environment hook '/home/yunus/ros2_ws/install/custom_messages_pkg/share/custom_messages_pkg/hook/pythonpath.sh'
[2.943s] Level 1:colcon.colcon_core.environment:checking '/home/yunus/ros2_ws/install/custom_messages_pkg/bin'
[2.946s] INFO:colcon.colcon_core.shell:Creating package script '/home/yunus/ros2_ws/install/custom_messages_pkg/share/custom_messages_pkg/package.ps1'
[2.946s] INFO:colcon.colcon_core.shell:Creating package descriptor '/home/yunus/ros2_ws/install/custom_messages_pkg/share/custom_messages_pkg/package.dsv'
[2.947s] INFO:colcon.colcon_core.shell:Creating package script '/home/yunus/ros2_ws/install/custom_messages_pkg/share/custom_messages_pkg/package.sh'
[2.947s] INFO:colcon.colcon_core.shell:Creating package script '/home/yunus/ros2_ws/install/custom_messages_pkg/share/custom_messages_pkg/package.bash'
[2.948s] INFO:colcon.colcon_core.shell:Creating package script '/home/yunus/ros2_ws/install/custom_messages_pkg/share/custom_messages_pkg/package.zsh'
[2.948s] Level 1:colcon.colcon_core.environment:create_file_with_runtime_dependencies(/home/yunus/ros2_ws/install/custom_messages_pkg/share/colcon-core/packages/custom_messages_pkg)
[2.949s] INFO:colcon.colcon_ros.task.ament_python.build:Building ROS package in '/home/yunus/ros2_ws/src/robotic_project' with build type 'ament_python'
[2.949s] Level 1:colcon.colcon_core.shell:create_environment_hook('robotic_project', 'ament_prefix_path')
[2.951s] INFO:colcon.colcon_core.shell:Creating environment hook '/home/yunus/ros2_ws/install/robotic_project/share/robotic_project/hook/ament_prefix_path.ps1'
[2.952s] INFO:colcon.colcon_core.shell:Creating environment descriptor '/home/yunus/ros2_ws/install/robotic_project/share/robotic_project/hook/ament_prefix_path.dsv'
[2.952s] INFO:colcon.colcon_core.shell:Creating environment hook '/home/yunus/ros2_ws/install/robotic_project/share/robotic_project/hook/ament_prefix_path.sh'
[2.955s] INFO:colcon.colcon_core.shell:Skip shell extension 'powershell' for command environment: Not usable outside of PowerShell
[2.955s] DEBUG:colcon.colcon_core.shell:Skip shell extension 'dsv' for command environment
[3.198s] INFO:colcon.colcon_core.task.python.build:Building Python package in '/home/yunus/ros2_ws/src/robotic_project'
[3.200s] INFO:colcon.colcon_core.shell:Skip shell extension 'powershell' for command environment: Not usable outside of PowerShell
[3.200s] DEBUG:colcon.colcon_core.shell:Skip shell extension 'dsv' for command environment
[3.605s] DEBUG:colcon.colcon_core.task.python.build:While undoing a previous installation files outside the Python library path are being ignored: /home/yunus/ros2_ws/install/robotic_project/share/ament_index/resource_index/packages/robotic_project
[3.605s] DEBUG:colcon.colcon_core.task.python.build:While undoing a previous installation files outside the Python library path are being ignored: /home/yunus/ros2_ws/install/robotic_project/share/robotic_project/package.xml
[3.605s] DEBUG:colcon.colcon_core.task.python.build:While undoing a previous installation files outside the Python library path are being ignored: /home/yunus/ros2_ws/install/robotic_project/lib/robotic_project/kudur
[3.619s] DEBUG:colcon.colcon_core.event_handler.log_command:Invoking command in '/home/yunus/ros2_ws/build/robotic_project': CMAKE_PREFIX_PATH=/home/yunus/ros2_ws/install/custom_messages_pkg:/home/yunus/ros2_ws/install/robotic_project PYTHONPATH=/home/yunus/ros2_ws/build/robotic_project/prefix_override:/home/yunus/ros2_ws/install/robotic_project/lib/python3.8/site-packages:/home/yunus/ros2_ws/install/custom_messages_pkg/lib/python3.8/site-packages:/home/yunus/ros2_ws/install/robotic_project/lib/python3.8/site-packages:/home/yunus/ros2_ws/install/assignment1/lib/python3.8/site-packages:/home/yunus/ros2_ws/install/a2/lib/python3.8/site-packages:/opt/ros/foxy/lib/python3.8/site-packages /usr/bin/python3 setup.py develop --editable --build-directory /home/yunus/ros2_ws/build/robotic_project/build --no-deps install_data
[4.085s] Level 1:colcon.colcon_core.shell:create_environment_hook('robotic_project', 'pythonpath_develop')
[4.087s] INFO:colcon.colcon_core.shell:Creating environment hook '/home/yunus/ros2_ws/build/robotic_project/share/robotic_project/hook/pythonpath_develop.ps1'
[4.088s] DEBUG:colcon.colcon_core.event_handler.log_command:Invoked command in '/home/yunus/ros2_ws/build/robotic_project' returned '0': CMAKE_PREFIX_PATH=/home/yunus/ros2_ws/install/custom_messages_pkg:/home/yunus/ros2_ws/install/robotic_project PYTHONPATH=/home/yunus/ros2_ws/build/robotic_project/prefix_override:/home/yunus/ros2_ws/install/robotic_project/lib/python3.8/site-packages:/home/yunus/ros2_ws/install/custom_messages_pkg/lib/python3.8/site-packages:/home/yunus/ros2_ws/install/robotic_project/lib/python3.8/site-packages:/home/yunus/ros2_ws/install/assignment1/lib/python3.8/site-packages:/home/yunus/ros2_ws/install/a2/lib/python3.8/site-packages:/opt/ros/foxy/lib/python3.8/site-packages /usr/bin/python3 setup.py develop --editable --build-directory /home/yunus/ros2_ws/build/robotic_project/build --no-deps install_data
[4.088s] INFO:colcon.colcon_core.shell:Creating environment descriptor '/home/yunus/ros2_ws/build/robotic_project/share/robotic_project/hook/pythonpath_develop.dsv'
[4.088s] INFO:colcon.colcon_core.shell:Creating environment hook '/home/yunus/ros2_ws/build/robotic_project/share/robotic_project/hook/pythonpath_develop.sh'
[4.092s] Level 1:colcon.colcon_core.environment:checking '/home/yunus/ros2_ws/install/robotic_project' for CMake module files
[4.092s] Level 1:colcon.colcon_core.environment:checking '/home/yunus/ros2_ws/install/robotic_project' for CMake config files
[4.092s] Level 1:colcon.colcon_core.shell:create_environment_hook('robotic_project', 'cmake_prefix_path')
[4.095s] INFO:colcon.colcon_core.shell:Creating environment hook '/home/yunus/ros2_ws/install/robotic_project/share/robotic_project/hook/cmake_prefix_path.ps1'
[4.095s] INFO:colcon.colcon_core.shell:Creating environment descriptor '/home/yunus/ros2_ws/install/robotic_project/share/robotic_project/hook/cmake_prefix_path.dsv'
[4.095s] INFO:colcon.colcon_core.shell:Creating environment hook '/home/yunus/ros2_ws/install/robotic_project/share/robotic_project/hook/cmake_prefix_path.sh'
[4.096s] Level 1:colcon.colcon_core.environment:checking '/home/yunus/ros2_ws/install/robotic_project/lib'
[4.096s] Level 1:colcon.colcon_core.environment:checking '/home/yunus/ros2_ws/install/robotic_project/bin'
[4.096s] Level 1:colcon.colcon_core.environment:checking '/home/yunus/ros2_ws/install/robotic_project/lib/pkgconfig/robotic_project.pc'
[4.096s] Level 1:colcon.colcon_core.environment:checking '/home/yunus/ros2_ws/install/robotic_project/lib/python3.8/site-packages'
[4.096s] Level 1:colcon.colcon_core.shell:create_environment_hook('robotic_project', 'pythonpath')
[4.098s] INFO:colcon.colcon_core.shell:Creating environment hook '/home/yunus/ros2_ws/install/robotic_project/share/robotic_project/hook/pythonpath.ps1'
[4.098s] INFO:colcon.colcon_core.shell:Creating environment descriptor '/home/yunus/ros2_ws/install/robotic_project/share/robotic_project/hook/pythonpath.dsv'
[4.099s] INFO:colcon.colcon_core.shell:Creating environment hook '/home/yunus/ros2_ws/install/robotic_project/share/robotic_project/hook/pythonpath.sh'
[4.099s] Level 1:colcon.colcon_core.environment:checking '/home/yunus/ros2_ws/install/robotic_project/bin'
[4.099s] Level 1:colcon.colcon_core.environment:create_environment_scripts_only(robotic_project)
[4.101s] INFO:colcon.colcon_core.shell:Creating package script '/home/yunus/ros2_ws/install/robotic_project/share/robotic_project/package.ps1'
[4.102s] INFO:colcon.colcon_core.shell:Creating package descriptor '/home/yunus/ros2_ws/install/robotic_project/share/robotic_project/package.dsv'
[4.102s] INFO:colcon.colcon_core.shell:Creating package script '/home/yunus/ros2_ws/install/robotic_project/share/robotic_project/package.sh'
[4.102s] INFO:colcon.colcon_core.shell:Creating package script '/home/yunus/ros2_ws/install/robotic_project/share/robotic_project/package.bash'
[4.103s] INFO:colcon.colcon_core.shell:Creating package script '/home/yunus/ros2_ws/install/robotic_project/share/robotic_project/package.zsh'
[4.103s] Level 1:colcon.colcon_core.environment:create_file_with_runtime_dependencies(/home/yunus/ros2_ws/install/robotic_project/share/colcon-core/packages/robotic_project)
[4.103s] DEBUG:colcon.colcon_parallel_executor.executor.parallel:closing loop
[4.104s] DEBUG:colcon.colcon_parallel_executor.executor.parallel:loop closed
[4.104s] DEBUG:colcon.colcon_parallel_executor.executor.parallel:run_until_complete finished with '0'
[4.104s] DEBUG:colcon.colcon_core.event_reactor:joining thread
[4.111s] INFO:colcon.colcon_core.plugin_system:Skipping extension 'colcon_notification.desktop_notification.terminal_notifier': Not used on non-Darwin systems
[4.111s] INFO:colcon.colcon_core.plugin_system:Skipping extension 'colcon_notification.desktop_notification.win32': Not used on non-Windows systems
[4.111s] INFO:colcon.colcon_notification.desktop_notification:Sending desktop notification using 'notify2'
[4.124s] DEBUG:colcon.colcon_core.event_reactor:joined thread
[4.127s] INFO:colcon.colcon_core.shell:Creating prefix script '/home/yunus/ros2_ws/install/local_setup.ps1'
[4.128s] INFO:colcon.colcon_core.shell:Creating prefix util module '/home/yunus/ros2_ws/install/_local_setup_util_ps1.py'
[4.129s] INFO:colcon.colcon_core.shell:Creating prefix chain script '/home/yunus/ros2_ws/install/setup.ps1'
[4.131s] INFO:colcon.colcon_core.shell:Creating prefix script '/home/yunus/ros2_ws/install/local_setup.sh'
[4.132s] INFO:colcon.colcon_core.shell:Creating prefix util module '/home/yunus/ros2_ws/install/_local_setup_util_sh.py'
[4.132s] INFO:colcon.colcon_core.shell:Creating prefix chain script '/home/yunus/ros2_ws/install/setup.sh'
[4.134s] INFO:colcon.colcon_core.shell:Creating prefix script '/home/yunus/ros2_ws/install/local_setup.bash'
[4.135s] INFO:colcon.colcon_core.shell:Creating prefix chain script '/home/yunus/ros2_ws/install/setup.bash'
[4.136s] INFO:colcon.colcon_core.shell:Creating prefix script '/home/yunus/ros2_ws/install/local_setup.zsh'
[4.137s] INFO:colcon.colcon_core.shell:Creating prefix chain script '/home/yunus/ros2_ws/install/setup.zsh'
