[1.134s] Invoking command in '/home/yunus/ros2_ws/build/a2': PYTHONPATH=/home/yunus/ros2_ws/build/a2/prefix_override:/home/yunus/ros2_ws/install/a2/lib/python3.8/site-packages:${PYTHONPATH} /usr/bin/python3 setup.py develop --uninstall --editable --build-directory /home/yunus/ros2_ws/build/a2/build
[1.387s] running develop
[1.567s] Invoked command in '/home/yunus/ros2_ws/build/a2' returned '0': PYTHONPATH=/home/yunus/ros2_ws/build/a2/prefix_override:/home/yunus/ros2_ws/install/a2/lib/python3.8/site-packages:${PYTHONPATH} /usr/bin/python3 setup.py develop --uninstall --editable --build-directory /home/yunus/ros2_ws/build/a2/build
[1.569s] Invoking command in '/home/yunus/ros2_ws/src/a2': PYTHONPATH=/home/yunus/ros2_ws/build/a2/prefix_override:/home/yunus/ros2_ws/install/a2/lib/python3.8/site-packages:${PYTHONPATH} /usr/bin/python3 setup.py egg_info --egg-base ../../build/a2 build --build-base /home/yunus/ros2_ws/build/a2/build install --record /home/yunus/ros2_ws/build/a2/install.log --install-scripts $base/lib/a2 --single-version-externally-managed
[1.797s] running egg_info
[1.797s] writing ../../build/a2/a2.egg-info/PKG-INFO
[1.797s] writing dependency_links to ../../build/a2/a2.egg-info/dependency_links.txt
[1.797s] writing entry points to ../../build/a2/a2.egg-info/entry_points.txt
[1.798s] writing requirements to ../../build/a2/a2.egg-info/requires.txt
[1.798s] writing top-level names to ../../build/a2/a2.egg-info/top_level.txt
[1.831s] reading manifest file '../../build/a2/a2.egg-info/SOURCES.txt'
[1.832s] writing manifest file '../../build/a2/a2.egg-info/SOURCES.txt'
[1.832s] running build
[1.832s] running build_py
[1.832s] running install
[1.833s] running install_lib
[1.834s] running install_data
[1.835s] running install_egg_info
[1.836s] removing '/home/yunus/ros2_ws/install/a2/lib/python3.8/site-packages/a2-0.0.0-py3.8.egg-info' (and everything under it)
[1.837s] Copying ../../build/a2/a2.egg-info to /home/yunus/ros2_ws/install/a2/lib/python3.8/site-packages/a2-0.0.0-py3.8.egg-info
[1.837s] running install_scripts
[1.854s] Installing a2_referee script to /home/yunus/ros2_ws/install/a2/lib/a2
[1.854s] Installing waypoint_follower script to /home/yunus/ros2_ws/install/a2/lib/a2
[1.854s] writing list of installed files to '/home/yunus/ros2_ws/build/a2/install.log'
[1.885s] Invoked command in '/home/yunus/ros2_ws/src/a2' returned '0': PYTHONPATH=/home/yunus/ros2_ws/build/a2/prefix_override:/home/yunus/ros2_ws/install/a2/lib/python3.8/site-packages:${PYTHONPATH} /usr/bin/python3 setup.py egg_info --egg-base ../../build/a2 build --build-base /home/yunus/ros2_ws/build/a2/build install --record /home/yunus/ros2_ws/build/a2/install.log --install-scripts $base/lib/a2 --single-version-externally-managed
