[1.218s] Invoking command in '/home/yunus/ros2_ws/build/a2': PYTHONPATH=/home/yunus/ros2_ws/build/a2/prefix_override:/home/yunus/ros2_ws/install/a2/lib/python3.8/site-packages:${PYTHONPATH} /usr/bin/python3 setup.py develop --uninstall --editable --build-directory /home/yunus/ros2_ws/build/a2/build
[1.473s] running develop
[1.661s] Invoked command in '/home/yunus/ros2_ws/build/a2' returned '0': PYTHONPATH=/home/yunus/ros2_ws/build/a2/prefix_override:/home/yunus/ros2_ws/install/a2/lib/python3.8/site-packages:${PYTHONPATH} /usr/bin/python3 setup.py develop --uninstall --editable --build-directory /home/yunus/ros2_ws/build/a2/build
[1.663s] Invoking command in '/home/yunus/ros2_ws/src/a2': PYTHONPATH=/home/yunus/ros2_ws/build/a2/prefix_override:/home/yunus/ros2_ws/install/a2/lib/python3.8/site-packages:${PYTHONPATH} /usr/bin/python3 setup.py egg_info --egg-base ../../build/a2 build --build-base /home/yunus/ros2_ws/build/a2/build install --record /home/yunus/ros2_ws/build/a2/install.log --install-scripts $base/lib/a2 --single-version-externally-managed
[1.886s] running egg_info
[1.886s] writing ../../build/a2/a2.egg-info/PKG-INFO
[1.886s] writing dependency_links to ../../build/a2/a2.egg-info/dependency_links.txt
[1.887s] writing entry points to ../../build/a2/a2.egg-info/entry_points.txt
[1.887s] writing requirements to ../../build/a2/a2.egg-info/requires.txt
[1.887s] writing top-level names to ../../build/a2/a2.egg-info/top_level.txt
[1.918s] reading manifest file '../../build/a2/a2.egg-info/SOURCES.txt'
[1.918s] writing manifest file '../../build/a2/a2.egg-info/SOURCES.txt'
[1.918s] running build
[1.918s] running build_py
[1.919s] running install
[1.920s] running install_lib
[1.921s] running install_data
[1.921s] running install_egg_info
[1.923s] removing '/home/yunus/ros2_ws/install/a2/lib/python3.8/site-packages/a2-0.0.0-py3.8.egg-info' (and everything under it)
[1.923s] Copying ../../build/a2/a2.egg-info to /home/yunus/ros2_ws/install/a2/lib/python3.8/site-packages/a2-0.0.0-py3.8.egg-info
[1.924s] running install_scripts
[1.941s] Installing a2_referee script to /home/yunus/ros2_ws/install/a2/lib/a2
[1.941s] Installing waypoint_follower script to /home/yunus/ros2_ws/install/a2/lib/a2
[1.942s] writing list of installed files to '/home/yunus/ros2_ws/build/a2/install.log'
[1.971s] Invoked command in '/home/yunus/ros2_ws/src/a2' returned '0': PYTHONPATH=/home/yunus/ros2_ws/build/a2/prefix_override:/home/yunus/ros2_ws/install/a2/lib/python3.8/site-packages:${PYTHONPATH} /usr/bin/python3 setup.py egg_info --egg-base ../../build/a2 build --build-base /home/yunus/ros2_ws/build/a2/build install --record /home/yunus/ros2_ws/build/a2/install.log --install-scripts $base/lib/a2 --single-version-externally-managed
