[0.973s] Invoking command in '/home/yunus/ros2_ws/build/a2': PYTHONPATH=/home/yunus/ros2_ws/build/a2/prefix_override:/home/yunus/ros2_ws/install/a2/lib/python3.8/site-packages:${PYTHONPATH} /usr/bin/python3 setup.py develop --uninstall --editable --build-directory /home/yunus/ros2_ws/build/a2/build
[1.235s] running develop
[1.426s] Invoked command in '/home/yunus/ros2_ws/build/a2' returned '0': PYTHONPATH=/home/yunus/ros2_ws/build/a2/prefix_override:/home/yunus/ros2_ws/install/a2/lib/python3.8/site-packages:${PYTHONPATH} /usr/bin/python3 setup.py develop --uninstall --editable --build-directory /home/yunus/ros2_ws/build/a2/build
[1.430s] Invoking command in '/home/yunus/ros2_ws/src/a2': PYTHONPATH=/home/yunus/ros2_ws/build/a2/prefix_override:/home/yunus/ros2_ws/install/a2/lib/python3.8/site-packages:${PYTHONPATH} /usr/bin/python3 setup.py egg_info --egg-base ../../build/a2 build --build-base /home/yunus/ros2_ws/build/a2/build install --record /home/yunus/ros2_ws/build/a2/install.log --install-scripts $base/lib/a2 --single-version-externally-managed
[1.682s] running egg_info
[1.682s] writing ../../build/a2/a2.egg-info/PKG-INFO
[1.682s] writing dependency_links to ../../build/a2/a2.egg-info/dependency_links.txt
[1.683s] writing entry points to ../../build/a2/a2.egg-info/entry_points.txt
[1.683s] writing requirements to ../../build/a2/a2.egg-info/requires.txt
[1.683s] writing top-level names to ../../build/a2/a2.egg-info/top_level.txt
[1.717s] reading manifest file '../../build/a2/a2.egg-info/SOURCES.txt'
[1.718s] writing manifest file '../../build/a2/a2.egg-info/SOURCES.txt'
[1.718s] running build
[1.718s] running build_py
[1.719s] running install
[1.720s] running install_lib
[1.721s] running install_data
[1.722s] running install_egg_info
[1.725s] removing '/home/yunus/ros2_ws/install/a2/lib/python3.8/site-packages/a2-0.0.0-py3.8.egg-info' (and everything under it)
[1.725s] Copying ../../build/a2/a2.egg-info to /home/yunus/ros2_ws/install/a2/lib/python3.8/site-packages/a2-0.0.0-py3.8.egg-info
[1.726s] running install_scripts
[1.745s] Installing a2_referee script to /home/yunus/ros2_ws/install/a2/lib/a2
[1.745s] Installing waypoint_follower script to /home/yunus/ros2_ws/install/a2/lib/a2
[1.745s] writing list of installed files to '/home/yunus/ros2_ws/build/a2/install.log'
[1.784s] Invoked command in '/home/yunus/ros2_ws/src/a2' returned '0': PYTHONPATH=/home/yunus/ros2_ws/build/a2/prefix_override:/home/yunus/ros2_ws/install/a2/lib/python3.8/site-packages:${PYTHONPATH} /usr/bin/python3 setup.py egg_info --egg-base ../../build/a2 build --build-base /home/yunus/ros2_ws/build/a2/build install --record /home/yunus/ros2_ws/build/a2/install.log --install-scripts $base/lib/a2 --single-version-externally-managed
