[0.622s] Invoking command in '/home/yunus/ros2_ws/src/robotic_project': PYTHONPATH=/home/yunus/ros2_ws/build/robotic_project/prefix_override:/home/yunus/ros2_ws/install/robotic_project/lib/python3.8/site-packages:${PYTHONPATH} /usr/bin/python3 setup.py egg_info --egg-base ../../build/robotic_project build --build-base /home/yunus/ros2_ws/build/robotic_project/build install --record /home/yunus/ros2_ws/build/robotic_project/install.log --install-scripts $base/lib/robotic_project --single-version-externally-managed
[0.830s] running egg_info
[0.831s] writing ../../build/robotic_project/robotic_project.egg-info/PKG-INFO
[0.831s] writing dependency_links to ../../build/robotic_project/robotic_project.egg-info/dependency_links.txt
[0.831s] writing entry points to ../../build/robotic_project/robotic_project.egg-info/entry_points.txt
[0.832s] writing requirements to ../../build/robotic_project/robotic_project.egg-info/requires.txt
[0.832s] writing top-level names to ../../build/robotic_project/robotic_project.egg-info/top_level.txt
[0.861s] reading manifest file '../../build/robotic_project/robotic_project.egg-info/SOURCES.txt'
[0.862s] writing manifest file '../../build/robotic_project/robotic_project.egg-info/SOURCES.txt'
[0.862s] running build
[0.863s] running build_py
[0.863s] running install
[0.863s] running install_lib
[0.865s] running install_data
[0.865s] running install_egg_info
[0.867s] removing '/home/yunus/ros2_ws/install/robotic_project/lib/python3.8/site-packages/robotic_project-0.0.0-py3.8.egg-info' (and everything under it)
[0.867s] Copying ../../build/robotic_project/robotic_project.egg-info to /home/yunus/ros2_ws/install/robotic_project/lib/python3.8/site-packages/robotic_project-0.0.0-py3.8.egg-info
[0.868s] running install_scripts
[0.882s] Installing listener script to /home/yunus/ros2_ws/install/robotic_project/lib/robotic_project
[0.883s] Installing talker script to /home/yunus/ros2_ws/install/robotic_project/lib/robotic_project
[0.883s] writing list of installed files to '/home/yunus/ros2_ws/build/robotic_project/install.log'
[0.901s] Invoked command in '/home/yunus/ros2_ws/src/robotic_project' returned '0': PYTHONPATH=/home/yunus/ros2_ws/build/robotic_project/prefix_override:/home/yunus/ros2_ws/install/robotic_project/lib/python3.8/site-packages:${PYTHONPATH} /usr/bin/python3 setup.py egg_info --egg-base ../../build/robotic_project build --build-base /home/yunus/ros2_ws/build/robotic_project/build install --record /home/yunus/ros2_ws/build/robotic_project/install.log --install-scripts $base/lib/robotic_project --single-version-externally-managed
