[1.319s] Invoking command in '/home/yunus/ros2_ws/build/a2': PYTHONPATH=/home/yunus/ros2_ws/build/a2/prefix_override:/home/yunus/ros2_ws/install/a2/lib/python3.8/site-packages:${PYTHONPATH} /usr/bin/python3 setup.py develop --uninstall --editable --build-directory /home/yunus/ros2_ws/build/a2/build
[1.584s] running develop
[1.772s] Removing /home/yunus/ros2_ws/install/a2/lib/python3.8/site-packages/a2.egg-link (link to .)
[1.807s] Invoked command in '/home/yunus/ros2_ws/build/a2' returned '0': PYTHONPATH=/home/yunus/ros2_ws/build/a2/prefix_override:/home/yunus/ros2_ws/install/a2/lib/python3.8/site-packages:${PYTHONPATH} /usr/bin/python3 setup.py develop --uninstall --editable --build-directory /home/yunus/ros2_ws/build/a2/build
[1.810s] Invoking command in '/home/yunus/ros2_ws/src/a2': PYTHONPATH=/home/yunus/ros2_ws/build/a2/prefix_override:/home/yunus/ros2_ws/install/a2/lib/python3.8/site-packages:${PYTHONPATH} /usr/bin/python3 setup.py egg_info --egg-base ../../build/a2 build --build-base /home/yunus/ros2_ws/build/a2/build install --record /home/yunus/ros2_ws/build/a2/install.log --install-scripts $base/lib/a2 --single-version-externally-managed
[2.057s] running egg_info
[2.058s] writing ../../build/a2/a2.egg-info/PKG-INFO
[2.058s] writing dependency_links to ../../build/a2/a2.egg-info/dependency_links.txt
[2.059s] writing entry points to ../../build/a2/a2.egg-info/entry_points.txt
[2.059s] writing requirements to ../../build/a2/a2.egg-info/requires.txt
[2.059s] writing top-level names to ../../build/a2/a2.egg-info/top_level.txt
[2.092s] reading manifest file '../../build/a2/a2.egg-info/SOURCES.txt'
[2.093s] writing manifest file '../../build/a2/a2.egg-info/SOURCES.txt'
[2.093s] running build
[2.093s] running build_py
[2.094s] running install
[2.094s] running install_lib
[2.095s] creating /home/yunus/ros2_ws/install/a2/lib/python3.8/site-packages/a2
[2.095s] copying /home/yunus/ros2_ws/build/a2/build/lib/a2/waypoint_follower.py -> /home/yunus/ros2_ws/install/a2/lib/python3.8/site-packages/a2
[2.095s] copying /home/yunus/ros2_ws/build/a2/build/lib/a2/a2_referee.py -> /home/yunus/ros2_ws/install/a2/lib/python3.8/site-packages/a2
[2.096s] copying /home/yunus/ros2_ws/build/a2/build/lib/a2/__init__.py -> /home/yunus/ros2_ws/install/a2/lib/python3.8/site-packages/a2
[2.096s] byte-compiling /home/yunus/ros2_ws/install/a2/lib/python3.8/site-packages/a2/waypoint_follower.py to waypoint_follower.cpython-38.pyc
[2.100s] byte-compiling /home/yunus/ros2_ws/install/a2/lib/python3.8/site-packages/a2/a2_referee.py to a2_referee.cpython-38.pyc
[2.102s] byte-compiling /home/yunus/ros2_ws/install/a2/lib/python3.8/site-packages/a2/__init__.py to __init__.cpython-38.pyc
[2.102s] running install_data
[2.103s] running install_egg_info
[2.104s] Copying ../../build/a2/a2.egg-info to /home/yunus/ros2_ws/install/a2/lib/python3.8/site-packages/a2-0.0.0-py3.8.egg-info
[2.105s] running install_scripts
[2.119s] Installing a2_referee script to /home/yunus/ros2_ws/install/a2/lib/a2
[2.119s] Installing waypoint_follower script to /home/yunus/ros2_ws/install/a2/lib/a2
[2.120s] writing list of installed files to '/home/yunus/ros2_ws/build/a2/install.log'
[2.162s] Invoked command in '/home/yunus/ros2_ws/src/a2' returned '0': PYTHONPATH=/home/yunus/ros2_ws/build/a2/prefix_override:/home/yunus/ros2_ws/install/a2/lib/python3.8/site-packages:${PYTHONPATH} /usr/bin/python3 setup.py egg_info --egg-base ../../build/a2 build --build-base /home/yunus/ros2_ws/build/a2/build install --record /home/yunus/ros2_ws/build/a2/install.log --install-scripts $base/lib/a2 --single-version-externally-managed
