[0.545s] DEBUG:colcon:Command line arguments: ['/usr/bin/colcon', 'build', '--symlink-install']
[0.545s] DEBUG:colcon:Parsed command line arguments: Namespace(allow_overriding=[], ament_cmake_args=None, base_paths=['.'], build_base='build', catkin_cmake_args=None, catkin_skip_building_tests=False, cmake_args=None, cmake_clean_cache=False, cmake_clean_first=False, cmake_force_configure=False, cmake_target=None, cmake_target_skip_unavailable=False, continue_on_error=False, event_handlers=None, executor='parallel', ignore_user_meta=False, install_base='install', log_base=None, log_level=None, main=<bound method BuildVerb.main of <colcon_core.verb.build.BuildVerb object at 0x7f697729f670>>, merge_install=False, metas=['./colcon.meta'], packages_above=None, packages_above_and_dependencies=None, packages_above_depth=None, packages_end=None, packages_ignore=None, packages_ignore_regex=None, packages_select=None, packages_select_build_failed=False, packages_select_by_dep=None, packages_select_regex=None, packages_select_test_failures=False, packages_skip=None, packages_skip_build_finished=False, packages_skip_by_dep=None, packages_skip_regex=None, packages_skip_test_passed=False, packages_skip_up_to=None, packages_start=None, packages_up_to=None, packages_up_to_regex=None, parallel_workers=8, paths=None, symlink_install=True, test_result_base=None, verb_extension=<colcon_core.verb.build.BuildVerb object at 0x7f697729f670>, verb_name='build', verb_parser=<colcon_defaults.argument_parser.defaults.DefaultArgumentsDecorator object at 0x7f697729fbb0>)
[0.675s] Level 1:colcon.colcon_core.package_discovery:discover_packages(colcon_meta) check parameters
[0.675s] Level 1:colcon.colcon_core.package_discovery:discover_packages(recursive) check parameters
[0.675s] Level 1:colcon.colcon_core.package_discovery:discover_packages(ignore) check parameters
[0.675s] Level 1:colcon.colcon_core.package_discovery:discover_packages(path) check parameters
[0.675s] Level 1:colcon.colcon_core.package_discovery:discover_packages(colcon_meta) discover
[0.675s] Level 1:colcon.colcon_core.package_discovery:discover_packages(recursive) discover
[0.675s] INFO:colcon.colcon_core.package_discovery:Crawling recursively for packages in '/home/yunus/ros2_ws'
[0.676s] Level 1:colcon.colcon_core.package_identification:_identify(.) by extensions ['ignore', 'ignore_ament_install']
[0.676s] Level 1:colcon.colcon_core.package_identification:_identify(.) by extension 'ignore'
[0.676s] Level 1:colcon.colcon_core.package_identification:_identify(.) by extension 'ignore_ament_install'
[0.676s] Level 1:colcon.colcon_core.package_identification:_identify(.) by extensions ['colcon_pkg']
[0.676s] Level 1:colcon.colcon_core.package_identification:_identify(.) by extension 'colcon_pkg'
[0.676s] Level 1:colcon.colcon_core.package_identification:_identify(.) by extensions ['colcon_meta']
[0.676s] Level 1:colcon.colcon_core.package_identification:_identify(.) by extension 'colcon_meta'
[0.676s] Level 1:colcon.colcon_core.package_identification:_identify(.) by extensions ['ros']
[0.676s] Level 1:colcon.colcon_core.package_identification:_identify(.) by extension 'ros'
[0.708s] Level 1:colcon.colcon_core.package_identification:_identify(.) by extensions ['cmake', 'python']
[0.708s] Level 1:colcon.colcon_core.package_identification:_identify(.) by extension 'cmake'
[0.708s] Level 1:colcon.colcon_core.package_identification:_identify(.) by extension 'python'
[0.708s] Level 1:colcon.colcon_core.package_identification:_identify(.) by extensions ['python_setup_py']
[0.708s] Level 1:colcon.colcon_core.package_identification:_identify(.) by extension 'python_setup_py'
[0.709s] Level 1:colcon.colcon_core.package_identification:_identify(build) by extensions ['ignore', 'ignore_ament_install']
[0.709s] Level 1:colcon.colcon_core.package_identification:_identify(build) by extension 'ignore'
[0.709s] Level 1:colcon.colcon_core.package_identification:_identify(build) ignored
[0.709s] Level 1:colcon.colcon_core.package_identification:_identify(install) by extensions ['ignore', 'ignore_ament_install']
[0.709s] Level 1:colcon.colcon_core.package_identification:_identify(install) by extension 'ignore'
[0.709s] Level 1:colcon.colcon_core.package_identification:_identify(install) ignored
[0.710s] Level 1:colcon.colcon_core.package_identification:_identify(log) by extensions ['ignore', 'ignore_ament_install']
[0.710s] Level 1:colcon.colcon_core.package_identification:_identify(log) by extension 'ignore'
[0.710s] Level 1:colcon.colcon_core.package_identification:_identify(log) ignored
[0.710s] Level 1:colcon.colcon_core.package_identification:_identify(src) by extensions ['ignore', 'ignore_ament_install']
[0.710s] Level 1:colcon.colcon_core.package_identification:_identify(src) by extension 'ignore'
[0.710s] Level 1:colcon.colcon_core.package_identification:_identify(src) by extension 'ignore_ament_install'
[0.710s] Level 1:colcon.colcon_core.package_identification:_identify(src) by extensions ['colcon_pkg']
[0.711s] Level 1:colcon.colcon_core.package_identification:_identify(src) by extension 'colcon_pkg'
[0.711s] Level 1:colcon.colcon_core.package_identification:_identify(src) by extensions ['colcon_meta']
[0.711s] Level 1:colcon.colcon_core.package_identification:_identify(src) by extension 'colcon_meta'
[0.711s] Level 1:colcon.colcon_core.package_identification:_identify(src) by extensions ['ros']
[0.711s] Level 1:colcon.colcon_core.package_identification:_identify(src) by extension 'ros'
[0.711s] Level 1:colcon.colcon_core.package_identification:_identify(src) by extensions ['cmake', 'python']
[0.711s] Level 1:colcon.colcon_core.package_identification:_identify(src) by extension 'cmake'
[0.711s] Level 1:colcon.colcon_core.package_identification:_identify(src) by extension 'python'
[0.712s] Level 1:colcon.colcon_core.package_identification:_identify(src) by extensions ['python_setup_py']
[0.712s] Level 1:colcon.colcon_core.package_identification:_identify(src) by extension 'python_setup_py'
[0.712s] Level 1:colcon.colcon_core.package_identification:_identify(src/a2) by extensions ['ignore', 'ignore_ament_install']
[0.712s] Level 1:colcon.colcon_core.package_identification:_identify(src/a2) by extension 'ignore'
[0.712s] Level 1:colcon.colcon_core.package_identification:_identify(src/a2) by extension 'ignore_ament_install'
[0.712s] Level 1:colcon.colcon_core.package_identification:_identify(src/a2) by extensions ['colcon_pkg']
[0.712s] Level 1:colcon.colcon_core.package_identification:_identify(src/a2) by extension 'colcon_pkg'
[0.712s] Level 1:colcon.colcon_core.package_identification:_identify(src/a2) by extensions ['colcon_meta']
[0.712s] Level 1:colcon.colcon_core.package_identification:_identify(src/a2) by extension 'colcon_meta'
[0.713s] Level 1:colcon.colcon_core.package_identification:_identify(src/a2) by extensions ['ros']
[0.713s] Level 1:colcon.colcon_core.package_identification:_identify(src/a2) by extension 'ros'
[0.723s] DEBUG:colcon.colcon_core.package_identification:Package 'src/a2' with type 'ros.ament_python' and name 'a2'
[0.723s] Level 1:colcon.colcon_core.package_identification:_identify(src/assignment1) by extensions ['ignore', 'ignore_ament_install']
[0.724s] Level 1:colcon.colcon_core.package_identification:_identify(src/assignment1) by extension 'ignore'
[0.724s] Level 1:colcon.colcon_core.package_identification:_identify(src/assignment1) by extension 'ignore_ament_install'
[0.724s] Level 1:colcon.colcon_core.package_identification:_identify(src/assignment1) by extensions ['colcon_pkg']
[0.724s] Level 1:colcon.colcon_core.package_identification:_identify(src/assignment1) by extension 'colcon_pkg'
[0.724s] Level 1:colcon.colcon_core.package_identification:_identify(src/assignment1) by extensions ['colcon_meta']
[0.724s] Level 1:colcon.colcon_core.package_identification:_identify(src/assignment1) by extension 'colcon_meta'
[0.724s] Level 1:colcon.colcon_core.package_identification:_identify(src/assignment1) by extensions ['ros']
[0.724s] Level 1:colcon.colcon_core.package_identification:_identify(src/assignment1) by extension 'ros'
[0.725s] DEBUG:colcon.colcon_core.package_identification:Package 'src/assignment1' with type 'ros.ament_python' and name 'assignment1'
[0.725s] Level 1:colcon.colcon_core.package_identification:_identify(src/custom_messages_pkg) by extensions ['ignore', 'ignore_ament_install']
[0.726s] Level 1:colcon.colcon_core.package_identification:_identify(src/custom_messages_pkg) by extension 'ignore'
[0.726s] Level 1:colcon.colcon_core.package_identification:_identify(src/custom_messages_pkg) by extension 'ignore_ament_install'
[0.726s] Level 1:colcon.colcon_core.package_identification:_identify(src/custom_messages_pkg) by extensions ['colcon_pkg']
[0.726s] Level 1:colcon.colcon_core.package_identification:_identify(src/custom_messages_pkg) by extension 'colcon_pkg'
[0.726s] Level 1:colcon.colcon_core.package_identification:_identify(src/custom_messages_pkg) by extensions ['colcon_meta']
[0.726s] Level 1:colcon.colcon_core.package_identification:_identify(src/custom_messages_pkg) by extension 'colcon_meta'
[0.726s] Level 1:colcon.colcon_core.package_identification:_identify(src/custom_messages_pkg) by extensions ['ros']
[0.726s] Level 1:colcon.colcon_core.package_identification:_identify(src/custom_messages_pkg) by extension 'ros'
[0.728s] DEBUG:colcon.colcon_core.package_identification:Package 'src/custom_messages_pkg' with type 'ros.ament_cmake' and name 'custom_messages_pkg'
[0.728s] Level 1:colcon.colcon_core.package_identification:_identify(src/robotic_project) by extensions ['ignore', 'ignore_ament_install']
[0.728s] Level 1:colcon.colcon_core.package_identification:_identify(src/robotic_project) by extension 'ignore'
[0.728s] Level 1:colcon.colcon_core.package_identification:_identify(src/robotic_project) by extension 'ignore_ament_install'
[0.729s] Level 1:colcon.colcon_core.package_identification:_identify(src/robotic_project) by extensions ['colcon_pkg']
[0.729s] Level 1:colcon.colcon_core.package_identification:_identify(src/robotic_project) by extension 'colcon_pkg'
[0.729s] Level 1:colcon.colcon_core.package_identification:_identify(src/robotic_project) by extensions ['colcon_meta']
[0.729s] Level 1:colcon.colcon_core.package_identification:_identify(src/robotic_project) by extension 'colcon_meta'
[0.729s] Level 1:colcon.colcon_core.package_identification:_identify(src/robotic_project) by extensions ['ros']
[0.729s] Level 1:colcon.colcon_core.package_identification:_identify(src/robotic_project) by extension 'ros'
[0.734s] DEBUG:colcon.colcon_core.package_identification:Package 'src/robotic_project' with type 'ros.ament_python' and name 'robotic_project'
[0.735s] Level 1:colcon.colcon_core.package_discovery:discover_packages(recursive) using defaults
[0.735s] Level 1:colcon.colcon_core.package_discovery:discover_packages(ignore) discover
[0.735s] Level 1:colcon.colcon_core.package_discovery:discover_packages(ignore) using defaults
[0.735s] Level 1:colcon.colcon_core.package_discovery:discover_packages(path) discover
[0.735s] Level 1:colcon.colcon_core.package_discovery:discover_packages(path) using defaults
[0.806s] Level 1:colcon.colcon_core.package_discovery:discover_packages(prefix_path) check parameters
[0.807s] Level 1:colcon.colcon_core.package_discovery:discover_packages(prefix_path) discover
[0.826s] DEBUG:colcon.colcon_installed_package_information.package_discovery:Found 4 installed packages in /home/yunus/ros2_ws/install
[0.835s] DEBUG:colcon.colcon_installed_package_information.package_discovery:Found 321 installed packages in /opt/ros/foxy
[0.839s] Level 1:colcon.colcon_core.package_discovery:discover_packages(prefix_path) using defaults
[1.169s] Level 5:colcon.colcon_core.verb:set package 'a2' build argument 'cmake_args' from command line to 'None'
[1.169s] Level 5:colcon.colcon_core.verb:set package 'a2' build argument 'cmake_target' from command line to 'None'
[1.170s] Level 5:colcon.colcon_core.verb:set package 'a2' build argument 'cmake_target_skip_unavailable' from command line to 'False'
[1.170s] Level 5:colcon.colcon_core.verb:set package 'a2' build argument 'cmake_clean_cache' from command line to 'False'
[1.170s] Level 5:colcon.colcon_core.verb:set package 'a2' build argument 'cmake_clean_first' from command line to 'False'
[1.170s] Level 5:colcon.colcon_core.verb:set package 'a2' build argument 'cmake_force_configure' from command line to 'False'
[1.170s] Level 5:colcon.colcon_core.verb:set package 'a2' build argument 'ament_cmake_args' from command line to 'None'
[1.170s] Level 5:colcon.colcon_core.verb:set package 'a2' build argument 'catkin_cmake_args' from command line to 'None'
[1.170s] Level 5:colcon.colcon_core.verb:set package 'a2' build argument 'catkin_skip_building_tests' from command line to 'False'
[1.170s] DEBUG:colcon.colcon_core.verb:Building package 'a2' with the following arguments: {'ament_cmake_args': None, 'build_base': '/home/yunus/ros2_ws/build/a2', 'catkin_cmake_args': None, 'catkin_skip_building_tests': False, 'cmake_args': None, 'cmake_clean_cache': False, 'cmake_clean_first': False, 'cmake_force_configure': False, 'cmake_target': None, 'cmake_target_skip_unavailable': False, 'install_base': '/home/yunus/ros2_ws/install/a2', 'merge_install': False, 'path': '/home/yunus/ros2_ws/src/a2', 'symlink_install': True, 'test_result_base': None}
[1.172s] Level 5:colcon.colcon_core.verb:set package 'assignment1' build argument 'cmake_args' from command line to 'None'
[1.172s] Level 5:colcon.colcon_core.verb:set package 'assignment1' build argument 'cmake_target' from command line to 'None'
[1.172s] Level 5:colcon.colcon_core.verb:set package 'assignment1' build argument 'cmake_target_skip_unavailable' from command line to 'False'
[1.172s] Level 5:colcon.colcon_core.verb:set package 'assignment1' build argument 'cmake_clean_cache' from command line to 'False'
[1.172s] Level 5:colcon.colcon_core.verb:set package 'assignment1' build argument 'cmake_clean_first' from command line to 'False'
[1.172s] Level 5:colcon.colcon_core.verb:set package 'assignment1' build argument 'cmake_force_configure' from command line to 'False'
[1.172s] Level 5:colcon.colcon_core.verb:set package 'assignment1' build argument 'ament_cmake_args' from command line to 'None'
[1.172s] Level 5:colcon.colcon_core.verb:set package 'assignment1' build argument 'catkin_cmake_args' from command line to 'None'
[1.173s] Level 5:colcon.colcon_core.verb:set package 'assignment1' build argument 'catkin_skip_building_tests' from command line to 'False'
[1.173s] DEBUG:colcon.colcon_core.verb:Building package 'assignment1' with the following arguments: {'ament_cmake_args': None, 'build_base': '/home/yunus/ros2_ws/build/assignment1', 'catkin_cmake_args': None, 'catkin_skip_building_tests': False, 'cmake_args': None, 'cmake_clean_cache': False, 'cmake_clean_first': False, 'cmake_force_configure': False, 'cmake_target': None, 'cmake_target_skip_unavailable': False, 'install_base': '/home/yunus/ros2_ws/install/assignment1', 'merge_install': False, 'path': '/home/yunus/ros2_ws/src/assignment1', 'symlink_install': True, 'test_result_base': None}
[1.175s] Level 5:colcon.colcon_core.verb:set package 'custom_messages_pkg' build argument 'cmake_args' from command line to 'None'
[1.175s] Level 5:colcon.colcon_core.verb:set package 'custom_messages_pkg' build argument 'cmake_target' from command line to 'None'
[1.175s] Level 5:colcon.colcon_core.verb:set package 'custom_messages_pkg' build argument 'cmake_target_skip_unavailable' from command line to 'False'
[1.175s] Level 5:colcon.colcon_core.verb:set package 'custom_messages_pkg' build argument 'cmake_clean_cache' from command line to 'False'
[1.175s] Level 5:colcon.colcon_core.verb:set package 'custom_messages_pkg' build argument 'cmake_clean_first' from command line to 'False'
[1.175s] Level 5:colcon.colcon_core.verb:set package 'custom_messages_pkg' build argument 'cmake_force_configure' from command line to 'False'
[1.175s] Level 5:colcon.colcon_core.verb:set package 'custom_messages_pkg' build argument 'ament_cmake_args' from command line to 'None'
[1.175s] Level 5:colcon.colcon_core.verb:set package 'custom_messages_pkg' build argument 'catkin_cmake_args' from command line to 'None'
[1.175s] Level 5:colcon.colcon_core.verb:set package 'custom_messages_pkg' build argument 'catkin_skip_building_tests' from command line to 'False'
[1.175s] DEBUG:colcon.colcon_core.verb:Building package 'custom_messages_pkg' with the following arguments: {'ament_cmake_args': None, 'build_base': '/home/yunus/ros2_ws/build/custom_messages_pkg', 'catkin_cmake_args': None, 'catkin_skip_building_tests': False, 'cmake_args': None, 'cmake_clean_cache': False, 'cmake_clean_first': False, 'cmake_force_configure': False, 'cmake_target': None, 'cmake_target_skip_unavailable': False, 'install_base': '/home/yunus/ros2_ws/install/custom_messages_pkg', 'merge_install': False, 'path': '/home/yunus/ros2_ws/src/custom_messages_pkg', 'symlink_install': True, 'test_result_base': None}
[1.178s] Level 5:colcon.colcon_core.verb:set package 'robotic_project' build argument 'cmake_args' from command line to 'None'
[1.178s] Level 5:colcon.colcon_core.verb:set package 'robotic_project' build argument 'cmake_target' from command line to 'None'
[1.178s] Level 5:colcon.colcon_core.verb:set package 'robotic_project' build argument 'cmake_target_skip_unavailable' from command line to 'False'
[1.178s] Level 5:colcon.colcon_core.verb:set package 'robotic_project' build argument 'cmake_clean_cache' from command line to 'False'
[1.178s] Level 5:colcon.colcon_core.verb:set package 'robotic_project' build argument 'cmake_clean_first' from command line to 'False'
[1.178s] Level 5:colcon.colcon_core.verb:set package 'robotic_project' build argument 'cmake_force_configure' from command line to 'False'
[1.178s] Level 5:colcon.colcon_core.verb:set package 'robotic_project' build argument 'ament_cmake_args' from command line to 'None'
[1.178s] Level 5:colcon.colcon_core.verb:set package 'robotic_project' build argument 'catkin_cmake_args' from command line to 'None'
[1.178s] Level 5:colcon.colcon_core.verb:set package 'robotic_project' build argument 'catkin_skip_building_tests' from command line to 'False'
[1.178s] DEBUG:colcon.colcon_core.verb:Building package 'robotic_project' with the following arguments: {'ament_cmake_args': None, 'build_base': '/home/yunus/ros2_ws/build/robotic_project', 'catkin_cmake_args': None, 'catkin_skip_building_tests': False, 'cmake_args': None, 'cmake_clean_cache': False, 'cmake_clean_first': False, 'cmake_force_configure': False, 'cmake_target': None, 'cmake_target_skip_unavailable': False, 'install_base': '/home/yunus/ros2_ws/install/robotic_project', 'merge_install': False, 'path': '/home/yunus/ros2_ws/src/robotic_project', 'symlink_install': True, 'test_result_base': None}
[1.185s] INFO:colcon.colcon_core.executor:Executing jobs using 'parallel' executor
[1.204s] DEBUG:colcon.colcon_parallel_executor.executor.parallel:run_until_complete
[1.204s] INFO:colcon.colcon_ros.task.ament_cmake.build:Building ROS package in '/home/yunus/ros2_ws/src/custom_messages_pkg' with build type 'ament_cmake'
[1.205s] INFO:colcon.colcon_cmake.task.cmake.build:Building CMake package in '/home/yunus/ros2_ws/src/custom_messages_pkg'
[1.221s] INFO:colcon.colcon_core.plugin_system:Skipping extension 'colcon_core.shell.bat': Not used on non-Windows systems
[1.221s] INFO:colcon.colcon_core.shell:Skip shell extension 'powershell' for command environment: Not usable outside of PowerShell
[1.221s] DEBUG:colcon.colcon_core.shell:Skip shell extension 'dsv' for command environment
[1.237s] INFO:colcon.colcon_ros.task.ament_python.build:Building ROS package in '/home/yunus/ros2_ws/src/a2' with build type 'ament_python'
[1.237s] Level 1:colcon.colcon_core.shell:create_environment_hook('a2', 'ament_prefix_path')
[1.243s] INFO:colcon.colcon_core.shell:Creating environment hook '/home/yunus/ros2_ws/install/a2/share/a2/hook/ament_prefix_path.ps1'
[1.245s] INFO:colcon.colcon_core.shell:Creating environment descriptor '/home/yunus/ros2_ws/install/a2/share/a2/hook/ament_prefix_path.dsv'
[1.247s] INFO:colcon.colcon_core.shell:Creating environment hook '/home/yunus/ros2_ws/install/a2/share/a2/hook/ament_prefix_path.sh'
[1.256s] INFO:colcon.colcon_core.shell:Skip shell extension 'powershell' for command environment: Not usable outside of PowerShell
[1.256s] DEBUG:colcon.colcon_core.shell:Skip shell extension 'dsv' for command environment
[1.272s] INFO:colcon.colcon_ros.task.ament_python.build:Building ROS package in '/home/yunus/ros2_ws/src/assignment1' with build type 'ament_python'
[1.273s] Level 1:colcon.colcon_core.shell:create_environment_hook('assignment1', 'ament_prefix_path')
[1.277s] INFO:colcon.colcon_core.shell:Creating environment hook '/home/yunus/ros2_ws/install/assignment1/share/assignment1/hook/ament_prefix_path.ps1'
[1.279s] INFO:colcon.colcon_core.shell:Creating environment descriptor '/home/yunus/ros2_ws/install/assignment1/share/assignment1/hook/ament_prefix_path.dsv'
[1.279s] INFO:colcon.colcon_core.shell:Creating environment hook '/home/yunus/ros2_ws/install/assignment1/share/assignment1/hook/ament_prefix_path.sh'
[1.284s] INFO:colcon.colcon_core.shell:Skip shell extension 'powershell' for command environment: Not usable outside of PowerShell
[1.285s] DEBUG:colcon.colcon_core.shell:Skip shell extension 'dsv' for command environment
[1.322s] DEBUG:colcon.colcon_core.event_handler.log_command:Invoking command in '/home/yunus/ros2_ws/build/custom_messages_pkg': CMAKE_PREFIX_PATH=${CMAKE_PREFIX_PATH}:/home/yunus/ros2_ws/install/assignment1:/home/yunus/ros2_ws/install/a2:/opt/ros/foxy /usr/bin/cmake --build /home/yunus/ros2_ws/build/custom_messages_pkg -- -j8 -l8
[2.030s] INFO:colcon.colcon_core.task.python.build:Building Python package in '/home/yunus/ros2_ws/src/a2'
[2.040s] INFO:colcon.colcon_core.shell:Skip shell extension 'powershell' for command environment: Not usable outside of PowerShell
[2.040s] DEBUG:colcon.colcon_core.shell:Skip shell extension 'dsv' for command environment
[2.823s] INFO:colcon.colcon_core.task.python.build:Building Python package in '/home/yunus/ros2_ws/src/assignment1'
[2.831s] INFO:colcon.colcon_core.shell:Skip shell extension 'powershell' for command environment: Not usable outside of PowerShell
[2.833s] DEBUG:colcon.colcon_core.shell:Skip shell extension 'dsv' for command environment
[4.526s] DEBUG:colcon.colcon_core.event_handler.log_command:Invoking command in '/home/yunus/ros2_ws/build/assignment1': PYTHONPATH=/home/yunus/ros2_ws/build/assignment1/prefix_override:/home/yunus/ros2_ws/install/assignment1/lib/python3.8/site-packages:${PYTHONPATH} /usr/bin/python3 setup.py develop --editable --build-directory /home/yunus/ros2_ws/build/assignment1/build --no-deps install_data
[4.543s] DEBUG:colcon.colcon_core.event_handler.log_command:Invoking command in '/home/yunus/ros2_ws/build/a2': PYTHONPATH=/home/yunus/ros2_ws/build/a2/prefix_override:/home/yunus/ros2_ws/install/a2/lib/python3.8/site-packages:${PYTHONPATH} /usr/bin/python3 setup.py develop --editable --build-directory /home/yunus/ros2_ws/build/a2/build --no-deps install_data
[6.403s] Level 1:colcon.colcon_core.shell:create_environment_hook('assignment1', 'pythonpath_develop')
[6.422s] INFO:colcon.colcon_core.shell:Creating environment hook '/home/yunus/ros2_ws/build/assignment1/share/assignment1/hook/pythonpath_develop.ps1'
[6.422s] DEBUG:colcon.colcon_core.event_handler.log_command:Invoked command in '/home/yunus/ros2_ws/build/assignment1' returned '0': PYTHONPATH=/home/yunus/ros2_ws/build/assignment1/prefix_override:/home/yunus/ros2_ws/install/assignment1/lib/python3.8/site-packages:${PYTHONPATH} /usr/bin/python3 setup.py develop --editable --build-directory /home/yunus/ros2_ws/build/assignment1/build --no-deps install_data
[6.424s] INFO:colcon.colcon_core.shell:Creating environment descriptor '/home/yunus/ros2_ws/build/assignment1/share/assignment1/hook/pythonpath_develop.dsv'
[6.426s] INFO:colcon.colcon_core.shell:Creating environment hook '/home/yunus/ros2_ws/build/assignment1/share/assignment1/hook/pythonpath_develop.sh'
[6.473s] Level 1:colcon.colcon_core.environment:checking '/home/yunus/ros2_ws/install/assignment1' for CMake module files
[6.475s] Level 1:colcon.colcon_core.environment:checking '/home/yunus/ros2_ws/install/assignment1' for CMake config files
[6.476s] Level 1:colcon.colcon_core.environment:checking '/home/yunus/ros2_ws/install/assignment1/lib'
[6.476s] Level 1:colcon.colcon_core.environment:checking '/home/yunus/ros2_ws/install/assignment1/bin'
[6.476s] Level 1:colcon.colcon_core.environment:checking '/home/yunus/ros2_ws/install/assignment1/lib/pkgconfig/assignment1.pc'
[6.477s] Level 1:colcon.colcon_core.environment:checking '/home/yunus/ros2_ws/install/assignment1/lib/python3.8/site-packages'
[6.477s] Level 1:colcon.colcon_core.shell:create_environment_hook('assignment1', 'pythonpath')
[6.495s] INFO:colcon.colcon_core.shell:Creating environment hook '/home/yunus/ros2_ws/install/assignment1/share/assignment1/hook/pythonpath.ps1'
[6.496s] INFO:colcon.colcon_core.shell:Creating environment descriptor '/home/yunus/ros2_ws/install/assignment1/share/assignment1/hook/pythonpath.dsv'
[6.498s] INFO:colcon.colcon_core.shell:Creating environment hook '/home/yunus/ros2_ws/install/assignment1/share/assignment1/hook/pythonpath.sh'
[6.504s] Level 1:colcon.colcon_core.environment:checking '/home/yunus/ros2_ws/install/assignment1/bin'
[6.505s] Level 1:colcon.colcon_core.environment:create_environment_scripts_only(assignment1)
[6.514s] INFO:colcon.colcon_core.shell:Creating package script '/home/yunus/ros2_ws/install/assignment1/share/assignment1/package.ps1'
[6.521s] INFO:colcon.colcon_core.shell:Creating package descriptor '/home/yunus/ros2_ws/install/assignment1/share/assignment1/package.dsv'
[6.523s] INFO:colcon.colcon_core.shell:Creating package script '/home/yunus/ros2_ws/install/assignment1/share/assignment1/package.sh'
[6.526s] INFO:colcon.colcon_core.shell:Creating package script '/home/yunus/ros2_ws/install/assignment1/share/assignment1/package.bash'
[6.528s] INFO:colcon.colcon_core.shell:Creating package script '/home/yunus/ros2_ws/install/assignment1/share/assignment1/package.zsh'
[6.533s] Level 1:colcon.colcon_core.environment:create_file_with_runtime_dependencies(/home/yunus/ros2_ws/install/assignment1/share/colcon-core/packages/assignment1)
[6.538s] Level 1:colcon.colcon_core.shell:create_environment_hook('a2', 'pythonpath_develop')
[6.553s] INFO:colcon.colcon_core.shell:Creating environment hook '/home/yunus/ros2_ws/build/a2/share/a2/hook/pythonpath_develop.ps1'
[6.555s] DEBUG:colcon.colcon_core.event_handler.log_command:Invoked command in '/home/yunus/ros2_ws/build/a2' returned '0': PYTHONPATH=/home/yunus/ros2_ws/build/a2/prefix_override:/home/yunus/ros2_ws/install/a2/lib/python3.8/site-packages:${PYTHONPATH} /usr/bin/python3 setup.py develop --editable --build-directory /home/yunus/ros2_ws/build/a2/build --no-deps install_data
[6.556s] INFO:colcon.colcon_core.shell:Creating environment descriptor '/home/yunus/ros2_ws/build/a2/share/a2/hook/pythonpath_develop.dsv'
[6.557s] INFO:colcon.colcon_core.shell:Creating environment hook '/home/yunus/ros2_ws/build/a2/share/a2/hook/pythonpath_develop.sh'
[6.576s] Level 1:colcon.colcon_core.environment:checking '/home/yunus/ros2_ws/install/a2' for CMake module files
[6.577s] Level 1:colcon.colcon_core.environment:checking '/home/yunus/ros2_ws/install/a2' for CMake config files
[6.578s] Level 1:colcon.colcon_core.environment:checking '/home/yunus/ros2_ws/install/a2/lib'
[6.578s] Level 1:colcon.colcon_core.environment:checking '/home/yunus/ros2_ws/install/a2/bin'
[6.578s] Level 1:colcon.colcon_core.environment:checking '/home/yunus/ros2_ws/install/a2/lib/pkgconfig/a2.pc'
[6.579s] Level 1:colcon.colcon_core.environment:checking '/home/yunus/ros2_ws/install/a2/lib/python3.8/site-packages'
[6.579s] Level 1:colcon.colcon_core.shell:create_environment_hook('a2', 'pythonpath')
[6.592s] INFO:colcon.colcon_core.shell:Creating environment hook '/home/yunus/ros2_ws/install/a2/share/a2/hook/pythonpath.ps1'
[6.593s] INFO:colcon.colcon_core.shell:Creating environment descriptor '/home/yunus/ros2_ws/install/a2/share/a2/hook/pythonpath.dsv'
[6.594s] INFO:colcon.colcon_core.shell:Creating environment hook '/home/yunus/ros2_ws/install/a2/share/a2/hook/pythonpath.sh'
[6.595s] Level 1:colcon.colcon_core.environment:checking '/home/yunus/ros2_ws/install/a2/bin'
[6.595s] Level 1:colcon.colcon_core.environment:create_environment_scripts_only(a2)
[6.609s] INFO:colcon.colcon_core.shell:Creating package script '/home/yunus/ros2_ws/install/a2/share/a2/package.ps1'
[6.611s] INFO:colcon.colcon_core.shell:Creating package descriptor '/home/yunus/ros2_ws/install/a2/share/a2/package.dsv'
[6.612s] INFO:colcon.colcon_core.shell:Creating package script '/home/yunus/ros2_ws/install/a2/share/a2/package.sh'
[6.614s] INFO:colcon.colcon_core.shell:Creating package script '/home/yunus/ros2_ws/install/a2/share/a2/package.bash'
[6.615s] INFO:colcon.colcon_core.shell:Creating package script '/home/yunus/ros2_ws/install/a2/share/a2/package.zsh'
[6.616s] Level 1:colcon.colcon_core.environment:create_file_with_runtime_dependencies(/home/yunus/ros2_ws/install/a2/share/colcon-core/packages/a2)
[23.136s] DEBUG:colcon.colcon_core.event_handler.log_command:Invoked command in '/home/yunus/ros2_ws/build/custom_messages_pkg' returned '0': CMAKE_PREFIX_PATH=${CMAKE_PREFIX_PATH}:/home/yunus/ros2_ws/install/assignment1:/home/yunus/ros2_ws/install/a2:/opt/ros/foxy /usr/bin/cmake --build /home/yunus/ros2_ws/build/custom_messages_pkg -- -j8 -l8
[23.443s] DEBUG:colcon.colcon_core.event_handler.log_command:Invoking command in '/home/yunus/ros2_ws/build/custom_messages_pkg': CMAKE_PREFIX_PATH=${CMAKE_PREFIX_PATH}:/home/yunus/ros2_ws/install/assignment1:/home/yunus/ros2_ws/install/a2:/opt/ros/foxy /usr/bin/cmake --install /home/yunus/ros2_ws/build/custom_messages_pkg
[23.754s] Level 1:colcon.colcon_core.environment:create_environment_scripts_only(custom_messages_pkg)
[23.763s] DEBUG:colcon.colcon_core.event_handler.log_command:Invoked command in '/home/yunus/ros2_ws/build/custom_messages_pkg' returned '0': CMAKE_PREFIX_PATH=${CMAKE_PREFIX_PATH}:/home/yunus/ros2_ws/install/assignment1:/home/yunus/ros2_ws/install/a2:/opt/ros/foxy /usr/bin/cmake --install /home/yunus/ros2_ws/build/custom_messages_pkg
[23.770s] Level 1:colcon.colcon_core.environment:checking '/home/yunus/ros2_ws/install/custom_messages_pkg' for CMake module files
[23.772s] Level 1:colcon.colcon_core.environment:checking '/home/yunus/ros2_ws/install/custom_messages_pkg' for CMake config files
[23.773s] Level 1:colcon.colcon_core.shell:create_environment_hook('custom_messages_pkg', 'cmake_prefix_path')
[23.783s] INFO:colcon.colcon_core.shell:Creating environment hook '/home/yunus/ros2_ws/install/custom_messages_pkg/share/custom_messages_pkg/hook/cmake_prefix_path.ps1'
[23.785s] INFO:colcon.colcon_core.shell:Creating environment descriptor '/home/yunus/ros2_ws/install/custom_messages_pkg/share/custom_messages_pkg/hook/cmake_prefix_path.dsv'
[23.786s] INFO:colcon.colcon_core.shell:Creating environment hook '/home/yunus/ros2_ws/install/custom_messages_pkg/share/custom_messages_pkg/hook/cmake_prefix_path.sh'
[23.787s] Level 1:colcon.colcon_core.environment:checking '/home/yunus/ros2_ws/install/custom_messages_pkg/lib'
[23.788s] Level 1:colcon.colcon_core.shell:create_environment_hook('custom_messages_pkg', 'ld_library_path_lib')
[23.797s] INFO:colcon.colcon_core.shell:Creating environment hook '/home/yunus/ros2_ws/install/custom_messages_pkg/share/custom_messages_pkg/hook/ld_library_path_lib.ps1'
[23.798s] INFO:colcon.colcon_core.shell:Creating environment descriptor '/home/yunus/ros2_ws/install/custom_messages_pkg/share/custom_messages_pkg/hook/ld_library_path_lib.dsv'
[23.799s] INFO:colcon.colcon_core.shell:Creating environment hook '/home/yunus/ros2_ws/install/custom_messages_pkg/share/custom_messages_pkg/hook/ld_library_path_lib.sh'
[23.800s] Level 1:colcon.colcon_core.environment:checking '/home/yunus/ros2_ws/install/custom_messages_pkg/bin'
[23.801s] Level 1:colcon.colcon_core.environment:checking '/home/yunus/ros2_ws/install/custom_messages_pkg/lib/pkgconfig/custom_messages_pkg.pc'
[23.801s] Level 1:colcon.colcon_core.environment:checking '/home/yunus/ros2_ws/install/custom_messages_pkg/lib/python3.8/site-packages'
[23.802s] Level 1:colcon.colcon_core.shell:create_environment_hook('custom_messages_pkg', 'pythonpath')
[23.811s] INFO:colcon.colcon_core.shell:Creating environment hook '/home/yunus/ros2_ws/install/custom_messages_pkg/share/custom_messages_pkg/hook/pythonpath.ps1'
[23.812s] INFO:colcon.colcon_core.shell:Creating environment descriptor '/home/yunus/ros2_ws/install/custom_messages_pkg/share/custom_messages_pkg/hook/pythonpath.dsv'
[23.813s] INFO:colcon.colcon_core.shell:Creating environment hook '/home/yunus/ros2_ws/install/custom_messages_pkg/share/custom_messages_pkg/hook/pythonpath.sh'
[23.815s] Level 1:colcon.colcon_core.environment:checking '/home/yunus/ros2_ws/install/custom_messages_pkg/bin'
[23.825s] INFO:colcon.colcon_core.shell:Creating package script '/home/yunus/ros2_ws/install/custom_messages_pkg/share/custom_messages_pkg/package.ps1'
[23.826s] INFO:colcon.colcon_core.shell:Creating package descriptor '/home/yunus/ros2_ws/install/custom_messages_pkg/share/custom_messages_pkg/package.dsv'
[23.827s] INFO:colcon.colcon_core.shell:Creating package script '/home/yunus/ros2_ws/install/custom_messages_pkg/share/custom_messages_pkg/package.sh'
[23.829s] INFO:colcon.colcon_core.shell:Creating package script '/home/yunus/ros2_ws/install/custom_messages_pkg/share/custom_messages_pkg/package.bash'
[23.830s] INFO:colcon.colcon_core.shell:Creating package script '/home/yunus/ros2_ws/install/custom_messages_pkg/share/custom_messages_pkg/package.zsh'
[23.830s] Level 1:colcon.colcon_core.environment:create_file_with_runtime_dependencies(/home/yunus/ros2_ws/install/custom_messages_pkg/share/colcon-core/packages/custom_messages_pkg)
[24.102s] Level 1:colcon.colcon_core.environment:create_environment_scripts_only(custom_messages_pkg)
[24.118s] Level 1:colcon.colcon_core.environment:checking '/home/yunus/ros2_ws/install/custom_messages_pkg' for CMake module files
[24.120s] Level 1:colcon.colcon_core.environment:checking '/home/yunus/ros2_ws/install/custom_messages_pkg' for CMake config files
[24.121s] Level 1:colcon.colcon_core.shell:create_environment_hook('custom_messages_pkg', 'cmake_prefix_path')
[24.132s] INFO:colcon.colcon_core.shell:Creating environment hook '/home/yunus/ros2_ws/install/custom_messages_pkg/share/custom_messages_pkg/hook/cmake_prefix_path.ps1'
[24.133s] INFO:colcon.colcon_core.shell:Creating environment descriptor '/home/yunus/ros2_ws/install/custom_messages_pkg/share/custom_messages_pkg/hook/cmake_prefix_path.dsv'
[24.135s] INFO:colcon.colcon_core.shell:Creating environment hook '/home/yunus/ros2_ws/install/custom_messages_pkg/share/custom_messages_pkg/hook/cmake_prefix_path.sh'
[24.136s] Level 1:colcon.colcon_core.environment:checking '/home/yunus/ros2_ws/install/custom_messages_pkg/lib'
[24.137s] Level 1:colcon.colcon_core.shell:create_environment_hook('custom_messages_pkg', 'ld_library_path_lib')
[24.147s] INFO:colcon.colcon_core.shell:Creating environment hook '/home/yunus/ros2_ws/install/custom_messages_pkg/share/custom_messages_pkg/hook/ld_library_path_lib.ps1'
[24.149s] INFO:colcon.colcon_core.shell:Creating environment descriptor '/home/yunus/ros2_ws/install/custom_messages_pkg/share/custom_messages_pkg/hook/ld_library_path_lib.dsv'
[24.150s] INFO:colcon.colcon_core.shell:Creating environment hook '/home/yunus/ros2_ws/install/custom_messages_pkg/share/custom_messages_pkg/hook/ld_library_path_lib.sh'
[24.151s] Level 1:colcon.colcon_core.environment:checking '/home/yunus/ros2_ws/install/custom_messages_pkg/bin'
[24.151s] Level 1:colcon.colcon_core.environment:checking '/home/yunus/ros2_ws/install/custom_messages_pkg/lib/pkgconfig/custom_messages_pkg.pc'
[24.151s] Level 1:colcon.colcon_core.environment:checking '/home/yunus/ros2_ws/install/custom_messages_pkg/lib/python3.8/site-packages'
[24.152s] Level 1:colcon.colcon_core.shell:create_environment_hook('custom_messages_pkg', 'pythonpath')
[24.162s] INFO:colcon.colcon_core.shell:Creating environment hook '/home/yunus/ros2_ws/install/custom_messages_pkg/share/custom_messages_pkg/hook/pythonpath.ps1'
[24.163s] INFO:colcon.colcon_core.shell:Creating environment descriptor '/home/yunus/ros2_ws/install/custom_messages_pkg/share/custom_messages_pkg/hook/pythonpath.dsv'
[24.164s] INFO:colcon.colcon_core.shell:Creating environment hook '/home/yunus/ros2_ws/install/custom_messages_pkg/share/custom_messages_pkg/hook/pythonpath.sh'
[24.166s] Level 1:colcon.colcon_core.environment:checking '/home/yunus/ros2_ws/install/custom_messages_pkg/bin'
[24.176s] INFO:colcon.colcon_core.shell:Creating package script '/home/yunus/ros2_ws/install/custom_messages_pkg/share/custom_messages_pkg/package.ps1'
[24.178s] INFO:colcon.colcon_core.shell:Creating package descriptor '/home/yunus/ros2_ws/install/custom_messages_pkg/share/custom_messages_pkg/package.dsv'
[24.180s] INFO:colcon.colcon_core.shell:Creating package script '/home/yunus/ros2_ws/install/custom_messages_pkg/share/custom_messages_pkg/package.sh'
[24.181s] INFO:colcon.colcon_core.shell:Creating package script '/home/yunus/ros2_ws/install/custom_messages_pkg/share/custom_messages_pkg/package.bash'
[24.182s] INFO:colcon.colcon_core.shell:Creating package script '/home/yunus/ros2_ws/install/custom_messages_pkg/share/custom_messages_pkg/package.zsh'
[24.183s] Level 1:colcon.colcon_core.environment:create_file_with_runtime_dependencies(/home/yunus/ros2_ws/install/custom_messages_pkg/share/colcon-core/packages/custom_messages_pkg)
[24.184s] INFO:colcon.colcon_ros.task.ament_python.build:Building ROS package in '/home/yunus/ros2_ws/src/robotic_project' with build type 'ament_python'
[24.185s] Level 1:colcon.colcon_core.shell:create_environment_hook('robotic_project', 'ament_prefix_path')
[24.195s] INFO:colcon.colcon_core.shell:Creating environment hook '/home/yunus/ros2_ws/install/robotic_project/share/robotic_project/hook/ament_prefix_path.ps1'
[24.198s] INFO:colcon.colcon_core.shell:Creating environment descriptor '/home/yunus/ros2_ws/install/robotic_project/share/robotic_project/hook/ament_prefix_path.dsv'
[24.200s] INFO:colcon.colcon_core.shell:Creating environment hook '/home/yunus/ros2_ws/install/robotic_project/share/robotic_project/hook/ament_prefix_path.sh'
[24.211s] INFO:colcon.colcon_core.shell:Skip shell extension 'powershell' for command environment: Not usable outside of PowerShell
[24.211s] DEBUG:colcon.colcon_core.shell:Skip shell extension 'dsv' for command environment
[25.064s] INFO:colcon.colcon_core.task.python.build:Building Python package in '/home/yunus/ros2_ws/src/robotic_project'
[25.076s] INFO:colcon.colcon_core.shell:Skip shell extension 'powershell' for command environment: Not usable outside of PowerShell
[25.076s] DEBUG:colcon.colcon_core.shell:Skip shell extension 'dsv' for command environment
[26.211s] DEBUG:colcon.colcon_core.event_handler.log_command:Invoking command in '/home/yunus/ros2_ws/build/robotic_project': CMAKE_PREFIX_PATH=/home/yunus/ros2_ws/install/custom_messages_pkg:/home/yunus/ros2_ws/install/robotic_project PYTHONPATH=/home/yunus/ros2_ws/build/robotic_project/prefix_override:/home/yunus/ros2_ws/install/robotic_project/lib/python3.8/site-packages:/home/yunus/ros2_ws/install/custom_messages_pkg/lib/python3.8/site-packages:/home/yunus/ros2_ws/build/robotic_project:/home/yunus/ros2_ws/install/robotic_project/lib/python3.8/site-packages:/home/yunus/ros2_ws/build/assignment1:/home/yunus/ros2_ws/install/assignment1/lib/python3.8/site-packages:/home/yunus/ros2_ws/build/a2:/home/yunus/ros2_ws/install/a2/lib/python3.8/site-packages:/opt/ros/foxy/lib/python3.8/site-packages /usr/bin/python3 setup.py develop --editable --build-directory /home/yunus/ros2_ws/build/robotic_project/build --no-deps install_data
[27.269s] Level 1:colcon.colcon_core.shell:create_environment_hook('robotic_project', 'pythonpath_develop')
[27.273s] INFO:colcon.colcon_core.shell:Creating environment hook '/home/yunus/ros2_ws/build/robotic_project/share/robotic_project/hook/pythonpath_develop.ps1'
[27.273s] DEBUG:colcon.colcon_core.event_handler.log_command:Invoked command in '/home/yunus/ros2_ws/build/robotic_project' returned '0': CMAKE_PREFIX_PATH=/home/yunus/ros2_ws/install/custom_messages_pkg:/home/yunus/ros2_ws/install/robotic_project PYTHONPATH=/home/yunus/ros2_ws/build/robotic_project/prefix_override:/home/yunus/ros2_ws/install/robotic_project/lib/python3.8/site-packages:/home/yunus/ros2_ws/install/custom_messages_pkg/lib/python3.8/site-packages:/home/yunus/ros2_ws/build/robotic_project:/home/yunus/ros2_ws/install/robotic_project/lib/python3.8/site-packages:/home/yunus/ros2_ws/build/assignment1:/home/yunus/ros2_ws/install/assignment1/lib/python3.8/site-packages:/home/yunus/ros2_ws/build/a2:/home/yunus/ros2_ws/install/a2/lib/python3.8/site-packages:/opt/ros/foxy/lib/python3.8/site-packages /usr/bin/python3 setup.py develop --editable --build-directory /home/yunus/ros2_ws/build/robotic_project/build --no-deps install_data
[27.275s] INFO:colcon.colcon_core.shell:Creating environment descriptor '/home/yunus/ros2_ws/build/robotic_project/share/robotic_project/hook/pythonpath_develop.dsv'
[27.275s] INFO:colcon.colcon_core.shell:Creating environment hook '/home/yunus/ros2_ws/build/robotic_project/share/robotic_project/hook/pythonpath_develop.sh'
[27.281s] Level 1:colcon.colcon_core.environment:checking '/home/yunus/ros2_ws/install/robotic_project' for CMake module files
[27.282s] Level 1:colcon.colcon_core.environment:checking '/home/yunus/ros2_ws/install/robotic_project' for CMake config files
[27.283s] Level 1:colcon.colcon_core.shell:create_environment_hook('robotic_project', 'cmake_prefix_path')
[27.286s] INFO:colcon.colcon_core.shell:Creating environment hook '/home/yunus/ros2_ws/install/robotic_project/share/robotic_project/hook/cmake_prefix_path.ps1'
[27.287s] INFO:colcon.colcon_core.shell:Creating environment descriptor '/home/yunus/ros2_ws/install/robotic_project/share/robotic_project/hook/cmake_prefix_path.dsv'
[27.287s] INFO:colcon.colcon_core.shell:Creating environment hook '/home/yunus/ros2_ws/install/robotic_project/share/robotic_project/hook/cmake_prefix_path.sh'
[27.288s] Level 1:colcon.colcon_core.environment:checking '/home/yunus/ros2_ws/install/robotic_project/lib'
[27.288s] Level 1:colcon.colcon_core.environment:checking '/home/yunus/ros2_ws/install/robotic_project/bin'
[27.288s] Level 1:colcon.colcon_core.environment:checking '/home/yunus/ros2_ws/install/robotic_project/lib/pkgconfig/robotic_project.pc'
[27.288s] Level 1:colcon.colcon_core.environment:checking '/home/yunus/ros2_ws/install/robotic_project/lib/python3.8/site-packages'
[27.288s] Level 1:colcon.colcon_core.shell:create_environment_hook('robotic_project', 'pythonpath')
[27.292s] INFO:colcon.colcon_core.shell:Creating environment hook '/home/yunus/ros2_ws/install/robotic_project/share/robotic_project/hook/pythonpath.ps1'
[27.292s] INFO:colcon.colcon_core.shell:Creating environment descriptor '/home/yunus/ros2_ws/install/robotic_project/share/robotic_project/hook/pythonpath.dsv'
[27.293s] INFO:colcon.colcon_core.shell:Creating environment hook '/home/yunus/ros2_ws/install/robotic_project/share/robotic_project/hook/pythonpath.sh'
[27.293s] Level 1:colcon.colcon_core.environment:checking '/home/yunus/ros2_ws/install/robotic_project/bin'
[27.293s] Level 1:colcon.colcon_core.environment:create_environment_scripts_only(robotic_project)
[27.297s] INFO:colcon.colcon_core.shell:Creating package script '/home/yunus/ros2_ws/install/robotic_project/share/robotic_project/package.ps1'
[27.298s] INFO:colcon.colcon_core.shell:Creating package descriptor '/home/yunus/ros2_ws/install/robotic_project/share/robotic_project/package.dsv'
[27.299s] INFO:colcon.colcon_core.shell:Creating package script '/home/yunus/ros2_ws/install/robotic_project/share/robotic_project/package.sh'
[27.299s] INFO:colcon.colcon_core.shell:Creating package script '/home/yunus/ros2_ws/install/robotic_project/share/robotic_project/package.bash'
[27.300s] INFO:colcon.colcon_core.shell:Creating package script '/home/yunus/ros2_ws/install/robotic_project/share/robotic_project/package.zsh'
[27.300s] Level 1:colcon.colcon_core.environment:create_file_with_runtime_dependencies(/home/yunus/ros2_ws/install/robotic_project/share/colcon-core/packages/robotic_project)
[27.301s] DEBUG:colcon.colcon_parallel_executor.executor.parallel:closing loop
[27.301s] DEBUG:colcon.colcon_parallel_executor.executor.parallel:loop closed
[27.301s] DEBUG:colcon.colcon_parallel_executor.executor.parallel:run_until_complete finished with '0'
[27.301s] DEBUG:colcon.colcon_core.event_reactor:joining thread
[27.319s] INFO:colcon.colcon_core.plugin_system:Skipping extension 'colcon_notification.desktop_notification.terminal_notifier': Not used on non-Darwin systems
[27.319s] INFO:colcon.colcon_core.plugin_system:Skipping extension 'colcon_notification.desktop_notification.win32': Not used on non-Windows systems
[27.319s] INFO:colcon.colcon_notification.desktop_notification:Sending desktop notification using 'notify2'
[27.337s] DEBUG:colcon.colcon_core.event_reactor:joined thread
[27.340s] INFO:colcon.colcon_core.shell:Creating prefix script '/home/yunus/ros2_ws/install/local_setup.ps1'
[27.341s] INFO:colcon.colcon_core.shell:Creating prefix util module '/home/yunus/ros2_ws/install/_local_setup_util_ps1.py'
[27.343s] INFO:colcon.colcon_core.shell:Creating prefix chain script '/home/yunus/ros2_ws/install/setup.ps1'
[27.345s] INFO:colcon.colcon_core.shell:Creating prefix script '/home/yunus/ros2_ws/install/local_setup.sh'
[27.346s] INFO:colcon.colcon_core.shell:Creating prefix util module '/home/yunus/ros2_ws/install/_local_setup_util_sh.py'
[27.346s] INFO:colcon.colcon_core.shell:Creating prefix chain script '/home/yunus/ros2_ws/install/setup.sh'
[27.348s] INFO:colcon.colcon_core.shell:Creating prefix script '/home/yunus/ros2_ws/install/local_setup.bash'
[27.349s] INFO:colcon.colcon_core.shell:Creating prefix chain script '/home/yunus/ros2_ws/install/setup.bash'
[27.351s] INFO:colcon.colcon_core.shell:Creating prefix script '/home/yunus/ros2_ws/install/local_setup.zsh'
[27.351s] INFO:colcon.colcon_core.shell:Creating prefix chain script '/home/yunus/ros2_ws/install/setup.zsh'
