[1.132s] Invoking command in '/home/yunus/ros2_ws/build/assignment1': PYTHONPATH=/home/yunus/ros2_ws/build/assignment1/prefix_override:/home/yunus/ros2_ws/install/assignment1/lib/python3.8/site-packages:${PYTHONPATH} /usr/bin/python3 setup.py develop --uninstall --editable --build-directory /home/yunus/ros2_ws/build/assignment1/build
[1.419s] running develop
[1.587s] Removing /home/yunus/ros2_ws/install/assignment1/lib/python3.8/site-packages/assignment1.egg-link (link to .)
[1.620s] Invoked command in '/home/yunus/ros2_ws/build/assignment1' returned '0': PYTHONPATH=/home/yunus/ros2_ws/build/assignment1/prefix_override:/home/yunus/ros2_ws/install/assignment1/lib/python3.8/site-packages:${PYTHONPATH} /usr/bin/python3 setup.py develop --uninstall --editable --build-directory /home/yunus/ros2_ws/build/assignment1/build
[1.622s] Invoking command in '/home/yunus/ros2_ws/src/assignment1': PYTHONPATH=/home/yunus/ros2_ws/build/assignment1/prefix_override:/home/yunus/ros2_ws/install/assignment1/lib/python3.8/site-packages:${PYTHONPATH} /usr/bin/python3 setup.py egg_info --egg-base ../../build/assignment1 build --build-base /home/yunus/ros2_ws/build/assignment1/build install --record /home/yunus/ros2_ws/build/assignment1/install.log --install-scripts $base/lib/assignment1 --single-version-externally-managed
[1.874s] running egg_info
[1.875s] writing ../../build/assignment1/assignment1.egg-info/PKG-INFO
[1.875s] writing dependency_links to ../../build/assignment1/assignment1.egg-info/dependency_links.txt
[1.876s] writing entry points to ../../build/assignment1/assignment1.egg-info/entry_points.txt
[1.876s] writing requirements to ../../build/assignment1/assignment1.egg-info/requires.txt
[1.876s] writing top-level names to ../../build/assignment1/assignment1.egg-info/top_level.txt
[1.909s] reading manifest file '../../build/assignment1/assignment1.egg-info/SOURCES.txt'
[1.910s] writing manifest file '../../build/assignment1/assignment1.egg-info/SOURCES.txt'
[1.910s] running build
[1.911s] running build_py
[1.911s] running install
[1.911s] running install_lib
[1.912s] creating /home/yunus/ros2_ws/install/assignment1/lib/python3.8/site-packages/assignment1
[1.912s] copying /home/yunus/ros2_ws/build/assignment1/build/lib/assignment1/a1_answer.py -> /home/yunus/ros2_ws/install/assignment1/lib/python3.8/site-packages/assignment1
[1.913s] copying /home/yunus/ros2_ws/build/assignment1/build/lib/assignment1/a1_referee.py -> /home/yunus/ros2_ws/install/assignment1/lib/python3.8/site-packages/assignment1
[1.913s] copying /home/yunus/ros2_ws/build/assignment1/build/lib/assignment1/__init__.py -> /home/yunus/ros2_ws/install/assignment1/lib/python3.8/site-packages/assignment1
[1.913s] byte-compiling /home/yunus/ros2_ws/install/assignment1/lib/python3.8/site-packages/assignment1/a1_answer.py to a1_answer.cpython-38.pyc
[1.916s] byte-compiling /home/yunus/ros2_ws/install/assignment1/lib/python3.8/site-packages/assignment1/a1_referee.py to a1_referee.cpython-38.pyc
[1.917s] byte-compiling /home/yunus/ros2_ws/install/assignment1/lib/python3.8/site-packages/assignment1/__init__.py to __init__.cpython-38.pyc
[1.917s] running install_data
[1.918s] running install_egg_info
[1.920s] Copying ../../build/assignment1/assignment1.egg-info to /home/yunus/ros2_ws/install/assignment1/lib/python3.8/site-packages/assignment1-0.0.0-py3.8.egg-info
[1.920s] running install_scripts
[1.935s] Installing a1_answer script to /home/yunus/ros2_ws/install/assignment1/lib/assignment1
[1.935s] Installing a1_referee script to /home/yunus/ros2_ws/install/assignment1/lib/assignment1
[1.935s] writing list of installed files to '/home/yunus/ros2_ws/build/assignment1/install.log'
[1.966s] Invoked command in '/home/yunus/ros2_ws/src/assignment1' returned '0': PYTHONPATH=/home/yunus/ros2_ws/build/assignment1/prefix_override:/home/yunus/ros2_ws/install/assignment1/lib/python3.8/site-packages:${PYTHONPATH} /usr/bin/python3 setup.py egg_info --egg-base ../../build/assignment1 build --build-base /home/yunus/ros2_ws/build/assignment1/build install --record /home/yunus/ros2_ws/build/assignment1/install.log --install-scripts $base/lib/assignment1 --single-version-externally-managed
