[1.357s] Invoking command in '/home/yunus/ros2_ws/build/a2': PYTHONPATH=/home/yunus/ros2_ws/build/a2/prefix_override:/home/yunus/ros2_ws/install/a2/lib/python3.8/site-packages:${PYTHONPATH} /usr/bin/python3 setup.py develop --uninstall --editable --build-directory /home/yunus/ros2_ws/build/a2/build
[1.639s] running develop
[1.860s] Invoked command in '/home/yunus/ros2_ws/build/a2' returned '0': PYTHONPATH=/home/yunus/ros2_ws/build/a2/prefix_override:/home/yunus/ros2_ws/install/a2/lib/python3.8/site-packages:${PYTHONPATH} /usr/bin/python3 setup.py develop --uninstall --editable --build-directory /home/yunus/ros2_ws/build/a2/build
[1.863s] Invoking command in '/home/yunus/ros2_ws/src/a2': PYTHONPATH=/home/yunus/ros2_ws/build/a2/prefix_override:/home/yunus/ros2_ws/install/a2/lib/python3.8/site-packages:${PYTHONPATH} /usr/bin/python3 setup.py egg_info --egg-base ../../build/a2 build --build-base /home/yunus/ros2_ws/build/a2/build install --record /home/yunus/ros2_ws/build/a2/install.log --install-scripts $base/lib/a2 --single-version-externally-managed
[2.192s] running egg_info
[2.192s] writing ../../build/a2/a2.egg-info/PKG-INFO
[2.193s] writing dependency_links to ../../build/a2/a2.egg-info/dependency_links.txt
[2.193s] writing entry points to ../../build/a2/a2.egg-info/entry_points.txt
[2.193s] writing requirements to ../../build/a2/a2.egg-info/requires.txt
[2.194s] writing top-level names to ../../build/a2/a2.egg-info/top_level.txt
[2.251s] reading manifest file '../../build/a2/a2.egg-info/SOURCES.txt'
[2.251s] writing manifest file '../../build/a2/a2.egg-info/SOURCES.txt'
[2.252s] running build
[2.252s] running build_py
[2.252s] running install
[2.253s] running install_lib
[2.255s] running install_data
[2.256s] running install_egg_info
[2.260s] removing '/home/yunus/ros2_ws/install/a2/lib/python3.8/site-packages/a2-0.0.0-py3.8.egg-info' (and everything under it)
[2.260s] Copying ../../build/a2/a2.egg-info to /home/yunus/ros2_ws/install/a2/lib/python3.8/site-packages/a2-0.0.0-py3.8.egg-info
[2.261s] running install_scripts
[2.284s] Installing a2_referee script to /home/yunus/ros2_ws/install/a2/lib/a2
[2.287s] Installing waypoint_follower script to /home/yunus/ros2_ws/install/a2/lib/a2
[2.290s] writing list of installed files to '/home/yunus/ros2_ws/build/a2/install.log'
[2.344s] Invoked command in '/home/yunus/ros2_ws/src/a2' returned '0': PYTHONPATH=/home/yunus/ros2_ws/build/a2/prefix_override:/home/yunus/ros2_ws/install/a2/lib/python3.8/site-packages:${PYTHONPATH} /usr/bin/python3 setup.py egg_info --egg-base ../../build/a2 build --build-base /home/yunus/ros2_ws/build/a2/build install --record /home/yunus/ros2_ws/build/a2/install.log --install-scripts $base/lib/a2 --single-version-externally-managed
