[0.055s] Invoking command in '/home/yunus/ros2_ws/build/custom_messages_pkg': CMAKE_PREFIX_PATH=${CMAKE_PREFIX_PATH}:/home/yunus/ros2_ws/install/assignment1:/home/yunus/ros2_ws/install/a2:/opt/ros/foxy /usr/bin/cmake --build /home/yunus/ros2_ws/build/custom_messages_pkg -- -j8 -l8
[0.332s] -- Found ament_cmake: 0.9.11 (/opt/ros/foxy/share/ament_cmake/cmake)
[0.332s] -- Found PythonInterp: /usr/bin/python3 (found suitable version "3.8.10", minimum required is "3") 
[0.332s] -- Using PYTHON_EXECUTABLE: /usr/bin/python3
[0.333s] -- Override CMake install command with custom implementation using symlinks instead of copying resources
[0.334s] -- Found geometry_msgs: 2.0.5 (/opt/ros/foxy/share/geometry_msgs/cmake)
[0.357s] -- Using all available rosidl_typesupport_c: rosidl_typesupport_fastrtps_c;rosidl_typesupport_introspection_c
[0.360s] -- Found rosidl_adapter: 1.3.0 (/opt/ros/foxy/share/rosidl_adapter/cmake)
[0.459s] -- Using all available rosidl_typesupport_cpp: rosidl_typesupport_fastrtps_cpp;rosidl_typesupport_introspection_cpp
[0.535s] -- Found rosidl_default_generators: 1.0.1 (/opt/ros/foxy/share/rosidl_default_generators/cmake)
[0.544s] -- Found ament_lint_auto: 0.9.7 (/opt/ros/foxy/share/ament_lint_auto/cmake)
[0.661s] -- Found PythonInterp: /usr/bin/python3 (found version "3.8.10") 
[0.796s] -- Found ament_cmake_ros: 0.9.2 (/opt/ros/foxy/share/ament_cmake_ros/cmake)
[1.029s] -- Using all available rosidl_typesupport_c: rosidl_typesupport_fastrtps_c;rosidl_typesupport_introspection_c
[1.151s] -- Using all available rosidl_typesupport_cpp: rosidl_typesupport_fastrtps_cpp;rosidl_typesupport_introspection_cpp
[1.186s] -- Found PythonInterp: /usr/bin/python3 (found suitable version "3.8.10", minimum required is "3.5") 
[1.186s] -- Found python_cmake_module: 0.8.1 (/opt/ros/foxy/share/python_cmake_module/cmake)
[1.216s] -- Using PYTHON_EXECUTABLE: /usr/bin/python3
[1.216s] -- Using PYTHON_INCLUDE_DIRS: /usr/include/python3.8
[1.216s] -- Using PYTHON_LIBRARIES: /usr/lib/x86_64-linux-gnu/libpython3.8.so
[1.275s] -- Added test 'copyright' to check source files copyright and LICENSE
[1.276s] -- Added test 'lint_cmake' to check CMake code style
[1.277s] -- Added test 'xmllint' to check XML markup files
[1.285s] -- Configuring done
[1.338s] -- Generating done
[1.342s] -- Build files have been written to: /home/yunus/ros2_ws/build/custom_messages_pkg
[1.381s] [  2%] Built target custom_messages_pkg__cpp
[1.381s] [ 12%] Built target custom_messages_pkg__rosidl_generator_c
[1.413s] [ 23%] Built target custom_messages_pkg__rosidl_typesupport_cpp
[1.417s] [ 33%] Built target custom_messages_pkg__rosidl_typesupport_introspection_cpp
[1.417s] [ 53%] Built target custom_messages_pkg__rosidl_typesupport_introspection_c
[1.417s] [ 53%] Built target custom_messages_pkg__rosidl_typesupport_c
[1.421s] [ 64%] Built target custom_messages_pkg__rosidl_typesupport_fastrtps_cpp
[1.456s] [ 74%] Built target custom_messages_pkg__rosidl_typesupport_fastrtps_c
[1.479s] [ 74%] Built target custom_messages_pkg
[1.500s] [ 76%] Built target custom_messages_pkg__py
[1.526s] [ 84%] Built target custom_messages_pkg__python
[1.556s] [ 89%] Built target custom_messages_pkg__rosidl_typesupport_c__pyext
[1.559s] [ 94%] Built target custom_messages_pkg__rosidl_typesupport_fastrtps_c__pyext
[1.561s] [100%] Built target custom_messages_pkg__rosidl_typesupport_introspection_c__pyext
[1.573s] Invoked command in '/home/yunus/ros2_ws/build/custom_messages_pkg' returned '0': CMAKE_PREFIX_PATH=${CMAKE_PREFIX_PATH}:/home/yunus/ros2_ws/install/assignment1:/home/yunus/ros2_ws/install/a2:/opt/ros/foxy /usr/bin/cmake --build /home/yunus/ros2_ws/build/custom_messages_pkg -- -j8 -l8
[1.660s] Invoking command in '/home/yunus/ros2_ws/build/custom_messages_pkg': CMAKE_PREFIX_PATH=${CMAKE_PREFIX_PATH}:/home/yunus/ros2_ws/install/assignment1:/home/yunus/ros2_ws/install/a2:/opt/ros/foxy /usr/bin/cmake --install /home/yunus/ros2_ws/build/custom_messages_pkg
[1.669s] -- Install configuration: ""
[1.669s] -- Execute custom install script
[1.670s] -- Up-to-date symlink: /home/yunus/ros2_ws/install/custom_messages_pkg/share/ament_index/resource_index/rosidl_interfaces/custom_messages_pkg
[1.670s] -- Up-to-date symlink: /home/yunus/ros2_ws/install/custom_messages_pkg/include/custom_messages_pkg/msg/custom_control.h
[1.670s] -- Up-to-date symlink: /home/yunus/ros2_ws/install/custom_messages_pkg/include/custom_messages_pkg/msg/detail/custom_control__functions.h
[1.671s] -- Up-to-date symlink: /home/yunus/ros2_ws/install/custom_messages_pkg/include/custom_messages_pkg/msg/detail/custom_control__struct.h
[1.671s] -- Up-to-date symlink: /home/yunus/ros2_ws/install/custom_messages_pkg/include/custom_messages_pkg/msg/detail/custom_control__type_support.h
[1.671s] -- Up-to-date symlink: /home/yunus/ros2_ws/install/custom_messages_pkg/include/custom_messages_pkg/msg/detail/geometry__functions.h
[1.671s] -- Up-to-date symlink: /home/yunus/ros2_ws/install/custom_messages_pkg/include/custom_messages_pkg/msg/detail/geometry__struct.h
[1.671s] -- Up-to-date symlink: /home/yunus/ros2_ws/install/custom_messages_pkg/include/custom_messages_pkg/msg/detail/geometry__type_support.h
[1.672s] -- Up-to-date symlink: /home/yunus/ros2_ws/install/custom_messages_pkg/include/custom_messages_pkg/msg/geometry.h
[1.672s] -- Up-to-date symlink: /home/yunus/ros2_ws/install/custom_messages_pkg/include/custom_messages_pkg/msg/rosidl_generator_c__visibility_control.h
[1.672s] -- Up-to-date symlink: /home/yunus/ros2_ws/install/custom_messages_pkg/share/custom_messages_pkg/environment/library_path.sh
[1.673s] -- Up-to-date symlink: /home/yunus/ros2_ws/install/custom_messages_pkg/share/custom_messages_pkg/environment/library_path.dsv
[1.673s] -- Up-to-date symlink: /home/yunus/ros2_ws/install/custom_messages_pkg/include/custom_messages_pkg/msg/detail/custom_control__rosidl_typesupport_fastrtps_c.h
[1.674s] -- Up-to-date symlink: /home/yunus/ros2_ws/install/custom_messages_pkg/include/custom_messages_pkg/msg/detail/geometry__rosidl_typesupport_fastrtps_c.h
[1.674s] -- Up-to-date symlink: /home/yunus/ros2_ws/install/custom_messages_pkg/include/custom_messages_pkg/msg/rosidl_typesupport_fastrtps_c__visibility_control.h
[1.674s] -- Up-to-date symlink: /home/yunus/ros2_ws/install/custom_messages_pkg/lib/libcustom_messages_pkg__rosidl_typesupport_fastrtps_c.so
[1.675s] -- Up-to-date symlink: /home/yunus/ros2_ws/install/custom_messages_pkg/include/custom_messages_pkg/msg/detail/custom_control__rosidl_typesupport_fastrtps_cpp.hpp
[1.675s] -- Up-to-date symlink: /home/yunus/ros2_ws/install/custom_messages_pkg/include/custom_messages_pkg/msg/detail/geometry__rosidl_typesupport_fastrtps_cpp.hpp
[1.676s] -- Up-to-date symlink: /home/yunus/ros2_ws/install/custom_messages_pkg/include/custom_messages_pkg/msg/rosidl_typesupport_fastrtps_cpp__visibility_control.h
[1.676s] -- Up-to-date symlink: /home/yunus/ros2_ws/install/custom_messages_pkg/lib/libcustom_messages_pkg__rosidl_typesupport_fastrtps_cpp.so
[1.677s] -- Up-to-date symlink: /home/yunus/ros2_ws/install/custom_messages_pkg/include/custom_messages_pkg/msg/detail/custom_control__rosidl_typesupport_introspection_c.h
[1.677s] -- Up-to-date symlink: /home/yunus/ros2_ws/install/custom_messages_pkg/include/custom_messages_pkg/msg/detail/geometry__rosidl_typesupport_introspection_c.h
[1.677s] -- Up-to-date symlink: /home/yunus/ros2_ws/install/custom_messages_pkg/include/custom_messages_pkg/msg/rosidl_typesupport_introspection_c__visibility_control.h
[1.678s] -- Up-to-date symlink: /home/yunus/ros2_ws/install/custom_messages_pkg/include/custom_messages_pkg/msg/custom_control.hpp
[1.678s] -- Up-to-date symlink: /home/yunus/ros2_ws/install/custom_messages_pkg/include/custom_messages_pkg/msg/detail/custom_control__builder.hpp
[1.678s] -- Up-to-date symlink: /home/yunus/ros2_ws/install/custom_messages_pkg/include/custom_messages_pkg/msg/detail/custom_control__struct.hpp
[1.678s] -- Up-to-date symlink: /home/yunus/ros2_ws/install/custom_messages_pkg/include/custom_messages_pkg/msg/detail/custom_control__traits.hpp
[1.678s] -- Up-to-date symlink: /home/yunus/ros2_ws/install/custom_messages_pkg/include/custom_messages_pkg/msg/detail/geometry__builder.hpp
[1.678s] -- Up-to-date symlink: /home/yunus/ros2_ws/install/custom_messages_pkg/include/custom_messages_pkg/msg/detail/geometry__struct.hpp
[1.679s] -- Up-to-date symlink: /home/yunus/ros2_ws/install/custom_messages_pkg/include/custom_messages_pkg/msg/detail/geometry__traits.hpp
[1.679s] -- Up-to-date symlink: /home/yunus/ros2_ws/install/custom_messages_pkg/include/custom_messages_pkg/msg/geometry.hpp
[1.679s] -- Up-to-date symlink: /home/yunus/ros2_ws/install/custom_messages_pkg/include/custom_messages_pkg/msg/detail/custom_control__rosidl_typesupport_introspection_cpp.hpp
[1.680s] -- Up-to-date symlink: /home/yunus/ros2_ws/install/custom_messages_pkg/include/custom_messages_pkg/msg/detail/geometry__rosidl_typesupport_introspection_cpp.hpp
[1.680s] -- Up-to-date symlink: /home/yunus/ros2_ws/install/custom_messages_pkg/share/custom_messages_pkg/environment/pythonpath.sh
[1.680s] -- Up-to-date symlink: /home/yunus/ros2_ws/install/custom_messages_pkg/share/custom_messages_pkg/environment/pythonpath.dsv
[1.680s] -- Up-to-date symlink: /home/yunus/ros2_ws/install/custom_messages_pkg/lib/python3.8/site-packages/custom_messages_pkg/__init__.py
[1.681s] -- Up-to-date symlink: /home/yunus/ros2_ws/install/custom_messages_pkg/lib/python3.8/site-packages/custom_messages_pkg/msg/__init__.py
[1.681s] -- Up-to-date symlink: /home/yunus/ros2_ws/install/custom_messages_pkg/lib/python3.8/site-packages/custom_messages_pkg/msg/_custom_control.py
[1.681s] -- Up-to-date symlink: /home/yunus/ros2_ws/install/custom_messages_pkg/lib/python3.8/site-packages/custom_messages_pkg/msg/_geometry.py
[1.682s] -- Up-to-date symlink: /home/yunus/ros2_ws/install/custom_messages_pkg/lib/python3.8/site-packages/custom_messages_pkg/custom_messages_pkg_s__rosidl_typesupport_fastrtps_c.cpython-38-x86_64-linux-gnu.so
[1.682s] -- Up-to-date symlink: /home/yunus/ros2_ws/install/custom_messages_pkg/lib/python3.8/site-packages/custom_messages_pkg/custom_messages_pkg_s__rosidl_typesupport_introspection_c.cpython-38-x86_64-linux-gnu.so
[1.683s] -- Up-to-date symlink: /home/yunus/ros2_ws/install/custom_messages_pkg/lib/python3.8/site-packages/custom_messages_pkg/custom_messages_pkg_s__rosidl_typesupport_c.cpython-38-x86_64-linux-gnu.so
[1.683s] -- Up-to-date symlink: /home/yunus/ros2_ws/install/custom_messages_pkg/lib/libcustom_messages_pkg__python.so
[1.683s] -- Up-to-date symlink: /home/yunus/ros2_ws/install/custom_messages_pkg/share/custom_messages_pkg/msg/Geometry.idl
[1.684s] -- Up-to-date symlink: /home/yunus/ros2_ws/install/custom_messages_pkg/share/custom_messages_pkg/msg/CustomControl.idl
[1.684s] -- Up-to-date symlink: /home/yunus/ros2_ws/install/custom_messages_pkg/share/custom_messages_pkg/msg/Geometry.msg
[1.684s] -- Up-to-date symlink: /home/yunus/ros2_ws/install/custom_messages_pkg/share/custom_messages_pkg/msg/CustomControl.msg
[1.685s] -- Up-to-date symlink: /home/yunus/ros2_ws/install/custom_messages_pkg/share/ament_index/resource_index/package_run_dependencies/custom_messages_pkg
[1.685s] -- Up-to-date symlink: /home/yunus/ros2_ws/install/custom_messages_pkg/share/ament_index/resource_index/parent_prefix_path/custom_messages_pkg
[1.685s] -- Up-to-date symlink: /home/yunus/ros2_ws/install/custom_messages_pkg/share/custom_messages_pkg/environment/ament_prefix_path.sh
[1.686s] -- Up-to-date symlink: /home/yunus/ros2_ws/install/custom_messages_pkg/share/custom_messages_pkg/environment/ament_prefix_path.dsv
[1.686s] -- Up-to-date symlink: /home/yunus/ros2_ws/install/custom_messages_pkg/share/custom_messages_pkg/environment/path.sh
[1.686s] -- Up-to-date symlink: /home/yunus/ros2_ws/install/custom_messages_pkg/share/custom_messages_pkg/environment/path.dsv
[1.686s] -- Up-to-date symlink: /home/yunus/ros2_ws/install/custom_messages_pkg/share/custom_messages_pkg/local_setup.bash
[1.687s] -- Up-to-date symlink: /home/yunus/ros2_ws/install/custom_messages_pkg/share/custom_messages_pkg/local_setup.sh
[1.687s] -- Up-to-date symlink: /home/yunus/ros2_ws/install/custom_messages_pkg/share/custom_messages_pkg/local_setup.zsh
[1.687s] -- Up-to-date symlink: /home/yunus/ros2_ws/install/custom_messages_pkg/share/custom_messages_pkg/local_setup.dsv
[1.687s] -- Symlinking: /home/yunus/ros2_ws/install/custom_messages_pkg/share/custom_messages_pkg/package.dsv
[1.699s] -- Up-to-date symlink: /home/yunus/ros2_ws/install/custom_messages_pkg/share/ament_index/resource_index/packages/custom_messages_pkg
[1.700s] -- Up-to-date symlink: /home/yunus/ros2_ws/install/custom_messages_pkg/share/custom_messages_pkg/cmake/rosidl_cmake-extras.cmake
[1.700s] -- Up-to-date symlink: /home/yunus/ros2_ws/install/custom_messages_pkg/share/custom_messages_pkg/cmake/ament_cmake_export_dependencies-extras.cmake
[1.700s] -- Up-to-date symlink: /home/yunus/ros2_ws/install/custom_messages_pkg/share/custom_messages_pkg/cmake/ament_cmake_export_libraries-extras.cmake
[1.700s] -- Up-to-date symlink: /home/yunus/ros2_ws/install/custom_messages_pkg/share/custom_messages_pkg/cmake/ament_cmake_export_targets-extras.cmake
[1.701s] -- Up-to-date symlink: /home/yunus/ros2_ws/install/custom_messages_pkg/share/custom_messages_pkg/cmake/ament_cmake_export_include_directories-extras.cmake
[1.701s] -- Up-to-date symlink: /home/yunus/ros2_ws/install/custom_messages_pkg/share/custom_messages_pkg/cmake/rosidl_cmake_export_typesupport_libraries-extras.cmake
[1.701s] -- Up-to-date symlink: /home/yunus/ros2_ws/install/custom_messages_pkg/share/custom_messages_pkg/cmake/rosidl_cmake_export_typesupport_targets-extras.cmake
[1.702s] -- Up-to-date symlink: /home/yunus/ros2_ws/install/custom_messages_pkg/share/custom_messages_pkg/cmake/custom_messages_pkgConfig.cmake
[1.702s] -- Up-to-date symlink: /home/yunus/ros2_ws/install/custom_messages_pkg/share/custom_messages_pkg/cmake/custom_messages_pkgConfig-version.cmake
[1.702s] -- Up-to-date symlink: /home/yunus/ros2_ws/install/custom_messages_pkg/share/custom_messages_pkg/package.xml
[1.702s] -- Up-to-date: /home/yunus/ros2_ws/install/custom_messages_pkg/lib/libcustom_messages_pkg__rosidl_generator_c.so
[1.703s] -- Up-to-date: /home/yunus/ros2_ws/install/custom_messages_pkg/lib/libcustom_messages_pkg__rosidl_typesupport_introspection_c.so
[1.703s] -- Up-to-date: /home/yunus/ros2_ws/install/custom_messages_pkg/lib/libcustom_messages_pkg__rosidl_typesupport_c.so
[1.704s] -- Up-to-date: /home/yunus/ros2_ws/install/custom_messages_pkg/lib/libcustom_messages_pkg__rosidl_typesupport_introspection_cpp.so
[1.704s] -- Up-to-date: /home/yunus/ros2_ws/install/custom_messages_pkg/lib/libcustom_messages_pkg__rosidl_typesupport_cpp.so
[1.747s] Compiling '/home/yunus/ros2_ws/install/custom_messages_pkg/lib/python3.8/site-packages/custom_messages_pkg/__init__.py'...
[1.752s] -- Up-to-date: /home/yunus/ros2_ws/install/custom_messages_pkg/share/custom_messages_pkg/cmake/custom_messages_pkg__rosidl_generator_cExport.cmake
[1.752s] -- Installing: /home/yunus/ros2_ws/install/custom_messages_pkg/share/custom_messages_pkg/cmake/custom_messages_pkg__rosidl_generator_cExport-noconfig.cmake
[1.753s] -- Up-to-date: /home/yunus/ros2_ws/install/custom_messages_pkg/share/custom_messages_pkg/cmake/custom_messages_pkg__rosidl_typesupport_introspection_cExport.cmake
[1.753s] -- Installing: /home/yunus/ros2_ws/install/custom_messages_pkg/share/custom_messages_pkg/cmake/custom_messages_pkg__rosidl_typesupport_introspection_cExport-noconfig.cmake
[1.753s] -- Up-to-date: /home/yunus/ros2_ws/install/custom_messages_pkg/share/custom_messages_pkg/cmake/custom_messages_pkg__rosidl_typesupport_cExport.cmake
[1.753s] -- Installing: /home/yunus/ros2_ws/install/custom_messages_pkg/share/custom_messages_pkg/cmake/custom_messages_pkg__rosidl_typesupport_cExport-noconfig.cmake
[1.753s] -- Up-to-date: /home/yunus/ros2_ws/install/custom_messages_pkg/share/custom_messages_pkg/cmake/custom_messages_pkg__rosidl_generator_cppExport.cmake
[1.753s] -- Up-to-date: /home/yunus/ros2_ws/install/custom_messages_pkg/share/custom_messages_pkg/cmake/custom_messages_pkg__rosidl_typesupport_introspection_cppExport.cmake
[1.753s] -- Installing: /home/yunus/ros2_ws/install/custom_messages_pkg/share/custom_messages_pkg/cmake/custom_messages_pkg__rosidl_typesupport_introspection_cppExport-noconfig.cmake
[1.754s] -- Up-to-date: /home/yunus/ros2_ws/install/custom_messages_pkg/share/custom_messages_pkg/cmake/custom_messages_pkg__rosidl_typesupport_cppExport.cmake
[1.754s] -- Installing: /home/yunus/ros2_ws/install/custom_messages_pkg/share/custom_messages_pkg/cmake/custom_messages_pkg__rosidl_typesupport_cppExport-noconfig.cmake
[1.757s] Invoked command in '/home/yunus/ros2_ws/build/custom_messages_pkg' returned '0': CMAKE_PREFIX_PATH=${CMAKE_PREFIX_PATH}:/home/yunus/ros2_ws/install/assignment1:/home/yunus/ros2_ws/install/a2:/opt/ros/foxy /usr/bin/cmake --install /home/yunus/ros2_ws/build/custom_messages_pkg
