[1.302s] Invoking command in '/home/yunus/ros2_ws/build/robotic_project': PYTHONPATH=/home/yunus/ros2_ws/build/robotic_project/prefix_override:/home/yunus/ros2_ws/install/robotic_project/lib/python3.8/site-packages:${PYTHONPATH} /usr/bin/python3 setup.py develop --uninstall --editable --build-directory /home/yunus/ros2_ws/build/robotic_project/build
[1.586s] running develop
[1.821s] Invoked command in '/home/yunus/ros2_ws/build/robotic_project' returned '0': PYTHONPATH=/home/yunus/ros2_ws/build/robotic_project/prefix_override:/home/yunus/ros2_ws/install/robotic_project/lib/python3.8/site-packages:${PYTHONPATH} /usr/bin/python3 setup.py develop --uninstall --editable --build-directory /home/yunus/ros2_ws/build/robotic_project/build
[1.823s] Invoking command in '/home/yunus/ros2_ws/src/robotic_project': PYTHONPATH=/home/yunus/ros2_ws/build/robotic_project/prefix_override:/home/yunus/ros2_ws/install/robotic_project/lib/python3.8/site-packages:${PYTHONPATH} /usr/bin/python3 setup.py egg_info --egg-base ../../build/robotic_project build --build-base /home/yunus/ros2_ws/build/robotic_project/build install --record /home/yunus/ros2_ws/build/robotic_project/install.log --install-scripts $base/lib/robotic_project --single-version-externally-managed
[2.148s] running egg_info
[2.148s] writing ../../build/robotic_project/robotic_project.egg-info/PKG-INFO
[2.150s] writing dependency_links to ../../build/robotic_project/robotic_project.egg-info/dependency_links.txt
[2.150s] writing entry points to ../../build/robotic_project/robotic_project.egg-info/entry_points.txt
[2.150s] writing requirements to ../../build/robotic_project/robotic_project.egg-info/requires.txt
[2.150s] writing top-level names to ../../build/robotic_project/robotic_project.egg-info/top_level.txt
[2.191s] reading manifest file '../../build/robotic_project/robotic_project.egg-info/SOURCES.txt'
[2.193s] writing manifest file '../../build/robotic_project/robotic_project.egg-info/SOURCES.txt'
[2.193s] running build
[2.193s] running build_py
[2.193s] running install
[2.195s] running install_lib
[2.196s] running install_data
[2.198s] running install_egg_info
[2.201s] removing '/home/yunus/ros2_ws/install/robotic_project/lib/python3.8/site-packages/robotic_project-0.0.0-py3.8.egg-info' (and everything under it)
[2.202s] Copying ../../build/robotic_project/robotic_project.egg-info to /home/yunus/ros2_ws/install/robotic_project/lib/python3.8/site-packages/robotic_project-0.0.0-py3.8.egg-info
[2.203s] running install_scripts
[2.227s] Installing kudur script to /home/yunus/ros2_ws/install/robotic_project/lib/robotic_project
[2.227s] writing list of installed files to '/home/yunus/ros2_ws/build/robotic_project/install.log'
[2.271s] Invoked command in '/home/yunus/ros2_ws/src/robotic_project' returned '0': PYTHONPATH=/home/yunus/ros2_ws/build/robotic_project/prefix_override:/home/yunus/ros2_ws/install/robotic_project/lib/python3.8/site-packages:${PYTHONPATH} /usr/bin/python3 setup.py egg_info --egg-base ../../build/robotic_project build --build-base /home/yunus/ros2_ws/build/robotic_project/build install --record /home/yunus/ros2_ws/build/robotic_project/install.log --install-scripts $base/lib/robotic_project --single-version-externally-managed
