[1.241s] Invoking command in '/home/yunus/ros2_ws/build/a2': PYTHONPATH=/home/yunus/ros2_ws/build/a2/prefix_override:/home/yunus/ros2_ws/install/a2/lib/python3.8/site-packages:${PYTHONPATH} /usr/bin/python3 setup.py develop --uninstall --editable --build-directory /home/yunus/ros2_ws/build/a2/build
[1.525s] running develop
[1.739s] Invoked command in '/home/yunus/ros2_ws/build/a2' returned '0': PYTHONPATH=/home/yunus/ros2_ws/build/a2/prefix_override:/home/yunus/ros2_ws/install/a2/lib/python3.8/site-packages:${PYTHONPATH} /usr/bin/python3 setup.py develop --uninstall --editable --build-directory /home/yunus/ros2_ws/build/a2/build
[1.742s] Invoking command in '/home/yunus/ros2_ws/src/a2': PYTHONPATH=/home/yunus/ros2_ws/build/a2/prefix_override:/home/yunus/ros2_ws/install/a2/lib/python3.8/site-packages:${PYTHONPATH} /usr/bin/python3 setup.py egg_info --egg-base ../../build/a2 build --build-base /home/yunus/ros2_ws/build/a2/build install --record /home/yunus/ros2_ws/build/a2/install.log --install-scripts $base/lib/a2 --single-version-externally-managed
[1.972s] running egg_info
[1.973s] writing ../../build/a2/a2.egg-info/PKG-INFO
[1.973s] writing dependency_links to ../../build/a2/a2.egg-info/dependency_links.txt
[1.973s] writing entry points to ../../build/a2/a2.egg-info/entry_points.txt
[1.974s] writing requirements to ../../build/a2/a2.egg-info/requires.txt
[1.974s] writing top-level names to ../../build/a2/a2.egg-info/top_level.txt
[2.006s] reading manifest file '../../build/a2/a2.egg-info/SOURCES.txt'
[2.007s] writing manifest file '../../build/a2/a2.egg-info/SOURCES.txt'
[2.007s] running build
[2.007s] running build_py
[2.007s] running install
[2.008s] running install_lib
[2.009s] running install_data
[2.010s] running install_egg_info
[2.011s] removing '/home/yunus/ros2_ws/install/a2/lib/python3.8/site-packages/a2-0.0.0-py3.8.egg-info' (and everything under it)
[2.011s] Copying ../../build/a2/a2.egg-info to /home/yunus/ros2_ws/install/a2/lib/python3.8/site-packages/a2-0.0.0-py3.8.egg-info
[2.012s] running install_scripts
[2.029s] Installing a2_referee script to /home/yunus/ros2_ws/install/a2/lib/a2
[2.029s] Installing waypoint_follower script to /home/yunus/ros2_ws/install/a2/lib/a2
[2.030s] writing list of installed files to '/home/yunus/ros2_ws/build/a2/install.log'
[2.060s] Invoked command in '/home/yunus/ros2_ws/src/a2' returned '0': PYTHONPATH=/home/yunus/ros2_ws/build/a2/prefix_override:/home/yunus/ros2_ws/install/a2/lib/python3.8/site-packages:${PYTHONPATH} /usr/bin/python3 setup.py egg_info --egg-base ../../build/a2 build --build-base /home/yunus/ros2_ws/build/a2/build install --record /home/yunus/ros2_ws/build/a2/install.log --install-scripts $base/lib/a2 --single-version-externally-managed
