[0.298s] DEBUG:colcon:Command line arguments: ['/usr/bin/colcon', 'list', '-p', '--base-paths', '/home/yunus/ros2_ws']
[0.299s] DEBUG:colcon:Parsed command line arguments: Namespace(allow_overriding=[], base_paths=['/home/yunus/ros2_ws'], build_base='build', ignore_user_meta=False, log_base=None, log_level=None, main=<bound method ListVerb.main of <colcon_package_information.verb.list.ListVerb object at 0x7f3e59a6fdf0>>, metas=['./colcon.meta'], names_only=False, packages_above=None, packages_above_and_dependencies=None, packages_above_depth=None, packages_end=None, packages_ignore=None, packages_ignore_regex=None, packages_select=None, packages_select_build_failed=False, packages_select_by_dep=None, packages_select_regex=None, packages_select_test_failures=False, packages_skip=None, packages_skip_build_finished=False, packages_skip_by_dep=None, packages_skip_regex=None, packages_skip_test_passed=False, packages_skip_up_to=None, packages_start=None, packages_up_to=None, packages_up_to_regex=None, paths=None, paths_only=True, topological_graph=False, topological_graph_density=False, topological_graph_dot=False, topological_graph_dot_cluster=False, topological_graph_dot_include_skipped=False, topological_graph_legend=False, topological_order=False, verb_extension=<colcon_package_information.verb.list.ListVerb object at 0x7f3e59a6fdf0>, verb_name='list', verb_parser=<colcon_defaults.argument_parser.defaults.DefaultArgumentsDecorator object at 0x7f3e59920070>)
[0.340s] Level 1:colcon.colcon_core.package_discovery:discover_packages(colcon_meta) check parameters
[0.340s] Level 1:colcon.colcon_core.package_discovery:discover_packages(recursive) check parameters
[0.340s] Level 1:colcon.colcon_core.package_discovery:discover_packages(ignore) check parameters
[0.340s] Level 1:colcon.colcon_core.package_discovery:discover_packages(path) check parameters
[0.340s] Level 1:colcon.colcon_core.package_discovery:discover_packages(recursive) discover
[0.340s] INFO:colcon.colcon_core.package_discovery:Crawling recursively for packages in '/home/yunus/ros2_ws'
[0.341s] Level 1:colcon.colcon_core.package_identification:_identify(/home/yunus/ros2_ws) by extensions ['ignore', 'ignore_ament_install']
[0.341s] Level 1:colcon.colcon_core.package_identification:_identify(/home/yunus/ros2_ws) by extension 'ignore'
[0.341s] Level 1:colcon.colcon_core.package_identification:_identify(/home/yunus/ros2_ws) by extension 'ignore_ament_install'
[0.341s] Level 1:colcon.colcon_core.package_identification:_identify(/home/yunus/ros2_ws) by extensions ['colcon_pkg']
[0.341s] Level 1:colcon.colcon_core.package_identification:_identify(/home/yunus/ros2_ws) by extension 'colcon_pkg'
[0.341s] Level 1:colcon.colcon_core.package_identification:_identify(/home/yunus/ros2_ws) by extensions ['colcon_meta']
[0.341s] Level 1:colcon.colcon_core.package_identification:_identify(/home/yunus/ros2_ws) by extension 'colcon_meta'
[0.341s] Level 1:colcon.colcon_core.package_identification:_identify(/home/yunus/ros2_ws) by extensions ['ros']
[0.341s] Level 1:colcon.colcon_core.package_identification:_identify(/home/yunus/ros2_ws) by extension 'ros'
[0.365s] Level 1:colcon.colcon_core.package_identification:_identify(/home/yunus/ros2_ws) by extensions ['cmake', 'python']
[0.365s] Level 1:colcon.colcon_core.package_identification:_identify(/home/yunus/ros2_ws) by extension 'cmake'
[0.365s] Level 1:colcon.colcon_core.package_identification:_identify(/home/yunus/ros2_ws) by extension 'python'
[0.365s] Level 1:colcon.colcon_core.package_identification:_identify(/home/yunus/ros2_ws) by extensions ['python_setup_py']
[0.365s] Level 1:colcon.colcon_core.package_identification:_identify(/home/yunus/ros2_ws) by extension 'python_setup_py'
[0.365s] Level 1:colcon.colcon_core.package_identification:_identify(/home/yunus/ros2_ws/build) by extensions ['ignore', 'ignore_ament_install']
[0.366s] Level 1:colcon.colcon_core.package_identification:_identify(/home/yunus/ros2_ws/build) by extension 'ignore'
[0.366s] Level 1:colcon.colcon_core.package_identification:_identify(/home/yunus/ros2_ws/build) ignored
[0.366s] Level 1:colcon.colcon_core.package_identification:_identify(/home/yunus/ros2_ws/install) by extensions ['ignore', 'ignore_ament_install']
[0.366s] Level 1:colcon.colcon_core.package_identification:_identify(/home/yunus/ros2_ws/install) by extension 'ignore'
[0.366s] Level 1:colcon.colcon_core.package_identification:_identify(/home/yunus/ros2_ws/install) ignored
[0.366s] Level 1:colcon.colcon_core.package_identification:_identify(/home/yunus/ros2_ws/log) by extensions ['ignore', 'ignore_ament_install']
[0.366s] Level 1:colcon.colcon_core.package_identification:_identify(/home/yunus/ros2_ws/log) by extension 'ignore'
[0.366s] Level 1:colcon.colcon_core.package_identification:_identify(/home/yunus/ros2_ws/log) ignored
[0.366s] Level 1:colcon.colcon_core.package_identification:_identify(/home/yunus/ros2_ws/src) by extensions ['ignore', 'ignore_ament_install']
[0.366s] Level 1:colcon.colcon_core.package_identification:_identify(/home/yunus/ros2_ws/src) by extension 'ignore'
[0.366s] Level 1:colcon.colcon_core.package_identification:_identify(/home/yunus/ros2_ws/src) by extension 'ignore_ament_install'
[0.366s] Level 1:colcon.colcon_core.package_identification:_identify(/home/yunus/ros2_ws/src) by extensions ['colcon_pkg']
[0.366s] Level 1:colcon.colcon_core.package_identification:_identify(/home/yunus/ros2_ws/src) by extension 'colcon_pkg'
[0.366s] Level 1:colcon.colcon_core.package_identification:_identify(/home/yunus/ros2_ws/src) by extensions ['colcon_meta']
[0.366s] Level 1:colcon.colcon_core.package_identification:_identify(/home/yunus/ros2_ws/src) by extension 'colcon_meta'
[0.366s] Level 1:colcon.colcon_core.package_identification:_identify(/home/yunus/ros2_ws/src) by extensions ['ros']
[0.366s] Level 1:colcon.colcon_core.package_identification:_identify(/home/yunus/ros2_ws/src) by extension 'ros'
[0.366s] Level 1:colcon.colcon_core.package_identification:_identify(/home/yunus/ros2_ws/src) by extensions ['cmake', 'python']
[0.367s] Level 1:colcon.colcon_core.package_identification:_identify(/home/yunus/ros2_ws/src) by extension 'cmake'
[0.367s] Level 1:colcon.colcon_core.package_identification:_identify(/home/yunus/ros2_ws/src) by extension 'python'
[0.367s] Level 1:colcon.colcon_core.package_identification:_identify(/home/yunus/ros2_ws/src) by extensions ['python_setup_py']
[0.367s] Level 1:colcon.colcon_core.package_identification:_identify(/home/yunus/ros2_ws/src) by extension 'python_setup_py'
[0.367s] Level 1:colcon.colcon_core.package_identification:_identify(/home/yunus/ros2_ws/src/a2) by extensions ['ignore', 'ignore_ament_install']
[0.367s] Level 1:colcon.colcon_core.package_identification:_identify(/home/yunus/ros2_ws/src/a2) by extension 'ignore'
[0.367s] Level 1:colcon.colcon_core.package_identification:_identify(/home/yunus/ros2_ws/src/a2) by extension 'ignore_ament_install'
[0.367s] Level 1:colcon.colcon_core.package_identification:_identify(/home/yunus/ros2_ws/src/a2) by extensions ['colcon_pkg']
[0.367s] Level 1:colcon.colcon_core.package_identification:_identify(/home/yunus/ros2_ws/src/a2) by extension 'colcon_pkg'
[0.367s] Level 1:colcon.colcon_core.package_identification:_identify(/home/yunus/ros2_ws/src/a2) by extensions ['colcon_meta']
[0.367s] Level 1:colcon.colcon_core.package_identification:_identify(/home/yunus/ros2_ws/src/a2) by extension 'colcon_meta'
[0.367s] Level 1:colcon.colcon_core.package_identification:_identify(/home/yunus/ros2_ws/src/a2) by extensions ['ros']
[0.367s] Level 1:colcon.colcon_core.package_identification:_identify(/home/yunus/ros2_ws/src/a2) by extension 'ros'
[0.369s] DEBUG:colcon.colcon_core.package_identification:Package '/home/yunus/ros2_ws/src/a2' with type 'ros.ament_python' and name 'a2'
[0.369s] Level 1:colcon.colcon_core.package_identification:_identify(/home/yunus/ros2_ws/src/assignment1) by extensions ['ignore', 'ignore_ament_install']
[0.369s] Level 1:colcon.colcon_core.package_identification:_identify(/home/yunus/ros2_ws/src/assignment1) by extension 'ignore'
[0.369s] Level 1:colcon.colcon_core.package_identification:_identify(/home/yunus/ros2_ws/src/assignment1) by extension 'ignore_ament_install'
[0.369s] Level 1:colcon.colcon_core.package_identification:_identify(/home/yunus/ros2_ws/src/assignment1) by extensions ['colcon_pkg']
[0.370s] Level 1:colcon.colcon_core.package_identification:_identify(/home/yunus/ros2_ws/src/assignment1) by extension 'colcon_pkg'
[0.370s] Level 1:colcon.colcon_core.package_identification:_identify(/home/yunus/ros2_ws/src/assignment1) by extensions ['colcon_meta']
[0.370s] Level 1:colcon.colcon_core.package_identification:_identify(/home/yunus/ros2_ws/src/assignment1) by extension 'colcon_meta'
[0.370s] Level 1:colcon.colcon_core.package_identification:_identify(/home/yunus/ros2_ws/src/assignment1) by extensions ['ros']
[0.370s] Level 1:colcon.colcon_core.package_identification:_identify(/home/yunus/ros2_ws/src/assignment1) by extension 'ros'
[0.370s] DEBUG:colcon.colcon_core.package_identification:Package '/home/yunus/ros2_ws/src/assignment1' with type 'ros.ament_python' and name 'assignment1'
[0.370s] Level 1:colcon.colcon_core.package_identification:_identify(/home/yunus/ros2_ws/src/robotic_project) by extensions ['ignore', 'ignore_ament_install']
[0.370s] Level 1:colcon.colcon_core.package_identification:_identify(/home/yunus/ros2_ws/src/robotic_project) by extension 'ignore'
[0.370s] Level 1:colcon.colcon_core.package_identification:_identify(/home/yunus/ros2_ws/src/robotic_project) by extension 'ignore_ament_install'
[0.370s] Level 1:colcon.colcon_core.package_identification:_identify(/home/yunus/ros2_ws/src/robotic_project) by extensions ['colcon_pkg']
[0.370s] Level 1:colcon.colcon_core.package_identification:_identify(/home/yunus/ros2_ws/src/robotic_project) by extension 'colcon_pkg'
[0.371s] Level 1:colcon.colcon_core.package_identification:_identify(/home/yunus/ros2_ws/src/robotic_project) by extensions ['colcon_meta']
[0.371s] Level 1:colcon.colcon_core.package_identification:_identify(/home/yunus/ros2_ws/src/robotic_project) by extension 'colcon_meta'
[0.371s] Level 1:colcon.colcon_core.package_identification:_identify(/home/yunus/ros2_ws/src/robotic_project) by extensions ['ros']
[0.371s] Level 1:colcon.colcon_core.package_identification:_identify(/home/yunus/ros2_ws/src/robotic_project) by extension 'ros'
[0.371s] DEBUG:colcon.colcon_core.package_identification:Package '/home/yunus/ros2_ws/src/robotic_project' with type 'ros.ament_python' and name 'robotic_project'
[0.371s] Level 1:colcon.colcon_core.package_discovery:discover_packages(recursive) using defaults
