[1.221s] Invoking command in '/home/yunus/ros2_ws/src/robotic_project': PYTHONPATH=/home/yunus/ros2_ws/build/robotic_project/prefix_override:/home/yunus/ros2_ws/install/robotic_project/lib/python3.8/site-packages:${PYTHONPATH} /usr/bin/python3 setup.py egg_info --egg-base ../../build/robotic_project build --build-base /home/yunus/ros2_ws/build/robotic_project/build install --record /home/yunus/ros2_ws/build/robotic_project/install.log --install-scripts $base/lib/robotic_project --single-version-externally-managed
[1.474s] running egg_info
[1.475s] writing ../../build/robotic_project/robotic_project.egg-info/PKG-INFO
[1.475s] writing dependency_links to ../../build/robotic_project/robotic_project.egg-info/dependency_links.txt
[1.475s] writing entry points to ../../build/robotic_project/robotic_project.egg-info/entry_points.txt
[1.475s] writing requirements to ../../build/robotic_project/robotic_project.egg-info/requires.txt
[1.475s] writing top-level names to ../../build/robotic_project/robotic_project.egg-info/top_level.txt
[1.510s] reading manifest file '../../build/robotic_project/robotic_project.egg-info/SOURCES.txt'
[1.511s] writing manifest file '../../build/robotic_project/robotic_project.egg-info/SOURCES.txt'
[1.511s] running build
[1.511s] running build_py
[1.511s] running install
[1.512s] running install_lib
[1.513s] running install_data
[1.514s] copying package.xml -> /home/yunus/ros2_ws/install/robotic_project/share/robotic_project
[1.514s] running install_egg_info
[1.516s] removing '/home/yunus/ros2_ws/install/robotic_project/lib/python3.8/site-packages/robotic_project-0.0.0-py3.8.egg-info' (and everything under it)
[1.516s] Copying ../../build/robotic_project/robotic_project.egg-info to /home/yunus/ros2_ws/install/robotic_project/lib/python3.8/site-packages/robotic_project-0.0.0-py3.8.egg-info
[1.517s] running install_scripts
[1.533s] Installing listener script to /home/yunus/ros2_ws/install/robotic_project/lib/robotic_project
[1.534s] Installing talker script to /home/yunus/ros2_ws/install/robotic_project/lib/robotic_project
[1.534s] writing list of installed files to '/home/yunus/ros2_ws/build/robotic_project/install.log'
[1.556s] Invoked command in '/home/yunus/ros2_ws/src/robotic_project' returned '0': PYTHONPATH=/home/yunus/ros2_ws/build/robotic_project/prefix_override:/home/yunus/ros2_ws/install/robotic_project/lib/python3.8/site-packages:${PYTHONPATH} /usr/bin/python3 setup.py egg_info --egg-base ../../build/robotic_project build --build-base /home/yunus/ros2_ws/build/robotic_project/build install --record /home/yunus/ros2_ws/build/robotic_project/install.log --install-scripts $base/lib/robotic_project --single-version-externally-managed
