[1.184s] Invoking command in '/home/yunus/ros2_ws/src/robotic_project': PYTHONPATH=/home/yunus/ros2_ws/build/robotic_project/prefix_override:/home/yunus/ros2_ws/install/robotic_project/lib/python3.8/site-packages:${PYTHONPATH} /usr/bin/python3 setup.py egg_info --egg-base ../../build/robotic_project build --build-base /home/yunus/ros2_ws/build/robotic_project/build install --record /home/yunus/ros2_ws/build/robotic_project/install.log --install-scripts $base/lib/robotic_project --single-version-externally-managed
[1.438s] running egg_info
[1.439s] writing ../../build/robotic_project/robotic_project.egg-info/PKG-INFO
[1.439s] writing dependency_links to ../../build/robotic_project/robotic_project.egg-info/dependency_links.txt
[1.440s] writing entry points to ../../build/robotic_project/robotic_project.egg-info/entry_points.txt
[1.440s] writing requirements to ../../build/robotic_project/robotic_project.egg-info/requires.txt
[1.440s] writing top-level names to ../../build/robotic_project/robotic_project.egg-info/top_level.txt
[1.476s] reading manifest file '../../build/robotic_project/robotic_project.egg-info/SOURCES.txt'
[1.477s] writing manifest file '../../build/robotic_project/robotic_project.egg-info/SOURCES.txt'
[1.477s] running build
[1.477s] running build_py
[1.477s] copying robotic_project/talker_deneme.py -> /home/yunus/ros2_ws/build/robotic_project/build/lib/robotic_project
[1.477s] copying robotic_project/listener_deneme.py -> /home/yunus/ros2_ws/build/robotic_project/build/lib/robotic_project
[1.478s] running install
[1.478s] running install_lib
[1.480s] copying /home/yunus/ros2_ws/build/robotic_project/build/lib/robotic_project/talker_deneme.py -> /home/yunus/ros2_ws/install/robotic_project/lib/python3.8/site-packages/robotic_project
[1.480s] copying /home/yunus/ros2_ws/build/robotic_project/build/lib/robotic_project/listener_deneme.py -> /home/yunus/ros2_ws/install/robotic_project/lib/python3.8/site-packages/robotic_project
[1.480s] byte-compiling /home/yunus/ros2_ws/install/robotic_project/lib/python3.8/site-packages/robotic_project/talker_deneme.py to talker_deneme.cpython-38.pyc
[1.481s] byte-compiling /home/yunus/ros2_ws/install/robotic_project/lib/python3.8/site-packages/robotic_project/listener_deneme.py to listener_deneme.cpython-38.pyc
[1.482s] running install_data
[1.482s] copying package.xml -> /home/yunus/ros2_ws/install/robotic_project/share/robotic_project
[1.482s] running install_egg_info
[1.485s] removing '/home/yunus/ros2_ws/install/robotic_project/lib/python3.8/site-packages/robotic_project-0.0.0-py3.8.egg-info' (and everything under it)
[1.485s] Copying ../../build/robotic_project/robotic_project.egg-info to /home/yunus/ros2_ws/install/robotic_project/lib/python3.8/site-packages/robotic_project-0.0.0-py3.8.egg-info
[1.486s] running install_scripts
[1.503s] Installing listener = robotic_project.listener_deneme:maintalker script to /home/yunus/ros2_ws/install/robotic_project/lib/robotic_project
[1.504s] writing list of installed files to '/home/yunus/ros2_ws/build/robotic_project/install.log'
[1.527s] Invoked command in '/home/yunus/ros2_ws/src/robotic_project' returned '0': PYTHONPATH=/home/yunus/ros2_ws/build/robotic_project/prefix_override:/home/yunus/ros2_ws/install/robotic_project/lib/python3.8/site-packages:${PYTHONPATH} /usr/bin/python3 setup.py egg_info --egg-base ../../build/robotic_project build --build-base /home/yunus/ros2_ws/build/robotic_project/build install --record /home/yunus/ros2_ws/build/robotic_project/install.log --install-scripts $base/lib/robotic_project --single-version-externally-managed
