[0.239s] DEBUG:colcon:Command line arguments: ['/usr/bin/colcon', 'build', '--symlink-install']
[0.239s] DEBUG:colcon:Parsed command line arguments: Namespace(allow_overriding=[], ament_cmake_args=None, base_paths=['.'], build_base='build', catkin_cmake_args=None, catkin_skip_building_tests=False, cmake_args=None, cmake_clean_cache=False, cmake_clean_first=False, cmake_force_configure=False, cmake_target=None, cmake_target_skip_unavailable=False, continue_on_error=False, event_handlers=None, executor='parallel', ignore_user_meta=False, install_base='install', log_base=None, log_level=None, main=<bound method BuildVerb.main of <colcon_core.verb.build.BuildVerb object at 0x7ff87526dc10>>, merge_install=False, metas=['./colcon.meta'], packages_above=None, packages_above_and_dependencies=None, packages_above_depth=None, packages_end=None, packages_ignore=None, packages_ignore_regex=None, packages_select=None, packages_select_build_failed=False, packages_select_by_dep=None, packages_select_regex=None, packages_select_test_failures=False, packages_skip=None, packages_skip_build_finished=False, packages_skip_by_dep=None, packages_skip_regex=None, packages_skip_test_passed=False, packages_skip_up_to=None, packages_start=None, packages_up_to=None, packages_up_to_regex=None, parallel_workers=8, paths=None, symlink_install=True, test_result_base=None, verb_extension=<colcon_core.verb.build.BuildVerb object at 0x7ff87526dc10>, verb_name='build', verb_parser=<colcon_defaults.argument_parser.defaults.DefaultArgumentsDecorator object at 0x7ff8752781c0>)
[0.280s] Level 1:colcon.colcon_core.package_discovery:discover_packages(colcon_meta) check parameters
[0.280s] Level 1:colcon.colcon_core.package_discovery:discover_packages(recursive) check parameters
[0.280s] Level 1:colcon.colcon_core.package_discovery:discover_packages(ignore) check parameters
[0.280s] Level 1:colcon.colcon_core.package_discovery:discover_packages(path) check parameters
[0.280s] Level 1:colcon.colcon_core.package_discovery:discover_packages(colcon_meta) discover
[0.280s] Level 1:colcon.colcon_core.package_discovery:discover_packages(recursive) discover
[0.280s] INFO:colcon.colcon_core.package_discovery:Crawling recursively for packages in '/home/yunus/ros2_ws'
[0.280s] Level 1:colcon.colcon_core.package_identification:_identify(.) by extensions ['ignore', 'ignore_ament_install']
[0.281s] Level 1:colcon.colcon_core.package_identification:_identify(.) by extension 'ignore'
[0.281s] Level 1:colcon.colcon_core.package_identification:_identify(.) by extension 'ignore_ament_install'
[0.281s] Level 1:colcon.colcon_core.package_identification:_identify(.) by extensions ['colcon_pkg']
[0.281s] Level 1:colcon.colcon_core.package_identification:_identify(.) by extension 'colcon_pkg'
[0.281s] Level 1:colcon.colcon_core.package_identification:_identify(.) by extensions ['colcon_meta']
[0.281s] Level 1:colcon.colcon_core.package_identification:_identify(.) by extension 'colcon_meta'
[0.281s] Level 1:colcon.colcon_core.package_identification:_identify(.) by extensions ['ros']
[0.281s] Level 1:colcon.colcon_core.package_identification:_identify(.) by extension 'ros'
[0.296s] Level 1:colcon.colcon_core.package_identification:_identify(.) by extensions ['cmake', 'python']
[0.296s] Level 1:colcon.colcon_core.package_identification:_identify(.) by extension 'cmake'
[0.296s] Level 1:colcon.colcon_core.package_identification:_identify(.) by extension 'python'
[0.296s] Level 1:colcon.colcon_core.package_identification:_identify(.) by extensions ['python_setup_py']
[0.296s] Level 1:colcon.colcon_core.package_identification:_identify(.) by extension 'python_setup_py'
[0.296s] Level 1:colcon.colcon_core.package_identification:_identify(build) by extensions ['ignore', 'ignore_ament_install']
[0.297s] Level 1:colcon.colcon_core.package_identification:_identify(build) by extension 'ignore'
[0.297s] Level 1:colcon.colcon_core.package_identification:_identify(build) ignored
[0.297s] Level 1:colcon.colcon_core.package_identification:_identify(install) by extensions ['ignore', 'ignore_ament_install']
[0.297s] Level 1:colcon.colcon_core.package_identification:_identify(install) by extension 'ignore'
[0.297s] Level 1:colcon.colcon_core.package_identification:_identify(install) ignored
[0.297s] Level 1:colcon.colcon_core.package_identification:_identify(log) by extensions ['ignore', 'ignore_ament_install']
[0.297s] Level 1:colcon.colcon_core.package_identification:_identify(log) by extension 'ignore'
[0.297s] Level 1:colcon.colcon_core.package_identification:_identify(log) ignored
[0.297s] Level 1:colcon.colcon_core.package_identification:_identify(src) by extensions ['ignore', 'ignore_ament_install']
[0.297s] Level 1:colcon.colcon_core.package_identification:_identify(src) by extension 'ignore'
[0.297s] Level 1:colcon.colcon_core.package_identification:_identify(src) by extension 'ignore_ament_install'
[0.297s] Level 1:colcon.colcon_core.package_identification:_identify(src) by extensions ['colcon_pkg']
[0.297s] Level 1:colcon.colcon_core.package_identification:_identify(src) by extension 'colcon_pkg'
[0.297s] Level 1:colcon.colcon_core.package_identification:_identify(src) by extensions ['colcon_meta']
[0.297s] Level 1:colcon.colcon_core.package_identification:_identify(src) by extension 'colcon_meta'
[0.297s] Level 1:colcon.colcon_core.package_identification:_identify(src) by extensions ['ros']
[0.297s] Level 1:colcon.colcon_core.package_identification:_identify(src) by extension 'ros'
[0.297s] Level 1:colcon.colcon_core.package_identification:_identify(src) by extensions ['cmake', 'python']
[0.297s] Level 1:colcon.colcon_core.package_identification:_identify(src) by extension 'cmake'
[0.297s] Level 1:colcon.colcon_core.package_identification:_identify(src) by extension 'python'
[0.297s] Level 1:colcon.colcon_core.package_identification:_identify(src) by extensions ['python_setup_py']
[0.297s] Level 1:colcon.colcon_core.package_identification:_identify(src) by extension 'python_setup_py'
[0.298s] Level 1:colcon.colcon_core.package_identification:_identify(src/assignment1) by extensions ['ignore', 'ignore_ament_install']
[0.298s] Level 1:colcon.colcon_core.package_identification:_identify(src/assignment1) by extension 'ignore'
[0.298s] Level 1:colcon.colcon_core.package_identification:_identify(src/assignment1) by extension 'ignore_ament_install'
[0.298s] Level 1:colcon.colcon_core.package_identification:_identify(src/assignment1) by extensions ['colcon_pkg']
[0.298s] Level 1:colcon.colcon_core.package_identification:_identify(src/assignment1) by extension 'colcon_pkg'
[0.298s] Level 1:colcon.colcon_core.package_identification:_identify(src/assignment1) by extensions ['colcon_meta']
[0.298s] Level 1:colcon.colcon_core.package_identification:_identify(src/assignment1) by extension 'colcon_meta'
[0.298s] Level 1:colcon.colcon_core.package_identification:_identify(src/assignment1) by extensions ['ros']
[0.298s] Level 1:colcon.colcon_core.package_identification:_identify(src/assignment1) by extension 'ros'
[0.300s] DEBUG:colcon.colcon_core.package_identification:Package 'src/assignment1' with type 'ros.ament_python' and name 'assignment1'
[0.300s] Level 1:colcon.colcon_core.package_discovery:discover_packages(recursive) using defaults
[0.300s] Level 1:colcon.colcon_core.package_discovery:discover_packages(ignore) discover
[0.300s] Level 1:colcon.colcon_core.package_discovery:discover_packages(ignore) using defaults
[0.300s] Level 1:colcon.colcon_core.package_discovery:discover_packages(path) discover
[0.300s] Level 1:colcon.colcon_core.package_discovery:discover_packages(path) using defaults
[0.327s] Level 1:colcon.colcon_core.package_discovery:discover_packages(prefix_path) check parameters
[0.327s] Level 1:colcon.colcon_core.package_discovery:discover_packages(prefix_path) discover
[0.331s] DEBUG:colcon.colcon_installed_package_information.package_discovery:Found 314 installed packages in /opt/ros/foxy
[0.333s] Level 1:colcon.colcon_core.package_discovery:discover_packages(prefix_path) using defaults
[0.410s] Level 5:colcon.colcon_core.verb:set package 'assignment1' build argument 'cmake_args' from command line to 'None'
[0.410s] Level 5:colcon.colcon_core.verb:set package 'assignment1' build argument 'cmake_target' from command line to 'None'
[0.410s] Level 5:colcon.colcon_core.verb:set package 'assignment1' build argument 'cmake_target_skip_unavailable' from command line to 'False'
[0.410s] Level 5:colcon.colcon_core.verb:set package 'assignment1' build argument 'cmake_clean_cache' from command line to 'False'
[0.410s] Level 5:colcon.colcon_core.verb:set package 'assignment1' build argument 'cmake_clean_first' from command line to 'False'
[0.410s] Level 5:colcon.colcon_core.verb:set package 'assignment1' build argument 'cmake_force_configure' from command line to 'False'
[0.410s] Level 5:colcon.colcon_core.verb:set package 'assignment1' build argument 'ament_cmake_args' from command line to 'None'
[0.410s] Level 5:colcon.colcon_core.verb:set package 'assignment1' build argument 'catkin_cmake_args' from command line to 'None'
[0.410s] Level 5:colcon.colcon_core.verb:set package 'assignment1' build argument 'catkin_skip_building_tests' from command line to 'False'
[0.410s] DEBUG:colcon.colcon_core.verb:Building package 'assignment1' with the following arguments: {'ament_cmake_args': None, 'build_base': '/home/yunus/ros2_ws/build/assignment1', 'catkin_cmake_args': None, 'catkin_skip_building_tests': False, 'cmake_args': None, 'cmake_clean_cache': False, 'cmake_clean_first': False, 'cmake_force_configure': False, 'cmake_target': None, 'cmake_target_skip_unavailable': False, 'install_base': '/home/yunus/ros2_ws/install/assignment1', 'merge_install': False, 'path': '/home/yunus/ros2_ws/src/assignment1', 'symlink_install': True, 'test_result_base': None}
[0.411s] INFO:colcon.colcon_core.executor:Executing jobs using 'parallel' executor
[0.418s] DEBUG:colcon.colcon_parallel_executor.executor.parallel:run_until_complete
[0.418s] INFO:colcon.colcon_ros.task.ament_python.build:Building ROS package in '/home/yunus/ros2_ws/src/assignment1' with build type 'ament_python'
[0.418s] Level 1:colcon.colcon_core.shell:create_environment_hook('assignment1', 'ament_prefix_path')
[0.426s] INFO:colcon.colcon_core.plugin_system:Skipping extension 'colcon_core.shell.bat': Not used on non-Windows systems
[0.426s] INFO:colcon.colcon_core.shell:Creating environment hook '/home/yunus/ros2_ws/install/assignment1/share/assignment1/hook/ament_prefix_path.ps1'
[0.427s] INFO:colcon.colcon_core.shell:Creating environment descriptor '/home/yunus/ros2_ws/install/assignment1/share/assignment1/hook/ament_prefix_path.dsv'
[0.427s] INFO:colcon.colcon_core.shell:Creating environment hook '/home/yunus/ros2_ws/install/assignment1/share/assignment1/hook/ament_prefix_path.sh'
[0.430s] INFO:colcon.colcon_core.shell:Skip shell extension 'powershell' for command environment: Not usable outside of PowerShell
[0.430s] DEBUG:colcon.colcon_core.shell:Skip shell extension 'dsv' for command environment
[0.631s] INFO:colcon.colcon_core.task.python.build:Building Python package in '/home/yunus/ros2_ws/src/assignment1'
[0.634s] INFO:colcon.colcon_core.shell:Skip shell extension 'powershell' for command environment: Not usable outside of PowerShell
[0.634s] DEBUG:colcon.colcon_core.shell:Skip shell extension 'dsv' for command environment
[1.062s] DEBUG:colcon.colcon_core.event_handler.log_command:Invoking command in '/home/yunus/ros2_ws/build/assignment1': PYTHONPATH=/home/yunus/ros2_ws/install/assignment1/lib/python3.8/site-packages:${PYTHONPATH} /usr/bin/python3 setup.py develop --prefix /home/yunus/ros2_ws/install/assignment1 --editable --build-directory /home/yunus/ros2_ws/build/assignment1/build --no-deps install_data --install-dir /home/yunus/ros2_ws/install/assignment1
[1.472s] Level 1:colcon.colcon_core.shell:create_environment_hook('assignment1', 'pythonpath_develop')
[1.475s] INFO:colcon.colcon_core.shell:Creating environment hook '/home/yunus/ros2_ws/build/assignment1/share/assignment1/hook/pythonpath_develop.ps1'
[1.475s] DEBUG:colcon.colcon_core.event_handler.log_command:Invoked command in '/home/yunus/ros2_ws/build/assignment1' returned '0': PYTHONPATH=/home/yunus/ros2_ws/install/assignment1/lib/python3.8/site-packages:${PYTHONPATH} /usr/bin/python3 setup.py develop --prefix /home/yunus/ros2_ws/install/assignment1 --editable --build-directory /home/yunus/ros2_ws/build/assignment1/build --no-deps install_data --install-dir /home/yunus/ros2_ws/install/assignment1
[1.475s] INFO:colcon.colcon_core.shell:Creating environment descriptor '/home/yunus/ros2_ws/build/assignment1/share/assignment1/hook/pythonpath_develop.dsv'
[1.476s] INFO:colcon.colcon_core.shell:Creating environment hook '/home/yunus/ros2_ws/build/assignment1/share/assignment1/hook/pythonpath_develop.sh'
[1.484s] Level 1:colcon.colcon_core.environment:checking '/home/yunus/ros2_ws/install/assignment1' for CMake module files
[1.485s] Level 1:colcon.colcon_core.environment:checking '/home/yunus/ros2_ws/install/assignment1' for CMake config files
[1.485s] Level 1:colcon.colcon_core.environment:checking '/home/yunus/ros2_ws/install/assignment1/lib'
[1.485s] Level 1:colcon.colcon_core.environment:checking '/home/yunus/ros2_ws/install/assignment1/bin'
[1.486s] Level 1:colcon.colcon_core.environment:checking '/home/yunus/ros2_ws/install/assignment1/lib/pkgconfig/assignment1.pc'
[1.486s] Level 1:colcon.colcon_core.environment:checking '/home/yunus/ros2_ws/install/assignment1/lib/python3.8/site-packages'
[1.486s] Level 1:colcon.colcon_core.shell:create_environment_hook('assignment1', 'pythonpath')
[1.488s] INFO:colcon.colcon_core.shell:Creating environment hook '/home/yunus/ros2_ws/install/assignment1/share/assignment1/hook/pythonpath.ps1'
[1.488s] INFO:colcon.colcon_core.shell:Creating environment descriptor '/home/yunus/ros2_ws/install/assignment1/share/assignment1/hook/pythonpath.dsv'
[1.488s] INFO:colcon.colcon_core.shell:Creating environment hook '/home/yunus/ros2_ws/install/assignment1/share/assignment1/hook/pythonpath.sh'
[1.489s] Level 1:colcon.colcon_core.environment:checking '/home/yunus/ros2_ws/install/assignment1/bin'
[1.489s] Level 1:colcon.colcon_core.environment:create_environment_scripts_only(assignment1)
[1.491s] INFO:colcon.colcon_core.shell:Creating package script '/home/yunus/ros2_ws/install/assignment1/share/assignment1/package.ps1'
[1.492s] INFO:colcon.colcon_core.shell:Creating package descriptor '/home/yunus/ros2_ws/install/assignment1/share/assignment1/package.dsv'
[1.493s] INFO:colcon.colcon_core.shell:Creating package script '/home/yunus/ros2_ws/install/assignment1/share/assignment1/package.sh'
[1.494s] INFO:colcon.colcon_core.shell:Creating package script '/home/yunus/ros2_ws/install/assignment1/share/assignment1/package.bash'
[1.495s] INFO:colcon.colcon_core.shell:Creating package script '/home/yunus/ros2_ws/install/assignment1/share/assignment1/package.zsh'
[1.495s] Level 1:colcon.colcon_core.environment:create_file_with_runtime_dependencies(/home/yunus/ros2_ws/install/assignment1/share/colcon-core/packages/assignment1)
[1.496s] DEBUG:colcon.colcon_parallel_executor.executor.parallel:closing loop
[1.496s] DEBUG:colcon.colcon_parallel_executor.executor.parallel:loop closed
[1.496s] DEBUG:colcon.colcon_parallel_executor.executor.parallel:run_until_complete finished with '0'
[1.496s] DEBUG:colcon.colcon_core.event_reactor:joining thread
[1.503s] INFO:colcon.colcon_core.plugin_system:Skipping extension 'colcon_notification.desktop_notification.terminal_notifier': Not used on non-Darwin systems
[1.503s] INFO:colcon.colcon_core.plugin_system:Skipping extension 'colcon_notification.desktop_notification.win32': Not used on non-Windows systems
[1.503s] INFO:colcon.colcon_notification.desktop_notification:Sending desktop notification using 'notify2'
[1.526s] DEBUG:colcon.colcon_core.event_reactor:joined thread
[1.529s] INFO:colcon.colcon_core.shell:Creating prefix script '/home/yunus/ros2_ws/install/local_setup.ps1'
[1.530s] INFO:colcon.colcon_core.shell:Creating prefix util module '/home/yunus/ros2_ws/install/_local_setup_util_ps1.py'
[1.531s] INFO:colcon.colcon_core.shell:Creating prefix chain script '/home/yunus/ros2_ws/install/setup.ps1'
[1.534s] INFO:colcon.colcon_core.shell:Creating prefix script '/home/yunus/ros2_ws/install/local_setup.sh'
[1.535s] INFO:colcon.colcon_core.shell:Creating prefix util module '/home/yunus/ros2_ws/install/_local_setup_util_sh.py'
[1.536s] INFO:colcon.colcon_core.shell:Creating prefix chain script '/home/yunus/ros2_ws/install/setup.sh'
[1.537s] INFO:colcon.colcon_core.shell:Creating prefix script '/home/yunus/ros2_ws/install/local_setup.bash'
[1.538s] INFO:colcon.colcon_core.shell:Creating prefix chain script '/home/yunus/ros2_ws/install/setup.bash'
[1.540s] INFO:colcon.colcon_core.shell:Creating prefix script '/home/yunus/ros2_ws/install/local_setup.zsh'
[1.540s] INFO:colcon.colcon_core.shell:Creating prefix chain script '/home/yunus/ros2_ws/install/setup.zsh'
